Clock: clk
Sources: clk 
Generated: no
Virtual: yes
Propagated: no
Period: 8.000000

===========================================================================
report_clock_properties
============================================================================
Clock                   Period          Waveform
----------------------------------------------------
clk                   8.000000    0.000000  4.000000

===========================================================================
report_clock_latency
============================================================================
Clock clk
rise -> rise
    min     max
0.000000 0.000000 source latency
0.192473         network latency _61_/CLK
        0.192836 network latency _54_/CLK
---------------
0.192473 0.192836 latency
        0.000362 skew

fall -> fall
    min     max
0.000000 0.000000 source latency
0.192696         network latency _61_/CLK
        0.193015 network latency _54_/CLK
---------------
0.192696 0.193015 latency
        0.000319 skew



===========================================================================
report_clock_min_period
============================================================================
clk period_min = 1.13 fmax = 883.32
