Clock: clk
Sources: clk 
Generated: no
Virtual: no
Propagated: no
Period: 8.000000

===========================================================================
report_clock_properties
============================================================================
Clock                   Period          Waveform
----------------------------------------------------
clk                   8.000000    0.000000  4.000000

===========================================================================
report_clock_latency
============================================================================
Clock clk
rise -> rise
    min     max
0.000000 0.000000 source latency
0.146869         network latency _336_/CLK
        0.146869 network latency _336_/CLK
---------------
0.146869 0.146869 latency
        0.000000 skew

fall -> fall
    min     max
0.000000 0.000000 source latency
0.061134         network latency _336_/CLK
        0.061134 network latency _336_/CLK
---------------
0.061134 0.061134 latency
        0.000000 skew



===========================================================================
report_clock_min_period
============================================================================
clk period_min = 1.78 fmax = 561.56
