Clock: clk
Sources: clk 
Generated: no
Virtual: no
Propagated: no
Period: 8.000000

===========================================================================
report_clock_properties
============================================================================
Clock                   Period          Waveform
----------------------------------------------------
clk                   8.000000    0.000000  4.000000

===========================================================================
report_clock_latency
============================================================================
Clock clk
rise -> rise
    min     max
0.000000 0.000000 source latency
0.038522         network latency _54_/CLK
        0.038522 network latency _54_/CLK
---------------
0.038522 0.038522 latency
        0.000000 skew

fall -> fall
    min     max
0.000000 0.000000 source latency
0.014815         network latency _54_/CLK
        0.014815 network latency _54_/CLK
---------------
0.014815 0.014815 latency
        0.000000 skew



===========================================================================
report_clock_min_period
============================================================================
clk period_min = 0.98 fmax = 1022.07
