
===========================================================================
report_checks -path_delay max (Setup)
============================================================================
======================= nom_ff_n40C_1v95 Corner ===================================

Startpoint: eth_data_in[5] (input port clocked by clk)
Endpoint: _57_ (rising edge-triggered flip-flop clocked by clk)
Path Group: clk
Path Type: max

Fanout         Cap        Slew       Delay        Time   Description
---------------------------------------------------------------------------------------------
                      0.150000    0.000000    0.000000   clock clk (rise edge)
                                  0.000000    0.000000   clock network delay (ideal)
                                  1.000000    1.000000 v input external delay
     1    0.001415    0.002876    0.001055    1.001055 v eth_data_in[5] (in)
                                                         eth_data_in[5] (net)
                      0.002876    0.000000    1.001055 v _31_/A (sky130_fd_sc_hd__or4_2)
     2    0.006146    0.075269    0.379779    1.380835 v _31_/X (sky130_fd_sc_hd__or4_2)
                                                         _18_ (net)
                      0.075269    0.000000    1.380835 v _33_/A3 (sky130_fd_sc_hd__o31a_2)
     5    0.015035    0.060741    0.212948    1.593782 v _33_/X (sky130_fd_sc_hd__o31a_2)
                                                         _20_ (net)
                      0.060741    0.000000    1.593782 v _42_/B1 (sky130_fd_sc_hd__a211o_2)
     1    0.002059    0.031545    0.144353    1.738135 v _42_/X (sky130_fd_sc_hd__a211o_2)
                                                         _10_ (net)
                      0.031545    0.000000    1.738135 v _57_/D (sky130_fd_sc_hd__dfrtp_2)
                                              1.738135   data arrival time

                      0.150000    8.000000    8.000000   clock clk (rise edge)
                                  0.000000    8.000000   clock network delay (ideal)
                                 -0.250000    7.750000   clock uncertainty
                                  0.000000    7.750000   clock reconvergence pessimism
                                              7.750000 ^ _57_/CLK (sky130_fd_sc_hd__dfrtp_2)
                                 -0.062149    7.687851   library setup time
                                              7.687851   data required time
---------------------------------------------------------------------------------------------
                                              7.687851   data required time
                                             -1.738135   data arrival time
---------------------------------------------------------------------------------------------
                                              5.949717   slack (MET)


Startpoint: eth_data_in[5] (input port clocked by clk)
Endpoint: _58_ (rising edge-triggered flip-flop clocked by clk)
Path Group: clk
Path Type: max

Fanout         Cap        Slew       Delay        Time   Description
---------------------------------------------------------------------------------------------
                      0.150000    0.000000    0.000000   clock clk (rise edge)
                                  0.000000    0.000000   clock network delay (ideal)
                                  1.000000    1.000000 v input external delay
     1    0.001415    0.002876    0.001055    1.001055 v eth_data_in[5] (in)
                                                         eth_data_in[5] (net)
                      0.002876    0.000000    1.001055 v _31_/A (sky130_fd_sc_hd__or4_2)
     2    0.006146    0.075269    0.379779    1.380835 v _31_/X (sky130_fd_sc_hd__or4_2)
                                                         _18_ (net)
                      0.075269    0.000000    1.380835 v _33_/A3 (sky130_fd_sc_hd__o31a_2)
     5    0.015035    0.060741    0.212948    1.593782 v _33_/X (sky130_fd_sc_hd__o31a_2)
                                                         _20_ (net)
                      0.060741    0.000000    1.593782 v _39_/B1 (sky130_fd_sc_hd__a211o_2)
     1    0.002059    0.031545    0.144353    1.738135 v _39_/X (sky130_fd_sc_hd__a211o_2)
                                                         _11_ (net)
                      0.031545    0.000000    1.738135 v _58_/D (sky130_fd_sc_hd__dfrtp_2)
                                              1.738135   data arrival time

                      0.150000    8.000000    8.000000   clock clk (rise edge)
                                  0.000000    8.000000   clock network delay (ideal)
                                 -0.250000    7.750000   clock uncertainty
                                  0.000000    7.750000   clock reconvergence pessimism
                                              7.750000 ^ _58_/CLK (sky130_fd_sc_hd__dfrtp_2)
                                 -0.062149    7.687851   library setup time
                                              7.687851   data required time
---------------------------------------------------------------------------------------------
                                              7.687851   data required time
                                             -1.738135   data arrival time
---------------------------------------------------------------------------------------------
                                              5.949717   slack (MET)


Startpoint: eth_data_in[5] (input port clocked by clk)
Endpoint: _60_ (rising edge-triggered flip-flop clocked by clk)
Path Group: clk
Path Type: max

Fanout         Cap        Slew       Delay        Time   Description
---------------------------------------------------------------------------------------------
                      0.150000    0.000000    0.000000   clock clk (rise edge)
                                  0.000000    0.000000   clock network delay (ideal)
                                  1.000000    1.000000 v input external delay
     1    0.001415    0.002876    0.001055    1.001055 v eth_data_in[5] (in)
                                                         eth_data_in[5] (net)
                      0.002876    0.000000    1.001055 v _31_/A (sky130_fd_sc_hd__or4_2)
     2    0.006146    0.075269    0.379779    1.380835 v _31_/X (sky130_fd_sc_hd__or4_2)
                                                         _18_ (net)
                      0.075269    0.000000    1.380835 v _33_/A3 (sky130_fd_sc_hd__o31a_2)
     5    0.015035    0.060741    0.212948    1.593782 v _33_/X (sky130_fd_sc_hd__o31a_2)
                                                         _20_ (net)
                      0.060741    0.000000    1.593782 v _36_/B1 (sky130_fd_sc_hd__a211o_2)
     1    0.002059    0.031542    0.144353    1.738135 v _36_/X (sky130_fd_sc_hd__a211o_2)
                                                         _13_ (net)
                      0.031542    0.000000    1.738135 v _60_/D (sky130_fd_sc_hd__dfrtp_2)
                                              1.738135   data arrival time

                      0.150000    8.000000    8.000000   clock clk (rise edge)
                                  0.000000    8.000000   clock network delay (ideal)
                                 -0.250000    7.750000   clock uncertainty
                                  0.000000    7.750000   clock reconvergence pessimism
                                              7.750000 ^ _60_/CLK (sky130_fd_sc_hd__dfrtp_2)
                                 -0.062147    7.687852   library setup time
                                              7.687852   data required time
---------------------------------------------------------------------------------------------
                                              7.687852   data required time
                                             -1.738135   data arrival time
---------------------------------------------------------------------------------------------
                                              5.949718   slack (MET)


Startpoint: eth_data_in[5] (input port clocked by clk)
Endpoint: _59_ (rising edge-triggered flip-flop clocked by clk)
Path Group: clk
Path Type: max

Fanout         Cap        Slew       Delay        Time   Description
---------------------------------------------------------------------------------------------
                      0.150000    0.000000    0.000000   clock clk (rise edge)
                                  0.000000    0.000000   clock network delay (ideal)
                                  1.000000    1.000000 v input external delay
     1    0.001415    0.002876    0.001055    1.001055 v eth_data_in[5] (in)
                                                         eth_data_in[5] (net)
                      0.002876    0.000000    1.001055 v _31_/A (sky130_fd_sc_hd__or4_2)
     2    0.006146    0.075269    0.379779    1.380835 v _31_/X (sky130_fd_sc_hd__or4_2)
                                                         _18_ (net)
                      0.075269    0.000000    1.380835 v _33_/A3 (sky130_fd_sc_hd__o31a_2)
     5    0.015035    0.060741    0.212948    1.593782 v _33_/X (sky130_fd_sc_hd__o31a_2)
                                                         _20_ (net)
                      0.060741    0.000000    1.593782 v _38_/B1 (sky130_fd_sc_hd__a211oi_2)
     1    0.002087    0.095859    0.087559    1.681341 ^ _38_/Y (sky130_fd_sc_hd__a211oi_2)
                                                         _12_ (net)
                      0.095859    0.000000    1.681341 ^ _59_/D (sky130_fd_sc_hd__dfrtp_2)
                                              1.681341   data arrival time

                      0.150000    8.000000    8.000000   clock clk (rise edge)
                                  0.000000    8.000000   clock network delay (ideal)
                                 -0.250000    7.750000   clock uncertainty
                                  0.000000    7.750000   clock reconvergence pessimism
                                              7.750000 ^ _59_/CLK (sky130_fd_sc_hd__dfrtp_2)
                                 -0.038107    7.711893   library setup time
                                              7.711893   data required time
---------------------------------------------------------------------------------------------
                                              7.711893   data required time
                                             -1.681341   data arrival time
---------------------------------------------------------------------------------------------
                                              6.030551   slack (MET)


Startpoint: eth_data_in[5] (input port clocked by clk)
Endpoint: _61_ (rising edge-triggered flip-flop clocked by clk)
Path Group: clk
Path Type: max

Fanout         Cap        Slew       Delay        Time   Description
---------------------------------------------------------------------------------------------
                      0.150000    0.000000    0.000000   clock clk (rise edge)
                                  0.000000    0.000000   clock network delay (ideal)
                                  1.000000    1.000000 v input external delay
     1    0.001415    0.002876    0.001055    1.001055 v eth_data_in[5] (in)
                                                         eth_data_in[5] (net)
                      0.002876    0.000000    1.001055 v _31_/A (sky130_fd_sc_hd__or4_2)
     2    0.006146    0.075269    0.379779    1.380835 v _31_/X (sky130_fd_sc_hd__or4_2)
                                                         _18_ (net)
                      0.075269    0.000000    1.380835 v _33_/A3 (sky130_fd_sc_hd__o31a_2)
     5    0.015035    0.060741    0.212948    1.593782 v _33_/X (sky130_fd_sc_hd__o31a_2)
                                                         _20_ (net)
                      0.060741    0.000000    1.593782 v _35_/B1 (sky130_fd_sc_hd__a211oi_2)
     1    0.002087    0.095861    0.087559    1.681341 ^ _35_/Y (sky130_fd_sc_hd__a211oi_2)
                                                         _14_ (net)
                      0.095861    0.000000    1.681341 ^ _61_/D (sky130_fd_sc_hd__dfrtp_2)
                                              1.681341   data arrival time

                      0.150000    8.000000    8.000000   clock clk (rise edge)
                                  0.000000    8.000000   clock network delay (ideal)
                                 -0.250000    7.750000   clock uncertainty
                                  0.000000    7.750000   clock reconvergence pessimism
                                              7.750000 ^ _61_/CLK (sky130_fd_sc_hd__dfrtp_2)
                                 -0.038107    7.711893   library setup time
                                              7.711893   data required time
---------------------------------------------------------------------------------------------
                                              7.711893   data required time
                                             -1.681341   data arrival time
---------------------------------------------------------------------------------------------
                                              6.030551   slack (MET)


Startpoint: eth_data_in[5] (input port clocked by clk)
Endpoint: _56_ (rising edge-triggered flip-flop clocked by clk)
Path Group: clk
Path Type: max

Fanout         Cap        Slew       Delay        Time   Description
---------------------------------------------------------------------------------------------
                      0.150000    0.000000    0.000000   clock clk (rise edge)
                                  0.000000    0.000000   clock network delay (ideal)
                                  1.000000    1.000000 v input external delay
     1    0.001415    0.002876    0.001055    1.001055 v eth_data_in[5] (in)
                                                         eth_data_in[5] (net)
                      0.002876    0.000000    1.001055 v _31_/A (sky130_fd_sc_hd__or4_2)
     2    0.006146    0.075269    0.379779    1.380835 v _31_/X (sky130_fd_sc_hd__or4_2)
                                                         _18_ (net)
                      0.075269    0.000000    1.380835 v _32_/C (sky130_fd_sc_hd__nor3_2)
     1    0.002556    0.079588    0.076515    1.457350 ^ _32_/Y (sky130_fd_sc_hd__nor3_2)
                                                         _19_ (net)
                      0.079588    0.000000    1.457350 ^ _44_/B1 (sky130_fd_sc_hd__a22o_2)
     1    0.002087    0.021774    0.073488    1.530838 ^ _44_/X (sky130_fd_sc_hd__a22o_2)
                                                         _09_ (net)
                      0.021774    0.000000    1.530838 ^ _56_/D (sky130_fd_sc_hd__dfrtp_2)
                                              1.530838   data arrival time

                      0.150000    8.000000    8.000000   clock clk (rise edge)
                                  0.000000    8.000000   clock network delay (ideal)
                                 -0.250000    7.750000   clock uncertainty
                                  0.000000    7.750000   clock reconvergence pessimism
                                              7.750000 ^ _56_/CLK (sky130_fd_sc_hd__dfrtp_2)
                                 -0.031029    7.718971   library setup time
                                              7.718971   data required time
---------------------------------------------------------------------------------------------
                                              7.718971   data required time
                                             -1.530838   data arrival time
---------------------------------------------------------------------------------------------
                                              6.188132   slack (MET)


Startpoint: _59_ (rising edge-triggered flip-flop clocked by clk)
Endpoint: phy_data_out[2] (output port clocked by clk)
Path Group: clk
Path Type: max

Fanout         Cap        Slew       Delay        Time   Description
---------------------------------------------------------------------------------------------
                      0.150000    0.000000    0.000000   clock clk (rise edge)
                                  0.000000    0.000000   clock network delay (ideal)
                      0.150000    0.000000    0.000000 ^ _59_/CLK (sky130_fd_sc_hd__dfrtp_2)
     3    0.039972    0.150231    0.333673    0.333673 ^ _59_/Q (sky130_fd_sc_hd__dfrtp_2)
                                                         phy_data_out[6] (net)
                      0.150231    0.000000    0.333673 ^ _62_/A (sky130_fd_sc_hd__buf_2)
     1    0.033442    0.127626    0.161129    0.494802 ^ _62_/X (sky130_fd_sc_hd__buf_2)
                                                         phy_data_out[2] (net)
                      0.127626    0.000000    0.494802 ^ phy_data_out[2] (out)
                                              0.494802   data arrival time

                      0.150000    8.000000    8.000000   clock clk (rise edge)
                                  0.000000    8.000000   clock network delay (ideal)
                                 -0.250000    7.750000   clock uncertainty
                                  0.000000    7.750000   clock reconvergence pessimism
                                 -1.000000    6.750000   output external delay
                                              6.750000   data required time
---------------------------------------------------------------------------------------------
                                              6.750000   data required time
                                             -0.494802   data arrival time
---------------------------------------------------------------------------------------------
                                              6.255198   slack (MET)


Startpoint: _61_ (rising edge-triggered flip-flop clocked by clk)
Endpoint: phy_data_out[4] (output port clocked by clk)
Path Group: clk
Path Type: max

Fanout         Cap        Slew       Delay        Time   Description
---------------------------------------------------------------------------------------------
                      0.150000    0.000000    0.000000   clock clk (rise edge)
                                  0.000000    0.000000   clock network delay (ideal)
                      0.150000    0.000000    0.000000 ^ _61_/CLK (sky130_fd_sc_hd__dfrtp_2)
     3    0.039972    0.150231    0.333673    0.333673 ^ _61_/Q (sky130_fd_sc_hd__dfrtp_2)
                                                         phy_data_out[8] (net)
                      0.150231    0.000000    0.333673 ^ _63_/A (sky130_fd_sc_hd__buf_2)
     1    0.033442    0.127626    0.161129    0.494802 ^ _63_/X (sky130_fd_sc_hd__buf_2)
                                                         phy_data_out[4] (net)
                      0.127626    0.000000    0.494802 ^ phy_data_out[4] (out)
                                              0.494802   data arrival time

                      0.150000    8.000000    8.000000   clock clk (rise edge)
                                  0.000000    8.000000   clock network delay (ideal)
                                 -0.250000    7.750000   clock uncertainty
                                  0.000000    7.750000   clock reconvergence pessimism
                                 -1.000000    6.750000   output external delay
                                              6.750000   data required time
---------------------------------------------------------------------------------------------
                                              6.750000   data required time
                                             -0.494802   data arrival time
---------------------------------------------------------------------------------------------
                                              6.255198   slack (MET)


Startpoint: _60_ (rising edge-triggered flip-flop clocked by clk)
Endpoint: phy_data_out[5] (output port clocked by clk)
Path Group: clk
Path Type: max

Fanout         Cap        Slew       Delay        Time   Description
---------------------------------------------------------------------------------------------
                      0.150000    0.000000    0.000000   clock clk (rise edge)
                                  0.000000    0.000000   clock network delay (ideal)
                      0.150000    0.000000    0.000000 ^ _60_/CLK (sky130_fd_sc_hd__dfrtp_2)
     4    0.039737    0.149439    0.333092    0.333092 ^ _60_/Q (sky130_fd_sc_hd__dfrtp_2)
                                                         phy_data_out[9] (net)
                      0.149439    0.000000    0.333092 ^ _64_/A (sky130_fd_sc_hd__buf_2)
     1    0.033442    0.127621    0.161047    0.494139 ^ _64_/X (sky130_fd_sc_hd__buf_2)
                                                         phy_data_out[5] (net)
                      0.127621    0.000000    0.494139 ^ phy_data_out[5] (out)
                                              0.494139   data arrival time

                      0.150000    8.000000    8.000000   clock clk (rise edge)
                                  0.000000    8.000000   clock network delay (ideal)
                                 -0.250000    7.750000   clock uncertainty
                                  0.000000    7.750000   clock reconvergence pessimism
                                 -1.000000    6.750000   output external delay
                                              6.750000   data required time
---------------------------------------------------------------------------------------------
                                              6.750000   data required time
                                             -0.494139   data arrival time
---------------------------------------------------------------------------------------------
                                              6.255861   slack (MET)


Startpoint: _60_ (rising edge-triggered flip-flop clocked by clk)
Endpoint: phy_data_out[7] (output port clocked by clk)
Path Group: clk
Path Type: max

Fanout         Cap        Slew       Delay        Time   Description
---------------------------------------------------------------------------------------------
                      0.150000    0.000000    0.000000   clock clk (rise edge)
                                  0.000000    0.000000   clock network delay (ideal)
                      0.150000    0.000000    0.000000 ^ _60_/CLK (sky130_fd_sc_hd__dfrtp_2)
     4    0.039737    0.149439    0.333092    0.333092 ^ _60_/Q (sky130_fd_sc_hd__dfrtp_2)
                                                         phy_data_out[9] (net)
                      0.149439    0.000000    0.333092 ^ _65_/A (sky130_fd_sc_hd__buf_2)
     1    0.033442    0.127621    0.161047    0.494139 ^ _65_/X (sky130_fd_sc_hd__buf_2)
                                                         phy_data_out[7] (net)
                      0.127621    0.000000    0.494139 ^ phy_data_out[7] (out)
                                              0.494139   data arrival time

                      0.150000    8.000000    8.000000   clock clk (rise edge)
                                  0.000000    8.000000   clock network delay (ideal)
                                 -0.250000    7.750000   clock uncertainty
                                  0.000000    7.750000   clock reconvergence pessimism
                                 -1.000000    6.750000   output external delay
                                              6.750000   data required time
---------------------------------------------------------------------------------------------
                                              6.750000   data required time
                                             -0.494139   data arrival time
---------------------------------------------------------------------------------------------
                                              6.255861   slack (MET)


Startpoint: eth_valid_in (input port clocked by clk)
Endpoint: _54_ (rising edge-triggered flip-flop clocked by clk)
Path Group: clk
Path Type: max

Fanout         Cap        Slew       Delay        Time   Description
---------------------------------------------------------------------------------------------
                      0.150000    0.000000    0.000000   clock clk (rise edge)
                                  0.000000    0.000000   clock network delay (ideal)
                                  1.000000    1.000000 ^ input external delay
     5    0.012620    0.048362    0.031374    1.031374 ^ eth_valid_in (in)
                                                         eth_valid_in (net)
                      0.048362    0.000000    1.031374 ^ _28_/A (sky130_fd_sc_hd__inv_2)
     8    0.023158    0.040643    0.044775    1.076149 v _28_/Y (sky130_fd_sc_hd__inv_2)
                                                         _16_ (net)
                      0.040643    0.000000    1.076149 v _45_/A (sky130_fd_sc_hd__and2_2)
     1    0.001395    0.023781    0.099801    1.175950 v _45_/X (sky130_fd_sc_hd__and2_2)
                                                         _26_ (net)
                      0.023781    0.000000    1.175950 v _46_/B (sky130_fd_sc_hd__or2_2)
     1    0.002059    0.034733    0.149727    1.325677 v _46_/X (sky130_fd_sc_hd__or2_2)
                                                         _08_ (net)
                      0.034733    0.000000    1.325677 v _54_/D (sky130_fd_sc_hd__dfrtp_2)
                                              1.325677   data arrival time

                      0.150000    8.000000    8.000000   clock clk (rise edge)
                                  0.000000    8.000000   clock network delay (ideal)
                                 -0.250000    7.750000   clock uncertainty
                                  0.000000    7.750000   clock reconvergence pessimism
                                              7.750000 ^ _54_/CLK (sky130_fd_sc_hd__dfrtp_2)
                                 -0.063281    7.686719   library setup time
                                              7.686719   data required time
---------------------------------------------------------------------------------------------
                                              7.686719   data required time
                                             -1.325677   data arrival time
---------------------------------------------------------------------------------------------
                                              6.361042   slack (MET)


Startpoint: _59_ (rising edge-triggered flip-flop clocked by clk)
Endpoint: phy_data_out[6] (output port clocked by clk)
Path Group: clk
Path Type: max

Fanout         Cap        Slew       Delay        Time   Description
---------------------------------------------------------------------------------------------
                      0.150000    0.000000    0.000000   clock clk (rise edge)
                                  0.000000    0.000000   clock network delay (ideal)
                      0.150000    0.000000    0.000000 ^ _59_/CLK (sky130_fd_sc_hd__dfrtp_2)
     3    0.039446    0.087143    0.335005    0.335005 v _59_/Q (sky130_fd_sc_hd__dfrtp_2)
                                                         phy_data_out[6] (net)
                      0.087143    0.000000    0.335005 v phy_data_out[6] (out)
                                              0.335005   data arrival time

                      0.150000    8.000000    8.000000   clock clk (rise edge)
                                  0.000000    8.000000   clock network delay (ideal)
                                 -0.250000    7.750000   clock uncertainty
                                  0.000000    7.750000   clock reconvergence pessimism
                                 -1.000000    6.750000   output external delay
                                              6.750000   data required time
---------------------------------------------------------------------------------------------
                                              6.750000   data required time
                                             -0.335005   data arrival time
---------------------------------------------------------------------------------------------
                                              6.414995   slack (MET)


Startpoint: _61_ (rising edge-triggered flip-flop clocked by clk)
Endpoint: phy_data_out[8] (output port clocked by clk)
Path Group: clk
Path Type: max

Fanout         Cap        Slew       Delay        Time   Description
---------------------------------------------------------------------------------------------
                      0.150000    0.000000    0.000000   clock clk (rise edge)
                                  0.000000    0.000000   clock network delay (ideal)
                      0.150000    0.000000    0.000000 ^ _61_/CLK (sky130_fd_sc_hd__dfrtp_2)
     3    0.039446    0.087143    0.335005    0.335005 v _61_/Q (sky130_fd_sc_hd__dfrtp_2)
                                                         phy_data_out[8] (net)
                      0.087143    0.000000    0.335005 v phy_data_out[8] (out)
                                              0.335005   data arrival time

                      0.150000    8.000000    8.000000   clock clk (rise edge)
                                  0.000000    8.000000   clock network delay (ideal)
                                 -0.250000    7.750000   clock uncertainty
                                  0.000000    7.750000   clock reconvergence pessimism
                                 -1.000000    6.750000   output external delay
                                              6.750000   data required time
---------------------------------------------------------------------------------------------
                                              6.750000   data required time
                                             -0.335005   data arrival time
---------------------------------------------------------------------------------------------
                                              6.414995   slack (MET)


Startpoint: _60_ (rising edge-triggered flip-flop clocked by clk)
Endpoint: phy_data_out[9] (output port clocked by clk)
Path Group: clk
Path Type: max

Fanout         Cap        Slew       Delay        Time   Description
---------------------------------------------------------------------------------------------
                      0.150000    0.000000    0.000000   clock clk (rise edge)
                                  0.000000    0.000000   clock network delay (ideal)
                      0.150000    0.000000    0.000000 ^ _60_/CLK (sky130_fd_sc_hd__dfrtp_2)
     4    0.039128    0.086675    0.334487    0.334487 v _60_/Q (sky130_fd_sc_hd__dfrtp_2)
                                                         phy_data_out[9] (net)
                      0.086675    0.000000    0.334487 v phy_data_out[9] (out)
                                              0.334487   data arrival time

                      0.150000    8.000000    8.000000   clock clk (rise edge)
                                  0.000000    8.000000   clock network delay (ideal)
                                 -0.250000    7.750000   clock uncertainty
                                  0.000000    7.750000   clock reconvergence pessimism
                                 -1.000000    6.750000   output external delay
                                              6.750000   data required time
---------------------------------------------------------------------------------------------
                                              6.750000   data required time
                                             -0.334487   data arrival time
---------------------------------------------------------------------------------------------
                                              6.415512   slack (MET)


Startpoint: _56_ (rising edge-triggered flip-flop clocked by clk)
Endpoint: phy_data_out[0] (output port clocked by clk)
Path Group: clk
Path Type: max

Fanout         Cap        Slew       Delay        Time   Description
---------------------------------------------------------------------------------------------
                      0.150000    0.000000    0.000000   clock clk (rise edge)
                                  0.000000    0.000000   clock network delay (ideal)
                      0.150000    0.000000    0.000000 ^ _56_/CLK (sky130_fd_sc_hd__dfrtp_2)
     2    0.035702    0.081640    0.328909    0.328909 v _56_/Q (sky130_fd_sc_hd__dfrtp_2)
                                                         phy_data_out[0] (net)
                      0.081640    0.000000    0.328909 v phy_data_out[0] (out)
                                              0.328909   data arrival time

                      0.150000    8.000000    8.000000   clock clk (rise edge)
                                  0.000000    8.000000   clock network delay (ideal)
                                 -0.250000    7.750000   clock uncertainty
                                  0.000000    7.750000   clock reconvergence pessimism
                                 -1.000000    6.750000   output external delay
                                              6.750000   data required time
---------------------------------------------------------------------------------------------
                                              6.750000   data required time
                                             -0.328909   data arrival time
---------------------------------------------------------------------------------------------
                                              6.421091   slack (MET)


Startpoint: _57_ (rising edge-triggered flip-flop clocked by clk)
Endpoint: phy_data_out[1] (output port clocked by clk)
Path Group: clk
Path Type: max

Fanout         Cap        Slew       Delay        Time   Description
---------------------------------------------------------------------------------------------
                      0.150000    0.000000    0.000000   clock clk (rise edge)
                                  0.000000    0.000000   clock network delay (ideal)
                      0.150000    0.000000    0.000000 ^ _57_/CLK (sky130_fd_sc_hd__dfrtp_2)
     2    0.035690    0.081623    0.328890    0.328890 v _57_/Q (sky130_fd_sc_hd__dfrtp_2)
                                                         phy_data_out[1] (net)
                      0.081623    0.000000    0.328890 v phy_data_out[1] (out)
                                              0.328890   data arrival time

                      0.150000    8.000000    8.000000   clock clk (rise edge)
                                  0.000000    8.000000   clock network delay (ideal)
                                 -0.250000    7.750000   clock uncertainty
                                  0.000000    7.750000   clock reconvergence pessimism
                                 -1.000000    6.750000   output external delay
                                              6.750000   data required time
---------------------------------------------------------------------------------------------
                                              6.750000   data required time
                                             -0.328890   data arrival time
---------------------------------------------------------------------------------------------
                                              6.421110   slack (MET)


Startpoint: _58_ (rising edge-triggered flip-flop clocked by clk)
Endpoint: phy_data_out[3] (output port clocked by clk)
Path Group: clk
Path Type: max

Fanout         Cap        Slew       Delay        Time   Description
---------------------------------------------------------------------------------------------
                      0.150000    0.000000    0.000000   clock clk (rise edge)
                                  0.000000    0.000000   clock network delay (ideal)
                      0.150000    0.000000    0.000000 ^ _58_/CLK (sky130_fd_sc_hd__dfrtp_2)
     2    0.035690    0.081623    0.328890    0.328890 v _58_/Q (sky130_fd_sc_hd__dfrtp_2)
                                                         phy_data_out[3] (net)
                      0.081623    0.000000    0.328890 v phy_data_out[3] (out)
                                              0.328890   data arrival time

                      0.150000    8.000000    8.000000   clock clk (rise edge)
                                  0.000000    8.000000   clock network delay (ideal)
                                 -0.250000    7.750000   clock uncertainty
                                  0.000000    7.750000   clock reconvergence pessimism
                                 -1.000000    6.750000   output external delay
                                              6.750000   data required time
---------------------------------------------------------------------------------------------
                                              6.750000   data required time
                                             -0.328890   data arrival time
---------------------------------------------------------------------------------------------
                                              6.421110   slack (MET)


Startpoint: _55_ (rising edge-triggered flip-flop clocked by clk)
Endpoint: phy_valid_out (output port clocked by clk)
Path Group: clk
Path Type: max

Fanout         Cap        Slew       Delay        Time   Description
---------------------------------------------------------------------------------------------
                      0.150000    0.000000    0.000000   clock clk (rise edge)
                                  0.000000    0.000000   clock network delay (ideal)
                      0.150000    0.000000    0.000000 ^ _55_/CLK (sky130_fd_sc_hd__dfrtp_2)
     1    0.033442    0.078319    0.325229    0.325229 v _55_/Q (sky130_fd_sc_hd__dfrtp_2)
                                                         phy_valid_out (net)
                      0.078319    0.000000    0.325229 v phy_valid_out (out)
                                              0.325229   data arrival time

                      0.150000    8.000000    8.000000   clock clk (rise edge)
                                  0.000000    8.000000   clock network delay (ideal)
                                 -0.250000    7.750000   clock uncertainty
                                  0.000000    7.750000   clock reconvergence pessimism
                                 -1.000000    6.750000   output external delay
                                              6.750000   data required time
---------------------------------------------------------------------------------------------
                                              6.750000   data required time
                                             -0.325229   data arrival time
---------------------------------------------------------------------------------------------
                                              6.424771   slack (MET)


Startpoint: eth_valid_in (input port clocked by clk)
Endpoint: _55_ (rising edge-triggered flip-flop clocked by clk)
Path Group: clk
Path Type: max

Fanout         Cap        Slew       Delay        Time   Description
---------------------------------------------------------------------------------------------
                      0.150000    0.000000    0.000000   clock clk (rise edge)
                                  0.000000    0.000000   clock network delay (ideal)
                                  1.000000    1.000000 v input external delay
     5    0.011787    0.019365    0.011846    1.011846 v eth_valid_in (in)
                                                         eth_valid_in (net)
                      0.019365    0.000000    1.011846 v _55_/D (sky130_fd_sc_hd__dfrtp_2)
                                              1.011846   data arrival time

                      0.150000    8.000000    8.000000   clock clk (rise edge)
                                  0.000000    8.000000   clock network delay (ideal)
                                 -0.250000    7.750000   clock uncertainty
                                  0.000000    7.750000   clock reconvergence pessimism
                                              7.750000 ^ _55_/CLK (sky130_fd_sc_hd__dfrtp_2)
                                 -0.057820    7.692180   library setup time
                                              7.692180   data required time
---------------------------------------------------------------------------------------------
                                              7.692180   data required time
                                             -1.011846   data arrival time
---------------------------------------------------------------------------------------------
                                              6.680334   slack (MET)


Startpoint: rst (input port clocked by clk)
Endpoint: _54_ (recovery check against rising-edge clock clk)
Path Group: asynchronous
Path Type: max

Fanout         Cap        Slew       Delay        Time   Description
---------------------------------------------------------------------------------------------
                      0.150000    0.000000    0.000000   clock clk (rise edge)
                                  0.000000    0.000000   clock network delay (ideal)
                                  1.000000    1.000000 v input external delay
     8    0.034280    0.053443    0.036795    1.036795 v rst (in)
                                                         rst (net)
                      0.053443    0.000000    1.036795 v _30_/A (sky130_fd_sc_hd__inv_2)
     1    0.003617    0.024040    0.037912    1.074707 ^ _30_/Y (sky130_fd_sc_hd__inv_2)
                                                         _00_ (net)
                      0.024040    0.000000    1.074707 ^ _54_/RESET_B (sky130_fd_sc_hd__dfrtp_2)
                                              1.074707   data arrival time

                      0.150000    8.000000    8.000000   clock clk (rise edge)
                                  0.000000    8.000000   clock network delay (ideal)
                                 -0.250000    7.750000   clock uncertainty
                                  0.000000    7.750000   clock reconvergence pessimism
                                              7.750000 ^ _54_/CLK (sky130_fd_sc_hd__dfrtp_2)
                                  0.153518    7.903518   library recovery time
                                              7.903518   data required time
---------------------------------------------------------------------------------------------
                                              7.903518   data required time
                                             -1.074707   data arrival time
---------------------------------------------------------------------------------------------
                                              6.828811   slack (MET)


Startpoint: rst (input port clocked by clk)
Endpoint: _55_ (recovery check against rising-edge clock clk)
Path Group: asynchronous
Path Type: max

Fanout         Cap        Slew       Delay        Time   Description
---------------------------------------------------------------------------------------------
                      0.150000    0.000000    0.000000   clock clk (rise edge)
                                  0.000000    0.000000   clock network delay (ideal)
                                  1.000000    1.000000 v input external delay
     8    0.034280    0.053443    0.036795    1.036795 v rst (in)
                                                         rst (net)
                      0.053443    0.000000    1.036795 v _47_/A (sky130_fd_sc_hd__inv_2)
     1    0.003617    0.024040    0.037912    1.074707 ^ _47_/Y (sky130_fd_sc_hd__inv_2)
                                                         _01_ (net)
                      0.024040    0.000000    1.074707 ^ _55_/RESET_B (sky130_fd_sc_hd__dfrtp_2)
                                              1.074707   data arrival time

                      0.150000    8.000000    8.000000   clock clk (rise edge)
                                  0.000000    8.000000   clock network delay (ideal)
                                 -0.250000    7.750000   clock uncertainty
                                  0.000000    7.750000   clock reconvergence pessimism
                                              7.750000 ^ _55_/CLK (sky130_fd_sc_hd__dfrtp_2)
                                  0.153518    7.903518   library recovery time
                                              7.903518   data required time
---------------------------------------------------------------------------------------------
                                              7.903518   data required time
                                             -1.074707   data arrival time
---------------------------------------------------------------------------------------------
                                              6.828811   slack (MET)


Startpoint: rst (input port clocked by clk)
Endpoint: _56_ (recovery check against rising-edge clock clk)
Path Group: asynchronous
Path Type: max

Fanout         Cap        Slew       Delay        Time   Description
---------------------------------------------------------------------------------------------
                      0.150000    0.000000    0.000000   clock clk (rise edge)
                                  0.000000    0.000000   clock network delay (ideal)
                                  1.000000    1.000000 v input external delay
     8    0.034280    0.053443    0.036795    1.036795 v rst (in)
                                                         rst (net)
                      0.053443    0.000000    1.036795 v _48_/A (sky130_fd_sc_hd__inv_2)
     1    0.003617    0.024040    0.037912    1.074707 ^ _48_/Y (sky130_fd_sc_hd__inv_2)
                                                         _02_ (net)
                      0.024040    0.000000    1.074707 ^ _56_/RESET_B (sky130_fd_sc_hd__dfrtp_2)
                                              1.074707   data arrival time

                      0.150000    8.000000    8.000000   clock clk (rise edge)
                                  0.000000    8.000000   clock network delay (ideal)
                                 -0.250000    7.750000   clock uncertainty
                                  0.000000    7.750000   clock reconvergence pessimism
                                              7.750000 ^ _56_/CLK (sky130_fd_sc_hd__dfrtp_2)
                                  0.153518    7.903518   library recovery time
                                              7.903518   data required time
---------------------------------------------------------------------------------------------
                                              7.903518   data required time
                                             -1.074707   data arrival time
---------------------------------------------------------------------------------------------
                                              6.828811   slack (MET)


Startpoint: rst (input port clocked by clk)
Endpoint: _57_ (recovery check against rising-edge clock clk)
Path Group: asynchronous
Path Type: max

Fanout         Cap        Slew       Delay        Time   Description
---------------------------------------------------------------------------------------------
                      0.150000    0.000000    0.000000   clock clk (rise edge)
                                  0.000000    0.000000   clock network delay (ideal)
                                  1.000000    1.000000 v input external delay
     8    0.034280    0.053443    0.036795    1.036795 v rst (in)
                                                         rst (net)
                      0.053443    0.000000    1.036795 v _49_/A (sky130_fd_sc_hd__inv_2)
     1    0.003617    0.024040    0.037912    1.074707 ^ _49_/Y (sky130_fd_sc_hd__inv_2)
                                                         _03_ (net)
                      0.024040    0.000000    1.074707 ^ _57_/RESET_B (sky130_fd_sc_hd__dfrtp_2)
                                              1.074707   data arrival time

                      0.150000    8.000000    8.000000   clock clk (rise edge)
                                  0.000000    8.000000   clock network delay (ideal)
                                 -0.250000    7.750000   clock uncertainty
                                  0.000000    7.750000   clock reconvergence pessimism
                                              7.750000 ^ _57_/CLK (sky130_fd_sc_hd__dfrtp_2)
                                  0.153518    7.903518   library recovery time
                                              7.903518   data required time
---------------------------------------------------------------------------------------------
                                              7.903518   data required time
                                             -1.074707   data arrival time
---------------------------------------------------------------------------------------------
                                              6.828811   slack (MET)


Startpoint: rst (input port clocked by clk)
Endpoint: _58_ (recovery check against rising-edge clock clk)
Path Group: asynchronous
Path Type: max

Fanout         Cap        Slew       Delay        Time   Description
---------------------------------------------------------------------------------------------
                      0.150000    0.000000    0.000000   clock clk (rise edge)
                                  0.000000    0.000000   clock network delay (ideal)
                                  1.000000    1.000000 v input external delay
     8    0.034280    0.053443    0.036795    1.036795 v rst (in)
                                                         rst (net)
                      0.053443    0.000000    1.036795 v _50_/A (sky130_fd_sc_hd__inv_2)
     1    0.003617    0.024040    0.037912    1.074707 ^ _50_/Y (sky130_fd_sc_hd__inv_2)
                                                         _04_ (net)
                      0.024040    0.000000    1.074707 ^ _58_/RESET_B (sky130_fd_sc_hd__dfrtp_2)
                                              1.074707   data arrival time

                      0.150000    8.000000    8.000000   clock clk (rise edge)
                                  0.000000    8.000000   clock network delay (ideal)
                                 -0.250000    7.750000   clock uncertainty
                                  0.000000    7.750000   clock reconvergence pessimism
                                              7.750000 ^ _58_/CLK (sky130_fd_sc_hd__dfrtp_2)
                                  0.153518    7.903518   library recovery time
                                              7.903518   data required time
---------------------------------------------------------------------------------------------
                                              7.903518   data required time
                                             -1.074707   data arrival time
---------------------------------------------------------------------------------------------
                                              6.828811   slack (MET)


Startpoint: rst (input port clocked by clk)
Endpoint: _59_ (recovery check against rising-edge clock clk)
Path Group: asynchronous
Path Type: max

Fanout         Cap        Slew       Delay        Time   Description
---------------------------------------------------------------------------------------------
                      0.150000    0.000000    0.000000   clock clk (rise edge)
                                  0.000000    0.000000   clock network delay (ideal)
                                  1.000000    1.000000 v input external delay
     8    0.034280    0.053443    0.036795    1.036795 v rst (in)
                                                         rst (net)
                      0.053443    0.000000    1.036795 v _51_/A (sky130_fd_sc_hd__inv_2)
     1    0.003617    0.024040    0.037912    1.074707 ^ _51_/Y (sky130_fd_sc_hd__inv_2)
                                                         _05_ (net)
                      0.024040    0.000000    1.074707 ^ _59_/RESET_B (sky130_fd_sc_hd__dfrtp_2)
                                              1.074707   data arrival time

                      0.150000    8.000000    8.000000   clock clk (rise edge)
                                  0.000000    8.000000   clock network delay (ideal)
                                 -0.250000    7.750000   clock uncertainty
                                  0.000000    7.750000   clock reconvergence pessimism
                                              7.750000 ^ _59_/CLK (sky130_fd_sc_hd__dfrtp_2)
                                  0.153518    7.903518   library recovery time
                                              7.903518   data required time
---------------------------------------------------------------------------------------------
                                              7.903518   data required time
                                             -1.074707   data arrival time
---------------------------------------------------------------------------------------------
                                              6.828811   slack (MET)


Startpoint: rst (input port clocked by clk)
Endpoint: _60_ (recovery check against rising-edge clock clk)
Path Group: asynchronous
Path Type: max

Fanout         Cap        Slew       Delay        Time   Description
---------------------------------------------------------------------------------------------
                      0.150000    0.000000    0.000000   clock clk (rise edge)
                                  0.000000    0.000000   clock network delay (ideal)
                                  1.000000    1.000000 v input external delay
     8    0.034280    0.053443    0.036795    1.036795 v rst (in)
                                                         rst (net)
                      0.053443    0.000000    1.036795 v _52_/A (sky130_fd_sc_hd__inv_2)
     1    0.003617    0.024040    0.037912    1.074707 ^ _52_/Y (sky130_fd_sc_hd__inv_2)
                                                         _06_ (net)
                      0.024040    0.000000    1.074707 ^ _60_/RESET_B (sky130_fd_sc_hd__dfrtp_2)
                                              1.074707   data arrival time

                      0.150000    8.000000    8.000000   clock clk (rise edge)
                                  0.000000    8.000000   clock network delay (ideal)
                                 -0.250000    7.750000   clock uncertainty
                                  0.000000    7.750000   clock reconvergence pessimism
                                              7.750000 ^ _60_/CLK (sky130_fd_sc_hd__dfrtp_2)
                                  0.153518    7.903518   library recovery time
                                              7.903518   data required time
---------------------------------------------------------------------------------------------
                                              7.903518   data required time
                                             -1.074707   data arrival time
---------------------------------------------------------------------------------------------
                                              6.828811   slack (MET)


Startpoint: rst (input port clocked by clk)
Endpoint: _61_ (recovery check against rising-edge clock clk)
Path Group: asynchronous
Path Type: max

Fanout         Cap        Slew       Delay        Time   Description
---------------------------------------------------------------------------------------------
                      0.150000    0.000000    0.000000   clock clk (rise edge)
                                  0.000000    0.000000   clock network delay (ideal)
                                  1.000000    1.000000 v input external delay
     8    0.034280    0.053443    0.036795    1.036795 v rst (in)
                                                         rst (net)
                      0.053443    0.000000    1.036795 v _53_/A (sky130_fd_sc_hd__inv_2)
     1    0.003617    0.024040    0.037912    1.074707 ^ _53_/Y (sky130_fd_sc_hd__inv_2)
                                                         _07_ (net)
                      0.024040    0.000000    1.074707 ^ _61_/RESET_B (sky130_fd_sc_hd__dfrtp_2)
                                              1.074707   data arrival time

                      0.150000    8.000000    8.000000   clock clk (rise edge)
                                  0.000000    8.000000   clock network delay (ideal)
                                 -0.250000    7.750000   clock uncertainty
                                  0.000000    7.750000   clock reconvergence pessimism
                                              7.750000 ^ _61_/CLK (sky130_fd_sc_hd__dfrtp_2)
                                  0.153518    7.903518   library recovery time
                                              7.903518   data required time
---------------------------------------------------------------------------------------------
                                              7.903518   data required time
                                             -1.074707   data arrival time
---------------------------------------------------------------------------------------------
                                              6.828811   slack (MET)



