Reading OpenROAD database at '/home/g/my_designs/pm32/runs/RUN_2026-02-12_18-41-11/20-openroad-generatepdn/counter32.odb'…
Reading library file at '/home/g/.volare/volare/sky130/versions/0fe599b2afb6708d281543108caf8310912f54af/sky130A/libs.ref/sky130_fd_sc_hd/lib/sky130_fd_sc_hd__tt_025C_1v80.lib'…
Reading design constraints file at '/nix/store/h0ldzjka94yryiq8yxbxmwargpnmwhx6-python3-3.11.9-env/lib/python3.11/site-packages/openlane/scripts/base.sdc'…
[INFO] Using clock clk…
[INFO] Setting output delay to: 1
[INFO] Setting input delay to: 1
[INFO] Setting load to: 0.033442
[INFO] Setting clock uncertainty to: 0.25
[INFO] Setting clock transition to: 0.1499999999999999944488848768742172978818416595458984375
[INFO] Setting timing derate to: 5%
+ global_placement -density 0.55 -skip_io -pad_right 0 -pad_left 0 -init_wirelength_coef 0.25
[INFO GPL-0002] DBU: 1000
[INFO GPL-0003] SiteSize: (  0.460  2.720 ) um
[INFO GPL-0004] CoreBBox: (  5.520 10.880 ) ( 90.620 95.200 ) um
[INFO GPL-0006] NumInstances:               361
[INFO GPL-0007] NumPlaceInstances:          200
[INFO GPL-0008] NumFixedInstances:          161
[INFO GPL-0009] NumDummyInstances:            0
[INFO GPL-0010] NumNets:                    203
[INFO GPL-0011] NumPins:                    758
[INFO GPL-0012] DieBBox:  (  0.000  0.000 ) ( 96.520 107.240 ) um
[INFO GPL-0013] CoreBBox: (  5.520 10.880 ) ( 90.620 95.200 ) um
[INFO GPL-0016] CoreArea:              7175.632 um^2
[INFO GPL-0017] NonPlaceInstsArea:      356.592 um^2
[INFO GPL-0018] PlaceInstsArea:        2192.102 um^2
[INFO GPL-0019] Util:                    32.147 %
[INFO GPL-0020] StdInstsArea:          2192.102 um^2
[INFO GPL-0021] MacroInstsArea:           0.000 um^2
[INFO GPL-0031] FillerInit:NumGCells:       344
[INFO GPL-0032] FillerInit:NumGNets:        203
[INFO GPL-0033] FillerInit:NumGPins:        758
[INFO GPL-0023] TargetDensity:            0.550
[INFO GPL-0024] AvrgPlaceInstArea:       10.961 um^2
[INFO GPL-0025] IdealBinArea:            19.928 um^2
[INFO GPL-0026] IdealBinCnt:                360
[INFO GPL-0027] TotalBinArea:          7175.632 um^2
[INFO GPL-0028] BinCnt:        16     16
[INFO GPL-0029] BinSize: (  5.319  5.270 )
[INFO GPL-0030] NumBins: 256
[NesterovSolve] Iter:    1 overflow: 0.972 HPWL: 563955
[NesterovSolve] Iter:   10 overflow: 0.971 HPWL: 442679
[NesterovSolve] Iter:   20 overflow: 0.970 HPWL: 442265
[NesterovSolve] Iter:   30 overflow: 0.970 HPWL: 441975
[NesterovSolve] Iter:   40 overflow: 0.970 HPWL: 442123
[NesterovSolve] Iter:   50 overflow: 0.970 HPWL: 442123
[NesterovSolve] Iter:   60 overflow: 0.970 HPWL: 442363
[NesterovSolve] Iter:   70 overflow: 0.970 HPWL: 443002
[NesterovSolve] Iter:   80 overflow: 0.970 HPWL: 444159
[NesterovSolve] Iter:   90 overflow: 0.970 HPWL: 446302
[NesterovSolve] Iter:  100 overflow: 0.970 HPWL: 448885
[NesterovSolve] Iter:  110 overflow: 0.969 HPWL: 451548
[NesterovSolve] Iter:  120 overflow: 0.968 HPWL: 453761
[NesterovSolve] Iter:  130 overflow: 0.965 HPWL: 454948
[NesterovSolve] Iter:  140 overflow: 0.956 HPWL: 454087
[NesterovSolve] Iter:  150 overflow: 0.948 HPWL: 469982
[NesterovSolve] Iter:  160 overflow: 0.941 HPWL: 533507
[NesterovSolve] Iter:  170 overflow: 0.878 HPWL: 663311
[NesterovSolve] Iter:  180 overflow: 0.847 HPWL: 839760
[NesterovSolve] Iter:  190 overflow: 0.842 HPWL: 896594
[NesterovSolve] Iter:  200 overflow: 0.781 HPWL: 1006396
[NesterovSolve] Iter:  210 overflow: 0.764 HPWL: 1113538
[NesterovSolve] Iter:  220 overflow: 0.715 HPWL: 1225033
[NesterovSolve] Iter:  230 overflow: 0.669 HPWL: 1386299
[NesterovSolve] Iter:  240 overflow: 0.633 HPWL: 1506114
[NesterovSolve] Iter:  250 overflow: 0.586 HPWL: 1628111
[NesterovSolve] Iter:  260 overflow: 0.539 HPWL: 1767726
[NesterovSolve] Iter:  270 overflow: 0.490 HPWL: 1887176
[NesterovSolve] Iter:  280 overflow: 0.437 HPWL: 2008216
[NesterovSolve] Iter:  290 overflow: 0.386 HPWL: 2121351
[NesterovSolve] Iter:  300 overflow: 0.343 HPWL: 2235372
[NesterovSolve] Iter:  310 overflow: 0.311 HPWL: 2301369
[NesterovSolve] Iter:  320 overflow: 0.273 HPWL: 2369066
[NesterovSolve] Iter:  330 overflow: 0.242 HPWL: 2430214
[NesterovSolve] Iter:  340 overflow: 0.201 HPWL: 2465903
[NesterovSolve] Iter:  350 overflow: 0.156 HPWL: 2506910
[NesterovSolve] Iter:  360 overflow: 0.135 HPWL: 2541067
[NesterovSolve] Iter:  370 overflow: 0.103 HPWL: 2566494
[NesterovSolve] Finished with Overflow: 0.099317
[INFO] Setting RC values…
Setting global connections for newly added cells…
[INFO] Setting global connections...
Updating metrics…
Cell type report:                       Count       Area
  Fill cell                                62     232.72
  Tap cell                                 99     123.87
  Inverter                                 17      63.81
  Sequential cell                          32     680.65
  Multi-Input combinational cell          151    1447.64
  Total                                   361    2548.69
Writing OpenROAD database to '/home/g/my_designs/pm32/runs/RUN_2026-02-12_18-41-11/23-openroad-globalplacementskipio/counter32.odb'…
Writing netlist to '/home/g/my_designs/pm32/runs/RUN_2026-02-12_18-41-11/23-openroad-globalplacementskipio/counter32.nl.v'…
Writing powered netlist to '/home/g/my_designs/pm32/runs/RUN_2026-02-12_18-41-11/23-openroad-globalplacementskipio/counter32.pnl.v'…
Writing layout to '/home/g/my_designs/pm32/runs/RUN_2026-02-12_18-41-11/23-openroad-globalplacementskipio/counter32.def'…
Writing timing constraints to '/home/g/my_designs/pm32/runs/RUN_2026-02-12_18-41-11/23-openroad-globalplacementskipio/counter32.sdc'…
