Clock: clk
Sources: clk 
Generated: no
Virtual: yes
Propagated: no
Period: 8.000000

===========================================================================
report_clock_properties
============================================================================
Clock                   Period          Waveform
----------------------------------------------------
clk                   8.000000    0.000000  4.000000

===========================================================================
report_clock_latency
============================================================================
Clock clk
rise -> rise
    min     max
0.000000 0.000000 source latency
0.493462         network latency _61_/CLK
        0.494143 network latency _54_/CLK
---------------
0.493462 0.494143 latency
        0.000681 skew

fall -> fall
    min     max
0.000000 0.000000 source latency
0.515598         network latency _61_/CLK
        0.516190 network latency _54_/CLK
---------------
0.515598 0.516190 latency
        0.000592 skew



===========================================================================
report_clock_min_period
============================================================================
clk period_min = 3.09 fmax = 323.64
