
===========================================================================
report_checks -unconstrained
===========================================================================
======================= nom_ss_100C_1v60 Corner ===================================

Startpoint: _344_ (rising edge-triggered flip-flop clocked by clk)
Endpoint: _348_ (rising edge-triggered flip-flop clocked by clk)
Path Group: clk
Path Type: max

Fanout         Cap        Slew       Delay        Time   Description
---------------------------------------------------------------------------------------------
                      0.150000    0.000000    0.000000   clock clk (rise edge)
                                  0.000000    0.000000   clock network delay (ideal)
                      0.150000    0.000000    0.000000 ^ _344_/CLK (sky130_fd_sc_hd__dfxtp_2)
     6    0.050209    0.407848    0.944749    0.944749 ^ _344_/Q (sky130_fd_sc_hd__dfxtp_2)
                                                         count[8] (net)
                      0.407848    0.000000    0.944749 ^ _334_/D (sky130_fd_sc_hd__nand4_2)
     4    0.016543    0.361929    0.477647    1.422397 v _334_/Y (sky130_fd_sc_hd__nand4_2)
                                                         _160_ (net)
                      0.361929    0.000000    1.422397 v _170_/A (sky130_fd_sc_hd__nor2_2)
    14    0.059797    1.046309    0.977186    2.399583 ^ _170_/Y (sky130_fd_sc_hd__nor2_2)
                                                         _164_ (net)
                      1.046309    0.000000    2.399583 ^ _193_/B (sky130_fd_sc_hd__nand4_2)
    22    0.080436    1.382728    1.461275    3.860857 v _193_/Y (sky130_fd_sc_hd__nand4_2)
                                                         _051_ (net)
                      1.382728    0.000000    3.860857 v _239_/A (sky130_fd_sc_hd__and3_2)
     1    0.004071    0.093885    0.969598    4.830456 v _239_/X (sky130_fd_sc_hd__and3_2)
                                                         _085_ (net)
                      0.093885    0.000000    4.830456 v _240_/C (sky130_fd_sc_hd__nor3_2)
     1    0.001537    0.160486    0.146096    4.976552 ^ _240_/Y (sky130_fd_sc_hd__nor3_2)
                                                         _012_ (net)
                      0.160486    0.000000    4.976552 ^ _348_/D (sky130_fd_sc_hd__dfxtp_2)
                                              4.976552   data arrival time

                      0.150000    8.000000    8.000000   clock clk (rise edge)
                                  0.000000    8.000000   clock network delay (ideal)
                                 -0.250000    7.750000   clock uncertainty
                                  0.000000    7.750000   clock reconvergence pessimism
                                              7.750000 ^ _348_/CLK (sky130_fd_sc_hd__dfxtp_2)
                                 -0.150821    7.599178   library setup time
                                              7.599178   data required time
---------------------------------------------------------------------------------------------
                                              7.599178   data required time
                                             -4.976552   data arrival time
---------------------------------------------------------------------------------------------
                                              2.622627   slack (MET)




===========================================================================
report_checks --slack_max -0.01
============================================================================
======================= nom_ss_100C_1v60 Corner ===================================

No paths found.


===========================================================================
 report_check_types -max_slew -max_cap -max_fanout -violators
============================================================================
======================= nom_ss_100C_1v60 Corner ===================================

max slew

Pin                                        Limit        Slew       Slack
------------------------------------------------------------------------
_193_/Y                                 0.750000    1.382728   -0.632728 (VIOLATED)
_197_/A1                                0.750000    1.382728   -0.632728 (VIOLATED)
_199_/A1                                0.750000    1.382728   -0.632728 (VIOLATED)
_201_/A1                                0.750000    1.382728   -0.632728 (VIOLATED)
_202_/A1                                0.750000    1.382728   -0.632728 (VIOLATED)
_204_/A1                                0.750000    1.382728   -0.632728 (VIOLATED)
_205_/A                                 0.750000    1.382728   -0.632728 (VIOLATED)
_208_/A1                                0.750000    1.382728   -0.632728 (VIOLATED)
_210_/A1                                0.750000    1.382728   -0.632728 (VIOLATED)
_212_/A1                                0.750000    1.382728   -0.632728 (VIOLATED)
_214_/A1                                0.750000    1.382728   -0.632728 (VIOLATED)
_215_/A                                 0.750000    1.382728   -0.632728 (VIOLATED)
_218_/A                                 0.750000    1.382728   -0.632728 (VIOLATED)
_222_/A1                                0.750000    1.382728   -0.632728 (VIOLATED)
_224_/A1                                0.750000    1.382728   -0.632728 (VIOLATED)
_229_/A                                 0.750000    1.382728   -0.632728 (VIOLATED)
_232_/A                                 0.750000    1.382728   -0.632728 (VIOLATED)
_236_/A1                                0.750000    1.382728   -0.632728 (VIOLATED)
_238_/A1                                0.750000    1.382728   -0.632728 (VIOLATED)
_239_/A                                 0.750000    1.382728   -0.632728 (VIOLATED)
_241_/A1                                0.750000    1.382728   -0.632728 (VIOLATED)
_247_/A1                                0.750000    1.382728   -0.632728 (VIOLATED)
_248_/A                                 0.750000    1.382728   -0.632728 (VIOLATED)
_171_/Y                                 0.750000    1.287476   -0.537476 (VIOLATED)
_264_/B                                 0.750000    1.287476   -0.537476 (VIOLATED)
_272_/A1                                0.750000    1.287476   -0.537476 (VIOLATED)
_277_/A                                 0.750000    1.287476   -0.537476 (VIOLATED)
_284_/B                                 0.750000    1.287476   -0.537476 (VIOLATED)
_290_/A                                 0.750000    1.287476   -0.537476 (VIOLATED)
_300_/B                                 0.750000    1.287476   -0.537476 (VIOLATED)
_302_/A                                 0.750000    1.287476   -0.537476 (VIOLATED)
_221_/Y                                 0.750000    1.128560   -0.378560 (VIOLATED)
_252_/B                                 0.750000    1.128560   -0.378560 (VIOLATED)
_253_/A2                                0.750000    1.128560   -0.378560 (VIOLATED)
_255_/A2                                0.750000    1.128560   -0.378560 (VIOLATED)
_256_/B                                 0.750000    1.128560   -0.378560 (VIOLATED)
_258_/A2                                0.750000    1.128560   -0.378560 (VIOLATED)
_259_/B                                 0.750000    1.128560   -0.378560 (VIOLATED)
_260_/B                                 0.750000    1.128560   -0.378560 (VIOLATED)
_266_/B                                 0.750000    1.128560   -0.378560 (VIOLATED)
_267_/B                                 0.750000    1.128560   -0.378560 (VIOLATED)
_279_/C1                                0.750000    1.128560   -0.378560 (VIOLATED)
_170_/Y                                 0.750000    1.046309   -0.296309 (VIOLATED)
_193_/B                                 0.750000    1.046309   -0.296309 (VIOLATED)
_198_/B                                 0.750000    1.046309   -0.296309 (VIOLATED)
_251_/C                                 0.750000    1.046309   -0.296309 (VIOLATED)
_252_/C                                 0.750000    1.046309   -0.296309 (VIOLATED)
_253_/A3                                0.750000    1.046309   -0.296309 (VIOLATED)
_255_/A3                                0.750000    1.046309   -0.296309 (VIOLATED)
_256_/D                                 0.750000    1.046309   -0.296309 (VIOLATED)
_258_/A4                                0.750000    1.046309   -0.296309 (VIOLATED)
_259_/C                                 0.750000    1.046309   -0.296309 (VIOLATED)
_260_/C                                 0.750000    1.046309   -0.296309 (VIOLATED)
_266_/C                                 0.750000    1.046309   -0.296309 (VIOLATED)
_267_/C                                 0.750000    1.046309   -0.296309 (VIOLATED)
_279_/D1                                0.750000    1.046309   -0.296309 (VIOLATED)
_297_/B                                 0.750000    1.046309   -0.296309 (VIOLATED)
_235_/Y                                 0.750000    0.993205   -0.243205 (VIOLATED)
_236_/A2                                0.750000    0.993205   -0.243205 (VIOLATED)
_238_/A2                                0.750000    0.993205   -0.243205 (VIOLATED)
_239_/B                                 0.750000    0.993205   -0.243205 (VIOLATED)
_241_/A2                                0.750000    0.993205   -0.243205 (VIOLATED)
_247_/A2                                0.750000    0.993205   -0.243205 (VIOLATED)
_248_/B                                 0.750000    0.993205   -0.243205 (VIOLATED)
_193_/A                                 0.750000    0.771588   -0.021588 (VIOLATED)
_198_/A                                 0.750000    0.771588   -0.021588 (VIOLATED)
_222_/A2                                0.750000    0.771588   -0.021588 (VIOLATED)
_224_/A2                                0.750000    0.771588   -0.021588 (VIOLATED)
_225_/C                                 0.750000    0.771588   -0.021588 (VIOLATED)
_229_/C                                 0.750000    0.771588   -0.021588 (VIOLATED)
_232_/C                                 0.750000    0.771588   -0.021588 (VIOLATED)
_243_/B                                 0.750000    0.771588   -0.021588 (VIOLATED)
_251_/B                                 0.750000    0.771588   -0.021588 (VIOLATED)
_297_/A                                 0.750000    0.771588   -0.021588 (VIOLATED)
_331_/Y                                 0.750000    0.771588   -0.021588 (VIOLATED)

max fanout

Pin                                   Limit Fanout  Slack
---------------------------------------------------------
en                                       10     26    -16 (VIOLATED)
rst_n                                    10     24    -14 (VIOLATED)
_193_/Y                                  10     22    -12 (VIOLATED)
_170_/Y                                  10     14     -4 (VIOLATED)



===========================================================================
report_parasitic_annotation -report_unannotated
============================================================================
Found 203 unannotated drivers.
 clk
 en
 rst_n
 _168_/Y
 _169_/Y
 _170_/Y
 _171_/Y
 _172_/X
 _173_/Y
 _174_/Y
 _175_/X
 _176_/Y
 _177_/Y
 _178_/Y
 _179_/X
 _180_/X
 _181_/X
 _182_/Y
 _183_/X
 _184_/X
 _185_/Y
 _186_/X
 _187_/Y
 _188_/Y
 _189_/X
 _190_/Y
 _191_/Y
 _192_/Y
 _193_/Y
 _194_/Y
 _195_/Y
 _196_/Y
 _197_/Y
 _198_/Y
 _199_/X
 _200_/Y
 _201_/Y
 _202_/X
 _203_/Y
 _204_/Y
 _205_/Y
 _206_/Y
 _207_/Y
 _208_/X
 _209_/Y
 _210_/Y
 _211_/X
 _212_/X
 _213_/Y
 _214_/Y
 _215_/Y
 _216_/Y
 _217_/Y
 _218_/Y
 _219_/Y
 _220_/Y
 _221_/Y
 _222_/X
 _223_/Y
 _224_/Y
 _225_/Y
 _226_/Y
 _227_/Y
 _228_/Y
 _229_/Y
 _230_/Y
 _231_/Y
 _232_/Y
 _233_/Y
 _234_/Y
 _235_/Y
 _236_/X
 _237_/Y
 _238_/Y
 _239_/X
 _240_/Y
 _241_/Y
 _242_/Y
 _243_/Y
 _244_/Y
 _245_/Y
 _246_/Y
 _247_/Y
 _248_/Y
 _249_/Y
 _250_/Y
 _251_/Y
 _252_/Y
 _253_/X
 _254_/Y
 _255_/X
 _256_/Y
 _257_/X
 _258_/Y
 _259_/Y
 _260_/Y
 _261_/Y
 _262_/Y
 _263_/X
 _264_/Y
 _265_/X
 _266_/Y
 _267_/Y
 _268_/Y
 _269_/Y
 _270_/Y
 _271_/X
 _272_/Y
 _273_/Y
 _274_/Y
 _275_/Y
 _276_/X
 _277_/Y
 _278_/X
 _279_/Y
 _280_/Y
 _281_/X
 _282_/Y
 _283_/Y
 _284_/Y
 _285_/X
 _286_/Y
 _287_/Y
 _288_/Y
 _289_/X
 _290_/Y
 _291_/Y
 _292_/Y
 _293_/X
 _294_/Y
 _295_/Y
 _296_/Y
 _297_/Y
 _298_/Y
 _299_/Y
 _300_/Y
 _301_/X
 _302_/Y
 _303_/Y
 _304_/Y
 _305_/Y
 _306_/Y
 _307_/Y
 _308_/X
 _309_/Y
 _310_/Y
 _311_/Y
 _312_/Y
 _313_/Y
 _314_/Y
 _315_/Y
 _316_/Y
 _317_/Y
 _318_/Y
 _319_/Y
 _320_/Y
 _321_/Y
 _322_/Y
 _323_/Y
 _324_/Y
 _325_/Y
 _326_/X
 _327_/X
 _328_/Y
 _329_/X
 _330_/Y
 _331_/Y
 _332_/X
 _333_/X
 _334_/Y
 _335_/X
 _336_/Q
 _337_/Q
 _338_/Q
 _339_/Q
 _340_/Q
 _341_/Q
 _342_/Q
 _343_/Q
 _344_/Q
 _345_/Q
 _346_/Q
 _347_/Q
 _348_/Q
 _349_/Q
 _350_/Q
 _351_/Q
 _352_/Q
 _353_/Q
 _354_/Q
 _355_/Q
 _356_/Q
 _357_/Q
 _358_/Q
 _359_/Q
 _360_/Q
 _361_/Q
 _362_/Q
 _363_/Q
 _364_/Q
 _365_/Q
 _366_/Q
 _367_/Q
Found 0 partially unannotated drivers.

===========================================================================
max slew violation count 75
max fanout violation count 4
max cap violation count 0
============================================================================

===========================================================================
check_setup -verbose -unconstrained_endpoints -multiple_clock -no_clock -no_input_delay -loops -generated_clocks
===========================================================================
