Clock: clk
Sources: clk 
Generated: no
Virtual: no
Propagated: no
Period: 8.000000

===========================================================================
report_clock_properties
============================================================================
Clock                   Period          Waveform
----------------------------------------------------
clk                   8.000000    0.000000  4.000000

===========================================================================
report_clock_latency
============================================================================
Clock clk
rise -> rise
    min     max
0.000000 0.000000 source latency
0.274694         network latency _336_/CLK
        0.274694 network latency _336_/CLK
---------------
0.274694 0.274694 latency
        0.000000 skew

fall -> fall
    min     max
0.000000 0.000000 source latency
0.156558         network latency _336_/CLK
        0.156558 network latency _336_/CLK
---------------
0.156558 0.156558 latency
        0.000000 skew



===========================================================================
report_clock_min_period
============================================================================
clk period_min = 5.38 fmax = 185.96
