
===========================================================================
report_checks -unconstrained
===========================================================================
======================= nom_tt_025C_1v80 Corner ===================================

Startpoint: _344_ (rising edge-triggered flip-flop clocked by clk)
Endpoint: _348_ (rising edge-triggered flip-flop clocked by clk)
Path Group: clk
Path Type: max

Fanout         Cap        Slew       Delay        Time   Description
---------------------------------------------------------------------------------------------
                                  0.000000    0.000000   clock clk (rise edge)
                                  0.000000    0.000000   clock source latency
    32    0.088267    0.399719    0.276183    0.276183 ^ clk (in)
                                                         clk (net)
                      0.399725    0.000000    0.276183 ^ _344_/CLK (sky130_fd_sc_hd__dfxtp_2)
     6    0.054677    0.276093    0.585786    0.861969 ^ _344_/Q (sky130_fd_sc_hd__dfxtp_2)
                                                         count[8] (net)
                      0.276093    0.000496    0.862465 ^ _334_/D (sky130_fd_sc_hd__nand4_2)
     4    0.018811    0.179838    0.216754    1.079219 v _334_/Y (sky130_fd_sc_hd__nand4_2)
                                                         _160_ (net)
                      0.179896    0.000258    1.079476 v _170_/A (sky130_fd_sc_hd__nor2_2)
    14    0.065427    0.693653    0.608037    1.687513 ^ _170_/Y (sky130_fd_sc_hd__nor2_2)
                                                         _164_ (net)
                      0.693653    0.000175    1.687688 ^ _193_/B (sky130_fd_sc_hd__nand4_2)
    22    0.092911    0.706912    0.733802    2.421490 v _193_/Y (sky130_fd_sc_hd__nand4_2)
                                                         _051_ (net)
                      0.706916    0.001496    2.422986 v _239_/A (sky130_fd_sc_hd__and3_2)
     1    0.004147    0.052617    0.441849    2.864835 v _239_/X (sky130_fd_sc_hd__and3_2)
                                                         _085_ (net)
                      0.052617    0.000003    2.864838 v _240_/C (sky130_fd_sc_hd__nor3_2)
     1    0.001830    0.103340    0.084497    2.949335 ^ _240_/Y (sky130_fd_sc_hd__nor3_2)
                                                         _012_ (net)
                      0.103340    0.000001    2.949336 ^ _348_/D (sky130_fd_sc_hd__dfxtp_2)
                                              2.949336   data arrival time

                                  8.000000    8.000000   clock clk (rise edge)
                                  0.000000    8.000000   clock source latency
    32    0.088267    0.399719    0.276043    8.276043 ^ clk (in)
                                                         clk (net)
                      0.399724    0.000000    8.276043 ^ _348_/CLK (sky130_fd_sc_hd__dfxtp_2)
                                 -0.250000    8.026043   clock uncertainty
                                  0.000000    8.026043   clock reconvergence pessimism
                                 -0.018906    8.007137   library setup time
                                              8.007137   data required time
---------------------------------------------------------------------------------------------
                                              8.007137   data required time
                                             -2.949336   data arrival time
---------------------------------------------------------------------------------------------
                                              5.057801   slack (MET)




===========================================================================
report_checks --slack_max -0.01
============================================================================
======================= nom_tt_025C_1v80 Corner ===================================

No paths found.


===========================================================================
 report_check_types -max_slew -max_cap -max_fanout -violators
============================================================================
======================= nom_tt_025C_1v80 Corner ===================================

max slew

Pin                                        Limit        Slew       Slack
------------------------------------------------------------------------
_171_/Y                                 0.750000    0.903039   -0.153039 (VIOLATED)
_264_/B                                 0.750000    0.903039   -0.153039 (VIOLATED)
_272_/A1                                0.750000    0.903039   -0.153039 (VIOLATED)
_277_/A                                 0.750000    0.903039   -0.153039 (VIOLATED)
_284_/B                                 0.750000    0.903039   -0.153039 (VIOLATED)
_290_/A                                 0.750000    0.903039   -0.153039 (VIOLATED)
_300_/B                                 0.750000    0.903039   -0.153039 (VIOLATED)
_302_/A                                 0.750000    0.903039   -0.153039 (VIOLATED)
_221_/Y                                 0.750000    0.760789   -0.010789 (VIOLATED)
_252_/B                                 0.750000    0.760789   -0.010789 (VIOLATED)
_253_/A2                                0.750000    0.760789   -0.010789 (VIOLATED)
_255_/A2                                0.750000    0.760789   -0.010789 (VIOLATED)
_256_/B                                 0.750000    0.760789   -0.010789 (VIOLATED)
_258_/A2                                0.750000    0.760789   -0.010789 (VIOLATED)
_259_/B                                 0.750000    0.760789   -0.010789 (VIOLATED)
_260_/B                                 0.750000    0.760789   -0.010789 (VIOLATED)
_266_/B                                 0.750000    0.760789   -0.010789 (VIOLATED)
_267_/B                                 0.750000    0.760789   -0.010789 (VIOLATED)
_279_/C1                                0.750000    0.760789   -0.010789 (VIOLATED)

max fanout

Pin                                   Limit Fanout  Slack
---------------------------------------------------------
clk                                      10     32    -22 (VIOLATED)
en                                       10     26    -16 (VIOLATED)
rst_n                                    10     24    -14 (VIOLATED)
_193_/Y                                  10     22    -12 (VIOLATED)
_170_/Y                                  10     14     -4 (VIOLATED)



===========================================================================
report_parasitic_annotation -report_unannotated
============================================================================
Found 0 unannotated drivers.
Found 0 partially unannotated drivers.

===========================================================================
max slew violation count 19
Writing metric design__max_slew_violation__count__corner:nom_tt_025C_1v80: 19
max fanout violation count 5
Writing metric design__max_fanout_violation__count__corner:nom_tt_025C_1v80: 5
max cap violation count 0
Writing metric design__max_cap_violation__count__corner:nom_tt_025C_1v80: 0
============================================================================

===========================================================================
check_setup -verbose -unconstrained_endpoints -multiple_clock -no_clock -no_input_delay -loops -generated_clocks
===========================================================================
