Clock: clk
Sources: clk 
Generated: no
Virtual: yes
Propagated: no
Period: 8.000000

===========================================================================
report_clock_properties
============================================================================
Clock                   Period          Waveform
----------------------------------------------------
clk                   8.000000    0.000000  4.000000

===========================================================================
report_clock_latency
============================================================================
Clock clk
rise -> rise
    min     max
0.000000 0.000000 source latency
0.275507         network latency _341_/CLK
        0.276671 network latency _365_/CLK
---------------
0.275507 0.276671 latency
        0.001163 skew

fall -> fall
    min     max
0.000000 0.000000 source latency
0.132370         network latency _341_/CLK
        0.133456 network latency _365_/CLK
---------------
0.132370 0.133456 latency
        0.001086 skew



===========================================================================
report_clock_min_period
============================================================================
clk period_min = 2.94 fmax = 339.88
