Clock: clk
Sources: clk 
Generated: no
Virtual: yes
Propagated: no
Period: 8.000000

===========================================================================
report_clock_properties
============================================================================
Clock                   Period          Waveform
----------------------------------------------------
clk                   8.000000    0.000000  4.000000

===========================================================================
report_clock_latency
============================================================================
Clock clk
rise -> rise
    min     max
0.000000 0.000000 source latency
0.344839         network latency _360_/CLK
        0.351470 network latency _354_/CLK
---------------
0.344839 0.351470 latency
        0.006632 skew

fall -> fall
    min     max
0.000000 0.000000 source latency
0.328249         network latency _360_/CLK
        0.334328 network latency _354_/CLK
---------------
0.328249 0.334328 latency
        0.006080 skew



===========================================================================
report_clock_min_period
============================================================================
clk period_min = 2.18 fmax = 457.82
