Clock: clk
Sources: clk 
Generated: no
Virtual: yes
Propagated: no
Period: 8.000000

===========================================================================
report_clock_properties
============================================================================
Clock                   Period          Waveform
----------------------------------------------------
clk                   8.000000    0.000000  4.000000

===========================================================================
report_clock_latency
============================================================================
Clock clk
rise -> rise
    min     max
0.000000 0.000000 source latency
0.238760         network latency _360_/CLK
        0.244332 network latency _354_/CLK
---------------
0.238760 0.244332 latency
        0.005572 skew

fall -> fall
    min     max
0.000000 0.000000 source latency
0.223567         network latency _360_/CLK
        0.228489 network latency _354_/CLK
---------------
0.223567 0.228489 latency
        0.004921 skew



===========================================================================
report_clock_min_period
============================================================================
clk period_min = 1.46 fmax = 687.27
