
===========================================================================
report_checks -unconstrained
===========================================================================
======================= nom_ss_100C_1v60 Corner ===================================

Startpoint: rst (input port clocked by clk)
Endpoint: _54_ (recovery check against rising-edge clock clk)
Path Group: asynchronous
Path Type: max

Fanout         Cap        Slew       Delay        Time   Description
---------------------------------------------------------------------------------------------
                      0.150000    0.000000    0.000000   clock clk (rise edge)
                                  0.000000    0.000000   clock network delay (ideal)
                                  1.000000    1.000000 v input external delay
     8    0.034400    0.150357    0.105518    1.105518 v rst (in)
                                                         rst (net)
                      0.150357    0.000000    1.105518 v _30_/A (sky130_fd_sc_hd__inv_2)
     1    0.003263    0.054991    0.098256    1.203775 ^ _30_/Y (sky130_fd_sc_hd__inv_2)
                                                         _00_ (net)
                      0.054991    0.000000    1.203775 ^ _54_/RESET_B (sky130_fd_sc_hd__dfrtp_2)
                                              1.203775   data arrival time

                      0.150000    8.000000    8.000000   clock clk (rise edge)
                                  0.000000    8.000000   clock network delay (ideal)
                                 -0.250000    7.750000   clock uncertainty
                                  0.000000    7.750000   clock reconvergence pessimism
                                              7.750000 ^ _54_/CLK (sky130_fd_sc_hd__dfrtp_2)
                                  0.477660    8.227660   library recovery time
                                              8.227660   data required time
---------------------------------------------------------------------------------------------
                                              8.227660   data required time
                                             -1.203775   data arrival time
---------------------------------------------------------------------------------------------
                                              7.023886   slack (MET)


Startpoint: eth_data_in[5] (input port clocked by clk)
Endpoint: _57_ (rising edge-triggered flip-flop clocked by clk)
Path Group: clk
Path Type: max

Fanout         Cap        Slew       Delay        Time   Description
---------------------------------------------------------------------------------------------
                      0.150000    0.000000    0.000000   clock clk (rise edge)
                                  0.000000    0.000000   clock network delay (ideal)
                                  1.000000    1.000000 v input external delay
     1    0.001296    0.012932    0.004386    1.004387 v eth_data_in[5] (in)
                                                         eth_data_in[5] (net)
                      0.012932    0.000000    1.004387 v _31_/A (sky130_fd_sc_hd__or4_2)
     2    0.006260    0.251420    1.593349    2.597735 v _31_/X (sky130_fd_sc_hd__or4_2)
                                                         _18_ (net)
                      0.251420    0.000000    2.597735 v _33_/A3 (sky130_fd_sc_hd__o31a_2)
     5    0.015002    0.149558    0.699503    3.297239 v _33_/X (sky130_fd_sc_hd__o31a_2)
                                                         _20_ (net)
                      0.149558    0.000000    3.297239 v _42_/B1 (sky130_fd_sc_hd__a211o_2)
     1    0.001838    0.076065    0.586791    3.884029 v _42_/X (sky130_fd_sc_hd__a211o_2)
                                                         _10_ (net)
                      0.076065    0.000000    3.884029 v _57_/D (sky130_fd_sc_hd__dfrtp_2)
                                              3.884029   data arrival time

                      0.150000    8.000000    8.000000   clock clk (rise edge)
                                  0.000000    8.000000   clock network delay (ideal)
                                 -0.250000    7.750000   clock uncertainty
                                  0.000000    7.750000   clock reconvergence pessimism
                                              7.750000 ^ _57_/CLK (sky130_fd_sc_hd__dfrtp_2)
                                 -0.257819    7.492180   library setup time
                                              7.492180   data required time
---------------------------------------------------------------------------------------------
                                              7.492180   data required time
                                             -3.884029   data arrival time
---------------------------------------------------------------------------------------------
                                              3.608151   slack (MET)




===========================================================================
report_checks --slack_max -0.01
============================================================================
======================= nom_ss_100C_1v60 Corner ===================================

No paths found.


===========================================================================
 report_check_types -max_slew -max_cap -max_fanout -violators
============================================================================
======================= nom_ss_100C_1v60 Corner ===================================



===========================================================================
report_parasitic_annotation -report_unannotated
============================================================================
Found 50 unannotated drivers.
 clk
 eth_data_in[0]
 eth_data_in[1]
 eth_data_in[2]
 eth_data_in[3]
 eth_data_in[4]
 eth_data_in[5]
 eth_data_in[6]
 eth_data_in[7]
 eth_valid_in
 rst
 _27_/Y
 _28_/Y
 _29_/Y
 _30_/Y
 _31_/X
 _32_/Y
 _33_/X
 _34_/X
 _35_/Y
 _36_/X
 _37_/X
 _38_/Y
 _39_/X
 _40_/X
 _41_/Y
 _42_/X
 _43_/X
 _44_/X
 _45_/X
 _46_/X
 _47_/Y
 _48_/Y
 _49_/Y
 _50_/Y
 _51_/Y
 _52_/Y
 _53_/Y
 _54_/Q
 _55_/Q
 _56_/Q
 _57_/Q
 _58_/Q
 _59_/Q
 _60_/Q
 _61_/Q
 _62_/X
 _63_/X
 _64_/X
 _65_/X
Found 0 partially unannotated drivers.

===========================================================================
max slew violation count 0
max fanout violation count 0
max cap violation count 0
============================================================================

===========================================================================
check_setup -verbose -unconstrained_endpoints -multiple_clock -no_clock -no_input_delay -loops -generated_clocks
===========================================================================
