
===========================================================================
report_checks -path_delay min (Hold)
============================================================================
======================= nom_ss_100C_1v60 Corner ===================================

Startpoint: rst (input port clocked by clk)
Endpoint: _54_ (removal check against rising-edge clock clk)
Path Group: asynchronous
Path Type: min

Fanout         Cap        Slew       Delay        Time   Description
---------------------------------------------------------------------------------------------
                      0.150000    0.000000    0.000000   clock clk (rise edge)
                                  0.000000    0.000000   clock network delay (ideal)
                                  1.000000    1.000000 v input external delay
     8    0.034400    0.150357    0.105518    1.105518 v rst (in)
                                                         rst (net)
                      0.150357    0.000000    1.105518 v _30_/A (sky130_fd_sc_hd__inv_2)
     1    0.003263    0.054991    0.098256    1.203775 ^ _30_/Y (sky130_fd_sc_hd__inv_2)
                                                         _00_ (net)
                      0.054991    0.000000    1.203775 ^ _54_/RESET_B (sky130_fd_sc_hd__dfrtp_2)
                                              1.203775   data arrival time

                      0.150000    0.000000    0.000000   clock clk (rise edge)
                                  0.000000    0.000000   clock network delay (ideal)
                                  0.250000    0.250000   clock uncertainty
                                  0.000000    0.250000   clock reconvergence pessimism
                                              0.250000 ^ _54_/CLK (sky130_fd_sc_hd__dfrtp_2)
                                  0.676962    0.926962   library removal time
                                              0.926962   data required time
---------------------------------------------------------------------------------------------
                                              0.926962   data required time
                                             -1.203775   data arrival time
---------------------------------------------------------------------------------------------
                                              0.276813   slack (MET)


Startpoint: rst (input port clocked by clk)
Endpoint: _55_ (removal check against rising-edge clock clk)
Path Group: asynchronous
Path Type: min

Fanout         Cap        Slew       Delay        Time   Description
---------------------------------------------------------------------------------------------
                      0.150000    0.000000    0.000000   clock clk (rise edge)
                                  0.000000    0.000000   clock network delay (ideal)
                                  1.000000    1.000000 v input external delay
     8    0.034400    0.150357    0.105518    1.105518 v rst (in)
                                                         rst (net)
                      0.150357    0.000000    1.105518 v _47_/A (sky130_fd_sc_hd__inv_2)
     1    0.003263    0.054991    0.098256    1.203775 ^ _47_/Y (sky130_fd_sc_hd__inv_2)
                                                         _01_ (net)
                      0.054991    0.000000    1.203775 ^ _55_/RESET_B (sky130_fd_sc_hd__dfrtp_2)
                                              1.203775   data arrival time

                      0.150000    0.000000    0.000000   clock clk (rise edge)
                                  0.000000    0.000000   clock network delay (ideal)
                                  0.250000    0.250000   clock uncertainty
                                  0.000000    0.250000   clock reconvergence pessimism
                                              0.250000 ^ _55_/CLK (sky130_fd_sc_hd__dfrtp_2)
                                  0.676962    0.926962   library removal time
                                              0.926962   data required time
---------------------------------------------------------------------------------------------
                                              0.926962   data required time
                                             -1.203775   data arrival time
---------------------------------------------------------------------------------------------
                                              0.276813   slack (MET)


Startpoint: rst (input port clocked by clk)
Endpoint: _56_ (removal check against rising-edge clock clk)
Path Group: asynchronous
Path Type: min

Fanout         Cap        Slew       Delay        Time   Description
---------------------------------------------------------------------------------------------
                      0.150000    0.000000    0.000000   clock clk (rise edge)
                                  0.000000    0.000000   clock network delay (ideal)
                                  1.000000    1.000000 v input external delay
     8    0.034400    0.150357    0.105518    1.105518 v rst (in)
                                                         rst (net)
                      0.150357    0.000000    1.105518 v _48_/A (sky130_fd_sc_hd__inv_2)
     1    0.003263    0.054991    0.098256    1.203775 ^ _48_/Y (sky130_fd_sc_hd__inv_2)
                                                         _02_ (net)
                      0.054991    0.000000    1.203775 ^ _56_/RESET_B (sky130_fd_sc_hd__dfrtp_2)
                                              1.203775   data arrival time

                      0.150000    0.000000    0.000000   clock clk (rise edge)
                                  0.000000    0.000000   clock network delay (ideal)
                                  0.250000    0.250000   clock uncertainty
                                  0.000000    0.250000   clock reconvergence pessimism
                                              0.250000 ^ _56_/CLK (sky130_fd_sc_hd__dfrtp_2)
                                  0.676962    0.926962   library removal time
                                              0.926962   data required time
---------------------------------------------------------------------------------------------
                                              0.926962   data required time
                                             -1.203775   data arrival time
---------------------------------------------------------------------------------------------
                                              0.276813   slack (MET)


Startpoint: rst (input port clocked by clk)
Endpoint: _57_ (removal check against rising-edge clock clk)
Path Group: asynchronous
Path Type: min

Fanout         Cap        Slew       Delay        Time   Description
---------------------------------------------------------------------------------------------
                      0.150000    0.000000    0.000000   clock clk (rise edge)
                                  0.000000    0.000000   clock network delay (ideal)
                                  1.000000    1.000000 v input external delay
     8    0.034400    0.150357    0.105518    1.105518 v rst (in)
                                                         rst (net)
                      0.150357    0.000000    1.105518 v _49_/A (sky130_fd_sc_hd__inv_2)
     1    0.003263    0.054991    0.098256    1.203775 ^ _49_/Y (sky130_fd_sc_hd__inv_2)
                                                         _03_ (net)
                      0.054991    0.000000    1.203775 ^ _57_/RESET_B (sky130_fd_sc_hd__dfrtp_2)
                                              1.203775   data arrival time

                      0.150000    0.000000    0.000000   clock clk (rise edge)
                                  0.000000    0.000000   clock network delay (ideal)
                                  0.250000    0.250000   clock uncertainty
                                  0.000000    0.250000   clock reconvergence pessimism
                                              0.250000 ^ _57_/CLK (sky130_fd_sc_hd__dfrtp_2)
                                  0.676962    0.926962   library removal time
                                              0.926962   data required time
---------------------------------------------------------------------------------------------
                                              0.926962   data required time
                                             -1.203775   data arrival time
---------------------------------------------------------------------------------------------
                                              0.276813   slack (MET)


Startpoint: rst (input port clocked by clk)
Endpoint: _58_ (removal check against rising-edge clock clk)
Path Group: asynchronous
Path Type: min

Fanout         Cap        Slew       Delay        Time   Description
---------------------------------------------------------------------------------------------
                      0.150000    0.000000    0.000000   clock clk (rise edge)
                                  0.000000    0.000000   clock network delay (ideal)
                                  1.000000    1.000000 v input external delay
     8    0.034400    0.150357    0.105518    1.105518 v rst (in)
                                                         rst (net)
                      0.150357    0.000000    1.105518 v _50_/A (sky130_fd_sc_hd__inv_2)
     1    0.003263    0.054991    0.098256    1.203775 ^ _50_/Y (sky130_fd_sc_hd__inv_2)
                                                         _04_ (net)
                      0.054991    0.000000    1.203775 ^ _58_/RESET_B (sky130_fd_sc_hd__dfrtp_2)
                                              1.203775   data arrival time

                      0.150000    0.000000    0.000000   clock clk (rise edge)
                                  0.000000    0.000000   clock network delay (ideal)
                                  0.250000    0.250000   clock uncertainty
                                  0.000000    0.250000   clock reconvergence pessimism
                                              0.250000 ^ _58_/CLK (sky130_fd_sc_hd__dfrtp_2)
                                  0.676962    0.926962   library removal time
                                              0.926962   data required time
---------------------------------------------------------------------------------------------
                                              0.926962   data required time
                                             -1.203775   data arrival time
---------------------------------------------------------------------------------------------
                                              0.276813   slack (MET)


Startpoint: rst (input port clocked by clk)
Endpoint: _59_ (removal check against rising-edge clock clk)
Path Group: asynchronous
Path Type: min

Fanout         Cap        Slew       Delay        Time   Description
---------------------------------------------------------------------------------------------
                      0.150000    0.000000    0.000000   clock clk (rise edge)
                                  0.000000    0.000000   clock network delay (ideal)
                                  1.000000    1.000000 v input external delay
     8    0.034400    0.150357    0.105518    1.105518 v rst (in)
                                                         rst (net)
                      0.150357    0.000000    1.105518 v _51_/A (sky130_fd_sc_hd__inv_2)
     1    0.003263    0.054991    0.098256    1.203775 ^ _51_/Y (sky130_fd_sc_hd__inv_2)
                                                         _05_ (net)
                      0.054991    0.000000    1.203775 ^ _59_/RESET_B (sky130_fd_sc_hd__dfrtp_2)
                                              1.203775   data arrival time

                      0.150000    0.000000    0.000000   clock clk (rise edge)
                                  0.000000    0.000000   clock network delay (ideal)
                                  0.250000    0.250000   clock uncertainty
                                  0.000000    0.250000   clock reconvergence pessimism
                                              0.250000 ^ _59_/CLK (sky130_fd_sc_hd__dfrtp_2)
                                  0.676962    0.926962   library removal time
                                              0.926962   data required time
---------------------------------------------------------------------------------------------
                                              0.926962   data required time
                                             -1.203775   data arrival time
---------------------------------------------------------------------------------------------
                                              0.276813   slack (MET)


Startpoint: rst (input port clocked by clk)
Endpoint: _60_ (removal check against rising-edge clock clk)
Path Group: asynchronous
Path Type: min

Fanout         Cap        Slew       Delay        Time   Description
---------------------------------------------------------------------------------------------
                      0.150000    0.000000    0.000000   clock clk (rise edge)
                                  0.000000    0.000000   clock network delay (ideal)
                                  1.000000    1.000000 v input external delay
     8    0.034400    0.150357    0.105518    1.105518 v rst (in)
                                                         rst (net)
                      0.150357    0.000000    1.105518 v _52_/A (sky130_fd_sc_hd__inv_2)
     1    0.003263    0.054991    0.098256    1.203775 ^ _52_/Y (sky130_fd_sc_hd__inv_2)
                                                         _06_ (net)
                      0.054991    0.000000    1.203775 ^ _60_/RESET_B (sky130_fd_sc_hd__dfrtp_2)
                                              1.203775   data arrival time

                      0.150000    0.000000    0.000000   clock clk (rise edge)
                                  0.000000    0.000000   clock network delay (ideal)
                                  0.250000    0.250000   clock uncertainty
                                  0.000000    0.250000   clock reconvergence pessimism
                                              0.250000 ^ _60_/CLK (sky130_fd_sc_hd__dfrtp_2)
                                  0.676962    0.926962   library removal time
                                              0.926962   data required time
---------------------------------------------------------------------------------------------
                                              0.926962   data required time
                                             -1.203775   data arrival time
---------------------------------------------------------------------------------------------
                                              0.276813   slack (MET)


Startpoint: rst (input port clocked by clk)
Endpoint: _61_ (removal check against rising-edge clock clk)
Path Group: asynchronous
Path Type: min

Fanout         Cap        Slew       Delay        Time   Description
---------------------------------------------------------------------------------------------
                      0.150000    0.000000    0.000000   clock clk (rise edge)
                                  0.000000    0.000000   clock network delay (ideal)
                                  1.000000    1.000000 v input external delay
     8    0.034400    0.150357    0.105518    1.105518 v rst (in)
                                                         rst (net)
                      0.150357    0.000000    1.105518 v _53_/A (sky130_fd_sc_hd__inv_2)
     1    0.003263    0.054991    0.098256    1.203775 ^ _53_/Y (sky130_fd_sc_hd__inv_2)
                                                         _07_ (net)
                      0.054991    0.000000    1.203775 ^ _61_/RESET_B (sky130_fd_sc_hd__dfrtp_2)
                                              1.203775   data arrival time

                      0.150000    0.000000    0.000000   clock clk (rise edge)
                                  0.000000    0.000000   clock network delay (ideal)
                                  0.250000    0.250000   clock uncertainty
                                  0.000000    0.250000   clock reconvergence pessimism
                                              0.250000 ^ _61_/CLK (sky130_fd_sc_hd__dfrtp_2)
                                  0.676962    0.926962   library removal time
                                              0.926962   data required time
---------------------------------------------------------------------------------------------
                                              0.926962   data required time
                                             -1.203775   data arrival time
---------------------------------------------------------------------------------------------
                                              0.276813   slack (MET)


Startpoint: eth_valid_in (input port clocked by clk)
Endpoint: _55_ (rising edge-triggered flip-flop clocked by clk)
Path Group: clk
Path Type: min

Fanout         Cap        Slew       Delay        Time   Description
---------------------------------------------------------------------------------------------
                      0.150000    0.000000    0.000000   clock clk (rise edge)
                                  0.000000    0.000000   clock network delay (ideal)
                                  1.000000    1.000000 v input external delay
     5    0.011299    0.053693    0.035206    1.035205 v eth_valid_in (in)
                                                         eth_valid_in (net)
                      0.053693    0.000000    1.035205 v _55_/D (sky130_fd_sc_hd__dfrtp_2)
                                              1.035205   data arrival time

                      0.150000    0.000000    0.000000   clock clk (rise edge)
                                  0.000000    0.000000   clock network delay (ideal)
                                  0.250000    0.250000   clock uncertainty
                                  0.000000    0.250000   clock reconvergence pessimism
                                              0.250000 ^ _55_/CLK (sky130_fd_sc_hd__dfrtp_2)
                                 -0.064286    0.185714   library hold time
                                              0.185714   data required time
---------------------------------------------------------------------------------------------
                                              0.185714   data required time
                                             -1.035205   data arrival time
---------------------------------------------------------------------------------------------
                                              0.849492   slack (MET)


Startpoint: _54_ (rising edge-triggered flip-flop clocked by clk)
Endpoint: _61_ (rising edge-triggered flip-flop clocked by clk)
Path Group: clk
Path Type: min

Fanout         Cap        Slew       Delay        Time   Description
---------------------------------------------------------------------------------------------
                      0.150000    0.000000    0.000000   clock clk (rise edge)
                                  0.000000    0.000000   clock network delay (ideal)
                      0.150000    0.000000    0.000000 ^ _54_/CLK (sky130_fd_sc_hd__dfrtp_2)
     4    0.013830    0.147939    0.794209    0.794209 ^ _54_/Q (sky130_fd_sc_hd__dfrtp_2)
                                                         u_pcs.rd_pos (net)
                      0.147939    0.000000    0.794209 ^ _34_/B (sky130_fd_sc_hd__and2_2)
     3    0.009036    0.114664    0.335139    1.129347 ^ _34_/X (sky130_fd_sc_hd__and2_2)
                                                         _21_ (net)
                      0.114664    0.000000    1.129347 ^ _35_/C1 (sky130_fd_sc_hd__a211oi_2)
     1    0.001838    0.039752    0.072066    1.201413 v _35_/Y (sky130_fd_sc_hd__a211oi_2)
                                                         _14_ (net)
                      0.039752    0.000000    1.201413 v _61_/D (sky130_fd_sc_hd__dfrtp_2)
                                              1.201413   data arrival time

                      0.150000    0.000000    0.000000   clock clk (rise edge)
                                  0.000000    0.000000   clock network delay (ideal)
                                  0.250000    0.250000   clock uncertainty
                                  0.000000    0.250000   clock reconvergence pessimism
                                              0.250000 ^ _61_/CLK (sky130_fd_sc_hd__dfrtp_2)
                                 -0.059178    0.190822   library hold time
                                              0.190822   data required time
---------------------------------------------------------------------------------------------
                                              0.190822   data required time
                                             -1.201413   data arrival time
---------------------------------------------------------------------------------------------
                                              1.010592   slack (MET)


Startpoint: _54_ (rising edge-triggered flip-flop clocked by clk)
Endpoint: _57_ (rising edge-triggered flip-flop clocked by clk)
Path Group: clk
Path Type: min

Fanout         Cap        Slew       Delay        Time   Description
---------------------------------------------------------------------------------------------
                      0.150000    0.000000    0.000000   clock clk (rise edge)
                                  0.000000    0.000000   clock network delay (ideal)
                      0.150000    0.000000    0.000000 ^ _54_/CLK (sky130_fd_sc_hd__dfrtp_2)
     4    0.013830    0.147939    0.794209    0.794209 ^ _54_/Q (sky130_fd_sc_hd__dfrtp_2)
                                                         u_pcs.rd_pos (net)
                      0.147939    0.000000    0.794209 ^ _40_/A (sky130_fd_sc_hd__xor2_2)
     1    0.004181    0.061823    0.157725    0.951933 v _40_/X (sky130_fd_sc_hd__xor2_2)
                                                         _23_ (net)
                      0.061823    0.000000    0.951933 v _41_/B (sky130_fd_sc_hd__nor2_2)
     1    0.002514    0.097364    0.112171    1.064104 ^ _41_/Y (sky130_fd_sc_hd__nor2_2)
                                                         _24_ (net)
                      0.097364    0.000000    1.064104 ^ _42_/C1 (sky130_fd_sc_hd__a211o_2)
     1    0.001853    0.040483    0.163276    1.227380 ^ _42_/X (sky130_fd_sc_hd__a211o_2)
                                                         _10_ (net)
                      0.040483    0.000000    1.227380 ^ _57_/D (sky130_fd_sc_hd__dfrtp_2)
                                              1.227380   data arrival time

                      0.150000    0.000000    0.000000   clock clk (rise edge)
                                  0.000000    0.000000   clock network delay (ideal)
                                  0.250000    0.250000   clock uncertainty
                                  0.000000    0.250000   clock reconvergence pessimism
                                              0.250000 ^ _57_/CLK (sky130_fd_sc_hd__dfrtp_2)
                                 -0.057065    0.192935   library hold time
                                              0.192935   data required time
---------------------------------------------------------------------------------------------
                                              0.192935   data required time
                                             -1.227380   data arrival time
---------------------------------------------------------------------------------------------
                                              1.034445   slack (MET)


Startpoint: _54_ (rising edge-triggered flip-flop clocked by clk)
Endpoint: _54_ (rising edge-triggered flip-flop clocked by clk)
Path Group: clk
Path Type: min

Fanout         Cap        Slew       Delay        Time   Description
---------------------------------------------------------------------------------------------
                      0.150000    0.000000    0.000000   clock clk (rise edge)
                                  0.000000    0.000000   clock network delay (ideal)
                      0.150000    0.000000    0.000000 ^ _54_/CLK (sky130_fd_sc_hd__dfrtp_2)
     4    0.013830    0.147939    0.794209    0.794209 ^ _54_/Q (sky130_fd_sc_hd__dfrtp_2)
                                                         u_pcs.rd_pos (net)
                      0.147939    0.000000    0.794209 ^ _45_/B (sky130_fd_sc_hd__and2_2)
     1    0.001417    0.057686    0.275386    1.069594 ^ _45_/X (sky130_fd_sc_hd__and2_2)
                                                         _26_ (net)
                      0.057686    0.000000    1.069594 ^ _46_/B (sky130_fd_sc_hd__or2_2)
     1    0.001853    0.043224    0.158405    1.227999 ^ _46_/X (sky130_fd_sc_hd__or2_2)
                                                         _08_ (net)
                      0.043224    0.000000    1.227999 ^ _54_/D (sky130_fd_sc_hd__dfrtp_2)
                                              1.227999   data arrival time

                      0.150000    0.000000    0.000000   clock clk (rise edge)
                                  0.000000    0.000000   clock network delay (ideal)
                                  0.250000    0.250000   clock uncertainty
                                  0.000000    0.250000   clock reconvergence pessimism
                                              0.250000 ^ _54_/CLK (sky130_fd_sc_hd__dfrtp_2)
                                 -0.057688    0.192312   library hold time
                                              0.192312   data required time
---------------------------------------------------------------------------------------------
                                              0.192312   data required time
                                             -1.227999   data arrival time
---------------------------------------------------------------------------------------------
                                              1.035686   slack (MET)


Startpoint: _58_ (rising edge-triggered flip-flop clocked by clk)
Endpoint: _58_ (rising edge-triggered flip-flop clocked by clk)
Path Group: clk
Path Type: min

Fanout         Cap        Slew       Delay        Time   Description
---------------------------------------------------------------------------------------------
                      0.150000    0.000000    0.000000   clock clk (rise edge)
                                  0.000000    0.000000   clock network delay (ideal)
                      0.150000    0.000000    0.000000 ^ _58_/CLK (sky130_fd_sc_hd__dfrtp_2)
     2    0.035954    0.298764    0.919760    0.919760 ^ _58_/Q (sky130_fd_sc_hd__dfrtp_2)
                                                         phy_data_out[3] (net)
                      0.298764    0.000000    0.919760 ^ _39_/A2 (sky130_fd_sc_hd__a211o_2)
     1    0.001853    0.040483    0.320560    1.240320 ^ _39_/X (sky130_fd_sc_hd__a211o_2)
                                                         _11_ (net)
                      0.040483    0.000000    1.240320 ^ _58_/D (sky130_fd_sc_hd__dfrtp_2)
                                              1.240320   data arrival time

                      0.150000    0.000000    0.000000   clock clk (rise edge)
                                  0.000000    0.000000   clock network delay (ideal)
                                  0.250000    0.250000   clock uncertainty
                                  0.000000    0.250000   clock reconvergence pessimism
                                              0.250000 ^ _58_/CLK (sky130_fd_sc_hd__dfrtp_2)
                                 -0.057065    0.192935   library hold time
                                              0.192935   data required time
---------------------------------------------------------------------------------------------
                                              0.192935   data required time
                                             -1.240320   data arrival time
---------------------------------------------------------------------------------------------
                                              1.047385   slack (MET)


Startpoint: _60_ (rising edge-triggered flip-flop clocked by clk)
Endpoint: _60_ (rising edge-triggered flip-flop clocked by clk)
Path Group: clk
Path Type: min

Fanout         Cap        Slew       Delay        Time   Description
---------------------------------------------------------------------------------------------
                      0.150000    0.000000    0.000000   clock clk (rise edge)
                                  0.000000    0.000000   clock network delay (ideal)
                      0.150000    0.000000    0.000000 ^ _60_/CLK (sky130_fd_sc_hd__dfrtp_2)
     4    0.039460    0.322772    0.938550    0.938550 ^ _60_/Q (sky130_fd_sc_hd__dfrtp_2)
                                                         phy_data_out[9] (net)
                      0.322772    0.000000    0.938550 ^ _36_/A2 (sky130_fd_sc_hd__a211o_2)
     1    0.001853    0.040483    0.328940    1.267491 ^ _36_/X (sky130_fd_sc_hd__a211o_2)
                                                         _13_ (net)
                      0.040483    0.000000    1.267491 ^ _60_/D (sky130_fd_sc_hd__dfrtp_2)
                                              1.267491   data arrival time

                      0.150000    0.000000    0.000000   clock clk (rise edge)
                                  0.000000    0.000000   clock network delay (ideal)
                                  0.250000    0.250000   clock uncertainty
                                  0.000000    0.250000   clock reconvergence pessimism
                                              0.250000 ^ _60_/CLK (sky130_fd_sc_hd__dfrtp_2)
                                 -0.057065    0.192935   library hold time
                                              0.192935   data required time
---------------------------------------------------------------------------------------------
                                              0.192935   data required time
                                             -1.267491   data arrival time
---------------------------------------------------------------------------------------------
                                              1.074556   slack (MET)


Startpoint: _59_ (rising edge-triggered flip-flop clocked by clk)
Endpoint: _59_ (rising edge-triggered flip-flop clocked by clk)
Path Group: clk
Path Type: min

Fanout         Cap        Slew       Delay        Time   Description
---------------------------------------------------------------------------------------------
                      0.150000    0.000000    0.000000   clock clk (rise edge)
                                  0.000000    0.000000   clock network delay (ideal)
                      0.150000    0.000000    0.000000 ^ _59_/CLK (sky130_fd_sc_hd__dfrtp_2)
     3    0.039367    0.231689    1.016719    1.016719 v _59_/Q (sky130_fd_sc_hd__dfrtp_2)
                                                         phy_data_out[6] (net)
                      0.231689    0.000000    1.016719 v _29_/A (sky130_fd_sc_hd__inv_2)
     1    0.004594    0.080145    0.138696    1.155415 ^ _29_/Y (sky130_fd_sc_hd__inv_2)
                                                         _17_ (net)
                      0.080145    0.000000    1.155415 ^ _38_/A2 (sky130_fd_sc_hd__a211oi_2)
     1    0.001838    0.040437    0.120304    1.275719 v _38_/Y (sky130_fd_sc_hd__a211oi_2)
                                                         _12_ (net)
                      0.040437    0.000000    1.275719 v _59_/D (sky130_fd_sc_hd__dfrtp_2)
                                              1.275719   data arrival time

                      0.150000    0.000000    0.000000   clock clk (rise edge)
                                  0.000000    0.000000   clock network delay (ideal)
                                  0.250000    0.250000   clock uncertainty
                                  0.000000    0.250000   clock reconvergence pessimism
                                              0.250000 ^ _59_/CLK (sky130_fd_sc_hd__dfrtp_2)
                                 -0.059429    0.190571   library hold time
                                              0.190571   data required time
---------------------------------------------------------------------------------------------
                                              0.190571   data required time
                                             -1.275719   data arrival time
---------------------------------------------------------------------------------------------
                                              1.085149   slack (MET)


Startpoint: _56_ (rising edge-triggered flip-flop clocked by clk)
Endpoint: _56_ (rising edge-triggered flip-flop clocked by clk)
Path Group: clk
Path Type: min

Fanout         Cap        Slew       Delay        Time   Description
---------------------------------------------------------------------------------------------
                      0.150000    0.000000    0.000000   clock clk (rise edge)
                                  0.000000    0.000000   clock network delay (ideal)
                      0.150000    0.000000    0.000000 ^ _56_/CLK (sky130_fd_sc_hd__dfrtp_2)
     2    0.035950    0.298737    0.919739    0.919739 ^ _56_/Q (sky130_fd_sc_hd__dfrtp_2)
                                                         phy_data_out[0] (net)
                      0.298737    0.000000    0.919739 ^ _44_/A2 (sky130_fd_sc_hd__a22o_2)
     1    0.001853    0.055229    0.358640    1.278379 ^ _44_/X (sky130_fd_sc_hd__a22o_2)
                                                         _09_ (net)
                      0.055229    0.000000    1.278379 ^ _56_/D (sky130_fd_sc_hd__dfrtp_2)
                                              1.278379   data arrival time

                      0.150000    0.000000    0.000000   clock clk (rise edge)
                                  0.000000    0.000000   clock network delay (ideal)
                                  0.250000    0.250000   clock uncertainty
                                  0.000000    0.250000   clock reconvergence pessimism
                                              0.250000 ^ _56_/CLK (sky130_fd_sc_hd__dfrtp_2)
                                 -0.060415    0.189585   library hold time
                                              0.189585   data required time
---------------------------------------------------------------------------------------------
                                              0.189585   data required time
                                             -1.278379   data arrival time
---------------------------------------------------------------------------------------------
                                              1.088794   slack (MET)


Startpoint: _55_ (rising edge-triggered flip-flop clocked by clk)
Endpoint: phy_valid_out (output port clocked by clk)
Path Group: clk
Path Type: min

Fanout         Cap        Slew       Delay        Time   Description
---------------------------------------------------------------------------------------------
                      0.150000    0.000000    0.000000   clock clk (rise edge)
                                  0.000000    0.000000   clock network delay (ideal)
                      0.150000    0.000000    0.000000 ^ _55_/CLK (sky130_fd_sc_hd__dfrtp_2)
     1    0.033442    0.281562    0.906297    0.906297 ^ _55_/Q (sky130_fd_sc_hd__dfrtp_2)
                                                         phy_valid_out (net)
                      0.281562    0.000000    0.906297 ^ phy_valid_out (out)
                                              0.906297   data arrival time

                      0.150000    0.000000    0.000000   clock clk (rise edge)
                                  0.000000    0.000000   clock network delay (ideal)
                                  0.250000    0.250000   clock uncertainty
                                  0.000000    0.250000   clock reconvergence pessimism
                                 -1.000000   -0.750000   output external delay
                                             -0.750000   data required time
---------------------------------------------------------------------------------------------
                                             -0.750000   data required time
                                             -0.906297   data arrival time
---------------------------------------------------------------------------------------------
                                              1.656297   slack (MET)


Startpoint: _56_ (rising edge-triggered flip-flop clocked by clk)
Endpoint: phy_data_out[0] (output port clocked by clk)
Path Group: clk
Path Type: min

Fanout         Cap        Slew       Delay        Time   Description
---------------------------------------------------------------------------------------------
                      0.150000    0.000000    0.000000   clock clk (rise edge)
                                  0.000000    0.000000   clock network delay (ideal)
                      0.150000    0.000000    0.000000 ^ _56_/CLK (sky130_fd_sc_hd__dfrtp_2)
     2    0.035950    0.298737    0.919739    0.919739 ^ _56_/Q (sky130_fd_sc_hd__dfrtp_2)
                                                         phy_data_out[0] (net)
                      0.298737    0.000000    0.919739 ^ phy_data_out[0] (out)
                                              0.919739   data arrival time

                      0.150000    0.000000    0.000000   clock clk (rise edge)
                                  0.000000    0.000000   clock network delay (ideal)
                                  0.250000    0.250000   clock uncertainty
                                  0.000000    0.250000   clock reconvergence pessimism
                                 -1.000000   -0.750000   output external delay
                                             -0.750000   data required time
---------------------------------------------------------------------------------------------
                                             -0.750000   data required time
                                             -0.919739   data arrival time
---------------------------------------------------------------------------------------------
                                              1.669739   slack (MET)


Startpoint: _57_ (rising edge-triggered flip-flop clocked by clk)
Endpoint: phy_data_out[1] (output port clocked by clk)
Path Group: clk
Path Type: min

Fanout         Cap        Slew       Delay        Time   Description
---------------------------------------------------------------------------------------------
                      0.150000    0.000000    0.000000   clock clk (rise edge)
                                  0.000000    0.000000   clock network delay (ideal)
                      0.150000    0.000000    0.000000 ^ _57_/CLK (sky130_fd_sc_hd__dfrtp_2)
     2    0.035954    0.298764    0.919760    0.919760 ^ _57_/Q (sky130_fd_sc_hd__dfrtp_2)
                                                         phy_data_out[1] (net)
                      0.298764    0.000000    0.919760 ^ phy_data_out[1] (out)
                                              0.919760   data arrival time

                      0.150000    0.000000    0.000000   clock clk (rise edge)
                                  0.000000    0.000000   clock network delay (ideal)
                                  0.250000    0.250000   clock uncertainty
                                  0.000000    0.250000   clock reconvergence pessimism
                                 -1.000000   -0.750000   output external delay
                                             -0.750000   data required time
---------------------------------------------------------------------------------------------
                                             -0.750000   data required time
                                             -0.919760   data arrival time
---------------------------------------------------------------------------------------------
                                              1.669760   slack (MET)


Startpoint: _58_ (rising edge-triggered flip-flop clocked by clk)
Endpoint: phy_data_out[3] (output port clocked by clk)
Path Group: clk
Path Type: min

Fanout         Cap        Slew       Delay        Time   Description
---------------------------------------------------------------------------------------------
                      0.150000    0.000000    0.000000   clock clk (rise edge)
                                  0.000000    0.000000   clock network delay (ideal)
                      0.150000    0.000000    0.000000 ^ _58_/CLK (sky130_fd_sc_hd__dfrtp_2)
     2    0.035954    0.298764    0.919760    0.919760 ^ _58_/Q (sky130_fd_sc_hd__dfrtp_2)
                                                         phy_data_out[3] (net)
                      0.298764    0.000000    0.919760 ^ phy_data_out[3] (out)
                                              0.919760   data arrival time

                      0.150000    0.000000    0.000000   clock clk (rise edge)
                                  0.000000    0.000000   clock network delay (ideal)
                                  0.250000    0.250000   clock uncertainty
                                  0.000000    0.250000   clock reconvergence pessimism
                                 -1.000000   -0.750000   output external delay
                                             -0.750000   data required time
---------------------------------------------------------------------------------------------
                                             -0.750000   data required time
                                             -0.919760   data arrival time
---------------------------------------------------------------------------------------------
                                              1.669760   slack (MET)


Startpoint: _60_ (rising edge-triggered flip-flop clocked by clk)
Endpoint: phy_data_out[9] (output port clocked by clk)
Path Group: clk
Path Type: min

Fanout         Cap        Slew       Delay        Time   Description
---------------------------------------------------------------------------------------------
                      0.150000    0.000000    0.000000   clock clk (rise edge)
                                  0.000000    0.000000   clock network delay (ideal)
                      0.150000    0.000000    0.000000 ^ _60_/CLK (sky130_fd_sc_hd__dfrtp_2)
     4    0.039460    0.322772    0.938550    0.938550 ^ _60_/Q (sky130_fd_sc_hd__dfrtp_2)
                                                         phy_data_out[9] (net)
                      0.322772    0.000000    0.938550 ^ phy_data_out[9] (out)
                                              0.938550   data arrival time

                      0.150000    0.000000    0.000000   clock clk (rise edge)
                                  0.000000    0.000000   clock network delay (ideal)
                                  0.250000    0.250000   clock uncertainty
                                  0.000000    0.250000   clock reconvergence pessimism
                                 -1.000000   -0.750000   output external delay
                                             -0.750000   data required time
---------------------------------------------------------------------------------------------
                                             -0.750000   data required time
                                             -0.938550   data arrival time
---------------------------------------------------------------------------------------------
                                              1.688550   slack (MET)


Startpoint: _59_ (rising edge-triggered flip-flop clocked by clk)
Endpoint: phy_data_out[6] (output port clocked by clk)
Path Group: clk
Path Type: min

Fanout         Cap        Slew       Delay        Time   Description
---------------------------------------------------------------------------------------------
                      0.150000    0.000000    0.000000   clock clk (rise edge)
                                  0.000000    0.000000   clock network delay (ideal)
                      0.150000    0.000000    0.000000 ^ _59_/CLK (sky130_fd_sc_hd__dfrtp_2)
     3    0.039804    0.325128    0.940394    0.940394 ^ _59_/Q (sky130_fd_sc_hd__dfrtp_2)
                                                         phy_data_out[6] (net)
                      0.325128    0.000000    0.940394 ^ phy_data_out[6] (out)
                                              0.940394   data arrival time

                      0.150000    0.000000    0.000000   clock clk (rise edge)
                                  0.000000    0.000000   clock network delay (ideal)
                                  0.250000    0.250000   clock uncertainty
                                  0.000000    0.250000   clock reconvergence pessimism
                                 -1.000000   -0.750000   output external delay
                                             -0.750000   data required time
---------------------------------------------------------------------------------------------
                                             -0.750000   data required time
                                             -0.940394   data arrival time
---------------------------------------------------------------------------------------------
                                              1.690394   slack (MET)


Startpoint: _61_ (rising edge-triggered flip-flop clocked by clk)
Endpoint: phy_data_out[8] (output port clocked by clk)
Path Group: clk
Path Type: min

Fanout         Cap        Slew       Delay        Time   Description
---------------------------------------------------------------------------------------------
                      0.150000    0.000000    0.000000   clock clk (rise edge)
                                  0.000000    0.000000   clock network delay (ideal)
                      0.150000    0.000000    0.000000 ^ _61_/CLK (sky130_fd_sc_hd__dfrtp_2)
     3    0.039804    0.325128    0.940394    0.940394 ^ _61_/Q (sky130_fd_sc_hd__dfrtp_2)
                                                         phy_data_out[8] (net)
                      0.325128    0.000000    0.940394 ^ phy_data_out[8] (out)
                                              0.940394   data arrival time

                      0.150000    0.000000    0.000000   clock clk (rise edge)
                                  0.000000    0.000000   clock network delay (ideal)
                                  0.250000    0.250000   clock uncertainty
                                  0.000000    0.250000   clock reconvergence pessimism
                                 -1.000000   -0.750000   output external delay
                                             -0.750000   data required time
---------------------------------------------------------------------------------------------
                                             -0.750000   data required time
                                             -0.940394   data arrival time
---------------------------------------------------------------------------------------------
                                              1.690394   slack (MET)


Startpoint: _60_ (rising edge-triggered flip-flop clocked by clk)
Endpoint: phy_data_out[5] (output port clocked by clk)
Path Group: clk
Path Type: min

Fanout         Cap        Slew       Delay        Time   Description
---------------------------------------------------------------------------------------------
                      0.150000    0.000000    0.000000   clock clk (rise edge)
                                  0.000000    0.000000   clock network delay (ideal)
                      0.150000    0.000000    0.000000 ^ _60_/CLK (sky130_fd_sc_hd__dfrtp_2)
     4    0.039460    0.322772    0.938550    0.938550 ^ _60_/Q (sky130_fd_sc_hd__dfrtp_2)
                                                         phy_data_out[9] (net)
                      0.322772    0.000000    0.938550 ^ _64_/A (sky130_fd_sc_hd__buf_2)
     1    0.033442    0.270758    0.450028    1.388578 ^ _64_/X (sky130_fd_sc_hd__buf_2)
                                                         phy_data_out[5] (net)
                      0.270758    0.000000    1.388578 ^ phy_data_out[5] (out)
                                              1.388578   data arrival time

                      0.150000    0.000000    0.000000   clock clk (rise edge)
                                  0.000000    0.000000   clock network delay (ideal)
                                  0.250000    0.250000   clock uncertainty
                                  0.000000    0.250000   clock reconvergence pessimism
                                 -1.000000   -0.750000   output external delay
                                             -0.750000   data required time
---------------------------------------------------------------------------------------------
                                             -0.750000   data required time
                                             -1.388578   data arrival time
---------------------------------------------------------------------------------------------
                                              2.138578   slack (MET)


Startpoint: _60_ (rising edge-triggered flip-flop clocked by clk)
Endpoint: phy_data_out[7] (output port clocked by clk)
Path Group: clk
Path Type: min

Fanout         Cap        Slew       Delay        Time   Description
---------------------------------------------------------------------------------------------
                      0.150000    0.000000    0.000000   clock clk (rise edge)
                                  0.000000    0.000000   clock network delay (ideal)
                      0.150000    0.000000    0.000000 ^ _60_/CLK (sky130_fd_sc_hd__dfrtp_2)
     4    0.039460    0.322772    0.938550    0.938550 ^ _60_/Q (sky130_fd_sc_hd__dfrtp_2)
                                                         phy_data_out[9] (net)
                      0.322772    0.000000    0.938550 ^ _65_/A (sky130_fd_sc_hd__buf_2)
     1    0.033442    0.270758    0.450028    1.388578 ^ _65_/X (sky130_fd_sc_hd__buf_2)
                                                         phy_data_out[7] (net)
                      0.270758    0.000000    1.388578 ^ phy_data_out[7] (out)
                                              1.388578   data arrival time

                      0.150000    0.000000    0.000000   clock clk (rise edge)
                                  0.000000    0.000000   clock network delay (ideal)
                                  0.250000    0.250000   clock uncertainty
                                  0.000000    0.250000   clock reconvergence pessimism
                                 -1.000000   -0.750000   output external delay
                                             -0.750000   data required time
---------------------------------------------------------------------------------------------
                                             -0.750000   data required time
                                             -1.388578   data arrival time
---------------------------------------------------------------------------------------------
                                              2.138578   slack (MET)


Startpoint: _59_ (rising edge-triggered flip-flop clocked by clk)
Endpoint: phy_data_out[2] (output port clocked by clk)
Path Group: clk
Path Type: min

Fanout         Cap        Slew       Delay        Time   Description
---------------------------------------------------------------------------------------------
                      0.150000    0.000000    0.000000   clock clk (rise edge)
                                  0.000000    0.000000   clock network delay (ideal)
                      0.150000    0.000000    0.000000 ^ _59_/CLK (sky130_fd_sc_hd__dfrtp_2)
     3    0.039804    0.325128    0.940394    0.940394 ^ _59_/Q (sky130_fd_sc_hd__dfrtp_2)
                                                         phy_data_out[6] (net)
                      0.325128    0.000000    0.940394 ^ _62_/A (sky130_fd_sc_hd__buf_2)
     1    0.033442    0.270772    0.450942    1.391336 ^ _62_/X (sky130_fd_sc_hd__buf_2)
                                                         phy_data_out[2] (net)
                      0.270772    0.000000    1.391336 ^ phy_data_out[2] (out)
                                              1.391336   data arrival time

                      0.150000    0.000000    0.000000   clock clk (rise edge)
                                  0.000000    0.000000   clock network delay (ideal)
                                  0.250000    0.250000   clock uncertainty
                                  0.000000    0.250000   clock reconvergence pessimism
                                 -1.000000   -0.750000   output external delay
                                             -0.750000   data required time
---------------------------------------------------------------------------------------------
                                             -0.750000   data required time
                                             -1.391336   data arrival time
---------------------------------------------------------------------------------------------
                                              2.141336   slack (MET)


Startpoint: _61_ (rising edge-triggered flip-flop clocked by clk)
Endpoint: phy_data_out[4] (output port clocked by clk)
Path Group: clk
Path Type: min

Fanout         Cap        Slew       Delay        Time   Description
---------------------------------------------------------------------------------------------
                      0.150000    0.000000    0.000000   clock clk (rise edge)
                                  0.000000    0.000000   clock network delay (ideal)
                      0.150000    0.000000    0.000000 ^ _61_/CLK (sky130_fd_sc_hd__dfrtp_2)
     3    0.039804    0.325128    0.940394    0.940394 ^ _61_/Q (sky130_fd_sc_hd__dfrtp_2)
                                                         phy_data_out[8] (net)
                      0.325128    0.000000    0.940394 ^ _63_/A (sky130_fd_sc_hd__buf_2)
     1    0.033442    0.270772    0.450942    1.391336 ^ _63_/X (sky130_fd_sc_hd__buf_2)
                                                         phy_data_out[4] (net)
                      0.270772    0.000000    1.391336 ^ phy_data_out[4] (out)
                                              1.391336   data arrival time

                      0.150000    0.000000    0.000000   clock clk (rise edge)
                                  0.000000    0.000000   clock network delay (ideal)
                                  0.250000    0.250000   clock uncertainty
                                  0.000000    0.250000   clock reconvergence pessimism
                                 -1.000000   -0.750000   output external delay
                                             -0.750000   data required time
---------------------------------------------------------------------------------------------
                                             -0.750000   data required time
                                             -1.391336   data arrival time
---------------------------------------------------------------------------------------------
                                              2.141336   slack (MET)



