Clock: clk
Sources: clk 
Generated: no
Virtual: yes
Propagated: no
Period: 8.000000

===========================================================================
report_clock_properties
============================================================================
Clock                   Period          Waveform
----------------------------------------------------
clk                   8.000000    0.000000  4.000000

===========================================================================
report_clock_latency
============================================================================
Clock clk
rise -> rise
    min     max
0.000000 0.000000 source latency
0.282611         network latency _61_/CLK
        0.283133 network latency _54_/CLK
---------------
0.282611 0.283133 latency
        0.000522 skew

fall -> fall
    min     max
0.000000 0.000000 source latency
0.288009         network latency _61_/CLK
        0.288468 network latency _54_/CLK
---------------
0.288009 0.288468 latency
        0.000459 skew



===========================================================================
report_clock_min_period
============================================================================
clk period_min = 1.63 fmax = 614.36
