
===========================================================================
report_checks -path_delay max (Setup)
============================================================================
======================= max_tt_025C_1v80 Corner ===================================

Startpoint: eth_data_in[5] (input port clocked by clk)
Endpoint: _57_ (rising edge-triggered flip-flop clocked by clk)
Path Group: clk
Path Type: max

Fanout         Cap        Slew       Delay        Time   Description
---------------------------------------------------------------------------------------------
                                  0.000000    0.000000   clock clk (rise edge)
                                  0.000000    0.000000   clock network delay (propagated)
                                  1.000000    1.000000 v input external delay
     1    0.005242    0.014158    0.008577    1.008577 v eth_data_in[5] (in)
                                                         eth_data_in[5] (net)
                      0.014163    0.000000    1.008577 v input6/A (sky130_fd_sc_hd__clkbuf_1)
     1    0.002834    0.026689    0.074427    1.083004 v input6/X (sky130_fd_sc_hd__clkbuf_1)
                                                         net6 (net)
                      0.026689    0.000168    1.083172 v _31_/A (sky130_fd_sc_hd__or4_1)
     2    0.008175    0.118892    0.558700    1.641872 v _31_/X (sky130_fd_sc_hd__or4_1)
                                                         _18_ (net)
                      0.118892    0.000403    1.642275 v _33_/A3 (sky130_fd_sc_hd__o31a_1)
     5    0.018681    0.115622    0.335517    1.977792 v _33_/X (sky130_fd_sc_hd__o31a_1)
                                                         _20_ (net)
                      0.115639    0.001382    1.979174 v _42_/B1 (sky130_fd_sc_hd__a211o_1)
     1    0.002891    0.047508    0.286072    2.265247 v _42_/X (sky130_fd_sc_hd__a211o_1)
                                                         _10_ (net)
                      0.047508    0.000192    2.265438 v _57_/D (sky130_fd_sc_hd__dfrtp_1)
                                              2.265438   data arrival time

                                  8.000000    8.000000   clock clk (rise edge)
                                  0.000000    8.000000   clock source latency
     1    0.010350    0.053017    0.035305    8.035305 ^ clk (in)
                                                         clk (net)
                      0.053023    0.000000    8.035305 ^ clkbuf_0_clk/A (sky130_fd_sc_hd__clkbuf_16)
     2    0.020533    0.042276    0.128416    8.163720 ^ clkbuf_0_clk/X (sky130_fd_sc_hd__clkbuf_16)
                                                         clknet_0_clk (net)
                      0.042339    0.001303    8.165024 ^ clkbuf_1_0__f_clk/A (sky130_fd_sc_hd__clkbuf_16)
     4    0.012721    0.035673    0.117354    8.282377 ^ clkbuf_1_0__f_clk/X (sky130_fd_sc_hd__clkbuf_16)
                                                         clknet_1_0__leaf_clk (net)
                      0.035674    0.000691    8.283069 ^ _57_/CLK (sky130_fd_sc_hd__dfrtp_1)
                                 -0.250000    8.033069   clock uncertainty
                                  0.000000    8.033069   clock reconvergence pessimism
                                 -0.117502    7.915566   library setup time
                                              7.915566   data required time
---------------------------------------------------------------------------------------------
                                              7.915566   data required time
                                             -2.265438   data arrival time
---------------------------------------------------------------------------------------------
                                              5.650127   slack (MET)


Startpoint: eth_data_in[5] (input port clocked by clk)
Endpoint: _60_ (rising edge-triggered flip-flop clocked by clk)
Path Group: clk
Path Type: max

Fanout         Cap        Slew       Delay        Time   Description
---------------------------------------------------------------------------------------------
                                  0.000000    0.000000   clock clk (rise edge)
                                  0.000000    0.000000   clock network delay (propagated)
                                  1.000000    1.000000 v input external delay
     1    0.005242    0.014158    0.008577    1.008577 v eth_data_in[5] (in)
                                                         eth_data_in[5] (net)
                      0.014163    0.000000    1.008577 v input6/A (sky130_fd_sc_hd__clkbuf_1)
     1    0.002834    0.026689    0.074427    1.083004 v input6/X (sky130_fd_sc_hd__clkbuf_1)
                                                         net6 (net)
                      0.026689    0.000168    1.083172 v _31_/A (sky130_fd_sc_hd__or4_1)
     2    0.008175    0.118892    0.558700    1.641872 v _31_/X (sky130_fd_sc_hd__or4_1)
                                                         _18_ (net)
                      0.118892    0.000403    1.642275 v _33_/A3 (sky130_fd_sc_hd__o31a_1)
     5    0.018681    0.115622    0.335517    1.977792 v _33_/X (sky130_fd_sc_hd__o31a_1)
                                                         _20_ (net)
                      0.115627    0.000876    1.978668 v _36_/B1 (sky130_fd_sc_hd__a211o_1)
     1    0.002891    0.047603    0.286073    2.264740 v _36_/X (sky130_fd_sc_hd__a211o_1)
                                                         _13_ (net)
                      0.047603    0.000184    2.264925 v _60_/D (sky130_fd_sc_hd__dfrtp_1)
                                              2.264925   data arrival time

                                  8.000000    8.000000   clock clk (rise edge)
                                  0.000000    8.000000   clock source latency
     1    0.010350    0.053017    0.035305    8.035305 ^ clk (in)
                                                         clk (net)
                      0.053023    0.000000    8.035305 ^ clkbuf_0_clk/A (sky130_fd_sc_hd__clkbuf_16)
     2    0.020533    0.042276    0.128416    8.163720 ^ clkbuf_0_clk/X (sky130_fd_sc_hd__clkbuf_16)
                                                         clknet_0_clk (net)
                      0.042336    0.001275    8.164996 ^ clkbuf_1_1__f_clk/A (sky130_fd_sc_hd__clkbuf_16)
     4    0.012366    0.035376    0.116997    8.281993 ^ clkbuf_1_1__f_clk/X (sky130_fd_sc_hd__clkbuf_16)
                                                         clknet_1_1__leaf_clk (net)
                      0.035378    0.000902    8.282894 ^ _60_/CLK (sky130_fd_sc_hd__dfrtp_1)
                                 -0.250000    8.032894   clock uncertainty
                                  0.000000    8.032894   clock reconvergence pessimism
                                 -0.117612    7.915283   library setup time
                                              7.915283   data required time
---------------------------------------------------------------------------------------------
                                              7.915283   data required time
                                             -2.264925   data arrival time
---------------------------------------------------------------------------------------------
                                              5.650358   slack (MET)


Startpoint: eth_data_in[5] (input port clocked by clk)
Endpoint: _58_ (rising edge-triggered flip-flop clocked by clk)
Path Group: clk
Path Type: max

Fanout         Cap        Slew       Delay        Time   Description
---------------------------------------------------------------------------------------------
                                  0.000000    0.000000   clock clk (rise edge)
                                  0.000000    0.000000   clock network delay (propagated)
                                  1.000000    1.000000 v input external delay
     1    0.005242    0.014158    0.008577    1.008577 v eth_data_in[5] (in)
                                                         eth_data_in[5] (net)
                      0.014163    0.000000    1.008577 v input6/A (sky130_fd_sc_hd__clkbuf_1)
     1    0.002834    0.026689    0.074427    1.083004 v input6/X (sky130_fd_sc_hd__clkbuf_1)
                                                         net6 (net)
                      0.026689    0.000168    1.083172 v _31_/A (sky130_fd_sc_hd__or4_1)
     2    0.008175    0.118892    0.558700    1.641872 v _31_/X (sky130_fd_sc_hd__or4_1)
                                                         _18_ (net)
                      0.118892    0.000403    1.642275 v _33_/A3 (sky130_fd_sc_hd__o31a_1)
     5    0.018681    0.115622    0.335517    1.977792 v _33_/X (sky130_fd_sc_hd__o31a_1)
                                                         _20_ (net)
                      0.115631    0.001053    1.978845 v _39_/B1 (sky130_fd_sc_hd__a211o_1)
     1    0.002883    0.047557    0.286009    2.264854 v _39_/X (sky130_fd_sc_hd__a211o_1)
                                                         _11_ (net)
                      0.047557    0.000187    2.265041 v _58_/D (sky130_fd_sc_hd__dfrtp_1)
                                              2.265041   data arrival time

                                  8.000000    8.000000   clock clk (rise edge)
                                  0.000000    8.000000   clock source latency
     1    0.010350    0.053017    0.035305    8.035305 ^ clk (in)
                                                         clk (net)
                      0.053023    0.000000    8.035305 ^ clkbuf_0_clk/A (sky130_fd_sc_hd__clkbuf_16)
     2    0.020533    0.042276    0.128416    8.163720 ^ clkbuf_0_clk/X (sky130_fd_sc_hd__clkbuf_16)
                                                         clknet_0_clk (net)
                      0.042339    0.001303    8.165024 ^ clkbuf_1_0__f_clk/A (sky130_fd_sc_hd__clkbuf_16)
     4    0.012721    0.035673    0.117354    8.282377 ^ clkbuf_1_0__f_clk/X (sky130_fd_sc_hd__clkbuf_16)
                                                         clknet_1_0__leaf_clk (net)
                      0.035674    0.000639    8.283017 ^ _58_/CLK (sky130_fd_sc_hd__dfrtp_1)
                                 -0.250000    8.033017   clock uncertainty
                                  0.000000    8.033017   clock reconvergence pessimism
                                 -0.117524    7.915493   library setup time
                                              7.915493   data required time
---------------------------------------------------------------------------------------------
                                              7.915493   data required time
                                             -2.265041   data arrival time
---------------------------------------------------------------------------------------------
                                              5.650453   slack (MET)


Startpoint: eth_data_in[5] (input port clocked by clk)
Endpoint: _61_ (rising edge-triggered flip-flop clocked by clk)
Path Group: clk
Path Type: max

Fanout         Cap        Slew       Delay        Time   Description
---------------------------------------------------------------------------------------------
                                  0.000000    0.000000   clock clk (rise edge)
                                  0.000000    0.000000   clock network delay (propagated)
                                  1.000000    1.000000 v input external delay
     1    0.005242    0.014158    0.008577    1.008577 v eth_data_in[5] (in)
                                                         eth_data_in[5] (net)
                      0.014163    0.000000    1.008577 v input6/A (sky130_fd_sc_hd__clkbuf_1)
     1    0.002834    0.026689    0.074427    1.083004 v input6/X (sky130_fd_sc_hd__clkbuf_1)
                                                         net6 (net)
                      0.026689    0.000168    1.083172 v _31_/A (sky130_fd_sc_hd__or4_1)
     2    0.008175    0.118892    0.558700    1.641872 v _31_/X (sky130_fd_sc_hd__or4_1)
                                                         _18_ (net)
                      0.118892    0.000403    1.642275 v _33_/A3 (sky130_fd_sc_hd__o31a_1)
     5    0.018681    0.115622    0.335517    1.977792 v _33_/X (sky130_fd_sc_hd__o31a_1)
                                                         _20_ (net)
                      0.115623    0.000504    1.978296 v _35_/B1 (sky130_fd_sc_hd__a211oi_1)
     1    0.002896    0.184336    0.230701    2.208997 ^ _35_/Y (sky130_fd_sc_hd__a211oi_1)
                                                         _14_ (net)
                      0.184336    0.000188    2.209185 ^ _61_/D (sky130_fd_sc_hd__dfrtp_1)
                                              2.209185   data arrival time

                                  8.000000    8.000000   clock clk (rise edge)
                                  0.000000    8.000000   clock source latency
     1    0.010350    0.053017    0.035305    8.035305 ^ clk (in)
                                                         clk (net)
                      0.053023    0.000000    8.035305 ^ clkbuf_0_clk/A (sky130_fd_sc_hd__clkbuf_16)
     2    0.020533    0.042276    0.128416    8.163720 ^ clkbuf_0_clk/X (sky130_fd_sc_hd__clkbuf_16)
                                                         clknet_0_clk (net)
                      0.042336    0.001275    8.164996 ^ clkbuf_1_1__f_clk/A (sky130_fd_sc_hd__clkbuf_16)
     4    0.012366    0.035376    0.116997    8.281993 ^ clkbuf_1_1__f_clk/X (sky130_fd_sc_hd__clkbuf_16)
                                                         clknet_1_1__leaf_clk (net)
                      0.035376    0.000618    8.282611 ^ _61_/CLK (sky130_fd_sc_hd__dfrtp_1)
                                 -0.250000    8.032611   clock uncertainty
                                  0.000000    8.032611   clock reconvergence pessimism
                                 -0.093528    7.939084   library setup time
                                              7.939084   data required time
---------------------------------------------------------------------------------------------
                                              7.939084   data required time
                                             -2.209185   data arrival time
---------------------------------------------------------------------------------------------
                                              5.729898   slack (MET)


Startpoint: eth_data_in[5] (input port clocked by clk)
Endpoint: _59_ (rising edge-triggered flip-flop clocked by clk)
Path Group: clk
Path Type: max

Fanout         Cap        Slew       Delay        Time   Description
---------------------------------------------------------------------------------------------
                                  0.000000    0.000000   clock clk (rise edge)
                                  0.000000    0.000000   clock network delay (propagated)
                                  1.000000    1.000000 v input external delay
     1    0.005242    0.014158    0.008577    1.008577 v eth_data_in[5] (in)
                                                         eth_data_in[5] (net)
                      0.014163    0.000000    1.008577 v input6/A (sky130_fd_sc_hd__clkbuf_1)
     1    0.002834    0.026689    0.074427    1.083004 v input6/X (sky130_fd_sc_hd__clkbuf_1)
                                                         net6 (net)
                      0.026689    0.000168    1.083172 v _31_/A (sky130_fd_sc_hd__or4_1)
     2    0.008175    0.118892    0.558700    1.641872 v _31_/X (sky130_fd_sc_hd__or4_1)
                                                         _18_ (net)
                      0.118892    0.000403    1.642275 v _33_/A3 (sky130_fd_sc_hd__o31a_1)
     5    0.018681    0.115622    0.335517    1.977792 v _33_/X (sky130_fd_sc_hd__o31a_1)
                                                         _20_ (net)
                      0.115633    0.001166    1.978958 v _38_/B1 (sky130_fd_sc_hd__a211oi_1)
     1    0.002374    0.170265    0.219400    2.198358 ^ _38_/Y (sky130_fd_sc_hd__a211oi_1)
                                                         _12_ (net)
                      0.170265    0.000110    2.198468 ^ _59_/D (sky130_fd_sc_hd__dfrtp_1)
                                              2.198468   data arrival time

                                  8.000000    8.000000   clock clk (rise edge)
                                  0.000000    8.000000   clock source latency
     1    0.010350    0.053017    0.035305    8.035305 ^ clk (in)
                                                         clk (net)
                      0.053023    0.000000    8.035305 ^ clkbuf_0_clk/A (sky130_fd_sc_hd__clkbuf_16)
     2    0.020533    0.042276    0.128416    8.163720 ^ clkbuf_0_clk/X (sky130_fd_sc_hd__clkbuf_16)
                                                         clknet_0_clk (net)
                      0.042339    0.001303    8.165024 ^ clkbuf_1_0__f_clk/A (sky130_fd_sc_hd__clkbuf_16)
     4    0.012721    0.035673    0.117354    8.282377 ^ clkbuf_1_0__f_clk/X (sky130_fd_sc_hd__clkbuf_16)
                                                         clknet_1_0__leaf_clk (net)
                      0.035674    0.000648    8.283026 ^ _59_/CLK (sky130_fd_sc_hd__dfrtp_1)
                                 -0.250000    8.033026   clock uncertainty
                                  0.000000    8.033026   clock reconvergence pessimism
                                 -0.090224    7.942802   library setup time
                                              7.942802   data required time
---------------------------------------------------------------------------------------------
                                              7.942802   data required time
                                             -2.198468   data arrival time
---------------------------------------------------------------------------------------------
                                              5.744334   slack (MET)


Startpoint: _60_ (rising edge-triggered flip-flop clocked by clk)
Endpoint: phy_data_out[7] (output port clocked by clk)
Path Group: clk
Path Type: max

Fanout         Cap        Slew       Delay        Time   Description
---------------------------------------------------------------------------------------------
                                  0.000000    0.000000   clock clk (rise edge)
                                  0.000000    0.000000   clock source latency
     1    0.010350    0.053017    0.035305    0.035305 ^ clk (in)
                                                         clk (net)
                      0.053023    0.000000    0.035305 ^ clkbuf_0_clk/A (sky130_fd_sc_hd__clkbuf_16)
     2    0.020533    0.042276    0.128416    0.163721 ^ clkbuf_0_clk/X (sky130_fd_sc_hd__clkbuf_16)
                                                         clknet_0_clk (net)
                      0.042336    0.001275    0.164996 ^ clkbuf_1_1__f_clk/A (sky130_fd_sc_hd__clkbuf_16)
     4    0.012366    0.035376    0.116997    0.281993 ^ clkbuf_1_1__f_clk/X (sky130_fd_sc_hd__clkbuf_16)
                                                         clknet_1_1__leaf_clk (net)
                      0.035378    0.000901    0.282894 ^ _60_/CLK (sky130_fd_sc_hd__dfrtp_1)
     4    0.014021    0.133282    0.383570    0.666464 ^ _60_/Q (sky130_fd_sc_hd__dfrtp_1)
                                                         net20 (net)
                      0.133287    0.000941    0.667405 ^ _65_/A (sky130_fd_sc_hd__clkbuf_1)
     1    0.002725    0.044160    0.102521    0.769926 ^ _65_/X (sky130_fd_sc_hd__clkbuf_1)
                                                         net18 (net)
                      0.044160    0.000114    0.770039 ^ output18/A (sky130_fd_sc_hd__buf_2)
     1    0.034710    0.172410    0.198391    0.968430 ^ output18/X (sky130_fd_sc_hd__buf_2)
                                                         phy_data_out[7] (net)
                      0.172434    0.001695    0.970125 ^ phy_data_out[7] (out)
                                              0.970125   data arrival time

                                  8.000000    8.000000   clock clk (rise edge)
                                  0.000000    8.000000   clock network delay (propagated)
                                 -0.250000    7.750000   clock uncertainty
                                  0.000000    7.750000   clock reconvergence pessimism
                                 -1.000000    6.750000   output external delay
                                              6.750000   data required time
---------------------------------------------------------------------------------------------
                                              6.750000   data required time
                                             -0.970125   data arrival time
---------------------------------------------------------------------------------------------
                                              5.779875   slack (MET)


Startpoint: _60_ (rising edge-triggered flip-flop clocked by clk)
Endpoint: phy_data_out[5] (output port clocked by clk)
Path Group: clk
Path Type: max

Fanout         Cap        Slew       Delay        Time   Description
---------------------------------------------------------------------------------------------
                                  0.000000    0.000000   clock clk (rise edge)
                                  0.000000    0.000000   clock source latency
     1    0.010350    0.053017    0.035305    0.035305 ^ clk (in)
                                                         clk (net)
                      0.053023    0.000000    0.035305 ^ clkbuf_0_clk/A (sky130_fd_sc_hd__clkbuf_16)
     2    0.020533    0.042276    0.128416    0.163721 ^ clkbuf_0_clk/X (sky130_fd_sc_hd__clkbuf_16)
                                                         clknet_0_clk (net)
                      0.042336    0.001275    0.164996 ^ clkbuf_1_1__f_clk/A (sky130_fd_sc_hd__clkbuf_16)
     4    0.012366    0.035376    0.116997    0.281993 ^ clkbuf_1_1__f_clk/X (sky130_fd_sc_hd__clkbuf_16)
                                                         clknet_1_1__leaf_clk (net)
                      0.035378    0.000901    0.282894 ^ _60_/CLK (sky130_fd_sc_hd__dfrtp_1)
     4    0.014021    0.133282    0.383570    0.666464 ^ _60_/Q (sky130_fd_sc_hd__dfrtp_1)
                                                         net20 (net)
                      0.133286    0.000931    0.667395 ^ _64_/A (sky130_fd_sc_hd__clkbuf_1)
     1    0.002434    0.041130    0.100079    0.767474 ^ _64_/X (sky130_fd_sc_hd__clkbuf_1)
                                                         net16 (net)
                      0.041130    0.000103    0.767577 ^ output16/A (sky130_fd_sc_hd__buf_2)
     1    0.034671    0.172230    0.197099    0.964676 ^ output16/X (sky130_fd_sc_hd__buf_2)
                                                         phy_data_out[5] (net)
                      0.172254    0.001693    0.966369 ^ phy_data_out[5] (out)
                                              0.966369   data arrival time

                                  8.000000    8.000000   clock clk (rise edge)
                                  0.000000    8.000000   clock network delay (propagated)
                                 -0.250000    7.750000   clock uncertainty
                                  0.000000    7.750000   clock reconvergence pessimism
                                 -1.000000    6.750000   output external delay
                                              6.750000   data required time
---------------------------------------------------------------------------------------------
                                              6.750000   data required time
                                             -0.966369   data arrival time
---------------------------------------------------------------------------------------------
                                              5.783631   slack (MET)


Startpoint: _59_ (rising edge-triggered flip-flop clocked by clk)
Endpoint: phy_data_out[2] (output port clocked by clk)
Path Group: clk
Path Type: max

Fanout         Cap        Slew       Delay        Time   Description
---------------------------------------------------------------------------------------------
                                  0.000000    0.000000   clock clk (rise edge)
                                  0.000000    0.000000   clock source latency
     1    0.010350    0.053017    0.035305    0.035305 ^ clk (in)
                                                         clk (net)
                      0.053023    0.000000    0.035305 ^ clkbuf_0_clk/A (sky130_fd_sc_hd__clkbuf_16)
     2    0.020533    0.042276    0.128416    0.163721 ^ clkbuf_0_clk/X (sky130_fd_sc_hd__clkbuf_16)
                                                         clknet_0_clk (net)
                      0.042339    0.001303    0.165023 ^ clkbuf_1_0__f_clk/A (sky130_fd_sc_hd__clkbuf_16)
     4    0.012721    0.035673    0.117354    0.282377 ^ clkbuf_1_0__f_clk/X (sky130_fd_sc_hd__clkbuf_16)
                                                         clknet_1_0__leaf_clk (net)
                      0.035674    0.000649    0.283026 ^ _59_/CLK (sky130_fd_sc_hd__dfrtp_1)
     3    0.011285    0.110804    0.367213    0.650239 ^ _59_/Q (sky130_fd_sc_hd__dfrtp_1)
                                                         net17 (net)
                      0.110805    0.000604    0.650843 ^ _62_/A (sky130_fd_sc_hd__clkbuf_1)
     1    0.003748    0.054915    0.106222    0.757065 ^ _62_/X (sky130_fd_sc_hd__clkbuf_1)
                                                         net13 (net)
                      0.054915    0.000160    0.757225 ^ output13/A (sky130_fd_sc_hd__buf_2)
     1    0.035079    0.174094    0.203619    0.960844 ^ output13/X (sky130_fd_sc_hd__buf_2)
                                                         phy_data_out[2] (net)
                      0.174172    0.001815    0.962659 ^ phy_data_out[2] (out)
                                              0.962659   data arrival time

                                  8.000000    8.000000   clock clk (rise edge)
                                  0.000000    8.000000   clock network delay (propagated)
                                 -0.250000    7.750000   clock uncertainty
                                  0.000000    7.750000   clock reconvergence pessimism
                                 -1.000000    6.750000   output external delay
                                              6.750000   data required time
---------------------------------------------------------------------------------------------
                                              6.750000   data required time
                                             -0.962659   data arrival time
---------------------------------------------------------------------------------------------
                                              5.787341   slack (MET)


Startpoint: _61_ (rising edge-triggered flip-flop clocked by clk)
Endpoint: phy_data_out[4] (output port clocked by clk)
Path Group: clk
Path Type: max

Fanout         Cap        Slew       Delay        Time   Description
---------------------------------------------------------------------------------------------
                                  0.000000    0.000000   clock clk (rise edge)
                                  0.000000    0.000000   clock source latency
     1    0.010350    0.053017    0.035305    0.035305 ^ clk (in)
                                                         clk (net)
                      0.053023    0.000000    0.035305 ^ clkbuf_0_clk/A (sky130_fd_sc_hd__clkbuf_16)
     2    0.020533    0.042276    0.128416    0.163721 ^ clkbuf_0_clk/X (sky130_fd_sc_hd__clkbuf_16)
                                                         clknet_0_clk (net)
                      0.042336    0.001275    0.164996 ^ clkbuf_1_1__f_clk/A (sky130_fd_sc_hd__clkbuf_16)
     4    0.012366    0.035376    0.116997    0.281993 ^ clkbuf_1_1__f_clk/X (sky130_fd_sc_hd__clkbuf_16)
                                                         clknet_1_1__leaf_clk (net)
                      0.035376    0.000618    0.282611 ^ _61_/CLK (sky130_fd_sc_hd__dfrtp_1)
     3    0.010353    0.103172    0.361500    0.644111 ^ _61_/Q (sky130_fd_sc_hd__dfrtp_1)
                                                         net19 (net)
                      0.103172    0.000497    0.644608 ^ _63_/A (sky130_fd_sc_hd__clkbuf_1)
     1    0.004050    0.058171    0.106538    0.751146 ^ _63_/X (sky130_fd_sc_hd__clkbuf_1)
                                                         net15 (net)
                      0.058171    0.000306    0.751453 ^ output15/A (sky130_fd_sc_hd__buf_2)
     1    0.034475    0.171273    0.202921    0.954373 ^ output15/X (sky130_fd_sc_hd__buf_2)
                                                         phy_data_out[4] (net)
                      0.171347    0.001667    0.956041 ^ phy_data_out[4] (out)
                                              0.956041   data arrival time

                                  8.000000    8.000000   clock clk (rise edge)
                                  0.000000    8.000000   clock network delay (propagated)
                                 -0.250000    7.750000   clock uncertainty
                                  0.000000    7.750000   clock reconvergence pessimism
                                 -1.000000    6.750000   output external delay
                                              6.750000   data required time
---------------------------------------------------------------------------------------------
                                              6.750000   data required time
                                             -0.956041   data arrival time
---------------------------------------------------------------------------------------------
                                              5.793959   slack (MET)


Startpoint: _60_ (rising edge-triggered flip-flop clocked by clk)
Endpoint: phy_data_out[9] (output port clocked by clk)
Path Group: clk
Path Type: max

Fanout         Cap        Slew       Delay        Time   Description
---------------------------------------------------------------------------------------------
                                  0.000000    0.000000   clock clk (rise edge)
                                  0.000000    0.000000   clock source latency
     1    0.010350    0.053017    0.035305    0.035305 ^ clk (in)
                                                         clk (net)
                      0.053023    0.000000    0.035305 ^ clkbuf_0_clk/A (sky130_fd_sc_hd__clkbuf_16)
     2    0.020533    0.042276    0.128416    0.163721 ^ clkbuf_0_clk/X (sky130_fd_sc_hd__clkbuf_16)
                                                         clknet_0_clk (net)
                      0.042336    0.001275    0.164996 ^ clkbuf_1_1__f_clk/A (sky130_fd_sc_hd__clkbuf_16)
     4    0.012366    0.035376    0.116997    0.281993 ^ clkbuf_1_1__f_clk/X (sky130_fd_sc_hd__clkbuf_16)
                                                         clknet_1_1__leaf_clk (net)
                      0.035378    0.000901    0.282894 ^ _60_/CLK (sky130_fd_sc_hd__dfrtp_1)
     4    0.014021    0.133282    0.383570    0.666464 ^ _60_/Q (sky130_fd_sc_hd__dfrtp_1)
                                                         net20 (net)
                      0.133283    0.000672    0.667136 ^ output20/A (sky130_fd_sc_hd__buf_2)
     1    0.034293    0.170905    0.228919    0.896055 ^ output20/X (sky130_fd_sc_hd__buf_2)
                                                         phy_data_out[9] (net)
                      0.170920    0.001693    0.897748 ^ phy_data_out[9] (out)
                                              0.897748   data arrival time

                                  8.000000    8.000000   clock clk (rise edge)
                                  0.000000    8.000000   clock network delay (propagated)
                                 -0.250000    7.750000   clock uncertainty
                                  0.000000    7.750000   clock reconvergence pessimism
                                 -1.000000    6.750000   output external delay
                                              6.750000   data required time
---------------------------------------------------------------------------------------------
                                              6.750000   data required time
                                             -0.897748   data arrival time
---------------------------------------------------------------------------------------------
                                              5.852252   slack (MET)


Startpoint: _59_ (rising edge-triggered flip-flop clocked by clk)
Endpoint: phy_data_out[6] (output port clocked by clk)
Path Group: clk
Path Type: max

Fanout         Cap        Slew       Delay        Time   Description
---------------------------------------------------------------------------------------------
                                  0.000000    0.000000   clock clk (rise edge)
                                  0.000000    0.000000   clock source latency
     1    0.010350    0.053017    0.035305    0.035305 ^ clk (in)
                                                         clk (net)
                      0.053023    0.000000    0.035305 ^ clkbuf_0_clk/A (sky130_fd_sc_hd__clkbuf_16)
     2    0.020533    0.042276    0.128416    0.163721 ^ clkbuf_0_clk/X (sky130_fd_sc_hd__clkbuf_16)
                                                         clknet_0_clk (net)
                      0.042339    0.001303    0.165023 ^ clkbuf_1_0__f_clk/A (sky130_fd_sc_hd__clkbuf_16)
     4    0.012721    0.035673    0.117354    0.282377 ^ clkbuf_1_0__f_clk/X (sky130_fd_sc_hd__clkbuf_16)
                                                         clknet_1_0__leaf_clk (net)
                      0.035674    0.000649    0.283026 ^ _59_/CLK (sky130_fd_sc_hd__dfrtp_1)
     3    0.011285    0.110804    0.367213    0.650239 ^ _59_/Q (sky130_fd_sc_hd__dfrtp_1)
                                                         net17 (net)
                      0.110804    0.000510    0.650750 ^ output17/A (sky130_fd_sc_hd__buf_2)
     1    0.035355    0.175800    0.225155    0.875905 ^ output17/X (sky130_fd_sc_hd__buf_2)
                                                         phy_data_out[6] (net)
                      0.175878    0.001770    0.877675 ^ phy_data_out[6] (out)
                                              0.877675   data arrival time

                                  8.000000    8.000000   clock clk (rise edge)
                                  0.000000    8.000000   clock network delay (propagated)
                                 -0.250000    7.750000   clock uncertainty
                                  0.000000    7.750000   clock reconvergence pessimism
                                 -1.000000    6.750000   output external delay
                                              6.750000   data required time
---------------------------------------------------------------------------------------------
                                              6.750000   data required time
                                             -0.877675   data arrival time
---------------------------------------------------------------------------------------------
                                              5.872325   slack (MET)


Startpoint: _61_ (rising edge-triggered flip-flop clocked by clk)
Endpoint: phy_data_out[8] (output port clocked by clk)
Path Group: clk
Path Type: max

Fanout         Cap        Slew       Delay        Time   Description
---------------------------------------------------------------------------------------------
                                  0.000000    0.000000   clock clk (rise edge)
                                  0.000000    0.000000   clock source latency
     1    0.010350    0.053017    0.035305    0.035305 ^ clk (in)
                                                         clk (net)
                      0.053023    0.000000    0.035305 ^ clkbuf_0_clk/A (sky130_fd_sc_hd__clkbuf_16)
     2    0.020533    0.042276    0.128416    0.163721 ^ clkbuf_0_clk/X (sky130_fd_sc_hd__clkbuf_16)
                                                         clknet_0_clk (net)
                      0.042336    0.001275    0.164996 ^ clkbuf_1_1__f_clk/A (sky130_fd_sc_hd__clkbuf_16)
     4    0.012366    0.035376    0.116997    0.281993 ^ clkbuf_1_1__f_clk/X (sky130_fd_sc_hd__clkbuf_16)
                                                         clknet_1_1__leaf_clk (net)
                      0.035376    0.000618    0.282611 ^ _61_/CLK (sky130_fd_sc_hd__dfrtp_1)
     3    0.010353    0.103172    0.361500    0.644111 ^ _61_/Q (sky130_fd_sc_hd__dfrtp_1)
                                                         net19 (net)
                      0.103172    0.000456    0.644567 ^ output19/A (sky130_fd_sc_hd__buf_2)
     1    0.037496    0.184713    0.228486    0.873053 ^ output19/X (sky130_fd_sc_hd__buf_2)
                                                         phy_data_out[8] (net)
                      0.184799    0.003318    0.876371 ^ phy_data_out[8] (out)
                                              0.876371   data arrival time

                                  8.000000    8.000000   clock clk (rise edge)
                                  0.000000    8.000000   clock network delay (propagated)
                                 -0.250000    7.750000   clock uncertainty
                                  0.000000    7.750000   clock reconvergence pessimism
                                 -1.000000    6.750000   output external delay
                                              6.750000   data required time
---------------------------------------------------------------------------------------------
                                              6.750000   data required time
                                             -0.876371   data arrival time
---------------------------------------------------------------------------------------------
                                              5.873629   slack (MET)


Startpoint: _56_ (rising edge-triggered flip-flop clocked by clk)
Endpoint: phy_data_out[0] (output port clocked by clk)
Path Group: clk
Path Type: max

Fanout         Cap        Slew       Delay        Time   Description
---------------------------------------------------------------------------------------------
                                  0.000000    0.000000   clock clk (rise edge)
                                  0.000000    0.000000   clock source latency
     1    0.010350    0.053017    0.035305    0.035305 ^ clk (in)
                                                         clk (net)
                      0.053023    0.000000    0.035305 ^ clkbuf_0_clk/A (sky130_fd_sc_hd__clkbuf_16)
     2    0.020533    0.042276    0.128416    0.163721 ^ clkbuf_0_clk/X (sky130_fd_sc_hd__clkbuf_16)
                                                         clknet_0_clk (net)
                      0.042336    0.001275    0.164996 ^ clkbuf_1_1__f_clk/A (sky130_fd_sc_hd__clkbuf_16)
     4    0.012366    0.035376    0.116997    0.281993 ^ clkbuf_1_1__f_clk/X (sky130_fd_sc_hd__clkbuf_16)
                                                         clknet_1_1__leaf_clk (net)
                      0.035378    0.000826    0.282819 ^ _56_/CLK (sky130_fd_sc_hd__dfrtp_1)
     2    0.006393    0.055776    0.369447    0.652266 v _56_/Q (sky130_fd_sc_hd__dfrtp_1)
                                                         net11 (net)
                      0.055776    0.000369    0.652634 v output11/A (sky130_fd_sc_hd__buf_2)
     1    0.034174    0.089665    0.183845    0.836479 v output11/X (sky130_fd_sc_hd__buf_2)
                                                         phy_data_out[0] (net)
                      0.089700    0.001650    0.838129 v phy_data_out[0] (out)
                                              0.838129   data arrival time

                                  8.000000    8.000000   clock clk (rise edge)
                                  0.000000    8.000000   clock network delay (propagated)
                                 -0.250000    7.750000   clock uncertainty
                                  0.000000    7.750000   clock reconvergence pessimism
                                 -1.000000    6.750000   output external delay
                                              6.750000   data required time
---------------------------------------------------------------------------------------------
                                              6.750000   data required time
                                             -0.838129   data arrival time
---------------------------------------------------------------------------------------------
                                              5.911870   slack (MET)


Startpoint: _57_ (rising edge-triggered flip-flop clocked by clk)
Endpoint: phy_data_out[1] (output port clocked by clk)
Path Group: clk
Path Type: max

Fanout         Cap        Slew       Delay        Time   Description
---------------------------------------------------------------------------------------------
                                  0.000000    0.000000   clock clk (rise edge)
                                  0.000000    0.000000   clock source latency
     1    0.010350    0.053017    0.035305    0.035305 ^ clk (in)
                                                         clk (net)
                      0.053023    0.000000    0.035305 ^ clkbuf_0_clk/A (sky130_fd_sc_hd__clkbuf_16)
     2    0.020533    0.042276    0.128416    0.163721 ^ clkbuf_0_clk/X (sky130_fd_sc_hd__clkbuf_16)
                                                         clknet_0_clk (net)
                      0.042339    0.001303    0.165023 ^ clkbuf_1_0__f_clk/A (sky130_fd_sc_hd__clkbuf_16)
     4    0.012721    0.035673    0.117354    0.282377 ^ clkbuf_1_0__f_clk/X (sky130_fd_sc_hd__clkbuf_16)
                                                         clknet_1_0__leaf_clk (net)
                      0.035674    0.000691    0.283069 ^ _57_/CLK (sky130_fd_sc_hd__dfrtp_1)
     2    0.004153    0.045580    0.357568    0.640636 v _57_/Q (sky130_fd_sc_hd__dfrtp_1)
                                                         net12 (net)
                      0.045580    0.000278    0.640914 v output12/A (sky130_fd_sc_hd__buf_2)
     1    0.035222    0.091968    0.181345    0.822259 v output12/X (sky130_fd_sc_hd__buf_2)
                                                         phy_data_out[1] (net)
                      0.092003    0.001662    0.823922 v phy_data_out[1] (out)
                                              0.823922   data arrival time

                                  8.000000    8.000000   clock clk (rise edge)
                                  0.000000    8.000000   clock network delay (propagated)
                                 -0.250000    7.750000   clock uncertainty
                                  0.000000    7.750000   clock reconvergence pessimism
                                 -1.000000    6.750000   output external delay
                                              6.750000   data required time
---------------------------------------------------------------------------------------------
                                              6.750000   data required time
                                             -0.823922   data arrival time
---------------------------------------------------------------------------------------------
                                              5.926078   slack (MET)


Startpoint: _55_ (rising edge-triggered flip-flop clocked by clk)
Endpoint: phy_valid_out (output port clocked by clk)
Path Group: clk
Path Type: max

Fanout         Cap        Slew       Delay        Time   Description
---------------------------------------------------------------------------------------------
                                  0.000000    0.000000   clock clk (rise edge)
                                  0.000000    0.000000   clock source latency
     1    0.010350    0.053017    0.035305    0.035305 ^ clk (in)
                                                         clk (net)
                      0.053023    0.000000    0.035305 ^ clkbuf_0_clk/A (sky130_fd_sc_hd__clkbuf_16)
     2    0.020533    0.042276    0.128416    0.163721 ^ clkbuf_0_clk/X (sky130_fd_sc_hd__clkbuf_16)
                                                         clknet_0_clk (net)
                      0.042336    0.001275    0.164996 ^ clkbuf_1_1__f_clk/A (sky130_fd_sc_hd__clkbuf_16)
     4    0.012366    0.035376    0.116997    0.281993 ^ clkbuf_1_1__f_clk/X (sky130_fd_sc_hd__clkbuf_16)
                                                         clknet_1_1__leaf_clk (net)
                      0.035377    0.000743    0.282737 ^ _55_/CLK (sky130_fd_sc_hd__dfrtp_1)
     1    0.003790    0.044111    0.355534    0.638270 v _55_/Q (sky130_fd_sc_hd__dfrtp_1)
                                                         net21 (net)
                      0.044111    0.000233    0.638503 v output21/A (sky130_fd_sc_hd__buf_2)
     1    0.035995    0.092717    0.181997    0.820500 v output21/X (sky130_fd_sc_hd__buf_2)
                                                         phy_valid_out (net)
                      0.092768    0.001988    0.822488 v phy_valid_out (out)
                                              0.822488   data arrival time

                                  8.000000    8.000000   clock clk (rise edge)
                                  0.000000    8.000000   clock network delay (propagated)
                                 -0.250000    7.750000   clock uncertainty
                                  0.000000    7.750000   clock reconvergence pessimism
                                 -1.000000    6.750000   output external delay
                                              6.750000   data required time
---------------------------------------------------------------------------------------------
                                              6.750000   data required time
                                             -0.822488   data arrival time
---------------------------------------------------------------------------------------------
                                              5.927512   slack (MET)


Startpoint: _58_ (rising edge-triggered flip-flop clocked by clk)
Endpoint: phy_data_out[3] (output port clocked by clk)
Path Group: clk
Path Type: max

Fanout         Cap        Slew       Delay        Time   Description
---------------------------------------------------------------------------------------------
                                  0.000000    0.000000   clock clk (rise edge)
                                  0.000000    0.000000   clock source latency
     1    0.010350    0.053017    0.035305    0.035305 ^ clk (in)
                                                         clk (net)
                      0.053023    0.000000    0.035305 ^ clkbuf_0_clk/A (sky130_fd_sc_hd__clkbuf_16)
     2    0.020533    0.042276    0.128416    0.163721 ^ clkbuf_0_clk/X (sky130_fd_sc_hd__clkbuf_16)
                                                         clknet_0_clk (net)
                      0.042339    0.001303    0.165023 ^ clkbuf_1_0__f_clk/A (sky130_fd_sc_hd__clkbuf_16)
     4    0.012721    0.035673    0.117354    0.282377 ^ clkbuf_1_0__f_clk/X (sky130_fd_sc_hd__clkbuf_16)
                                                         clknet_1_0__leaf_clk (net)
                      0.035674    0.000640    0.283017 ^ _58_/CLK (sky130_fd_sc_hd__dfrtp_1)
     2    0.004091    0.045317    0.357249    0.640266 v _58_/Q (sky130_fd_sc_hd__dfrtp_1)
                                                         net14 (net)
                      0.045317    0.000222    0.640488 v output14/A (sky130_fd_sc_hd__buf_2)
     1    0.034119    0.089619    0.179132    0.819620 v output14/X (sky130_fd_sc_hd__buf_2)
                                                         phy_data_out[3] (net)
                      0.089657    0.001700    0.821319 v phy_data_out[3] (out)
                                              0.821319   data arrival time

                                  8.000000    8.000000   clock clk (rise edge)
                                  0.000000    8.000000   clock network delay (propagated)
                                 -0.250000    7.750000   clock uncertainty
                                  0.000000    7.750000   clock reconvergence pessimism
                                 -1.000000    6.750000   output external delay
                                              6.750000   data required time
---------------------------------------------------------------------------------------------
                                              6.750000   data required time
                                             -0.821319   data arrival time
---------------------------------------------------------------------------------------------
                                              5.928681   slack (MET)


Startpoint: eth_data_in[5] (input port clocked by clk)
Endpoint: _56_ (rising edge-triggered flip-flop clocked by clk)
Path Group: clk
Path Type: max

Fanout         Cap        Slew       Delay        Time   Description
---------------------------------------------------------------------------------------------
                                  0.000000    0.000000   clock clk (rise edge)
                                  0.000000    0.000000   clock network delay (propagated)
                                  1.000000    1.000000 v input external delay
     1    0.005242    0.014158    0.008577    1.008577 v eth_data_in[5] (in)
                                                         eth_data_in[5] (net)
                      0.014163    0.000000    1.008577 v input6/A (sky130_fd_sc_hd__clkbuf_1)
     1    0.002834    0.026689    0.074427    1.083004 v input6/X (sky130_fd_sc_hd__clkbuf_1)
                                                         net6 (net)
                      0.026689    0.000168    1.083172 v _31_/A (sky130_fd_sc_hd__or4_1)
     2    0.008175    0.118892    0.558700    1.641872 v _31_/X (sky130_fd_sc_hd__or4_1)
                                                         _18_ (net)
                      0.118892    0.000317    1.642189 v _32_/C (sky130_fd_sc_hd__nor3_1)
     1    0.003753    0.169274    0.170233    1.812422 ^ _32_/Y (sky130_fd_sc_hd__nor3_1)
                                                         _19_ (net)
                      0.169274    0.000241    1.812663 ^ _44_/B1 (sky130_fd_sc_hd__a22o_1)
     1    0.003028    0.047649    0.149103    1.961766 ^ _44_/X (sky130_fd_sc_hd__a22o_1)
                                                         _09_ (net)
                      0.047652    0.000204    1.961970 ^ _56_/D (sky130_fd_sc_hd__dfrtp_1)
                                              1.961970   data arrival time

                                  8.000000    8.000000   clock clk (rise edge)
                                  0.000000    8.000000   clock source latency
     1    0.010350    0.053017    0.035305    8.035305 ^ clk (in)
                                                         clk (net)
                      0.053023    0.000000    8.035305 ^ clkbuf_0_clk/A (sky130_fd_sc_hd__clkbuf_16)
     2    0.020533    0.042276    0.128416    8.163720 ^ clkbuf_0_clk/X (sky130_fd_sc_hd__clkbuf_16)
                                                         clknet_0_clk (net)
                      0.042336    0.001275    8.164996 ^ clkbuf_1_1__f_clk/A (sky130_fd_sc_hd__clkbuf_16)
     4    0.012366    0.035376    0.116997    8.281993 ^ clkbuf_1_1__f_clk/X (sky130_fd_sc_hd__clkbuf_16)
                                                         clknet_1_1__leaf_clk (net)
                      0.035378    0.000825    8.282818 ^ _56_/CLK (sky130_fd_sc_hd__dfrtp_1)
                                 -0.250000    8.032818   clock uncertainty
                                  0.000000    8.032818   clock reconvergence pessimism
                                 -0.061887    7.970932   library setup time
                                              7.970932   data required time
---------------------------------------------------------------------------------------------
                                              7.970932   data required time
                                             -1.961970   data arrival time
---------------------------------------------------------------------------------------------
                                              6.008962   slack (MET)


Startpoint: eth_valid_in (input port clocked by clk)
Endpoint: _54_ (rising edge-triggered flip-flop clocked by clk)
Path Group: clk
Path Type: max

Fanout         Cap        Slew       Delay        Time   Description
---------------------------------------------------------------------------------------------
                                  0.000000    0.000000   clock clk (rise edge)
                                  0.000000    0.000000   clock network delay (propagated)
                                  1.000000    1.000000 ^ input external delay
     1    0.004509    0.027158    0.016338    1.016338 ^ eth_valid_in (in)
                                                         eth_valid_in (net)
                      0.027159    0.000000    1.016338 ^ input9/A (sky130_fd_sc_hd__buf_1)
     5    0.018754    0.224318    0.199797    1.216135 ^ input9/X (sky130_fd_sc_hd__buf_1)
                                                         net9 (net)
                      0.224328    0.001231    1.217366 ^ _28_/A (sky130_fd_sc_hd__inv_2)
     8    0.028373    0.097928    0.122811    1.340177 v _28_/Y (sky130_fd_sc_hd__inv_2)
                                                         _16_ (net)
                      0.098052    0.002618    1.342794 v _45_/A (sky130_fd_sc_hd__and2_1)
     1    0.001736    0.030770    0.149121    1.491916 v _45_/X (sky130_fd_sc_hd__and2_1)
                                                         _26_ (net)
                      0.030770    0.000118    1.492034 v _46_/B (sky130_fd_sc_hd__or2_1)
     1    0.003695    0.052747    0.203603    1.695637 v _46_/X (sky130_fd_sc_hd__or2_1)
                                                         _08_ (net)
                      0.052747    0.000255    1.695892 v _54_/D (sky130_fd_sc_hd__dfrtp_1)
                                              1.695892   data arrival time

                                  8.000000    8.000000   clock clk (rise edge)
                                  0.000000    8.000000   clock source latency
     1    0.010350    0.053017    0.035305    8.035305 ^ clk (in)
                                                         clk (net)
                      0.053023    0.000000    8.035305 ^ clkbuf_0_clk/A (sky130_fd_sc_hd__clkbuf_16)
     2    0.020533    0.042276    0.128416    8.163720 ^ clkbuf_0_clk/X (sky130_fd_sc_hd__clkbuf_16)
                                                         clknet_0_clk (net)
                      0.042339    0.001303    8.165024 ^ clkbuf_1_0__f_clk/A (sky130_fd_sc_hd__clkbuf_16)
     4    0.012721    0.035673    0.117354    8.282377 ^ clkbuf_1_0__f_clk/X (sky130_fd_sc_hd__clkbuf_16)
                                                         clknet_1_0__leaf_clk (net)
                      0.035674    0.000756    8.283134 ^ _54_/CLK (sky130_fd_sc_hd__dfrtp_1)
                                 -0.250000    8.033134   clock uncertainty
                                  0.000000    8.033134   clock reconvergence pessimism
                                 -0.119790    7.913344   library setup time
                                              7.913344   data required time
---------------------------------------------------------------------------------------------
                                              7.913344   data required time
                                             -1.695892   data arrival time
---------------------------------------------------------------------------------------------
                                              6.217452   slack (MET)


Startpoint: rst (input port clocked by clk)
Endpoint: _61_ (recovery check against rising-edge clock clk)
Path Group: asynchronous
Path Type: max

Fanout         Cap        Slew       Delay        Time   Description
---------------------------------------------------------------------------------------------
                                  0.000000    0.000000   clock clk (rise edge)
                                  0.000000    0.000000   clock network delay (propagated)
                                  1.000000    1.000000 v input external delay
     1    0.002620    0.008200    0.004168    1.004168 v rst (in)
                                                         rst (net)
                      0.008206    0.000000    1.004168 v hold1/A (sky130_fd_sc_hd__dlygate4sd3_1)
     1    0.002482    0.051248    0.531539    1.535707 v hold1/X (sky130_fd_sc_hd__dlygate4sd3_1)
                                                         net22 (net)
                      0.051248    0.000177    1.535884 v input10/A (sky130_fd_sc_hd__clkbuf_4)
     8    0.042549    0.094551    0.196674    1.732558 v input10/X (sky130_fd_sc_hd__clkbuf_4)
                                                         net10 (net)
                      0.094603    0.002051    1.734608 v _53_/A (sky130_fd_sc_hd__inv_2)
     1    0.006095    0.043675    0.070722    1.805331 ^ _53_/Y (sky130_fd_sc_hd__inv_2)
                                                         _07_ (net)
                      0.043678    0.000354    1.805684 ^ _61_/RESET_B (sky130_fd_sc_hd__dfrtp_1)
                                              1.805684   data arrival time

                                  8.000000    8.000000   clock clk (rise edge)
                                  0.000000    8.000000   clock source latency
     1    0.010350    0.053017    0.035305    8.035305 ^ clk (in)
                                                         clk (net)
                      0.053023    0.000000    8.035305 ^ clkbuf_0_clk/A (sky130_fd_sc_hd__clkbuf_16)
     2    0.020533    0.042276    0.128416    8.163720 ^ clkbuf_0_clk/X (sky130_fd_sc_hd__clkbuf_16)
                                                         clknet_0_clk (net)
                      0.042336    0.001275    8.164996 ^ clkbuf_1_1__f_clk/A (sky130_fd_sc_hd__clkbuf_16)
     4    0.012366    0.035376    0.116997    8.281993 ^ clkbuf_1_1__f_clk/X (sky130_fd_sc_hd__clkbuf_16)
                                                         clknet_1_1__leaf_clk (net)
                      0.035376    0.000618    8.282611 ^ _61_/CLK (sky130_fd_sc_hd__dfrtp_1)
                                 -0.250000    8.032611   clock uncertainty
                                  0.000000    8.032611   clock reconvergence pessimism
                                  0.227725    8.260336   library recovery time
                                              8.260336   data required time
---------------------------------------------------------------------------------------------
                                              8.260336   data required time
                                             -1.805684   data arrival time
---------------------------------------------------------------------------------------------
                                              6.454652   slack (MET)


Startpoint: rst (input port clocked by clk)
Endpoint: _55_ (recovery check against rising-edge clock clk)
Path Group: asynchronous
Path Type: max

Fanout         Cap        Slew       Delay        Time   Description
---------------------------------------------------------------------------------------------
                                  0.000000    0.000000   clock clk (rise edge)
                                  0.000000    0.000000   clock network delay (propagated)
                                  1.000000    1.000000 v input external delay
     1    0.002620    0.008200    0.004168    1.004168 v rst (in)
                                                         rst (net)
                      0.008206    0.000000    1.004168 v hold1/A (sky130_fd_sc_hd__dlygate4sd3_1)
     1    0.002482    0.051248    0.531539    1.535707 v hold1/X (sky130_fd_sc_hd__dlygate4sd3_1)
                                                         net22 (net)
                      0.051248    0.000177    1.535884 v input10/A (sky130_fd_sc_hd__clkbuf_4)
     8    0.042549    0.094551    0.196674    1.732558 v input10/X (sky130_fd_sc_hd__clkbuf_4)
                                                         net10 (net)
                      0.094620    0.002330    1.734888 v _47_/A (sky130_fd_sc_hd__inv_2)
     1    0.006039    0.043490    0.070507    1.805396 ^ _47_/Y (sky130_fd_sc_hd__inv_2)
                                                         _01_ (net)
                      0.043494    0.000387    1.805782 ^ _55_/RESET_B (sky130_fd_sc_hd__dfrtp_1)
                                              1.805782   data arrival time

                                  8.000000    8.000000   clock clk (rise edge)
                                  0.000000    8.000000   clock source latency
     1    0.010350    0.053017    0.035305    8.035305 ^ clk (in)
                                                         clk (net)
                      0.053023    0.000000    8.035305 ^ clkbuf_0_clk/A (sky130_fd_sc_hd__clkbuf_16)
     2    0.020533    0.042276    0.128416    8.163720 ^ clkbuf_0_clk/X (sky130_fd_sc_hd__clkbuf_16)
                                                         clknet_0_clk (net)
                      0.042336    0.001275    8.164996 ^ clkbuf_1_1__f_clk/A (sky130_fd_sc_hd__clkbuf_16)
     4    0.012366    0.035376    0.116997    8.281993 ^ clkbuf_1_1__f_clk/X (sky130_fd_sc_hd__clkbuf_16)
                                                         clknet_1_1__leaf_clk (net)
                      0.035377    0.000743    8.282737 ^ _55_/CLK (sky130_fd_sc_hd__dfrtp_1)
                                 -0.250000    8.032737   clock uncertainty
                                  0.000000    8.032737   clock reconvergence pessimism
                                  0.227773    8.260509   library recovery time
                                              8.260509   data required time
---------------------------------------------------------------------------------------------
                                              8.260509   data required time
                                             -1.805782   data arrival time
---------------------------------------------------------------------------------------------
                                              6.454727   slack (MET)


Startpoint: rst (input port clocked by clk)
Endpoint: _59_ (recovery check against rising-edge clock clk)
Path Group: asynchronous
Path Type: max

Fanout         Cap        Slew       Delay        Time   Description
---------------------------------------------------------------------------------------------
                                  0.000000    0.000000   clock clk (rise edge)
                                  0.000000    0.000000   clock network delay (propagated)
                                  1.000000    1.000000 v input external delay
     1    0.002620    0.008200    0.004168    1.004168 v rst (in)
                                                         rst (net)
                      0.008206    0.000000    1.004168 v hold1/A (sky130_fd_sc_hd__dlygate4sd3_1)
     1    0.002482    0.051248    0.531539    1.535707 v hold1/X (sky130_fd_sc_hd__dlygate4sd3_1)
                                                         net22 (net)
                      0.051248    0.000177    1.535884 v input10/A (sky130_fd_sc_hd__clkbuf_4)
     8    0.042549    0.094551    0.196674    1.732558 v input10/X (sky130_fd_sc_hd__clkbuf_4)
                                                         net10 (net)
                      0.094622    0.002355    1.734913 v _51_/A (sky130_fd_sc_hd__inv_2)
     1    0.005518    0.041757    0.068704    1.803617 ^ _51_/Y (sky130_fd_sc_hd__inv_2)
                                                         _05_ (net)
                      0.041757    0.000311    1.803928 ^ _59_/RESET_B (sky130_fd_sc_hd__dfrtp_1)
                                              1.803928   data arrival time

                                  8.000000    8.000000   clock clk (rise edge)
                                  0.000000    8.000000   clock source latency
     1    0.010350    0.053017    0.035305    8.035305 ^ clk (in)
                                                         clk (net)
                      0.053023    0.000000    8.035305 ^ clkbuf_0_clk/A (sky130_fd_sc_hd__clkbuf_16)
     2    0.020533    0.042276    0.128416    8.163720 ^ clkbuf_0_clk/X (sky130_fd_sc_hd__clkbuf_16)
                                                         clknet_0_clk (net)
                      0.042339    0.001303    8.165024 ^ clkbuf_1_0__f_clk/A (sky130_fd_sc_hd__clkbuf_16)
     4    0.012721    0.035673    0.117354    8.282377 ^ clkbuf_1_0__f_clk/X (sky130_fd_sc_hd__clkbuf_16)
                                                         clknet_1_0__leaf_clk (net)
                      0.035674    0.000648    8.283026 ^ _59_/CLK (sky130_fd_sc_hd__dfrtp_1)
                                 -0.250000    8.033026   clock uncertainty
                                  0.000000    8.033026   clock reconvergence pessimism
                                  0.228314    8.261339   library recovery time
                                              8.261339   data required time
---------------------------------------------------------------------------------------------
                                              8.261339   data required time
                                             -1.803928   data arrival time
---------------------------------------------------------------------------------------------
                                              6.457411   slack (MET)


Startpoint: rst (input port clocked by clk)
Endpoint: _60_ (recovery check against rising-edge clock clk)
Path Group: asynchronous
Path Type: max

Fanout         Cap        Slew       Delay        Time   Description
---------------------------------------------------------------------------------------------
                                  0.000000    0.000000   clock clk (rise edge)
                                  0.000000    0.000000   clock network delay (propagated)
                                  1.000000    1.000000 v input external delay
     1    0.002620    0.008200    0.004168    1.004168 v rst (in)
                                                         rst (net)
                      0.008206    0.000000    1.004168 v hold1/A (sky130_fd_sc_hd__dlygate4sd3_1)
     1    0.002482    0.051248    0.531539    1.535707 v hold1/X (sky130_fd_sc_hd__dlygate4sd3_1)
                                                         net22 (net)
                      0.051248    0.000177    1.535884 v input10/A (sky130_fd_sc_hd__clkbuf_4)
     8    0.042549    0.094551    0.196674    1.732558 v input10/X (sky130_fd_sc_hd__clkbuf_4)
                                                         net10 (net)
                      0.094631    0.002480    1.735038 v _52_/A (sky130_fd_sc_hd__inv_2)
     1    0.004523    0.038552    0.065218    1.800256 ^ _52_/Y (sky130_fd_sc_hd__inv_2)
                                                         _06_ (net)
                      0.038552    0.000244    1.800500 ^ _60_/RESET_B (sky130_fd_sc_hd__dfrtp_1)
                                              1.800500   data arrival time

                                  8.000000    8.000000   clock clk (rise edge)
                                  0.000000    8.000000   clock source latency
     1    0.010350    0.053017    0.035305    8.035305 ^ clk (in)
                                                         clk (net)
                      0.053023    0.000000    8.035305 ^ clkbuf_0_clk/A (sky130_fd_sc_hd__clkbuf_16)
     2    0.020533    0.042276    0.128416    8.163720 ^ clkbuf_0_clk/X (sky130_fd_sc_hd__clkbuf_16)
                                                         clknet_0_clk (net)
                      0.042336    0.001275    8.164996 ^ clkbuf_1_1__f_clk/A (sky130_fd_sc_hd__clkbuf_16)
     4    0.012366    0.035376    0.116997    8.281993 ^ clkbuf_1_1__f_clk/X (sky130_fd_sc_hd__clkbuf_16)
                                                         clknet_1_1__leaf_clk (net)
                      0.035378    0.000902    8.282894 ^ _60_/CLK (sky130_fd_sc_hd__dfrtp_1)
                                 -0.250000    8.032894   clock uncertainty
                                  0.000000    8.032894   clock reconvergence pessimism
                                  0.229054    8.261949   library recovery time
                                              8.261949   data required time
---------------------------------------------------------------------------------------------
                                              8.261949   data required time
                                             -1.800500   data arrival time
---------------------------------------------------------------------------------------------
                                              6.461449   slack (MET)


Startpoint: rst (input port clocked by clk)
Endpoint: _57_ (recovery check against rising-edge clock clk)
Path Group: asynchronous
Path Type: max

Fanout         Cap        Slew       Delay        Time   Description
---------------------------------------------------------------------------------------------
                                  0.000000    0.000000   clock clk (rise edge)
                                  0.000000    0.000000   clock network delay (propagated)
                                  1.000000    1.000000 v input external delay
     1    0.002620    0.008200    0.004168    1.004168 v rst (in)
                                                         rst (net)
                      0.008206    0.000000    1.004168 v hold1/A (sky130_fd_sc_hd__dlygate4sd3_1)
     1    0.002482    0.051248    0.531539    1.535707 v hold1/X (sky130_fd_sc_hd__dlygate4sd3_1)
                                                         net22 (net)
                      0.051248    0.000177    1.535884 v input10/A (sky130_fd_sc_hd__clkbuf_4)
     8    0.042549    0.094551    0.196674    1.732558 v input10/X (sky130_fd_sc_hd__clkbuf_4)
                                                         net10 (net)
                      0.094663    0.002898    1.735456 v _49_/A (sky130_fd_sc_hd__inv_2)
     1    0.004472    0.038395    0.065092    1.800548 ^ _49_/Y (sky130_fd_sc_hd__inv_2)
                                                         _03_ (net)
                      0.038396    0.000117    1.800665 ^ _57_/RESET_B (sky130_fd_sc_hd__dfrtp_1)
                                              1.800665   data arrival time

                                  8.000000    8.000000   clock clk (rise edge)
                                  0.000000    8.000000   clock source latency
     1    0.010350    0.053017    0.035305    8.035305 ^ clk (in)
                                                         clk (net)
                      0.053023    0.000000    8.035305 ^ clkbuf_0_clk/A (sky130_fd_sc_hd__clkbuf_16)
     2    0.020533    0.042276    0.128416    8.163720 ^ clkbuf_0_clk/X (sky130_fd_sc_hd__clkbuf_16)
                                                         clknet_0_clk (net)
                      0.042339    0.001303    8.165024 ^ clkbuf_1_0__f_clk/A (sky130_fd_sc_hd__clkbuf_16)
     4    0.012721    0.035673    0.117354    8.282377 ^ clkbuf_1_0__f_clk/X (sky130_fd_sc_hd__clkbuf_16)
                                                         clknet_1_0__leaf_clk (net)
                      0.035674    0.000691    8.283069 ^ _57_/CLK (sky130_fd_sc_hd__dfrtp_1)
                                 -0.250000    8.033069   clock uncertainty
                                  0.000000    8.033069   clock reconvergence pessimism
                                  0.229185    8.262254   library recovery time
                                              8.262254   data required time
---------------------------------------------------------------------------------------------
                                              8.262254   data required time
                                             -1.800665   data arrival time
---------------------------------------------------------------------------------------------
                                              6.461589   slack (MET)


Startpoint: rst (input port clocked by clk)
Endpoint: _58_ (recovery check against rising-edge clock clk)
Path Group: asynchronous
Path Type: max

Fanout         Cap        Slew       Delay        Time   Description
---------------------------------------------------------------------------------------------
                                  0.000000    0.000000   clock clk (rise edge)
                                  0.000000    0.000000   clock network delay (propagated)
                                  1.000000    1.000000 v input external delay
     1    0.002620    0.008200    0.004168    1.004168 v rst (in)
                                                         rst (net)
                      0.008206    0.000000    1.004168 v hold1/A (sky130_fd_sc_hd__dlygate4sd3_1)
     1    0.002482    0.051248    0.531539    1.535707 v hold1/X (sky130_fd_sc_hd__dlygate4sd3_1)
                                                         net22 (net)
                      0.051248    0.000177    1.535884 v input10/A (sky130_fd_sc_hd__clkbuf_4)
     8    0.042549    0.094551    0.196674    1.732558 v input10/X (sky130_fd_sc_hd__clkbuf_4)
                                                         net10 (net)
                      0.094667    0.002935    1.735492 v _50_/A (sky130_fd_sc_hd__inv_2)
     1    0.004424    0.038241    0.064884    1.800376 ^ _50_/Y (sky130_fd_sc_hd__inv_2)
                                                         _04_ (net)
                      0.038241    0.000239    1.800615 ^ _58_/RESET_B (sky130_fd_sc_hd__dfrtp_1)
                                              1.800615   data arrival time

                                  8.000000    8.000000   clock clk (rise edge)
                                  0.000000    8.000000   clock source latency
     1    0.010350    0.053017    0.035305    8.035305 ^ clk (in)
                                                         clk (net)
                      0.053023    0.000000    8.035305 ^ clkbuf_0_clk/A (sky130_fd_sc_hd__clkbuf_16)
     2    0.020533    0.042276    0.128416    8.163720 ^ clkbuf_0_clk/X (sky130_fd_sc_hd__clkbuf_16)
                                                         clknet_0_clk (net)
                      0.042339    0.001303    8.165024 ^ clkbuf_1_0__f_clk/A (sky130_fd_sc_hd__clkbuf_16)
     4    0.012721    0.035673    0.117354    8.282377 ^ clkbuf_1_0__f_clk/X (sky130_fd_sc_hd__clkbuf_16)
                                                         clknet_1_0__leaf_clk (net)
                      0.035674    0.000639    8.283017 ^ _58_/CLK (sky130_fd_sc_hd__dfrtp_1)
                                 -0.250000    8.033017   clock uncertainty
                                  0.000000    8.033017   clock reconvergence pessimism
                                  0.229225    8.262242   library recovery time
                                              8.262242   data required time
---------------------------------------------------------------------------------------------
                                              8.262242   data required time
                                             -1.800615   data arrival time
---------------------------------------------------------------------------------------------
                                              6.461627   slack (MET)


Startpoint: rst (input port clocked by clk)
Endpoint: _54_ (recovery check against rising-edge clock clk)
Path Group: asynchronous
Path Type: max

Fanout         Cap        Slew       Delay        Time   Description
---------------------------------------------------------------------------------------------
                                  0.000000    0.000000   clock clk (rise edge)
                                  0.000000    0.000000   clock network delay (propagated)
                                  1.000000    1.000000 v input external delay
     1    0.002620    0.008200    0.004168    1.004168 v rst (in)
                                                         rst (net)
                      0.008206    0.000000    1.004168 v hold1/A (sky130_fd_sc_hd__dlygate4sd3_1)
     1    0.002482    0.051248    0.531539    1.535707 v hold1/X (sky130_fd_sc_hd__dlygate4sd3_1)
                                                         net22 (net)
                      0.051248    0.000177    1.535884 v input10/A (sky130_fd_sc_hd__clkbuf_4)
     8    0.042549    0.094551    0.196674    1.732558 v input10/X (sky130_fd_sc_hd__clkbuf_4)
                                                         net10 (net)
                      0.094663    0.002893    1.735451 v _30_/A (sky130_fd_sc_hd__inv_2)
     1    0.004033    0.036723    0.062980    1.798431 ^ _30_/Y (sky130_fd_sc_hd__inv_2)
                                                         _00_ (net)
                      0.036724    0.000217    1.798648 ^ _54_/RESET_B (sky130_fd_sc_hd__dfrtp_1)
                                              1.798648   data arrival time

                                  8.000000    8.000000   clock clk (rise edge)
                                  0.000000    8.000000   clock source latency
     1    0.010350    0.053017    0.035305    8.035305 ^ clk (in)
                                                         clk (net)
                      0.053023    0.000000    8.035305 ^ clkbuf_0_clk/A (sky130_fd_sc_hd__clkbuf_16)
     2    0.020533    0.042276    0.128416    8.163720 ^ clkbuf_0_clk/X (sky130_fd_sc_hd__clkbuf_16)
                                                         clknet_0_clk (net)
                      0.042339    0.001303    8.165024 ^ clkbuf_1_0__f_clk/A (sky130_fd_sc_hd__clkbuf_16)
     4    0.012721    0.035673    0.117354    8.282377 ^ clkbuf_1_0__f_clk/X (sky130_fd_sc_hd__clkbuf_16)
                                                         clknet_1_0__leaf_clk (net)
                      0.035674    0.000756    8.283134 ^ _54_/CLK (sky130_fd_sc_hd__dfrtp_1)
                                 -0.250000    8.033134   clock uncertainty
                                  0.000000    8.033134   clock reconvergence pessimism
                                  0.229619    8.262753   library recovery time
                                              8.262753   data required time
---------------------------------------------------------------------------------------------
                                              8.262753   data required time
                                             -1.798648   data arrival time
---------------------------------------------------------------------------------------------
                                              6.464105   slack (MET)


Startpoint: rst (input port clocked by clk)
Endpoint: _56_ (recovery check against rising-edge clock clk)
Path Group: asynchronous
Path Type: max

Fanout         Cap        Slew       Delay        Time   Description
---------------------------------------------------------------------------------------------
                                  0.000000    0.000000   clock clk (rise edge)
                                  0.000000    0.000000   clock network delay (propagated)
                                  1.000000    1.000000 v input external delay
     1    0.002620    0.008200    0.004168    1.004168 v rst (in)
                                                         rst (net)
                      0.008206    0.000000    1.004168 v hold1/A (sky130_fd_sc_hd__dlygate4sd3_1)
     1    0.002482    0.051248    0.531539    1.535707 v hold1/X (sky130_fd_sc_hd__dlygate4sd3_1)
                                                         net22 (net)
                      0.051248    0.000177    1.535884 v input10/A (sky130_fd_sc_hd__clkbuf_4)
     8    0.042549    0.094551    0.196674    1.732558 v input10/X (sky130_fd_sc_hd__clkbuf_4)
                                                         net10 (net)
                      0.094630    0.002468    1.735026 v _48_/A (sky130_fd_sc_hd__inv_2)
     1    0.004033    0.036715    0.062971    1.797997 ^ _48_/Y (sky130_fd_sc_hd__inv_2)
                                                         _02_ (net)
                      0.036715    0.000212    1.798209 ^ _56_/RESET_B (sky130_fd_sc_hd__dfrtp_1)
                                              1.798209   data arrival time

                                  8.000000    8.000000   clock clk (rise edge)
                                  0.000000    8.000000   clock source latency
     1    0.010350    0.053017    0.035305    8.035305 ^ clk (in)
                                                         clk (net)
                      0.053023    0.000000    8.035305 ^ clkbuf_0_clk/A (sky130_fd_sc_hd__clkbuf_16)
     2    0.020533    0.042276    0.128416    8.163720 ^ clkbuf_0_clk/X (sky130_fd_sc_hd__clkbuf_16)
                                                         clknet_0_clk (net)
                      0.042336    0.001275    8.164996 ^ clkbuf_1_1__f_clk/A (sky130_fd_sc_hd__clkbuf_16)
     4    0.012366    0.035376    0.116997    8.281993 ^ clkbuf_1_1__f_clk/X (sky130_fd_sc_hd__clkbuf_16)
                                                         clknet_1_1__leaf_clk (net)
                      0.035378    0.000825    8.282818 ^ _56_/CLK (sky130_fd_sc_hd__dfrtp_1)
                                 -0.250000    8.032818   clock uncertainty
                                  0.000000    8.032818   clock reconvergence pessimism
                                  0.229530    8.262348   library recovery time
                                              8.262348   data required time
---------------------------------------------------------------------------------------------
                                              8.262348   data required time
                                             -1.798209   data arrival time
---------------------------------------------------------------------------------------------
                                              6.464139   slack (MET)


Startpoint: eth_valid_in (input port clocked by clk)
Endpoint: _55_ (rising edge-triggered flip-flop clocked by clk)
Path Group: clk
Path Type: max

Fanout         Cap        Slew       Delay        Time   Description
---------------------------------------------------------------------------------------------
                                  0.000000    0.000000   clock clk (rise edge)
                                  0.000000    0.000000   clock network delay (propagated)
                                  1.000000    1.000000 ^ input external delay
     1    0.004509    0.027158    0.016338    1.016338 ^ eth_valid_in (in)
                                                         eth_valid_in (net)
                      0.027159    0.000000    1.016338 ^ input9/A (sky130_fd_sc_hd__buf_1)
     5    0.018754    0.224318    0.199797    1.216135 ^ input9/X (sky130_fd_sc_hd__buf_1)
                                                         net9 (net)
                      0.224324    0.000971    1.217106 ^ _55_/D (sky130_fd_sc_hd__dfrtp_1)
                                              1.217106   data arrival time

                                  8.000000    8.000000   clock clk (rise edge)
                                  0.000000    8.000000   clock source latency
     1    0.010350    0.053017    0.035305    8.035305 ^ clk (in)
                                                         clk (net)
                      0.053023    0.000000    8.035305 ^ clkbuf_0_clk/A (sky130_fd_sc_hd__clkbuf_16)
     2    0.020533    0.042276    0.128416    8.163720 ^ clkbuf_0_clk/X (sky130_fd_sc_hd__clkbuf_16)
                                                         clknet_0_clk (net)
                      0.042336    0.001275    8.164996 ^ clkbuf_1_1__f_clk/A (sky130_fd_sc_hd__clkbuf_16)
     4    0.012366    0.035376    0.116997    8.281993 ^ clkbuf_1_1__f_clk/X (sky130_fd_sc_hd__clkbuf_16)
                                                         clknet_1_1__leaf_clk (net)
                      0.035377    0.000743    8.282737 ^ _55_/CLK (sky130_fd_sc_hd__dfrtp_1)
                                 -0.250000    8.032737   clock uncertainty
                                  0.000000    8.032737   clock reconvergence pessimism
                                 -0.102785    7.929951   library setup time
                                              7.929951   data required time
---------------------------------------------------------------------------------------------
                                              7.929951   data required time
                                             -1.217106   data arrival time
---------------------------------------------------------------------------------------------
                                              6.712846   slack (MET)



