Reading OpenROAD database at '/home/g/my_designs/eth_phy_1g/runs/RUN_2026-02-12_20-25-23/20-openroad-ioplacement/eth_phy_1g.odb'…
Reading library file at '/home/g/.volare/volare/sky130/versions/0fe599b2afb6708d281543108caf8310912f54af/sky130A/libs.ref/sky130_fd_sc_hd/lib/sky130_fd_sc_hd__tt_025C_1v80.lib'…
Reading design constraints file at '/nix/store/h0ldzjka94yryiq8yxbxmwargpnmwhx6-python3-3.11.9-env/lib/python3.11/site-packages/openlane/scripts/base.sdc'…
[INFO] Using clock clk…
[INFO] Setting output delay to: 1
[INFO] Setting input delay to: 1
[INFO] Setting load to: 0.033442
[INFO] Setting clock uncertainty to: 0.25
[INFO] Setting clock transition to: 0.1499999999999999944488848768742172978818416595458984375
[INFO] Setting timing derate to: 5%
[INFO] Setting RC values…
[INFO] Setting signal min routing layer to: met1 and clock min routing layer to met1. 
[INFO] Setting signal max routing layer to: met5 and clock max routing layer to met5. 
+ global_placement -density 0.663492 -timing_driven -routability_driven -pad_right 0 -pad_left 0 -init_wirelength_coef 0.25
[INFO GPL-0002] DBU: 1000
[INFO GPL-0003] SiteSize: (  0.460  2.720 ) um
[INFO GPL-0004] CoreBBox: (  5.520 10.880 ) ( 34.500 38.080 ) um
[INFO GPL-0006] NumInstances:                71
[INFO GPL-0007] NumPlaceInstances:           39
[INFO GPL-0008] NumFixedInstances:           32
[INFO GPL-0009] NumDummyInstances:            0
[INFO GPL-0010] NumNets:                     50
[INFO GPL-0011] NumPins:                    150
[INFO GPL-0012] DieBBox:  (  0.000  0.000 ) ( 40.335 51.055 ) um
[INFO GPL-0013] CoreBBox: (  5.520 10.880 ) ( 34.500 38.080 ) um
[INFO GPL-0016] CoreArea:               788.256 um^2
[INFO GPL-0017] NonPlaceInstsArea:       90.086 um^2
[INFO GPL-0018] PlaceInstsArea:         429.162 um^2
[INFO GPL-0019] Util:                    61.470 %
[INFO GPL-0020] StdInstsArea:           429.162 um^2
[INFO GPL-0021] MacroInstsArea:           0.000 um^2
[InitialPlace]  Iter: 1 CG residual: 0.00000005 HPWL: 981796
[InitialPlace]  Iter: 2 CG residual: 0.00000011 HPWL: 946518
[InitialPlace]  Iter: 3 CG residual: 0.00000012 HPWL: 906319
[InitialPlace]  Iter: 4 CG residual: 0.00000005 HPWL: 887274
[InitialPlace]  Iter: 5 CG residual: 0.00000008 HPWL: 875598
[INFO GPL-0031] FillerInit:NumGCells:        42
[INFO GPL-0032] FillerInit:NumGNets:         50
[INFO GPL-0033] FillerInit:NumGPins:        150
[INFO GPL-0023] TargetDensity:            0.663
[INFO GPL-0024] AvrgPlaceInstArea:       11.004 um^2
[INFO GPL-0025] IdealBinArea:            16.585 um^2
[INFO GPL-0026] IdealBinCnt:                 47
[INFO GPL-0027] TotalBinArea:           788.256 um^2
[INFO GPL-0028] BinCnt:         4      4
[INFO GPL-0029] BinSize: (  7.245  6.800 )
[INFO GPL-0030] NumBins: 16
[NesterovSolve] Iter:    1 overflow: 0.395 HPWL: 538638
[INFO GPL-0100] Timing-driven: executing resizer for reweighting nets.
[INFO GPL-0101] Timing-driven: worst slack 5.6e-09
[INFO GPL-0103] Timing-driven: weighted 4 nets.
[NesterovSolve] Snapshot saved at iter = 0
[NesterovSolve] Iter:   10 overflow: 0.347 HPWL: 541414
[NesterovSolve] Iter:   20 overflow: 0.353 HPWL: 541410
[NesterovSolve] Iter:   30 overflow: 0.351 HPWL: 541297
[NesterovSolve] Iter:   40 overflow: 0.352 HPWL: 541309
[NesterovSolve] Iter:   50 overflow: 0.352 HPWL: 541325
[NesterovSolve] Iter:   60 overflow: 0.351 HPWL: 541337
[NesterovSolve] Iter:   70 overflow: 0.351 HPWL: 541402
[NesterovSolve] Iter:   80 overflow: 0.351 HPWL: 541455
[NesterovSolve] Iter:   90 overflow: 0.351 HPWL: 541496
[NesterovSolve] Iter:  100 overflow: 0.351 HPWL: 541607
[NesterovSolve] Iter:  110 overflow: 0.350 HPWL: 541542
[NesterovSolve] Iter:  120 overflow: 0.350 HPWL: 541646
[NesterovSolve] Iter:  130 overflow: 0.349 HPWL: 541778
[NesterovSolve] Iter:  140 overflow: 0.347 HPWL: 541811
[NesterovSolve] Iter:  150 overflow: 0.346 HPWL: 541929
[NesterovSolve] Iter:  160 overflow: 0.343 HPWL: 542194
[NesterovSolve] Iter:  170 overflow: 0.339 HPWL: 542624
[NesterovSolve] Iter:  180 overflow: 0.334 HPWL: 543190
[NesterovSolve] Iter:  190 overflow: 0.330 HPWL: 543839
[NesterovSolve] Iter:  200 overflow: 0.323 HPWL: 544692
[NesterovSolve] Iter:  210 overflow: 0.314 HPWL: 545628
[NesterovSolve] Iter:  220 overflow: 0.302 HPWL: 547005
[INFO GPL-0075] Routability numCall: 1 inflationIterCnt: 1 bloatIterCnt: 0
[INFO GPL-0036] TileBBox: (    0    0 ) ( 6900 6900 ) DBU
[INFO GPL-0038] TileCnt:       5    7
[INFO GPL-0040] NumTiles: 35
[INFO GPL-0081] TotalRouteOverflow: 0
[INFO GPL-0082] OverflowTileCnt: 0
[INFO GPL-0083] 0.5%RC: 0.7228366732597351
[INFO GPL-0084] 1.0%RC: 0.7228366732597351
[INFO GPL-0085] 2.0%RC: 0.7228366732597351
[INFO GPL-0086] 5.0%RC: 0.6747797727584839
[INFO GPL-0087] FinalRC: 0.7228367
[INFO GPL-0077] FinalRC lower than targetRC(1.01), routability not needed.
[NesterovSolve] Iter:  230 overflow: 0.286 HPWL: 548649
[INFO GPL-0100] Timing-driven: executing resizer for reweighting nets.
[INFO GPL-0101] Timing-driven: worst slack 5.6e-09
[INFO GPL-0103] Timing-driven: weighted 4 nets.
[NesterovSolve] Iter:  240 overflow: 0.263 HPWL: 549520
[NesterovSolve] Iter:  250 overflow: 0.232 HPWL: 549318
[INFO GPL-0100] Timing-driven: executing resizer for reweighting nets.
[INFO GPL-0101] Timing-driven: worst slack 5.6e-09
[INFO GPL-0103] Timing-driven: weighted 4 nets.
[NesterovSolve] Iter:  260 overflow: 0.190 HPWL: 547990
[NesterovSolve] Iter:  270 overflow: 0.141 HPWL: 542696
[INFO GPL-0100] Timing-driven: executing resizer for reweighting nets.
[INFO GPL-0101] Timing-driven: worst slack 5.6e-09
[INFO GPL-0103] Timing-driven: weighted 4 nets.
[NesterovSolve] Iter:  280 overflow: 0.104 HPWL: 538872
[NesterovSolve] Finished with Overflow: 0.099479
[INFO] Setting RC values…
Setting global connections for newly added cells…
[INFO] Setting global connections...
Updating metrics…
Cell type report:                       Count       Area
  Fill cell                                20      75.07
  Tap cell                                 12      15.01
  Buffer                                    4      20.02
  Inverter                                 11      41.29
  Sequential cell                           8     210.20
  Multi-Input combinational cell           16     157.65
  Total                                    71     519.25
Writing OpenROAD database to '/home/g/my_designs/eth_phy_1g/runs/RUN_2026-02-12_20-25-23/23-openroad-globalplacement/eth_phy_1g.odb'…
Writing netlist to '/home/g/my_designs/eth_phy_1g/runs/RUN_2026-02-12_20-25-23/23-openroad-globalplacement/eth_phy_1g.nl.v'…
Writing powered netlist to '/home/g/my_designs/eth_phy_1g/runs/RUN_2026-02-12_20-25-23/23-openroad-globalplacement/eth_phy_1g.pnl.v'…
Writing layout to '/home/g/my_designs/eth_phy_1g/runs/RUN_2026-02-12_20-25-23/23-openroad-globalplacement/eth_phy_1g.def'…
Writing timing constraints to '/home/g/my_designs/eth_phy_1g/runs/RUN_2026-02-12_20-25-23/23-openroad-globalplacement/eth_phy_1g.sdc'…
