Clock: clk
Sources: clk 
Generated: no
Virtual: yes
Propagated: no
Period: 8.000000

===========================================================================
report_clock_properties
============================================================================
Clock                   Period          Waveform
----------------------------------------------------
clk                   8.000000    0.000000  4.000000

===========================================================================
report_clock_latency
============================================================================
Clock clk
rise -> rise
    min     max
0.000000 0.000000 source latency
0.489123         network latency _61_/CLK
        0.489757 network latency _54_/CLK
---------------
0.489123 0.489757 latency
        0.000634 skew

fall -> fall
    min     max
0.000000 0.000000 source latency
0.512227         network latency _61_/CLK
        0.512770 network latency _54_/CLK
---------------
0.512227 0.512770 latency
        0.000544 skew



===========================================================================
report_clock_min_period
============================================================================
clk period_min = 3.08 fmax = 324.55
