Clock: clk
Sources: clk 
Generated: no
Virtual: yes
Propagated: no
Period: 8.000000

===========================================================================
report_clock_properties
============================================================================
Clock                   Period          Waveform
----------------------------------------------------
clk                   8.000000    0.000000  4.000000

===========================================================================
report_clock_latency
============================================================================
Clock clk
rise -> rise
    min     max
0.000000 0.000000 source latency
0.270832         network latency _57_/CLK
        0.271462 network latency _56_/CLK
---------------
0.270832 0.271462 latency
        0.000630 skew

fall -> fall
    min     max
0.000000 0.000000 source latency
0.279227         network latency _57_/CLK
        0.279759 network latency _56_/CLK
---------------
0.279227 0.279759 latency
        0.000532 skew



===========================================================================
report_clock_min_period
============================================================================
clk period_min = 1.43 fmax = 701.69
