Clock: clk
Sources: clk 
Generated: no
Virtual: yes
Propagated: no
Period: 8.000000

===========================================================================
report_clock_properties
============================================================================
Clock                   Period          Waveform
----------------------------------------------------
clk                   8.000000    0.000000  4.000000

===========================================================================
report_clock_latency
============================================================================
Clock clk
rise -> rise
    min     max
0.000000 0.000000 source latency
0.330260         network latency _360_/CLK
        0.335516 network latency _354_/CLK
---------------
0.330260 0.335516 latency
        0.005256 skew

fall -> fall
    min     max
0.000000 0.000000 source latency
0.319847         network latency _360_/CLK
        0.324472 network latency _354_/CLK
---------------
0.319847 0.324472 latency
        0.004625 skew



===========================================================================
report_clock_min_period
============================================================================
clk period_min = 2.11 fmax = 474.99
