109. Printing statistics.

=== eth_phy_1g ===

   Number of wires:                 61
   Number of wire bits:            105
   Number of public wires:           7
   Number of public wire bits:      23
   Number of ports:                  6
   Number of port bits:             22
   Number of memories:               0
   Number of memory bits:            0
   Number of processes:              0
   Number of cells:                 67
     $_ANDNOT_                      13
     $_MUX_                          7
     $_NAND_                         2
     $_NOR_                          1
     $_NOT_                          9
     $_ORNOT_                        2
     $_OR_                          25
     sky130_fd_sc_hd__dfrtp_2        8

   Area for cell type $_NOT_ is unknown!
   Area for cell type $_NAND_ is unknown!
   Area for cell type $_OR_ is unknown!
   Area for cell type $_NOR_ is unknown!
   Area for cell type $_ANDNOT_ is unknown!
   Area for cell type $_ORNOT_ is unknown!
   Area for cell type $_MUX_ is unknown!

   Chip area for module '\eth_phy_1g': 210.201600
     of which used for sequential elements: 210.201600 (100.00%)

