103. Printing statistics.

=== eth_phy_1g ===

   Number of wires:                 46
   Number of wire bits:             90
   Number of public wires:           7
   Number of public wire bits:      23
   Number of ports:                  6
   Number of port bits:             22
   Number of memories:               0
   Number of memory bits:            0
   Number of processes:              0
   Number of cells:                 52
     $_ANDNOT_                      13
     $_DFFE_PP0P_                    7
     $_DFF_PP0_                      1
     $_NAND_                         2
     $_NOR_                          1
     $_NOT_                          1
     $_ORNOT_                        2
     $_OR_                          25

   Area for cell type $_NOT_ is unknown!
   Area for cell type $_NAND_ is unknown!
   Area for cell type $_OR_ is unknown!
   Area for cell type $_NOR_ is unknown!
   Area for cell type $_ANDNOT_ is unknown!
   Area for cell type $_ORNOT_ is unknown!
   Area for cell type $_DFF_PP0_ is unknown!
   Area for cell type $_DFFE_PP0P_ is unknown!

