117. Printing statistics.

=== eth_phy_1g ===

   Number of wires:                 34
   Number of wire bits:             50
   Number of public wires:           7
   Number of public wire bits:      23
   Number of ports:                  6
   Number of port bits:             22
   Number of memories:               0
   Number of memory bits:            0
   Number of processes:              0
   Number of cells:                 39
     sky130_fd_sc_hd__a211o_2        3
     sky130_fd_sc_hd__a211oi_2       2
     sky130_fd_sc_hd__a22o_2         1
     sky130_fd_sc_hd__and2_2         2
     sky130_fd_sc_hd__and2b_2        1
     sky130_fd_sc_hd__buf_2          4
     sky130_fd_sc_hd__dfrtp_2        8
     sky130_fd_sc_hd__inv_2         11
     sky130_fd_sc_hd__mux2_1         1
     sky130_fd_sc_hd__nor2_2         1
     sky130_fd_sc_hd__nor3_2         1
     sky130_fd_sc_hd__o31a_2         1
     sky130_fd_sc_hd__or2_2          1
     sky130_fd_sc_hd__or4_2          1
     sky130_fd_sc_hd__xor2_2         1

   Chip area for module '\eth_phy_1g': 429.161600
     of which used for sequential elements: 210.201600 (48.98%)

