Clock: clk
Sources: clk 
Generated: no
Virtual: yes
Propagated: no
Period: 8.000000

===========================================================================
report_clock_properties
============================================================================
Clock                   Period          Waveform
----------------------------------------------------
clk                   8.000000    0.000000  4.000000

===========================================================================
report_clock_latency
============================================================================
Clock clk
rise -> rise
    min     max
0.000000 0.000000 source latency
0.341131         network latency _360_/CLK
        0.347094 network latency _354_/CLK
---------------
0.341131 0.347094 latency
        0.005963 skew

fall -> fall
    min     max
0.000000 0.000000 source latency
0.325698         network latency _360_/CLK
        0.331198 network latency _354_/CLK
---------------
0.325698 0.331198 latency
        0.005500 skew



===========================================================================
report_clock_min_period
============================================================================
clk period_min = 2.15 fmax = 464.81
