Clock: clk
Sources: clk 
Generated: no
Virtual: yes
Propagated: no
Period: 8.000000

===========================================================================
report_clock_properties
============================================================================
Clock                   Period          Waveform
----------------------------------------------------
clk                   8.000000    0.000000  4.000000

===========================================================================
report_clock_latency
============================================================================
Clock clk
rise -> rise
    min     max
0.000000 0.000000 source latency
0.194864         network latency _61_/CLK
        0.195293 network latency _54_/CLK
---------------
0.194864 0.195293 latency
        0.000429 skew

fall -> fall
    min     max
0.000000 0.000000 source latency
0.194630         network latency _61_/CLK
        0.195014 network latency _54_/CLK
---------------
0.194630 0.195014 latency
        0.000384 skew



===========================================================================
report_clock_min_period
============================================================================
clk period_min = 1.14 fmax = 880.55
