100. Printing statistics.

=== counter32 ===

   Number of wires:                128
   Number of wire bits:            221
   Number of public wires:           4
   Number of public wire bits:      35
   Number of ports:                  4
   Number of port bits:             35
   Number of memories:               0
   Number of memory bits:            0
   Number of processes:              0
   Number of cells:                186
     $_ANDNOT_                      16
     $_AND_                          5
     $_MUX_                         64
     $_NAND_                        15
     $_NOT_                          1
     $_ORNOT_                        6
     $_OR_                          16
     $_XNOR_                        11
     $_XOR_                         20
     sky130_fd_sc_hd__dfxtp_2       32

   Area for cell type $_NOT_ is unknown!
   Area for cell type $_AND_ is unknown!
   Area for cell type $_NAND_ is unknown!
   Area for cell type $_OR_ is unknown!
   Area for cell type $_XOR_ is unknown!
   Area for cell type $_XNOR_ is unknown!
   Area for cell type $_ANDNOT_ is unknown!
   Area for cell type $_ORNOT_ is unknown!
   Area for cell type $_MUX_ is unknown!

   Chip area for module '\counter32': 680.652800
     of which used for sequential elements: 680.652800 (100.00%)

