108. Printing statistics.

=== counter32 ===

   Number of wires:                172
   Number of wire bits:            203
   Number of public wires:           4
   Number of public wire bits:      35
   Number of ports:                  4
   Number of port bits:             35
   Number of memories:               0
   Number of memory bits:            0
   Number of processes:              0
   Number of cells:                200
     sky130_fd_sc_hd__a21o_2         1
     sky130_fd_sc_hd__a21oi_2       15
     sky130_fd_sc_hd__a31o_2         8
     sky130_fd_sc_hd__a31oi_2        7
     sky130_fd_sc_hd__a41oi_2        2
     sky130_fd_sc_hd__and2_2         8
     sky130_fd_sc_hd__and3_2        10
     sky130_fd_sc_hd__and4_2         4
     sky130_fd_sc_hd__dfxtp_2       32
     sky130_fd_sc_hd__inv_2         17
     sky130_fd_sc_hd__nand2_2       16
     sky130_fd_sc_hd__nand3_2        7
     sky130_fd_sc_hd__nand4_2       30
     sky130_fd_sc_hd__nor2_2        16
     sky130_fd_sc_hd__nor3_2         3
     sky130_fd_sc_hd__nor3b_2        2
     sky130_fd_sc_hd__nor4_2         2
     sky130_fd_sc_hd__nor4b_2        1
     sky130_fd_sc_hd__o2111ai_2      2
     sky130_fd_sc_hd__o211a_2        2
     sky130_fd_sc_hd__o21a_2         1
     sky130_fd_sc_hd__o21ai_2        4
     sky130_fd_sc_hd__o21ba_2        1
     sky130_fd_sc_hd__o21bai_2       5
     sky130_fd_sc_hd__o31a_2         1
     sky130_fd_sc_hd__o31ai_2        2
     sky130_fd_sc_hd__or2_2          1

   Chip area for module '\counter32': 2192.102400
     of which used for sequential elements: 680.652800 (31.05%)

