                                                                        Cells by Master                                                                         
┏━━━━━━━━━━━━━━━━━━━━━━━━━━━━━━━━━━━━━━━━━━━━━━━━━━━━━━━━━━━━━━━━━━━━━━━━━━━━━━━━━━━━━━━━━━━━━━━━━━━━━━━━━━━━━━━━━━━━━━━━━━━━━━━━━┳━━━━━━━━━━━━━━━━━━━━━━━━━━━━┓
┃ Cell                                                                                                                            ┃ Count                      ┃
┡━━━━━━━━━━━━━━━━━━━━━━━━━━━━━━━━━━━━━━━━━━━━━━━━━━━━━━━━━━━━━━━━━━━━━━━━━━━━━━━━━━━━━━━━━━━━━━━━━━━━━━━━━━━━━━━━━━━━━━━━━━━━━━━━━╇━━━━━━━━━━━━━━━━━━━━━━━━━━━━┩
│ sky130_ef_sc_hd__decap_12                                                                                                       │ 2                          │
│ sky130_fd_sc_hd__a211o_1                                                                                                        │ 3                          │
│ sky130_fd_sc_hd__a211oi_1                                                                                                       │ 2                          │
│ sky130_fd_sc_hd__a22o_1                                                                                                         │ 1                          │
│ sky130_fd_sc_hd__and2_1                                                                                                         │ 2                          │
│ sky130_fd_sc_hd__and2b_1                                                                                                        │ 1                          │
│ sky130_fd_sc_hd__buf_1                                                                                                          │ 1                          │
│ sky130_fd_sc_hd__buf_2                                                                                                          │ 11                         │
│ sky130_fd_sc_hd__clkbuf_1                                                                                                       │ 12                         │
│ sky130_fd_sc_hd__clkbuf_16                                                                                                      │ 3                          │
│ sky130_fd_sc_hd__clkbuf_4                                                                                                       │ 1                          │
│ sky130_fd_sc_hd__decap_3                                                                                                        │ 20                         │
│ sky130_fd_sc_hd__decap_4                                                                                                        │ 1                          │
│ sky130_fd_sc_hd__decap_6                                                                                                        │ 2                          │
│ sky130_fd_sc_hd__dfrtp_1                                                                                                        │ 8                          │
│ sky130_fd_sc_hd__dlygate4sd3_1                                                                                                  │ 7                          │
│ sky130_fd_sc_hd__fill_1                                                                                                         │ 11                         │
│ sky130_fd_sc_hd__fill_2                                                                                                         │ 6                          │
│ sky130_fd_sc_hd__inv_2                                                                                                          │ 11                         │
│ sky130_fd_sc_hd__mux2_1                                                                                                         │ 1                          │
│ sky130_fd_sc_hd__nor2_1                                                                                                         │ 1                          │
│ sky130_fd_sc_hd__nor3_1                                                                                                         │ 1                          │
│ sky130_fd_sc_hd__o31a_1                                                                                                         │ 1                          │
│ sky130_fd_sc_hd__or2_1                                                                                                          │ 1                          │
│ sky130_fd_sc_hd__or4_1                                                                                                          │ 1                          │
│ sky130_fd_sc_hd__tapvpwrvgnd_1                                                                                                  │ 12                         │
│ sky130_fd_sc_hd__xor2_1                                                                                                         │ 1                          │
└─────────────────────────────────────────────────────────────────────────────────────────────────────────────────────────────────┴────────────────────────────┘
