                                                                       Cells by Function                                                                        
┏━━━━━━━━━━━━━━━━━━━━━━━━━━━━━━━━━━━━━━━━━━━━━━━━━━━━━━━━━━━━━━━━━━━━━━━━━━━━━━━━━━━━━━━━━━━━━━━━━━━━━━━━━━━━━━━━━━━━━━━━━━━━━━━━┳━━━━━━━━━━━━━━━━━━━━━━━━━━━━━┓
┃ Cell Function                                                                                                                  ┃ Count                       ┃
┡━━━━━━━━━━━━━━━━━━━━━━━━━━━━━━━━━━━━━━━━━━━━━━━━━━━━━━━━━━━━━━━━━━━━━━━━━━━━━━━━━━━━━━━━━━━━━━━━━━━━━━━━━━━━━━━━━━━━━━━━━━━━━━━━╇━━━━━━━━━━━━━━━━━━━━━━━━━━━━━┩
│ sky130_ef_sc_hd__decap                                                                                                         │ 2                           │
│ sky130_fd_sc_hd__a211o                                                                                                         │ 3                           │
│ sky130_fd_sc_hd__a211oi                                                                                                        │ 2                           │
│ sky130_fd_sc_hd__a22o                                                                                                          │ 1                           │
│ sky130_fd_sc_hd__and2                                                                                                          │ 2                           │
│ sky130_fd_sc_hd__and2b                                                                                                         │ 1                           │
│ sky130_fd_sc_hd__buf                                                                                                           │ 12                          │
│ sky130_fd_sc_hd__clkbuf                                                                                                        │ 16                          │
│ sky130_fd_sc_hd__decap                                                                                                         │ 23                          │
│ sky130_fd_sc_hd__dfrtp                                                                                                         │ 8                           │
│ sky130_fd_sc_hd__dlygate4sd3                                                                                                   │ 7                           │
│ sky130_fd_sc_hd__fill                                                                                                          │ 17                          │
│ sky130_fd_sc_hd__inv                                                                                                           │ 11                          │
│ sky130_fd_sc_hd__mux2                                                                                                          │ 1                           │
│ sky130_fd_sc_hd__nor2                                                                                                          │ 1                           │
│ sky130_fd_sc_hd__nor3                                                                                                          │ 1                           │
│ sky130_fd_sc_hd__o31a                                                                                                          │ 1                           │
│ sky130_fd_sc_hd__or2                                                                                                           │ 1                           │
│ sky130_fd_sc_hd__or4                                                                                                           │ 1                           │
│ sky130_fd_sc_hd__tapvpwrvgnd                                                                                                   │ 12                          │
│ sky130_fd_sc_hd__xor2                                                                                                          │ 1                           │
└────────────────────────────────────────────────────────────────────────────────────────────────────────────────────────────────┴─────────────────────────────┘
