
===========================================================================
report_checks -unconstrained
===========================================================================
======================= min_ss_100C_1v60 Corner ===================================

Startpoint: rst (input port clocked by clk)
Endpoint: _61_ (recovery check against rising-edge clock clk)
Path Group: asynchronous
Path Type: max

Fanout         Cap        Slew       Delay        Time   Description
---------------------------------------------------------------------------------------------
                                  0.000000    0.000000   clock clk (rise edge)
                                  0.000000    0.000000   clock network delay (propagated)
                                  1.000000    1.000000 v input external delay
     1    0.002405    0.016968    0.007972    1.007972 v rst (in)
                                                         rst (net)
                      0.016968    0.000000    1.007972 v hold1/A (sky130_fd_sc_hd__dlygate4sd3_1)
     1    0.002411    0.105707    1.094947    2.102919 v hold1/X (sky130_fd_sc_hd__dlygate4sd3_1)
                                                         net22 (net)
                      0.105707    0.000022    2.102941 v input10/A (sky130_fd_sc_hd__clkbuf_4)
     8    0.041158    0.160661    0.359617    2.462557 v input10/X (sky130_fd_sc_hd__clkbuf_4)
                                                         net10 (net)
                      0.160661    0.000264    2.462821 v _53_/A (sky130_fd_sc_hd__inv_2)
     1    0.005241    0.066892    0.116962    2.579784 ^ _53_/Y (sky130_fd_sc_hd__inv_2)
                                                         _07_ (net)
                      0.066892    0.000078    2.579862 ^ _61_/RESET_B (sky130_fd_sc_hd__dfrtp_1)
                                              2.579862   data arrival time

                                  8.000000    8.000000   clock clk (rise edge)
                                  0.000000    8.000000   clock source latency
     1    0.009991    0.081052    0.052330    8.052330 ^ clk (in)
                                                         clk (net)
                      0.081052    0.000000    8.052330 ^ clkbuf_0_clk/A (sky130_fd_sc_hd__clkbuf_16)
     2    0.019507    0.066812    0.225888    8.278217 ^ clkbuf_0_clk/X (sky130_fd_sc_hd__clkbuf_16)
                                                         clknet_0_clk (net)
                      0.066812    0.000235    8.278453 ^ clkbuf_1_1__f_clk/A (sky130_fd_sc_hd__clkbuf_16)
     4    0.010974    0.056157    0.207320    8.485773 ^ clkbuf_1_1__f_clk/X (sky130_fd_sc_hd__clkbuf_16)
                                                         clknet_1_1__leaf_clk (net)
                      0.056157    0.000100    8.485873 ^ _61_/CLK (sky130_fd_sc_hd__dfrtp_1)
                                 -0.250000    8.235873   clock uncertainty
                                  0.000000    8.235873   clock reconvergence pessimism
                                  0.459125    8.694999   library recovery time
                                              8.694999   data required time
---------------------------------------------------------------------------------------------
                                              8.694999   data required time
                                             -2.579862   data arrival time
---------------------------------------------------------------------------------------------
                                              6.115137   slack (MET)


Startpoint: eth_data_in[5] (input port clocked by clk)
Endpoint: _60_ (rising edge-triggered flip-flop clocked by clk)
Path Group: clk
Path Type: max

Fanout         Cap        Slew       Delay        Time   Description
---------------------------------------------------------------------------------------------
                                  0.000000    0.000000   clock clk (rise edge)
                                  0.000000    0.000000   clock network delay (propagated)
                                  1.000000    1.000000 v input external delay
     1    0.004566    0.025391    0.014783    1.014783 v eth_data_in[5] (in)
                                                         eth_data_in[5] (net)
                      0.025391    0.000000    1.014783 v input6/A (sky130_fd_sc_hd__clkbuf_1)
     1    0.002474    0.047120    0.136771    1.151553 v input6/X (sky130_fd_sc_hd__clkbuf_1)
                                                         net6 (net)
                      0.047120    0.000030    1.151583 v _31_/A (sky130_fd_sc_hd__or4_1)
     2    0.007583    0.232580    1.290740    2.442323 v _31_/X (sky130_fd_sc_hd__or4_1)
                                                         _18_ (net)
                      0.232580    0.000088    2.442411 v _33_/A3 (sky130_fd_sc_hd__o31a_1)
     5    0.017512    0.201036    0.646333    3.088744 v _33_/X (sky130_fd_sc_hd__o31a_1)
                                                         _20_ (net)
                      0.201036    0.000157    3.088901 v _36_/B1 (sky130_fd_sc_hd__a211o_1)
     1    0.002574    0.082808    0.541639    3.630540 v _36_/X (sky130_fd_sc_hd__a211o_1)
                                                         _13_ (net)
                      0.082808    0.000025    3.630564 v _60_/D (sky130_fd_sc_hd__dfrtp_1)
                                              3.630564   data arrival time

                                  8.000000    8.000000   clock clk (rise edge)
                                  0.000000    8.000000   clock source latency
     1    0.009991    0.081052    0.052330    8.052330 ^ clk (in)
                                                         clk (net)
                      0.081052    0.000000    8.052330 ^ clkbuf_0_clk/A (sky130_fd_sc_hd__clkbuf_16)
     2    0.019507    0.066812    0.225888    8.278217 ^ clkbuf_0_clk/X (sky130_fd_sc_hd__clkbuf_16)
                                                         clknet_0_clk (net)
                      0.066812    0.000235    8.278453 ^ clkbuf_1_1__f_clk/A (sky130_fd_sc_hd__clkbuf_16)
     4    0.010974    0.056157    0.207320    8.485773 ^ clkbuf_1_1__f_clk/X (sky130_fd_sc_hd__clkbuf_16)
                                                         clknet_1_1__leaf_clk (net)
                      0.056157    0.000199    8.485972 ^ _60_/CLK (sky130_fd_sc_hd__dfrtp_1)
                                 -0.250000    8.235972   clock uncertainty
                                  0.000000    8.235972   clock reconvergence pessimism
                                 -0.285596    7.950376   library setup time
                                              7.950376   data required time
---------------------------------------------------------------------------------------------
                                              7.950376   data required time
                                             -3.630564   data arrival time
---------------------------------------------------------------------------------------------
                                              4.319811   slack (MET)




===========================================================================
report_checks --slack_max -0.01
============================================================================
======================= min_ss_100C_1v60 Corner ===================================

No paths found.


===========================================================================
 report_check_types -max_slew -max_cap -max_fanout -violators
============================================================================
======================= min_ss_100C_1v60 Corner ===================================



===========================================================================
report_parasitic_annotation -report_unannotated
============================================================================
Found 0 unannotated drivers.
Found 0 partially unannotated drivers.

===========================================================================
max slew violation count 0
max fanout violation count 0
max cap violation count 0
============================================================================

===========================================================================
check_setup -verbose -unconstrained_endpoints -multiple_clock -no_clock -no_input_delay -loops -generated_clocks
===========================================================================
