Clock: clk
Sources: clk 
Generated: no
Virtual: yes
Propagated: no
Period: 8.000000

===========================================================================
report_clock_properties
============================================================================
Clock                   Period          Waveform
----------------------------------------------------
clk                   8.000000    0.000000  4.000000

===========================================================================
report_clock_latency
============================================================================
Clock clk
rise -> rise
    min     max
0.000000 0.000000 source latency
0.485874         network latency _61_/CLK
        0.486399 network latency _54_/CLK
---------------
0.485874 0.486399 latency
        0.000525 skew

fall -> fall
    min     max
0.000000 0.000000 source latency
0.509801         network latency _61_/CLK
        0.510243 network latency _54_/CLK
---------------
0.509801 0.510243 latency
        0.000442 skew



===========================================================================
report_clock_min_period
============================================================================
clk period_min = 3.07 fmax = 325.68
