Reading OpenROAD database at '/home/g/my_designs/eth_phy_1g/runs/RUN_2026-02-12_20-25-23/43-odb-reportdisconnectedpins/eth_phy_1g.odb'…
Reading library file at '/home/g/.volare/volare/sky130/versions/0fe599b2afb6708d281543108caf8310912f54af/sky130A/libs.ref/sky130_fd_sc_hd/lib/sky130_fd_sc_hd__tt_025C_1v80.lib'…
Reading design constraints file at '/nix/store/h0ldzjka94yryiq8yxbxmwargpnmwhx6-python3-3.11.9-env/lib/python3.11/site-packages/openlane/scripts/base.sdc'…
[INFO] Using clock clk…
[INFO] Setting output delay to: 1
[INFO] Setting input delay to: 1
[INFO] Setting load to: 0.033442
[INFO] Setting clock uncertainty to: 0.25
[INFO] Setting clock transition to: 0.1499999999999999944488848768742172978818416595458984375
[INFO] Setting timing derate to: 5%
sky130_ef_sc_hd__decap_12 sky130_fd_sc_hd__decap_8 sky130_fd_sc_hd__decap_6 sky130_fd_sc_hd__decap_4 sky130_fd_sc_hd__decap_3 sky130_fd_sc_hd__fill*
[INFO DPL-0001] Placed 22 filler instances.
Setting global connections for newly added cells…
[INFO] Setting global connections...
Updating metrics…
Cell type report:                       Count       Area
  Fill cell                                42     153.90
  Tap cell                                 12      15.01
  Buffer                                    4      15.01
  Clock buffer                              3      75.07
  Timing Repair Buffer                     28     166.41
  Inverter                                 11      41.29
  Sequential cell                           8     200.19
  Multi-Input combinational cell           16     121.37
  Total                                   124     788.26
Writing OpenROAD database to '/home/g/my_designs/eth_phy_1g/runs/RUN_2026-02-12_20-25-23/47-openroad-fillinsertion/eth_phy_1g.odb'…
Writing netlist to '/home/g/my_designs/eth_phy_1g/runs/RUN_2026-02-12_20-25-23/47-openroad-fillinsertion/eth_phy_1g.nl.v'…
Writing powered netlist to '/home/g/my_designs/eth_phy_1g/runs/RUN_2026-02-12_20-25-23/47-openroad-fillinsertion/eth_phy_1g.pnl.v'…
Writing layout to '/home/g/my_designs/eth_phy_1g/runs/RUN_2026-02-12_20-25-23/47-openroad-fillinsertion/eth_phy_1g.def'…
Writing timing constraints to '/home/g/my_designs/eth_phy_1g/runs/RUN_2026-02-12_20-25-23/47-openroad-fillinsertion/eth_phy_1g.sdc'…
