Reading OpenROAD database at '/home/g/my_designs/pm32/runs/RUN_2026-02-12_18-41-11/31-openroad-repairdesignpostgpl/counter32.odb'…
Reading library file at '/home/g/.volare/volare/sky130/versions/0fe599b2afb6708d281543108caf8310912f54af/sky130A/libs.ref/sky130_fd_sc_hd/lib/sky130_fd_sc_hd__tt_025C_1v80.lib'…
Reading design constraints file at '/nix/store/h0ldzjka94yryiq8yxbxmwargpnmwhx6-python3-3.11.9-env/lib/python3.11/site-packages/openlane/scripts/base.sdc'…
[INFO] Using clock clk…
[INFO] Setting output delay to: 1
[INFO] Setting input delay to: 1
[INFO] Setting load to: 0.033442
[INFO] Setting clock uncertainty to: 0.25
[INFO] Setting clock transition to: 0.1499999999999999944488848768742172978818416595458984375
[INFO] Setting timing derate to: 5%
Placement Analysis
---------------------------------
total displacement          0.0 u
average displacement        0.0 u
max displacement            0.0 u
original HPWL            3925.1 u
legalized HPWL           4060.0 u
delta HPWL                    3 %

[INFO DPL-0020] Mirrored 110 instances
[INFO DPL-0021] HPWL before            4060.0 u
[INFO DPL-0022] HPWL after             3925.1 u
[INFO DPL-0023] HPWL delta               -3.3 %
Setting global connections for newly added cells…
[INFO] Setting global connections...
Updating metrics…
Cell type report:                       Count       Area
  Fill cell                                62     232.72
  Tap cell                                 99     123.87
  Timing Repair Buffer                     47     230.22
  Inverter                                 17      63.81
  Sequential cell                          32     645.62
  Multi-Input combinational cell          151    1042.25
  Total                                   408    2338.49
Writing OpenROAD database to '/home/g/my_designs/pm32/runs/RUN_2026-02-12_18-41-11/33-openroad-detailedplacement/counter32.odb'…
Writing netlist to '/home/g/my_designs/pm32/runs/RUN_2026-02-12_18-41-11/33-openroad-detailedplacement/counter32.nl.v'…
Writing powered netlist to '/home/g/my_designs/pm32/runs/RUN_2026-02-12_18-41-11/33-openroad-detailedplacement/counter32.pnl.v'…
Writing layout to '/home/g/my_designs/pm32/runs/RUN_2026-02-12_18-41-11/33-openroad-detailedplacement/counter32.def'…
Writing timing constraints to '/home/g/my_designs/pm32/runs/RUN_2026-02-12_18-41-11/33-openroad-detailedplacement/counter32.sdc'…
