Clock: clk
Sources: clk 
Generated: no
Virtual: yes
Propagated: no
Period: 8.000000

===========================================================================
report_clock_properties
============================================================================
Clock                   Period          Waveform
----------------------------------------------------
clk                   8.000000    0.000000  4.000000

===========================================================================
report_clock_latency
============================================================================
Clock clk
rise -> rise
    min     max
0.000000 0.000000 source latency
0.603343         network latency _360_/CLK
        0.614579 network latency _354_/CLK
---------------
0.603343 0.614579 latency
        0.011236 skew

fall -> fall
    min     max
0.000000 0.000000 source latency
0.590456         network latency _360_/CLK
        0.600393 network latency _354_/CLK
---------------
0.590456 0.600393 latency
        0.009936 skew



===========================================================================
report_clock_min_period
============================================================================
clk period_min = 4.20 fmax = 238.09
