Reading OpenROAD database at '/home/g/my_designs/eth_phy_1g/runs/RUN_2026-02-12_20-25-23/27-openroad-repairdesignpostgpl/eth_phy_1g.odb'…
Reading library file at '/home/g/.volare/volare/sky130/versions/0fe599b2afb6708d281543108caf8310912f54af/sky130A/libs.ref/sky130_fd_sc_hd/lib/sky130_fd_sc_hd__tt_025C_1v80.lib'…
Reading design constraints file at '/nix/store/h0ldzjka94yryiq8yxbxmwargpnmwhx6-python3-3.11.9-env/lib/python3.11/site-packages/openlane/scripts/base.sdc'…
[INFO] Using clock clk…
[INFO] Setting output delay to: 1
[INFO] Setting input delay to: 1
[INFO] Setting load to: 0.033442
[INFO] Setting clock uncertainty to: 0.25
[INFO] Setting clock transition to: 0.1499999999999999944488848768742172978818416595458984375
[INFO] Setting timing derate to: 5%
Placement Analysis
---------------------------------
total displacement          0.0 u
average displacement        0.0 u
max displacement            0.0 u
original HPWL             730.2 u
legalized HPWL            763.6 u
delta HPWL                    5 %

[INFO DPL-0020] Mirrored 29 instances
[INFO DPL-0021] HPWL before             763.6 u
[INFO DPL-0022] HPWL after              730.2 u
[INFO DPL-0023] HPWL delta               -4.4 %
Setting global connections for newly added cells…
[INFO] Setting global connections...
Updating metrics…
Cell type report:                       Count       Area
  Fill cell                                20      75.07
  Tap cell                                 12      15.01
  Buffer                                    4      15.01
  Timing Repair Buffer                     21      96.34
  Inverter                                 11      41.29
  Sequential cell                           8     200.19
  Multi-Input combinational cell           16     121.37
  Total                                    92     564.29
Writing OpenROAD database to '/home/g/my_designs/eth_phy_1g/runs/RUN_2026-02-12_20-25-23/29-openroad-detailedplacement/eth_phy_1g.odb'…
Writing netlist to '/home/g/my_designs/eth_phy_1g/runs/RUN_2026-02-12_20-25-23/29-openroad-detailedplacement/eth_phy_1g.nl.v'…
Writing powered netlist to '/home/g/my_designs/eth_phy_1g/runs/RUN_2026-02-12_20-25-23/29-openroad-detailedplacement/eth_phy_1g.pnl.v'…
Writing layout to '/home/g/my_designs/eth_phy_1g/runs/RUN_2026-02-12_20-25-23/29-openroad-detailedplacement/eth_phy_1g.def'…
Writing timing constraints to '/home/g/my_designs/eth_phy_1g/runs/RUN_2026-02-12_20-25-23/29-openroad-detailedplacement/eth_phy_1g.sdc'…
