
===========================================================================
report_checks -unconstrained
===========================================================================
======================= nom_tt_025C_1v80 Corner ===================================

Startpoint: rst (input port clocked by clk)
Endpoint: _54_ (recovery check against rising-edge clock clk)
Path Group: asynchronous
Path Type: max

Fanout         Cap        Slew       Delay        Time   Description
---------------------------------------------------------------------------------------------
                      0.150000    0.000000    0.000000   clock clk (rise edge)
                                  0.000000    0.000000   clock network delay (ideal)
                                  1.000000    1.000000 v input external delay
     8    0.034208    0.076620    0.054625    1.054625 v rst (in)
                                                         rst (net)
                      0.076620    0.000000    1.054625 v _30_/A (sky130_fd_sc_hd__inv_2)
     1    0.003612    0.032470    0.054714    1.109339 ^ _30_/Y (sky130_fd_sc_hd__inv_2)
                                                         _00_ (net)
                      0.032470    0.000000    1.109339 ^ _54_/RESET_B (sky130_fd_sc_hd__dfrtp_2)
                                              1.109339   data arrival time

                      0.150000    8.000000    8.000000   clock clk (rise edge)
                                  0.000000    8.000000   clock network delay (ideal)
                                 -0.250000    7.750000   clock uncertainty
                                  0.000000    7.750000   clock reconvergence pessimism
                                              7.750000 ^ _54_/CLK (sky130_fd_sc_hd__dfrtp_2)
                                  0.255085    8.005085   library recovery time
                                              8.005085   data required time
---------------------------------------------------------------------------------------------
                                              8.005085   data required time
                                             -1.109339   data arrival time
---------------------------------------------------------------------------------------------
                                              6.895745   slack (MET)


Startpoint: eth_data_in[5] (input port clocked by clk)
Endpoint: _58_ (rising edge-triggered flip-flop clocked by clk)
Path Group: clk
Path Type: max

Fanout         Cap        Slew       Delay        Time   Description
---------------------------------------------------------------------------------------------
                      0.150000    0.000000    0.000000   clock clk (rise edge)
                                  0.000000    0.000000   clock network delay (ideal)
                                  1.000000    1.000000 v input external delay
     1    0.001344    0.005459    0.001987    1.001987 v eth_data_in[5] (in)
                                                         eth_data_in[5] (net)
                      0.005459    0.000000    1.001987 v _31_/A (sky130_fd_sc_hd__or4_2)
     2    0.006147    0.115844    0.670071    1.672058 v _31_/X (sky130_fd_sc_hd__or4_2)
                                                         _18_ (net)
                      0.115844    0.000000    1.672058 v _33_/A3 (sky130_fd_sc_hd__o31a_2)
     5    0.014651    0.082108    0.347112    2.019170 v _33_/X (sky130_fd_sc_hd__o31a_2)
                                                         _20_ (net)
                      0.082108    0.000000    2.019170 v _39_/B1 (sky130_fd_sc_hd__a211o_2)
     1    0.001949    0.043923    0.304082    2.323252 v _39_/X (sky130_fd_sc_hd__a211o_2)
                                                         _11_ (net)
                      0.043923    0.000000    2.323252 v _58_/D (sky130_fd_sc_hd__dfrtp_2)
                                              2.323252   data arrival time

                      0.150000    8.000000    8.000000   clock clk (rise edge)
                                  0.000000    8.000000   clock network delay (ideal)
                                 -0.250000    7.750000   clock uncertainty
                                  0.000000    7.750000   clock reconvergence pessimism
                                              7.750000 ^ _58_/CLK (sky130_fd_sc_hd__dfrtp_2)
                                 -0.090737    7.659264   library setup time
                                              7.659264   data required time
---------------------------------------------------------------------------------------------
                                              7.659264   data required time
                                             -2.323252   data arrival time
---------------------------------------------------------------------------------------------
                                              5.336012   slack (MET)




===========================================================================
report_checks --slack_max -0.01
============================================================================
======================= nom_tt_025C_1v80 Corner ===================================

No paths found.


===========================================================================
 report_check_types -max_slew -max_cap -max_fanout -violators
============================================================================
======================= nom_tt_025C_1v80 Corner ===================================



===========================================================================
report_parasitic_annotation -report_unannotated
============================================================================
Found 50 unannotated drivers.
 clk
 eth_data_in[0]
 eth_data_in[1]
 eth_data_in[2]
 eth_data_in[3]
 eth_data_in[4]
 eth_data_in[5]
 eth_data_in[6]
 eth_data_in[7]
 eth_valid_in
 rst
 _27_/Y
 _28_/Y
 _29_/Y
 _30_/Y
 _31_/X
 _32_/Y
 _33_/X
 _34_/X
 _35_/Y
 _36_/X
 _37_/X
 _38_/Y
 _39_/X
 _40_/X
 _41_/Y
 _42_/X
 _43_/X
 _44_/X
 _45_/X
 _46_/X
 _47_/Y
 _48_/Y
 _49_/Y
 _50_/Y
 _51_/Y
 _52_/Y
 _53_/Y
 _54_/Q
 _55_/Q
 _56_/Q
 _57_/Q
 _58_/Q
 _59_/Q
 _60_/Q
 _61_/Q
 _62_/X
 _63_/X
 _64_/X
 _65_/X
Found 0 partially unannotated drivers.

===========================================================================
max slew violation count 0
max fanout violation count 0
max cap violation count 0
============================================================================

===========================================================================
check_setup -verbose -unconstrained_endpoints -multiple_clock -no_clock -no_input_delay -loops -generated_clocks
===========================================================================
