
===========================================================================
report_checks -unconstrained
===========================================================================
======================= nom_tt_025C_1v80 Corner ===================================

Startpoint: en (input port clocked by clk)
Endpoint: _362_ (rising edge-triggered flip-flop clocked by clk)
Path Group: clk
Path Type: max

Fanout         Cap        Slew       Delay        Time   Description
---------------------------------------------------------------------------------------------
                      0.150000    0.000000    0.000000   clock clk (rise edge)
                                  0.000000    0.000000   clock network delay (ideal)
                                  1.000000    1.000000 ^ input external delay
    26    0.103752    0.473691    0.323292    1.323292 ^ en (in)
                                                         en (net)
                      0.473691    0.000000    1.323292 ^ _324_/A (sky130_fd_sc_hd__inv_2)
     4    0.016582    0.115489    0.124656    1.447948 v _324_/Y (sky130_fd_sc_hd__inv_2)
                                                         _150_ (net)
                      0.115489    0.000000    1.447948 v _221_/A (sky130_fd_sc_hd__nor3_2)
    10    0.040673    0.686718    0.605620    2.053567 ^ _221_/Y (sky130_fd_sc_hd__nor3_2)
                                                         _072_ (net)
                      0.686718    0.000000    2.053567 ^ _279_/C1 (sky130_fd_sc_hd__o2111ai_2)
     2    0.008428    0.202271    0.263398    2.316965 v _279_/Y (sky130_fd_sc_hd__o2111ai_2)
                                                         _114_ (net)
                      0.202271    0.000000    2.316965 v _291_/A2 (sky130_fd_sc_hd__o21ai_2)
     1    0.004740    0.116320    0.178045    2.495011 ^ _291_/Y (sky130_fd_sc_hd__o21ai_2)
                                                         _123_ (net)
                      0.116320    0.000000    2.495011 ^ _292_/B (sky130_fd_sc_hd__nor2_2)
     1    0.001681    0.026156    0.035606    2.530617 v _292_/Y (sky130_fd_sc_hd__nor2_2)
                                                         _026_ (net)
                      0.026156    0.000000    2.530617 v _362_/D (sky130_fd_sc_hd__dfxtp_2)
                                              2.530617   data arrival time

                      0.150000    8.000000    8.000000   clock clk (rise edge)
                                  0.000000    8.000000   clock network delay (ideal)
                                 -0.250000    7.750000   clock uncertainty
                                  0.000000    7.750000   clock reconvergence pessimism
                                              7.750000 ^ _362_/CLK (sky130_fd_sc_hd__dfxtp_2)
                                 -0.080169    7.669831   library setup time
                                              7.669831   data required time
---------------------------------------------------------------------------------------------
                                              7.669831   data required time
                                             -2.530617   data arrival time
---------------------------------------------------------------------------------------------
                                              5.139215   slack (MET)




===========================================================================
report_checks --slack_max -0.01
============================================================================
======================= nom_tt_025C_1v80 Corner ===================================

No paths found.


===========================================================================
 report_check_types -max_slew -max_cap -max_fanout -violators
============================================================================
======================= nom_tt_025C_1v80 Corner ===================================

max slew

Pin                                        Limit        Slew       Slack
------------------------------------------------------------------------
_171_/Y                                 0.750000    0.770773   -0.020773 (VIOLATED)
_264_/B                                 0.750000    0.770773   -0.020773 (VIOLATED)
_272_/A1                                0.750000    0.770773   -0.020773 (VIOLATED)
_277_/A                                 0.750000    0.770773   -0.020773 (VIOLATED)
_284_/B                                 0.750000    0.770773   -0.020773 (VIOLATED)
_290_/A                                 0.750000    0.770773   -0.020773 (VIOLATED)
_300_/B                                 0.750000    0.770773   -0.020773 (VIOLATED)
_302_/A                                 0.750000    0.770773   -0.020773 (VIOLATED)

max fanout

Pin                                   Limit Fanout  Slack
---------------------------------------------------------
en                                       10     26    -16 (VIOLATED)
rst_n                                    10     24    -14 (VIOLATED)
_193_/Y                                  10     22    -12 (VIOLATED)
_170_/Y                                  10     14     -4 (VIOLATED)



===========================================================================
report_parasitic_annotation -report_unannotated
============================================================================
Found 203 unannotated drivers.
 clk
 en
 rst_n
 _168_/Y
 _169_/Y
 _170_/Y
 _171_/Y
 _172_/X
 _173_/Y
 _174_/Y
 _175_/X
 _176_/Y
 _177_/Y
 _178_/Y
 _179_/X
 _180_/X
 _181_/X
 _182_/Y
 _183_/X
 _184_/X
 _185_/Y
 _186_/X
 _187_/Y
 _188_/Y
 _189_/X
 _190_/Y
 _191_/Y
 _192_/Y
 _193_/Y
 _194_/Y
 _195_/Y
 _196_/Y
 _197_/Y
 _198_/Y
 _199_/X
 _200_/Y
 _201_/Y
 _202_/X
 _203_/Y
 _204_/Y
 _205_/Y
 _206_/Y
 _207_/Y
 _208_/X
 _209_/Y
 _210_/Y
 _211_/X
 _212_/X
 _213_/Y
 _214_/Y
 _215_/Y
 _216_/Y
 _217_/Y
 _218_/Y
 _219_/Y
 _220_/Y
 _221_/Y
 _222_/X
 _223_/Y
 _224_/Y
 _225_/Y
 _226_/Y
 _227_/Y
 _228_/Y
 _229_/Y
 _230_/Y
 _231_/Y
 _232_/Y
 _233_/Y
 _234_/Y
 _235_/Y
 _236_/X
 _237_/Y
 _238_/Y
 _239_/X
 _240_/Y
 _241_/Y
 _242_/Y
 _243_/Y
 _244_/Y
 _245_/Y
 _246_/Y
 _247_/Y
 _248_/Y
 _249_/Y
 _250_/Y
 _251_/Y
 _252_/Y
 _253_/X
 _254_/Y
 _255_/X
 _256_/Y
 _257_/X
 _258_/Y
 _259_/Y
 _260_/Y
 _261_/Y
 _262_/Y
 _263_/X
 _264_/Y
 _265_/X
 _266_/Y
 _267_/Y
 _268_/Y
 _269_/Y
 _270_/Y
 _271_/X
 _272_/Y
 _273_/Y
 _274_/Y
 _275_/Y
 _276_/X
 _277_/Y
 _278_/X
 _279_/Y
 _280_/Y
 _281_/X
 _282_/Y
 _283_/Y
 _284_/Y
 _285_/X
 _286_/Y
 _287_/Y
 _288_/Y
 _289_/X
 _290_/Y
 _291_/Y
 _292_/Y
 _293_/X
 _294_/Y
 _295_/Y
 _296_/Y
 _297_/Y
 _298_/Y
 _299_/Y
 _300_/Y
 _301_/X
 _302_/Y
 _303_/Y
 _304_/Y
 _305_/Y
 _306_/Y
 _307_/Y
 _308_/X
 _309_/Y
 _310_/Y
 _311_/Y
 _312_/Y
 _313_/Y
 _314_/Y
 _315_/Y
 _316_/Y
 _317_/Y
 _318_/Y
 _319_/Y
 _320_/Y
 _321_/Y
 _322_/Y
 _323_/Y
 _324_/Y
 _325_/Y
 _326_/X
 _327_/X
 _328_/Y
 _329_/X
 _330_/Y
 _331_/Y
 _332_/X
 _333_/X
 _334_/Y
 _335_/X
 _336_/Q
 _337_/Q
 _338_/Q
 _339_/Q
 _340_/Q
 _341_/Q
 _342_/Q
 _343_/Q
 _344_/Q
 _345_/Q
 _346_/Q
 _347_/Q
 _348_/Q
 _349_/Q
 _350_/Q
 _351_/Q
 _352_/Q
 _353_/Q
 _354_/Q
 _355_/Q
 _356_/Q
 _357_/Q
 _358_/Q
 _359_/Q
 _360_/Q
 _361_/Q
 _362_/Q
 _363_/Q
 _364_/Q
 _365_/Q
 _366_/Q
 _367_/Q
Found 0 partially unannotated drivers.

===========================================================================
max slew violation count 8
max fanout violation count 4
max cap violation count 0
============================================================================

===========================================================================
check_setup -verbose -unconstrained_endpoints -multiple_clock -no_clock -no_input_delay -loops -generated_clocks
===========================================================================
