Clock: clk
Sources: clk 
Generated: no
Virtual: no
Propagated: no
Period: 8.000000

===========================================================================
report_clock_properties
============================================================================
Clock                   Period          Waveform
----------------------------------------------------
clk                   8.000000    0.000000  4.000000

===========================================================================
report_clock_latency
============================================================================
Clock clk
rise -> rise
    min     max
0.000000 0.000000 source latency
0.189311         network latency _336_/CLK
        0.189311 network latency _336_/CLK
---------------
0.189311 0.189311 latency
        0.000000 skew

fall -> fall
    min     max
0.000000 0.000000 source latency
0.087107         network latency _336_/CLK
        0.087107 network latency _336_/CLK
---------------
0.087107 0.087107 latency
        0.000000 skew



===========================================================================
report_clock_min_period
============================================================================
clk period_min = 2.72 fmax = 367.53
