Reading OpenROAD database at '/home/g/my_designs/eth_phy_1g/runs/RUN_2026-02-12_20-25-23/16-openroad-generatepdn/eth_phy_1g.odb'…
Reading library file at '/home/g/.volare/volare/sky130/versions/0fe599b2afb6708d281543108caf8310912f54af/sky130A/libs.ref/sky130_fd_sc_hd/lib/sky130_fd_sc_hd__tt_025C_1v80.lib'…
Reading design constraints file at '/nix/store/h0ldzjka94yryiq8yxbxmwargpnmwhx6-python3-3.11.9-env/lib/python3.11/site-packages/openlane/scripts/base.sdc'…
[INFO] Using clock clk…
[INFO] Setting output delay to: 1
[INFO] Setting input delay to: 1
[INFO] Setting load to: 0.033442
[INFO] Setting clock uncertainty to: 0.25
[INFO] Setting clock transition to: 0.1499999999999999944488848768742172978818416595458984375
[INFO] Setting timing derate to: 5%
+ global_placement -density 0.663492 -skip_io -pad_right 0 -pad_left 0 -init_wirelength_coef 0.25
[INFO GPL-0002] DBU: 1000
[INFO GPL-0003] SiteSize: (  0.460  2.720 ) um
[INFO GPL-0004] CoreBBox: (  5.520 10.880 ) ( 34.500 38.080 ) um
[INFO GPL-0006] NumInstances:                71
[INFO GPL-0007] NumPlaceInstances:           39
[INFO GPL-0008] NumFixedInstances:           32
[INFO GPL-0009] NumDummyInstances:            0
[INFO GPL-0010] NumNets:                     50
[INFO GPL-0011] NumPins:                    128
[INFO GPL-0012] DieBBox:  (  0.000  0.000 ) ( 40.335 51.055 ) um
[INFO GPL-0013] CoreBBox: (  5.520 10.880 ) ( 34.500 38.080 ) um
[INFO GPL-0016] CoreArea:               788.256 um^2
[INFO GPL-0017] NonPlaceInstsArea:       90.086 um^2
[INFO GPL-0018] PlaceInstsArea:         429.162 um^2
[INFO GPL-0019] Util:                    61.470 %
[INFO GPL-0020] StdInstsArea:           429.162 um^2
[INFO GPL-0021] MacroInstsArea:           0.000 um^2
[INFO GPL-0031] FillerInit:NumGCells:        42
[INFO GPL-0032] FillerInit:NumGNets:         50
[INFO GPL-0033] FillerInit:NumGPins:        128
[INFO GPL-0023] TargetDensity:            0.663
[INFO GPL-0024] AvrgPlaceInstArea:       11.004 um^2
[INFO GPL-0025] IdealBinArea:            16.585 um^2
[INFO GPL-0026] IdealBinCnt:                 47
[INFO GPL-0027] TotalBinArea:           788.256 um^2
[INFO GPL-0028] BinCnt:         4      4
[INFO GPL-0029] BinSize: (  7.245  6.800 )
[INFO GPL-0030] NumBins: 16
[NesterovSolve] Iter:    1 overflow: 0.700 HPWL: 96227
[NesterovSolve] Iter:   10 overflow: 0.693 HPWL: 77493
[NesterovSolve] Iter:   20 overflow: 0.693 HPWL: 77200
[NesterovSolve] Iter:   30 overflow: 0.693 HPWL: 77221
[NesterovSolve] Iter:   40 overflow: 0.693 HPWL: 77221
[NesterovSolve] Iter:   50 overflow: 0.693 HPWL: 77206
[NesterovSolve] Iter:   60 overflow: 0.693 HPWL: 77202
[NesterovSolve] Iter:   70 overflow: 0.693 HPWL: 77198
[NesterovSolve] Iter:   80 overflow: 0.693 HPWL: 77232
[NesterovSolve] Iter:   90 overflow: 0.693 HPWL: 77390
[NesterovSolve] Iter:  100 overflow: 0.692 HPWL: 77291
[NesterovSolve] Iter:  110 overflow: 0.692 HPWL: 77359
[NesterovSolve] Iter:  120 overflow: 0.692 HPWL: 77527
[NesterovSolve] Iter:  130 overflow: 0.692 HPWL: 77880
[NesterovSolve] Iter:  140 overflow: 0.690 HPWL: 78590
[NesterovSolve] Iter:  150 overflow: 0.688 HPWL: 80751
[NesterovSolve] Iter:  160 overflow: 0.670 HPWL: 89123
[NesterovSolve] Iter:  170 overflow: 0.625 HPWL: 108270
[NesterovSolve] Iter:  180 overflow: 0.560 HPWL: 149799
[NesterovSolve] Iter:  190 overflow: 0.501 HPWL: 163210
[NesterovSolve] Iter:  200 overflow: 0.438 HPWL: 185401
[NesterovSolve] Iter:  210 overflow: 0.377 HPWL: 200623
[NesterovSolve] Iter:  220 overflow: 0.326 HPWL: 208376
[NesterovSolve] Iter:  230 overflow: 0.280 HPWL: 218660
[NesterovSolve] Iter:  240 overflow: 0.236 HPWL: 226929
[NesterovSolve] Iter:  250 overflow: 0.191 HPWL: 231272
[NesterovSolve] Iter:  260 overflow: 0.138 HPWL: 236125
[NesterovSolve] Iter:  270 overflow: 0.106 HPWL: 230123
[NesterovSolve] Finished with Overflow: 0.095662
[INFO] Setting RC values…
Setting global connections for newly added cells…
[INFO] Setting global connections...
Updating metrics…
Cell type report:                       Count       Area
  Fill cell                                20      75.07
  Tap cell                                 12      15.01
  Buffer                                    4      20.02
  Inverter                                 11      41.29
  Sequential cell                           8     210.20
  Multi-Input combinational cell           16     157.65
  Total                                    71     519.25
Writing OpenROAD database to '/home/g/my_designs/eth_phy_1g/runs/RUN_2026-02-12_20-25-23/19-openroad-globalplacementskipio/eth_phy_1g.odb'…
Writing netlist to '/home/g/my_designs/eth_phy_1g/runs/RUN_2026-02-12_20-25-23/19-openroad-globalplacementskipio/eth_phy_1g.nl.v'…
Writing powered netlist to '/home/g/my_designs/eth_phy_1g/runs/RUN_2026-02-12_20-25-23/19-openroad-globalplacementskipio/eth_phy_1g.pnl.v'…
Writing layout to '/home/g/my_designs/eth_phy_1g/runs/RUN_2026-02-12_20-25-23/19-openroad-globalplacementskipio/eth_phy_1g.def'…
Writing timing constraints to '/home/g/my_designs/eth_phy_1g/runs/RUN_2026-02-12_20-25-23/19-openroad-globalplacementskipio/eth_phy_1g.sdc'…
