Clock: clk
Sources: clk 
Generated: no
Virtual: yes
Propagated: no
Period: 8.000000

===========================================================================
report_clock_properties
============================================================================
Clock                   Period          Waveform
----------------------------------------------------
clk                   8.000000    0.000000  4.000000

===========================================================================
report_clock_latency
============================================================================
Clock clk
rise -> rise
    min     max
0.000000 0.000000 source latency
0.276273         network latency _61_/CLK
        0.276471 network latency _54_/CLK
---------------
0.276273 0.276471 latency
        0.000198 skew

fall -> fall
    min     max
0.000000 0.000000 source latency
0.283281         network latency _61_/CLK
        0.283451 network latency _54_/CLK
---------------
0.283281 0.283451 latency
        0.000171 skew



===========================================================================
report_clock_min_period
============================================================================
clk period_min = 1.61 fmax = 621.15
