
===========================================================================
report_checks -path_delay min (Hold)
============================================================================
======================= nom_tt_025C_1v80 Corner ===================================

Startpoint: _54_ (rising edge-triggered flip-flop clocked by clk)
Endpoint: _54_ (rising edge-triggered flip-flop clocked by clk)
Path Group: clk
Path Type: min

Fanout         Cap        Slew       Delay        Time   Description
---------------------------------------------------------------------------------------------
                                  0.000000    0.000000   clock clk (rise edge)
                                  0.000000    0.000000   clock source latency
     1    0.009926    0.051094    0.033813    0.033813 ^ clk (in)
                                                         clk (net)
                      0.051095    0.000000    0.033813 ^ clkbuf_0_clk/A (sky130_fd_sc_hd__clkbuf_16)
     2    0.019238    0.041191    0.126737    0.160550 ^ clkbuf_0_clk/X (sky130_fd_sc_hd__clkbuf_16)
                                                         clknet_0_clk (net)
                      0.041194    0.000659    0.161209 ^ clkbuf_1_0__f_clk/A (sky130_fd_sc_hd__clkbuf_16)
     4    0.010504    0.033772    0.114916    0.276125 ^ clkbuf_1_0__f_clk/X (sky130_fd_sc_hd__clkbuf_16)
                                                         clknet_1_0__leaf_clk (net)
                      0.033772    0.000346    0.276471 ^ _54_/CLK (sky130_fd_sc_hd__dfrtp_1)
     4    0.011833    0.115235    0.370021    0.646492 ^ _54_/Q (sky130_fd_sc_hd__dfrtp_1)
                                                         u_pcs.rd_pos (net)
                      0.115235    0.000147    0.646639 ^ _45_/B (sky130_fd_sc_hd__and2_1)
     1    0.002632    0.045096    0.133355    0.779994 ^ _45_/X (sky130_fd_sc_hd__and2_1)
                                                         _26_ (net)
                      0.045096    0.000081    0.780075 ^ _46_/B (sky130_fd_sc_hd__or2_1)
     1    0.003562    0.045751    0.093008    0.873083 ^ _46_/X (sky130_fd_sc_hd__or2_1)
                                                         _08_ (net)
                      0.045751    0.000124    0.873207 ^ _54_/D (sky130_fd_sc_hd__dfrtp_1)
                                              0.873207   data arrival time

                                  0.000000    0.000000   clock clk (rise edge)
                                  0.000000    0.000000   clock source latency
     1    0.009926    0.051094    0.033813    0.033813 ^ clk (in)
                                                         clk (net)
                      0.051095    0.000000    0.033813 ^ clkbuf_0_clk/A (sky130_fd_sc_hd__clkbuf_16)
     2    0.019238    0.041191    0.126737    0.160550 ^ clkbuf_0_clk/X (sky130_fd_sc_hd__clkbuf_16)
                                                         clknet_0_clk (net)
                      0.041194    0.000659    0.161209 ^ clkbuf_1_0__f_clk/A (sky130_fd_sc_hd__clkbuf_16)
     4    0.010504    0.033772    0.114916    0.276125 ^ clkbuf_1_0__f_clk/X (sky130_fd_sc_hd__clkbuf_16)
                                                         clknet_1_0__leaf_clk (net)
                      0.033772    0.000346    0.276471 ^ _54_/CLK (sky130_fd_sc_hd__dfrtp_1)
                                  0.250000    0.526471   clock uncertainty
                                  0.000000    0.526471   clock reconvergence pessimism
                                 -0.036456    0.490015   library hold time
                                              0.490015   data required time
---------------------------------------------------------------------------------------------
                                              0.490015   data required time
                                             -0.873207   data arrival time
---------------------------------------------------------------------------------------------
                                              0.383192   slack (MET)


Startpoint: _54_ (rising edge-triggered flip-flop clocked by clk)
Endpoint: _61_ (rising edge-triggered flip-flop clocked by clk)
Path Group: clk
Path Type: min

Fanout         Cap        Slew       Delay        Time   Description
---------------------------------------------------------------------------------------------
                                  0.000000    0.000000   clock clk (rise edge)
                                  0.000000    0.000000   clock source latency
     1    0.009926    0.051094    0.033813    0.033813 ^ clk (in)
                                                         clk (net)
                      0.051095    0.000000    0.033813 ^ clkbuf_0_clk/A (sky130_fd_sc_hd__clkbuf_16)
     2    0.019238    0.041191    0.126737    0.160550 ^ clkbuf_0_clk/X (sky130_fd_sc_hd__clkbuf_16)
                                                         clknet_0_clk (net)
                      0.041194    0.000659    0.161209 ^ clkbuf_1_0__f_clk/A (sky130_fd_sc_hd__clkbuf_16)
     4    0.010504    0.033772    0.114916    0.276125 ^ clkbuf_1_0__f_clk/X (sky130_fd_sc_hd__clkbuf_16)
                                                         clknet_1_0__leaf_clk (net)
                      0.033772    0.000346    0.276471 ^ _54_/CLK (sky130_fd_sc_hd__dfrtp_1)
     4    0.011833    0.115235    0.370021    0.646492 ^ _54_/Q (sky130_fd_sc_hd__dfrtp_1)
                                                         u_pcs.rd_pos (net)
                      0.115235    0.000227    0.646719 ^ _34_/B (sky130_fd_sc_hd__and2_1)
     3    0.009785    0.107160    0.182728    0.829447 ^ _34_/X (sky130_fd_sc_hd__and2_1)
                                                         _21_ (net)
                      0.107160    0.000304    0.829751 ^ _35_/C1 (sky130_fd_sc_hd__a211oi_1)
     1    0.002345    0.040894    0.052884    0.882635 v _35_/Y (sky130_fd_sc_hd__a211oi_1)
                                                         _14_ (net)
                      0.040894    0.000048    0.882683 v _61_/D (sky130_fd_sc_hd__dfrtp_1)
                                              0.882683   data arrival time

                                  0.000000    0.000000   clock clk (rise edge)
                                  0.000000    0.000000   clock source latency
     1    0.009926    0.051094    0.033813    0.033813 ^ clk (in)
                                                         clk (net)
                      0.051095    0.000000    0.033813 ^ clkbuf_0_clk/A (sky130_fd_sc_hd__clkbuf_16)
     2    0.019238    0.041191    0.126737    0.160550 ^ clkbuf_0_clk/X (sky130_fd_sc_hd__clkbuf_16)
                                                         clknet_0_clk (net)
                      0.041194    0.000658    0.161208 ^ clkbuf_1_1__f_clk/A (sky130_fd_sc_hd__clkbuf_16)
     4    0.010349    0.033640    0.114768    0.275976 ^ clkbuf_1_1__f_clk/X (sky130_fd_sc_hd__clkbuf_16)
                                                         clknet_1_1__leaf_clk (net)
                      0.033640    0.000298    0.276273 ^ _61_/CLK (sky130_fd_sc_hd__dfrtp_1)
                                  0.250000    0.526273   clock uncertainty
                                  0.000000    0.526273   clock reconvergence pessimism
                                 -0.046695    0.479578   library hold time
                                              0.479578   data required time
---------------------------------------------------------------------------------------------
                                              0.479578   data required time
                                             -0.882683   data arrival time
---------------------------------------------------------------------------------------------
                                              0.403105   slack (MET)


Startpoint: _54_ (rising edge-triggered flip-flop clocked by clk)
Endpoint: _57_ (rising edge-triggered flip-flop clocked by clk)
Path Group: clk
Path Type: min

Fanout         Cap        Slew       Delay        Time   Description
---------------------------------------------------------------------------------------------
                                  0.000000    0.000000   clock clk (rise edge)
                                  0.000000    0.000000   clock source latency
     1    0.009926    0.051094    0.033813    0.033813 ^ clk (in)
                                                         clk (net)
                      0.051095    0.000000    0.033813 ^ clkbuf_0_clk/A (sky130_fd_sc_hd__clkbuf_16)
     2    0.019238    0.041191    0.126737    0.160550 ^ clkbuf_0_clk/X (sky130_fd_sc_hd__clkbuf_16)
                                                         clknet_0_clk (net)
                      0.041194    0.000659    0.161209 ^ clkbuf_1_0__f_clk/A (sky130_fd_sc_hd__clkbuf_16)
     4    0.010504    0.033772    0.114916    0.276125 ^ clkbuf_1_0__f_clk/X (sky130_fd_sc_hd__clkbuf_16)
                                                         clknet_1_0__leaf_clk (net)
                      0.033772    0.000346    0.276471 ^ _54_/CLK (sky130_fd_sc_hd__dfrtp_1)
     4    0.011833    0.115235    0.370021    0.646492 ^ _54_/Q (sky130_fd_sc_hd__dfrtp_1)
                                                         u_pcs.rd_pos (net)
                      0.115235    0.000191    0.646683 ^ _40_/A (sky130_fd_sc_hd__xor2_1)
     1    0.002625    0.035571    0.077203    0.723886 v _40_/X (sky130_fd_sc_hd__xor2_1)
                                                         _23_ (net)
                      0.035571    0.000055    0.723942 v _41_/B (sky130_fd_sc_hd__nor2_1)
     1    0.003737    0.090577    0.089794    0.813736 ^ _41_/Y (sky130_fd_sc_hd__nor2_1)
                                                         _24_ (net)
                      0.090577    0.000099    0.813835 ^ _42_/C1 (sky130_fd_sc_hd__a211o_1)
     1    0.002371    0.033858    0.096492    0.910327 ^ _42_/X (sky130_fd_sc_hd__a211o_1)
                                                         _10_ (net)
                      0.033858    0.000049    0.910376 ^ _57_/D (sky130_fd_sc_hd__dfrtp_1)
                                              0.910376   data arrival time

                                  0.000000    0.000000   clock clk (rise edge)
                                  0.000000    0.000000   clock source latency
     1    0.009926    0.051094    0.033813    0.033813 ^ clk (in)
                                                         clk (net)
                      0.051095    0.000000    0.033813 ^ clkbuf_0_clk/A (sky130_fd_sc_hd__clkbuf_16)
     2    0.019238    0.041191    0.126737    0.160550 ^ clkbuf_0_clk/X (sky130_fd_sc_hd__clkbuf_16)
                                                         clknet_0_clk (net)
                      0.041194    0.000659    0.161209 ^ clkbuf_1_0__f_clk/A (sky130_fd_sc_hd__clkbuf_16)
     4    0.010504    0.033772    0.114916    0.276125 ^ clkbuf_1_0__f_clk/X (sky130_fd_sc_hd__clkbuf_16)
                                                         clknet_1_0__leaf_clk (net)
                      0.033772    0.000304    0.276430 ^ _57_/CLK (sky130_fd_sc_hd__dfrtp_1)
                                  0.250000    0.526430   clock uncertainty
                                  0.000000    0.526430   clock reconvergence pessimism
                                 -0.033960    0.492470   library hold time
                                              0.492470   data required time
---------------------------------------------------------------------------------------------
                                              0.492470   data required time
                                             -0.910376   data arrival time
---------------------------------------------------------------------------------------------
                                              0.417906   slack (MET)


Startpoint: _54_ (rising edge-triggered flip-flop clocked by clk)
Endpoint: _60_ (rising edge-triggered flip-flop clocked by clk)
Path Group: clk
Path Type: min

Fanout         Cap        Slew       Delay        Time   Description
---------------------------------------------------------------------------------------------
                                  0.000000    0.000000   clock clk (rise edge)
                                  0.000000    0.000000   clock source latency
     1    0.009926    0.051094    0.033813    0.033813 ^ clk (in)
                                                         clk (net)
                      0.051095    0.000000    0.033813 ^ clkbuf_0_clk/A (sky130_fd_sc_hd__clkbuf_16)
     2    0.019238    0.041191    0.126737    0.160550 ^ clkbuf_0_clk/X (sky130_fd_sc_hd__clkbuf_16)
                                                         clknet_0_clk (net)
                      0.041194    0.000659    0.161209 ^ clkbuf_1_0__f_clk/A (sky130_fd_sc_hd__clkbuf_16)
     4    0.010504    0.033772    0.114916    0.276125 ^ clkbuf_1_0__f_clk/X (sky130_fd_sc_hd__clkbuf_16)
                                                         clknet_1_0__leaf_clk (net)
                      0.033772    0.000346    0.276471 ^ _54_/CLK (sky130_fd_sc_hd__dfrtp_1)
     4    0.011833    0.115235    0.370021    0.646492 ^ _54_/Q (sky130_fd_sc_hd__dfrtp_1)
                                                         u_pcs.rd_pos (net)
                      0.115235    0.000227    0.646719 ^ _34_/B (sky130_fd_sc_hd__and2_1)
     3    0.009785    0.107160    0.182728    0.829447 ^ _34_/X (sky130_fd_sc_hd__and2_1)
                                                         _21_ (net)
                      0.107160    0.000320    0.829767 ^ _36_/C1 (sky130_fd_sc_hd__a211o_1)
     1    0.003261    0.040599    0.107653    0.937420 ^ _36_/X (sky130_fd_sc_hd__a211o_1)
                                                         _13_ (net)
                      0.040599    0.000103    0.937523 ^ _60_/D (sky130_fd_sc_hd__dfrtp_1)
                                              0.937523   data arrival time

                                  0.000000    0.000000   clock clk (rise edge)
                                  0.000000    0.000000   clock source latency
     1    0.009926    0.051094    0.033813    0.033813 ^ clk (in)
                                                         clk (net)
                      0.051095    0.000000    0.033813 ^ clkbuf_0_clk/A (sky130_fd_sc_hd__clkbuf_16)
     2    0.019238    0.041191    0.126737    0.160550 ^ clkbuf_0_clk/X (sky130_fd_sc_hd__clkbuf_16)
                                                         clknet_0_clk (net)
                      0.041194    0.000658    0.161208 ^ clkbuf_1_1__f_clk/A (sky130_fd_sc_hd__clkbuf_16)
     4    0.010349    0.033640    0.114768    0.275976 ^ clkbuf_1_1__f_clk/X (sky130_fd_sc_hd__clkbuf_16)
                                                         clknet_1_1__leaf_clk (net)
                      0.033640    0.000354    0.276330 ^ _60_/CLK (sky130_fd_sc_hd__dfrtp_1)
                                  0.250000    0.526330   clock uncertainty
                                  0.000000    0.526330   clock reconvergence pessimism
                                 -0.035393    0.490937   library hold time
                                              0.490937   data required time
---------------------------------------------------------------------------------------------
                                              0.490937   data required time
                                             -0.937523   data arrival time
---------------------------------------------------------------------------------------------
                                              0.446586   slack (MET)


Startpoint: _54_ (rising edge-triggered flip-flop clocked by clk)
Endpoint: _59_ (rising edge-triggered flip-flop clocked by clk)
Path Group: clk
Path Type: min

Fanout         Cap        Slew       Delay        Time   Description
---------------------------------------------------------------------------------------------
                                  0.000000    0.000000   clock clk (rise edge)
                                  0.000000    0.000000   clock source latency
     1    0.009926    0.051094    0.033813    0.033813 ^ clk (in)
                                                         clk (net)
                      0.051095    0.000000    0.033813 ^ clkbuf_0_clk/A (sky130_fd_sc_hd__clkbuf_16)
     2    0.019238    0.041191    0.126737    0.160550 ^ clkbuf_0_clk/X (sky130_fd_sc_hd__clkbuf_16)
                                                         clknet_0_clk (net)
                      0.041194    0.000659    0.161209 ^ clkbuf_1_0__f_clk/A (sky130_fd_sc_hd__clkbuf_16)
     4    0.010504    0.033772    0.114916    0.276125 ^ clkbuf_1_0__f_clk/X (sky130_fd_sc_hd__clkbuf_16)
                                                         clknet_1_0__leaf_clk (net)
                      0.033772    0.000346    0.276471 ^ _54_/CLK (sky130_fd_sc_hd__dfrtp_1)
     4    0.011117    0.075543    0.392074    0.668545 v _54_/Q (sky130_fd_sc_hd__dfrtp_1)
                                                         u_pcs.rd_pos (net)
                      0.075543    0.000203    0.668748 v _37_/A_N (sky130_fd_sc_hd__and2b_1)
     4    0.012539    0.121921    0.257796    0.926544 ^ _37_/X (sky130_fd_sc_hd__and2b_1)
                                                         _22_ (net)
                      0.121921    0.000324    0.926868 ^ _38_/C1 (sky130_fd_sc_hd__a211oi_1)
     1    0.002810    0.045557    0.058815    0.985682 v _38_/Y (sky130_fd_sc_hd__a211oi_1)
                                                         _12_ (net)
                      0.045557    0.000065    0.985747 v _59_/D (sky130_fd_sc_hd__dfrtp_1)
                                              0.985747   data arrival time

                                  0.000000    0.000000   clock clk (rise edge)
                                  0.000000    0.000000   clock source latency
     1    0.009926    0.051094    0.033813    0.033813 ^ clk (in)
                                                         clk (net)
                      0.051095    0.000000    0.033813 ^ clkbuf_0_clk/A (sky130_fd_sc_hd__clkbuf_16)
     2    0.019238    0.041191    0.126737    0.160550 ^ clkbuf_0_clk/X (sky130_fd_sc_hd__clkbuf_16)
                                                         clknet_0_clk (net)
                      0.041194    0.000659    0.161209 ^ clkbuf_1_0__f_clk/A (sky130_fd_sc_hd__clkbuf_16)
     4    0.010504    0.033772    0.114916    0.276125 ^ clkbuf_1_0__f_clk/X (sky130_fd_sc_hd__clkbuf_16)
                                                         clknet_1_0__leaf_clk (net)
                      0.033772    0.000310    0.276435 ^ _59_/CLK (sky130_fd_sc_hd__dfrtp_1)
                                  0.250000    0.526435   clock uncertainty
                                  0.000000    0.526435   clock reconvergence pessimism
                                 -0.048563    0.477872   library hold time
                                              0.477872   data required time
---------------------------------------------------------------------------------------------
                                              0.477872   data required time
                                             -0.985747   data arrival time
---------------------------------------------------------------------------------------------
                                              0.507875   slack (MET)


Startpoint: _54_ (rising edge-triggered flip-flop clocked by clk)
Endpoint: _58_ (rising edge-triggered flip-flop clocked by clk)
Path Group: clk
Path Type: min

Fanout         Cap        Slew       Delay        Time   Description
---------------------------------------------------------------------------------------------
                                  0.000000    0.000000   clock clk (rise edge)
                                  0.000000    0.000000   clock source latency
     1    0.009926    0.051094    0.033813    0.033813 ^ clk (in)
                                                         clk (net)
                      0.051095    0.000000    0.033813 ^ clkbuf_0_clk/A (sky130_fd_sc_hd__clkbuf_16)
     2    0.019238    0.041191    0.126737    0.160550 ^ clkbuf_0_clk/X (sky130_fd_sc_hd__clkbuf_16)
                                                         clknet_0_clk (net)
                      0.041194    0.000659    0.161209 ^ clkbuf_1_0__f_clk/A (sky130_fd_sc_hd__clkbuf_16)
     4    0.010504    0.033772    0.114916    0.276125 ^ clkbuf_1_0__f_clk/X (sky130_fd_sc_hd__clkbuf_16)
                                                         clknet_1_0__leaf_clk (net)
                      0.033772    0.000346    0.276471 ^ _54_/CLK (sky130_fd_sc_hd__dfrtp_1)
     4    0.011117    0.075543    0.392074    0.668545 v _54_/Q (sky130_fd_sc_hd__dfrtp_1)
                                                         u_pcs.rd_pos (net)
                      0.075543    0.000203    0.668748 v _37_/A_N (sky130_fd_sc_hd__and2b_1)
     4    0.012539    0.121921    0.257796    0.926544 ^ _37_/X (sky130_fd_sc_hd__and2b_1)
                                                         _22_ (net)
                      0.121921    0.000337    0.926881 ^ _39_/C1 (sky130_fd_sc_hd__a211o_1)
     1    0.002928    0.038408    0.110058    1.036939 ^ _39_/X (sky130_fd_sc_hd__a211o_1)
                                                         _11_ (net)
                      0.038408    0.000069    1.037008 ^ _58_/D (sky130_fd_sc_hd__dfrtp_1)
                                              1.037008   data arrival time

                                  0.000000    0.000000   clock clk (rise edge)
                                  0.000000    0.000000   clock source latency
     1    0.009926    0.051094    0.033813    0.033813 ^ clk (in)
                                                         clk (net)
                      0.051095    0.000000    0.033813 ^ clkbuf_0_clk/A (sky130_fd_sc_hd__clkbuf_16)
     2    0.019238    0.041191    0.126737    0.160550 ^ clkbuf_0_clk/X (sky130_fd_sc_hd__clkbuf_16)
                                                         clknet_0_clk (net)
                      0.041194    0.000659    0.161209 ^ clkbuf_1_0__f_clk/A (sky130_fd_sc_hd__clkbuf_16)
     4    0.010504    0.033772    0.114916    0.276125 ^ clkbuf_1_0__f_clk/X (sky130_fd_sc_hd__clkbuf_16)
                                                         clknet_1_0__leaf_clk (net)
                      0.033772    0.000337    0.276462 ^ _58_/CLK (sky130_fd_sc_hd__dfrtp_1)
                                  0.250000    0.526462   clock uncertainty
                                  0.000000    0.526462   clock reconvergence pessimism
                                 -0.034915    0.491547   library hold time
                                              0.491547   data required time
---------------------------------------------------------------------------------------------
                                              0.491547   data required time
                                             -1.037008   data arrival time
---------------------------------------------------------------------------------------------
                                              0.545461   slack (MET)


Startpoint: _54_ (rising edge-triggered flip-flop clocked by clk)
Endpoint: _56_ (rising edge-triggered flip-flop clocked by clk)
Path Group: clk
Path Type: min

Fanout         Cap        Slew       Delay        Time   Description
---------------------------------------------------------------------------------------------
                                  0.000000    0.000000   clock clk (rise edge)
                                  0.000000    0.000000   clock source latency
     1    0.009926    0.051094    0.033813    0.033813 ^ clk (in)
                                                         clk (net)
                      0.051095    0.000000    0.033813 ^ clkbuf_0_clk/A (sky130_fd_sc_hd__clkbuf_16)
     2    0.019238    0.041191    0.126737    0.160550 ^ clkbuf_0_clk/X (sky130_fd_sc_hd__clkbuf_16)
                                                         clknet_0_clk (net)
                      0.041194    0.000659    0.161209 ^ clkbuf_1_0__f_clk/A (sky130_fd_sc_hd__clkbuf_16)
     4    0.010504    0.033772    0.114916    0.276125 ^ clkbuf_1_0__f_clk/X (sky130_fd_sc_hd__clkbuf_16)
                                                         clknet_1_0__leaf_clk (net)
                      0.033772    0.000346    0.276471 ^ _54_/CLK (sky130_fd_sc_hd__dfrtp_1)
     4    0.011833    0.115235    0.370021    0.646492 ^ _54_/Q (sky130_fd_sc_hd__dfrtp_1)
                                                         u_pcs.rd_pos (net)
                      0.115235    0.000227    0.646719 ^ _34_/B (sky130_fd_sc_hd__and2_1)
     3    0.009785    0.107160    0.182728    0.829447 ^ _34_/X (sky130_fd_sc_hd__and2_1)
                                                         _21_ (net)
                      0.107160    0.000300    0.829748 ^ _43_/A1 (sky130_fd_sc_hd__mux2_1)
     1    0.003951    0.050123    0.146890    0.976638 ^ _43_/X (sky130_fd_sc_hd__mux2_1)
                                                         _25_ (net)
                      0.050123    0.000109    0.976747 ^ _44_/B2 (sky130_fd_sc_hd__a22o_1)
     1    0.002471    0.040525    0.113412    1.090159 ^ _44_/X (sky130_fd_sc_hd__a22o_1)
                                                         _09_ (net)
                      0.040525    0.000053    1.090213 ^ _56_/D (sky130_fd_sc_hd__dfrtp_1)
                                              1.090213   data arrival time

                                  0.000000    0.000000   clock clk (rise edge)
                                  0.000000    0.000000   clock source latency
     1    0.009926    0.051094    0.033813    0.033813 ^ clk (in)
                                                         clk (net)
                      0.051095    0.000000    0.033813 ^ clkbuf_0_clk/A (sky130_fd_sc_hd__clkbuf_16)
     2    0.019238    0.041191    0.126737    0.160550 ^ clkbuf_0_clk/X (sky130_fd_sc_hd__clkbuf_16)
                                                         clknet_0_clk (net)
                      0.041194    0.000658    0.161208 ^ clkbuf_1_1__f_clk/A (sky130_fd_sc_hd__clkbuf_16)
     4    0.010349    0.033640    0.114768    0.275976 ^ clkbuf_1_1__f_clk/X (sky130_fd_sc_hd__clkbuf_16)
                                                         clknet_1_1__leaf_clk (net)
                      0.033640    0.000360    0.276336 ^ _56_/CLK (sky130_fd_sc_hd__dfrtp_1)
                                  0.250000    0.526336   clock uncertainty
                                  0.000000    0.526336   clock reconvergence pessimism
                                 -0.035377    0.490959   library hold time
                                              0.490959   data required time
---------------------------------------------------------------------------------------------
                                              0.490959   data required time
                                             -1.090213   data arrival time
---------------------------------------------------------------------------------------------
                                              0.599254   slack (MET)


Startpoint: eth_valid_in (input port clocked by clk)
Endpoint: _55_ (rising edge-triggered flip-flop clocked by clk)
Path Group: clk
Path Type: min

Fanout         Cap        Slew       Delay        Time   Description
---------------------------------------------------------------------------------------------
                                  0.000000    0.000000   clock clk (rise edge)
                                  0.000000    0.000000   clock network delay (propagated)
                                  1.000000    1.000000 v input external delay
     1    0.003598    0.010486    0.005797    1.005797 v eth_valid_in (in)
                                                         eth_valid_in (net)
                      0.010491    0.000000    1.005797 v input9/A (sky130_fd_sc_hd__buf_1)
     5    0.016012    0.097871    0.130701    1.136499 v input9/X (sky130_fd_sc_hd__buf_1)
                                                         net9 (net)
                      0.097872    0.000488    1.136987 v _55_/D (sky130_fd_sc_hd__dfrtp_1)
                                              1.136987   data arrival time

                                  0.000000    0.000000   clock clk (rise edge)
                                  0.000000    0.000000   clock source latency
     1    0.009926    0.051094    0.033813    0.033813 ^ clk (in)
                                                         clk (net)
                      0.051095    0.000000    0.033813 ^ clkbuf_0_clk/A (sky130_fd_sc_hd__clkbuf_16)
     2    0.019238    0.041191    0.126737    0.160550 ^ clkbuf_0_clk/X (sky130_fd_sc_hd__clkbuf_16)
                                                         clknet_0_clk (net)
                      0.041194    0.000658    0.161208 ^ clkbuf_1_1__f_clk/A (sky130_fd_sc_hd__clkbuf_16)
     4    0.010349    0.033640    0.114768    0.275976 ^ clkbuf_1_1__f_clk/X (sky130_fd_sc_hd__clkbuf_16)
                                                         clknet_1_1__leaf_clk (net)
                      0.033640    0.000300    0.276276 ^ _55_/CLK (sky130_fd_sc_hd__dfrtp_1)
                                  0.250000    0.526275   clock uncertainty
                                  0.000000    0.526275   clock reconvergence pessimism
                                 -0.069895    0.456380   library hold time
                                              0.456380   data required time
---------------------------------------------------------------------------------------------
                                              0.456380   data required time
                                             -1.136987   data arrival time
---------------------------------------------------------------------------------------------
                                              0.680607   slack (MET)


Startpoint: rst (input port clocked by clk)
Endpoint: _54_ (removal check against rising-edge clock clk)
Path Group: asynchronous
Path Type: min

Fanout         Cap        Slew       Delay        Time   Description
---------------------------------------------------------------------------------------------
                                  0.000000    0.000000   clock clk (rise edge)
                                  0.000000    0.000000   clock network delay (propagated)
                                  1.000000    1.000000 v input external delay
     1    0.002150    0.007131    0.003345    1.003345 v rst (in)
                                                         rst (net)
                      0.007131    0.000000    1.003345 v hold1/A (sky130_fd_sc_hd__dlygate4sd3_1)
     1    0.003431    0.056996    0.539748    1.543093 v hold1/X (sky130_fd_sc_hd__dlygate4sd3_1)
                                                         net22 (net)
                      0.056996    0.000091    1.543184 v input10/A (sky130_fd_sc_hd__clkbuf_4)
     8    0.040105    0.090093    0.196656    1.739840 v input10/X (sky130_fd_sc_hd__clkbuf_4)
                                                         net10 (net)
                      0.090106    0.001079    1.740919 v _30_/A (sky130_fd_sc_hd__inv_2)
     1    0.003881    0.035160    0.060659    1.801579 ^ _30_/Y (sky130_fd_sc_hd__inv_2)
                                                         _00_ (net)
                      0.035160    0.000078    1.801657 ^ _54_/RESET_B (sky130_fd_sc_hd__dfrtp_1)
                                              1.801657   data arrival time

                                  0.000000    0.000000   clock clk (rise edge)
                                  0.000000    0.000000   clock source latency
     1    0.009926    0.051094    0.033813    0.033813 ^ clk (in)
                                                         clk (net)
                      0.051095    0.000000    0.033813 ^ clkbuf_0_clk/A (sky130_fd_sc_hd__clkbuf_16)
     2    0.019238    0.041191    0.126737    0.160550 ^ clkbuf_0_clk/X (sky130_fd_sc_hd__clkbuf_16)
                                                         clknet_0_clk (net)
                      0.041194    0.000659    0.161209 ^ clkbuf_1_0__f_clk/A (sky130_fd_sc_hd__clkbuf_16)
     4    0.010504    0.033772    0.114916    0.276125 ^ clkbuf_1_0__f_clk/X (sky130_fd_sc_hd__clkbuf_16)
                                                         clknet_1_0__leaf_clk (net)
                      0.033772    0.000346    0.276471 ^ _54_/CLK (sky130_fd_sc_hd__dfrtp_1)
                                  0.250000    0.526471   clock uncertainty
                                  0.000000    0.526471   clock reconvergence pessimism
                                  0.314480    0.840951   library removal time
                                              0.840951   data required time
---------------------------------------------------------------------------------------------
                                              0.840951   data required time
                                             -1.801657   data arrival time
---------------------------------------------------------------------------------------------
                                              0.960706   slack (MET)


Startpoint: rst (input port clocked by clk)
Endpoint: _60_ (removal check against rising-edge clock clk)
Path Group: asynchronous
Path Type: min

Fanout         Cap        Slew       Delay        Time   Description
---------------------------------------------------------------------------------------------
                                  0.000000    0.000000   clock clk (rise edge)
                                  0.000000    0.000000   clock network delay (propagated)
                                  1.000000    1.000000 v input external delay
     1    0.002150    0.007131    0.003345    1.003345 v rst (in)
                                                         rst (net)
                      0.007131    0.000000    1.003345 v hold1/A (sky130_fd_sc_hd__dlygate4sd3_1)
     1    0.003431    0.056996    0.539748    1.543093 v hold1/X (sky130_fd_sc_hd__dlygate4sd3_1)
                                                         net22 (net)
                      0.056996    0.000091    1.543184 v input10/A (sky130_fd_sc_hd__clkbuf_4)
     8    0.040105    0.090093    0.196656    1.739840 v input10/X (sky130_fd_sc_hd__clkbuf_4)
                                                         net10 (net)
                      0.090101    0.000892    1.740733 v _52_/A (sky130_fd_sc_hd__inv_2)
     1    0.004758    0.038333    0.064386    1.805118 ^ _52_/Y (sky130_fd_sc_hd__inv_2)
                                                         _06_ (net)
                      0.038333    0.000130    1.805248 ^ _60_/RESET_B (sky130_fd_sc_hd__dfrtp_1)
                                              1.805248   data arrival time

                                  0.000000    0.000000   clock clk (rise edge)
                                  0.000000    0.000000   clock source latency
     1    0.009926    0.051094    0.033813    0.033813 ^ clk (in)
                                                         clk (net)
                      0.051095    0.000000    0.033813 ^ clkbuf_0_clk/A (sky130_fd_sc_hd__clkbuf_16)
     2    0.019238    0.041191    0.126737    0.160550 ^ clkbuf_0_clk/X (sky130_fd_sc_hd__clkbuf_16)
                                                         clknet_0_clk (net)
                      0.041194    0.000658    0.161208 ^ clkbuf_1_1__f_clk/A (sky130_fd_sc_hd__clkbuf_16)
     4    0.010349    0.033640    0.114768    0.275976 ^ clkbuf_1_1__f_clk/X (sky130_fd_sc_hd__clkbuf_16)
                                                         clknet_1_1__leaf_clk (net)
                      0.033640    0.000354    0.276330 ^ _60_/CLK (sky130_fd_sc_hd__dfrtp_1)
                                  0.250000    0.526330   clock uncertainty
                                  0.000000    0.526330   clock reconvergence pessimism
                                  0.315317    0.841647   library removal time
                                              0.841647   data required time
---------------------------------------------------------------------------------------------
                                              0.841647   data required time
                                             -1.805248   data arrival time
---------------------------------------------------------------------------------------------
                                              0.963601   slack (MET)


Startpoint: rst (input port clocked by clk)
Endpoint: _57_ (removal check against rising-edge clock clk)
Path Group: asynchronous
Path Type: min

Fanout         Cap        Slew       Delay        Time   Description
---------------------------------------------------------------------------------------------
                                  0.000000    0.000000   clock clk (rise edge)
                                  0.000000    0.000000   clock network delay (propagated)
                                  1.000000    1.000000 v input external delay
     1    0.002150    0.007131    0.003345    1.003345 v rst (in)
                                                         rst (net)
                      0.007131    0.000000    1.003345 v hold1/A (sky130_fd_sc_hd__dlygate4sd3_1)
     1    0.003431    0.056996    0.539748    1.543093 v hold1/X (sky130_fd_sc_hd__dlygate4sd3_1)
                                                         net22 (net)
                      0.056996    0.000091    1.543184 v input10/A (sky130_fd_sc_hd__clkbuf_4)
     8    0.040105    0.090093    0.196656    1.739840 v input10/X (sky130_fd_sc_hd__clkbuf_4)
                                                         net10 (net)
                      0.090106    0.001080    1.740921 v _49_/A (sky130_fd_sc_hd__inv_2)
     1    0.004754    0.038323    0.064386    1.805307 ^ _49_/Y (sky130_fd_sc_hd__inv_2)
                                                         _03_ (net)
                      0.038323    0.000092    1.805399 ^ _57_/RESET_B (sky130_fd_sc_hd__dfrtp_1)
                                              1.805399   data arrival time

                                  0.000000    0.000000   clock clk (rise edge)
                                  0.000000    0.000000   clock source latency
     1    0.009926    0.051094    0.033813    0.033813 ^ clk (in)
                                                         clk (net)
                      0.051095    0.000000    0.033813 ^ clkbuf_0_clk/A (sky130_fd_sc_hd__clkbuf_16)
     2    0.019238    0.041191    0.126737    0.160550 ^ clkbuf_0_clk/X (sky130_fd_sc_hd__clkbuf_16)
                                                         clknet_0_clk (net)
                      0.041194    0.000659    0.161209 ^ clkbuf_1_0__f_clk/A (sky130_fd_sc_hd__clkbuf_16)
     4    0.010504    0.033772    0.114916    0.276125 ^ clkbuf_1_0__f_clk/X (sky130_fd_sc_hd__clkbuf_16)
                                                         clknet_1_0__leaf_clk (net)
                      0.033772    0.000304    0.276430 ^ _57_/CLK (sky130_fd_sc_hd__dfrtp_1)
                                  0.250000    0.526430   clock uncertainty
                                  0.000000    0.526430   clock reconvergence pessimism
                                  0.315350    0.841780   library removal time
                                              0.841780   data required time
---------------------------------------------------------------------------------------------
                                              0.841780   data required time
                                             -1.805399   data arrival time
---------------------------------------------------------------------------------------------
                                              0.963619   slack (MET)


Startpoint: rst (input port clocked by clk)
Endpoint: _56_ (removal check against rising-edge clock clk)
Path Group: asynchronous
Path Type: min

Fanout         Cap        Slew       Delay        Time   Description
---------------------------------------------------------------------------------------------
                                  0.000000    0.000000   clock clk (rise edge)
                                  0.000000    0.000000   clock network delay (propagated)
                                  1.000000    1.000000 v input external delay
     1    0.002150    0.007131    0.003345    1.003345 v rst (in)
                                                         rst (net)
                      0.007131    0.000000    1.003345 v hold1/A (sky130_fd_sc_hd__dlygate4sd3_1)
     1    0.003431    0.056996    0.539748    1.543093 v hold1/X (sky130_fd_sc_hd__dlygate4sd3_1)
                                                         net22 (net)
                      0.056996    0.000091    1.543184 v input10/A (sky130_fd_sc_hd__clkbuf_4)
     8    0.040105    0.090093    0.196656    1.739840 v input10/X (sky130_fd_sc_hd__clkbuf_4)
                                                         net10 (net)
                      0.090101    0.000886    1.740726 v _48_/A (sky130_fd_sc_hd__inv_2)
     1    0.004820    0.038539    0.064602    1.805328 ^ _48_/Y (sky130_fd_sc_hd__inv_2)
                                                         _02_ (net)
                      0.038540    0.000136    1.805465 ^ _56_/RESET_B (sky130_fd_sc_hd__dfrtp_1)
                                              1.805465   data arrival time

                                  0.000000    0.000000   clock clk (rise edge)
                                  0.000000    0.000000   clock source latency
     1    0.009926    0.051094    0.033813    0.033813 ^ clk (in)
                                                         clk (net)
                      0.051095    0.000000    0.033813 ^ clkbuf_0_clk/A (sky130_fd_sc_hd__clkbuf_16)
     2    0.019238    0.041191    0.126737    0.160550 ^ clkbuf_0_clk/X (sky130_fd_sc_hd__clkbuf_16)
                                                         clknet_0_clk (net)
                      0.041194    0.000658    0.161208 ^ clkbuf_1_1__f_clk/A (sky130_fd_sc_hd__clkbuf_16)
     4    0.010349    0.033640    0.114768    0.275976 ^ clkbuf_1_1__f_clk/X (sky130_fd_sc_hd__clkbuf_16)
                                                         clknet_1_1__leaf_clk (net)
                      0.033640    0.000360    0.276336 ^ _56_/CLK (sky130_fd_sc_hd__dfrtp_1)
                                  0.250000    0.526336   clock uncertainty
                                  0.000000    0.526336   clock reconvergence pessimism
                                  0.315374    0.841710   library removal time
                                              0.841710   data required time
---------------------------------------------------------------------------------------------
                                              0.841710   data required time
                                             -1.805465   data arrival time
---------------------------------------------------------------------------------------------
                                              0.963754   slack (MET)


Startpoint: rst (input port clocked by clk)
Endpoint: _58_ (removal check against rising-edge clock clk)
Path Group: asynchronous
Path Type: min

Fanout         Cap        Slew       Delay        Time   Description
---------------------------------------------------------------------------------------------
                                  0.000000    0.000000   clock clk (rise edge)
                                  0.000000    0.000000   clock network delay (propagated)
                                  1.000000    1.000000 v input external delay
     1    0.002150    0.007131    0.003345    1.003345 v rst (in)
                                                         rst (net)
                      0.007131    0.000000    1.003345 v hold1/A (sky130_fd_sc_hd__dlygate4sd3_1)
     1    0.003431    0.056996    0.539748    1.543093 v hold1/X (sky130_fd_sc_hd__dlygate4sd3_1)
                                                         net22 (net)
                      0.056996    0.000091    1.543184 v input10/A (sky130_fd_sc_hd__clkbuf_4)
     8    0.040105    0.090093    0.196656    1.739840 v input10/X (sky130_fd_sc_hd__clkbuf_4)
                                                         net10 (net)
                      0.090106    0.001085    1.740925 v _50_/A (sky130_fd_sc_hd__inv_2)
     1    0.005139    0.039593    0.065708    1.806633 ^ _50_/Y (sky130_fd_sc_hd__inv_2)
                                                         _04_ (net)
                      0.039593    0.000161    1.806794 ^ _58_/RESET_B (sky130_fd_sc_hd__dfrtp_1)
                                              1.806794   data arrival time

                                  0.000000    0.000000   clock clk (rise edge)
                                  0.000000    0.000000   clock source latency
     1    0.009926    0.051094    0.033813    0.033813 ^ clk (in)
                                                         clk (net)
                      0.051095    0.000000    0.033813 ^ clkbuf_0_clk/A (sky130_fd_sc_hd__clkbuf_16)
     2    0.019238    0.041191    0.126737    0.160550 ^ clkbuf_0_clk/X (sky130_fd_sc_hd__clkbuf_16)
                                                         clknet_0_clk (net)
                      0.041194    0.000659    0.161209 ^ clkbuf_1_0__f_clk/A (sky130_fd_sc_hd__clkbuf_16)
     4    0.010504    0.033772    0.114916    0.276125 ^ clkbuf_1_0__f_clk/X (sky130_fd_sc_hd__clkbuf_16)
                                                         clknet_1_0__leaf_clk (net)
                      0.033772    0.000337    0.276462 ^ _58_/CLK (sky130_fd_sc_hd__dfrtp_1)
                                  0.250000    0.526462   clock uncertainty
                                  0.000000    0.526462   clock reconvergence pessimism
                                  0.315700    0.842162   library removal time
                                              0.842162   data required time
---------------------------------------------------------------------------------------------
                                              0.842162   data required time
                                             -1.806794   data arrival time
---------------------------------------------------------------------------------------------
                                              0.964633   slack (MET)


Startpoint: rst (input port clocked by clk)
Endpoint: _59_ (removal check against rising-edge clock clk)
Path Group: asynchronous
Path Type: min

Fanout         Cap        Slew       Delay        Time   Description
---------------------------------------------------------------------------------------------
                                  0.000000    0.000000   clock clk (rise edge)
                                  0.000000    0.000000   clock network delay (propagated)
                                  1.000000    1.000000 v input external delay
     1    0.002150    0.007131    0.003345    1.003345 v rst (in)
                                                         rst (net)
                      0.007131    0.000000    1.003345 v hold1/A (sky130_fd_sc_hd__dlygate4sd3_1)
     1    0.003431    0.056996    0.539748    1.543093 v hold1/X (sky130_fd_sc_hd__dlygate4sd3_1)
                                                         net22 (net)
                      0.056996    0.000091    1.543184 v input10/A (sky130_fd_sc_hd__clkbuf_4)
     8    0.040105    0.090093    0.196656    1.739840 v input10/X (sky130_fd_sc_hd__clkbuf_4)
                                                         net10 (net)
                      0.090099    0.000786    1.740626 v _51_/A (sky130_fd_sc_hd__inv_2)
     1    0.005250    0.039956    0.066090    1.806716 ^ _51_/Y (sky130_fd_sc_hd__inv_2)
                                                         _05_ (net)
                      0.039956    0.000170    1.806885 ^ _59_/RESET_B (sky130_fd_sc_hd__dfrtp_1)
                                              1.806885   data arrival time

                                  0.000000    0.000000   clock clk (rise edge)
                                  0.000000    0.000000   clock source latency
     1    0.009926    0.051094    0.033813    0.033813 ^ clk (in)
                                                         clk (net)
                      0.051095    0.000000    0.033813 ^ clkbuf_0_clk/A (sky130_fd_sc_hd__clkbuf_16)
     2    0.019238    0.041191    0.126737    0.160550 ^ clkbuf_0_clk/X (sky130_fd_sc_hd__clkbuf_16)
                                                         clknet_0_clk (net)
                      0.041194    0.000659    0.161209 ^ clkbuf_1_0__f_clk/A (sky130_fd_sc_hd__clkbuf_16)
     4    0.010504    0.033772    0.114916    0.276125 ^ clkbuf_1_0__f_clk/X (sky130_fd_sc_hd__clkbuf_16)
                                                         clknet_1_0__leaf_clk (net)
                      0.033772    0.000310    0.276435 ^ _59_/CLK (sky130_fd_sc_hd__dfrtp_1)
                                  0.250000    0.526435   clock uncertainty
                                  0.000000    0.526435   clock reconvergence pessimism
                                  0.315800    0.842235   library removal time
                                              0.842235   data required time
---------------------------------------------------------------------------------------------
                                              0.842235   data required time
                                             -1.806885   data arrival time
---------------------------------------------------------------------------------------------
                                              0.964650   slack (MET)


Startpoint: rst (input port clocked by clk)
Endpoint: _55_ (removal check against rising-edge clock clk)
Path Group: asynchronous
Path Type: min

Fanout         Cap        Slew       Delay        Time   Description
---------------------------------------------------------------------------------------------
                                  0.000000    0.000000   clock clk (rise edge)
                                  0.000000    0.000000   clock network delay (propagated)
                                  1.000000    1.000000 v input external delay
     1    0.002150    0.007131    0.003345    1.003345 v rst (in)
                                                         rst (net)
                      0.007131    0.000000    1.003345 v hold1/A (sky130_fd_sc_hd__dlygate4sd3_1)
     1    0.003431    0.056996    0.539748    1.543093 v hold1/X (sky130_fd_sc_hd__dlygate4sd3_1)
                                                         net22 (net)
                      0.056996    0.000091    1.543184 v input10/A (sky130_fd_sc_hd__clkbuf_4)
     8    0.040105    0.090093    0.196656    1.739840 v input10/X (sky130_fd_sc_hd__clkbuf_4)
                                                         net10 (net)
                      0.090099    0.000780    1.740621 v _47_/A (sky130_fd_sc_hd__inv_2)
     1    0.005223    0.039868    0.065997    1.806618 ^ _47_/Y (sky130_fd_sc_hd__inv_2)
                                                         _01_ (net)
                      0.039868    0.000166    1.806784 ^ _55_/RESET_B (sky130_fd_sc_hd__dfrtp_1)
                                              1.806784   data arrival time

                                  0.000000    0.000000   clock clk (rise edge)
                                  0.000000    0.000000   clock source latency
     1    0.009926    0.051094    0.033813    0.033813 ^ clk (in)
                                                         clk (net)
                      0.051095    0.000000    0.033813 ^ clkbuf_0_clk/A (sky130_fd_sc_hd__clkbuf_16)
     2    0.019238    0.041191    0.126737    0.160550 ^ clkbuf_0_clk/X (sky130_fd_sc_hd__clkbuf_16)
                                                         clknet_0_clk (net)
                      0.041194    0.000658    0.161208 ^ clkbuf_1_1__f_clk/A (sky130_fd_sc_hd__clkbuf_16)
     4    0.010349    0.033640    0.114768    0.275976 ^ clkbuf_1_1__f_clk/X (sky130_fd_sc_hd__clkbuf_16)
                                                         clknet_1_1__leaf_clk (net)
                      0.033640    0.000300    0.276276 ^ _55_/CLK (sky130_fd_sc_hd__dfrtp_1)
                                  0.250000    0.526275   clock uncertainty
                                  0.000000    0.526275   clock reconvergence pessimism
                                  0.315740    0.842015   library removal time
                                              0.842015   data required time
---------------------------------------------------------------------------------------------
                                              0.842015   data required time
                                             -1.806784   data arrival time
---------------------------------------------------------------------------------------------
                                              0.964769   slack (MET)


Startpoint: rst (input port clocked by clk)
Endpoint: _61_ (removal check against rising-edge clock clk)
Path Group: asynchronous
Path Type: min

Fanout         Cap        Slew       Delay        Time   Description
---------------------------------------------------------------------------------------------
                                  0.000000    0.000000   clock clk (rise edge)
                                  0.000000    0.000000   clock network delay (propagated)
                                  1.000000    1.000000 v input external delay
     1    0.002150    0.007131    0.003345    1.003345 v rst (in)
                                                         rst (net)
                      0.007131    0.000000    1.003345 v hold1/A (sky130_fd_sc_hd__dlygate4sd3_1)
     1    0.003431    0.056996    0.539748    1.543093 v hold1/X (sky130_fd_sc_hd__dlygate4sd3_1)
                                                         net22 (net)
                      0.056996    0.000091    1.543184 v input10/A (sky130_fd_sc_hd__clkbuf_4)
     8    0.040105    0.090093    0.196656    1.739840 v input10/X (sky130_fd_sc_hd__clkbuf_4)
                                                         net10 (net)
                      0.090099    0.000785    1.740625 v _53_/A (sky130_fd_sc_hd__inv_2)
     1    0.005307    0.040144    0.066289    1.806914 ^ _53_/Y (sky130_fd_sc_hd__inv_2)
                                                         _07_ (net)
                      0.040144    0.000170    1.807084 ^ _61_/RESET_B (sky130_fd_sc_hd__dfrtp_1)
                                              1.807084   data arrival time

                                  0.000000    0.000000   clock clk (rise edge)
                                  0.000000    0.000000   clock source latency
     1    0.009926    0.051094    0.033813    0.033813 ^ clk (in)
                                                         clk (net)
                      0.051095    0.000000    0.033813 ^ clkbuf_0_clk/A (sky130_fd_sc_hd__clkbuf_16)
     2    0.019238    0.041191    0.126737    0.160550 ^ clkbuf_0_clk/X (sky130_fd_sc_hd__clkbuf_16)
                                                         clknet_0_clk (net)
                      0.041194    0.000658    0.161208 ^ clkbuf_1_1__f_clk/A (sky130_fd_sc_hd__clkbuf_16)
     4    0.010349    0.033640    0.114768    0.275976 ^ clkbuf_1_1__f_clk/X (sky130_fd_sc_hd__clkbuf_16)
                                                         clknet_1_1__leaf_clk (net)
                      0.033640    0.000298    0.276273 ^ _61_/CLK (sky130_fd_sc_hd__dfrtp_1)
                                  0.250000    0.526273   clock uncertainty
                                  0.000000    0.526273   clock reconvergence pessimism
                                  0.315816    0.842089   library removal time
                                              0.842089   data required time
---------------------------------------------------------------------------------------------
                                              0.842089   data required time
                                             -1.807084   data arrival time
---------------------------------------------------------------------------------------------
                                              0.964995   slack (MET)


Startpoint: _55_ (rising edge-triggered flip-flop clocked by clk)
Endpoint: phy_valid_out (output port clocked by clk)
Path Group: clk
Path Type: min

Fanout         Cap        Slew       Delay        Time   Description
---------------------------------------------------------------------------------------------
                                  0.000000    0.000000   clock clk (rise edge)
                                  0.000000    0.000000   clock source latency
     1    0.009926    0.051094    0.033813    0.033813 ^ clk (in)
                                                         clk (net)
                      0.051095    0.000000    0.033813 ^ clkbuf_0_clk/A (sky130_fd_sc_hd__clkbuf_16)
     2    0.019238    0.041191    0.126737    0.160550 ^ clkbuf_0_clk/X (sky130_fd_sc_hd__clkbuf_16)
                                                         clknet_0_clk (net)
                      0.041194    0.000658    0.161208 ^ clkbuf_1_1__f_clk/A (sky130_fd_sc_hd__clkbuf_16)
     4    0.010349    0.033640    0.114768    0.275976 ^ clkbuf_1_1__f_clk/X (sky130_fd_sc_hd__clkbuf_16)
                                                         clknet_1_1__leaf_clk (net)
                      0.033640    0.000300    0.276276 ^ _55_/CLK (sky130_fd_sc_hd__dfrtp_1)
     1    0.003475    0.050368    0.315257    0.591533 ^ _55_/Q (sky130_fd_sc_hd__dfrtp_1)
                                                         net21 (net)
                      0.050368    0.000119    0.591652 ^ output21/A (sky130_fd_sc_hd__buf_2)
     1    0.034818    0.172742    0.201686    0.793338 ^ output21/X (sky130_fd_sc_hd__buf_2)
                                                         phy_valid_out (net)
                      0.172797    0.000896    0.794234 ^ phy_valid_out (out)
                                              0.794234   data arrival time

                                  0.000000    0.000000   clock clk (rise edge)
                                  0.000000    0.000000   clock network delay (propagated)
                                  0.250000    0.250000   clock uncertainty
                                  0.000000    0.250000   clock reconvergence pessimism
                                 -1.000000   -0.750000   output external delay
                                             -0.750000   data required time
---------------------------------------------------------------------------------------------
                                             -0.750000   data required time
                                             -0.794234   data arrival time
---------------------------------------------------------------------------------------------
                                              1.544234   slack (MET)


Startpoint: _58_ (rising edge-triggered flip-flop clocked by clk)
Endpoint: phy_data_out[3] (output port clocked by clk)
Path Group: clk
Path Type: min

Fanout         Cap        Slew       Delay        Time   Description
---------------------------------------------------------------------------------------------
                                  0.000000    0.000000   clock clk (rise edge)
                                  0.000000    0.000000   clock source latency
     1    0.009926    0.051094    0.033813    0.033813 ^ clk (in)
                                                         clk (net)
                      0.051095    0.000000    0.033813 ^ clkbuf_0_clk/A (sky130_fd_sc_hd__clkbuf_16)
     2    0.019238    0.041191    0.126737    0.160550 ^ clkbuf_0_clk/X (sky130_fd_sc_hd__clkbuf_16)
                                                         clknet_0_clk (net)
                      0.041194    0.000659    0.161209 ^ clkbuf_1_0__f_clk/A (sky130_fd_sc_hd__clkbuf_16)
     4    0.010504    0.033772    0.114916    0.276125 ^ clkbuf_1_0__f_clk/X (sky130_fd_sc_hd__clkbuf_16)
                                                         clknet_1_0__leaf_clk (net)
                      0.033772    0.000337    0.276462 ^ _58_/CLK (sky130_fd_sc_hd__dfrtp_1)
     2    0.004319    0.056596    0.321091    0.597553 ^ _58_/Q (sky130_fd_sc_hd__dfrtp_1)
                                                         net14 (net)
                      0.056596    0.000075    0.597628 ^ output14/A (sky130_fd_sc_hd__buf_2)
     1    0.034645    0.171955    0.203431    0.801059 ^ output14/X (sky130_fd_sc_hd__buf_2)
                                                         phy_data_out[3] (net)
                      0.171957    0.000927    0.801986 ^ phy_data_out[3] (out)
                                              0.801986   data arrival time

                                  0.000000    0.000000   clock clk (rise edge)
                                  0.000000    0.000000   clock network delay (propagated)
                                  0.250000    0.250000   clock uncertainty
                                  0.000000    0.250000   clock reconvergence pessimism
                                 -1.000000   -0.750000   output external delay
                                             -0.750000   data required time
---------------------------------------------------------------------------------------------
                                             -0.750000   data required time
                                             -0.801986   data arrival time
---------------------------------------------------------------------------------------------
                                              1.551986   slack (MET)


Startpoint: _57_ (rising edge-triggered flip-flop clocked by clk)
Endpoint: phy_data_out[1] (output port clocked by clk)
Path Group: clk
Path Type: min

Fanout         Cap        Slew       Delay        Time   Description
---------------------------------------------------------------------------------------------
                                  0.000000    0.000000   clock clk (rise edge)
                                  0.000000    0.000000   clock source latency
     1    0.009926    0.051094    0.033813    0.033813 ^ clk (in)
                                                         clk (net)
                      0.051095    0.000000    0.033813 ^ clkbuf_0_clk/A (sky130_fd_sc_hd__clkbuf_16)
     2    0.019238    0.041191    0.126737    0.160550 ^ clkbuf_0_clk/X (sky130_fd_sc_hd__clkbuf_16)
                                                         clknet_0_clk (net)
                      0.041194    0.000659    0.161209 ^ clkbuf_1_0__f_clk/A (sky130_fd_sc_hd__clkbuf_16)
     4    0.010504    0.033772    0.114916    0.276125 ^ clkbuf_1_0__f_clk/X (sky130_fd_sc_hd__clkbuf_16)
                                                         clknet_1_0__leaf_clk (net)
                      0.033772    0.000304    0.276430 ^ _57_/CLK (sky130_fd_sc_hd__dfrtp_1)
     2    0.004930    0.061204    0.325211    0.601641 ^ _57_/Q (sky130_fd_sc_hd__dfrtp_1)
                                                         net12 (net)
                      0.061204    0.000094    0.601734 ^ output12/A (sky130_fd_sc_hd__buf_2)
     1    0.035087    0.174088    0.206680    0.808414 ^ output12/X (sky130_fd_sc_hd__buf_2)
                                                         phy_data_out[1] (net)
                      0.174089    0.000791    0.809206 ^ phy_data_out[1] (out)
                                              0.809206   data arrival time

                                  0.000000    0.000000   clock clk (rise edge)
                                  0.000000    0.000000   clock network delay (propagated)
                                  0.250000    0.250000   clock uncertainty
                                  0.000000    0.250000   clock reconvergence pessimism
                                 -1.000000   -0.750000   output external delay
                                             -0.750000   data required time
---------------------------------------------------------------------------------------------
                                             -0.750000   data required time
                                             -0.809206   data arrival time
---------------------------------------------------------------------------------------------
                                              1.559206   slack (MET)


Startpoint: _56_ (rising edge-triggered flip-flop clocked by clk)
Endpoint: phy_data_out[0] (output port clocked by clk)
Path Group: clk
Path Type: min

Fanout         Cap        Slew       Delay        Time   Description
---------------------------------------------------------------------------------------------
                                  0.000000    0.000000   clock clk (rise edge)
                                  0.000000    0.000000   clock source latency
     1    0.009926    0.051094    0.033813    0.033813 ^ clk (in)
                                                         clk (net)
                      0.051095    0.000000    0.033813 ^ clkbuf_0_clk/A (sky130_fd_sc_hd__clkbuf_16)
     2    0.019238    0.041191    0.126737    0.160550 ^ clkbuf_0_clk/X (sky130_fd_sc_hd__clkbuf_16)
                                                         clknet_0_clk (net)
                      0.041194    0.000658    0.161208 ^ clkbuf_1_1__f_clk/A (sky130_fd_sc_hd__clkbuf_16)
     4    0.010349    0.033640    0.114768    0.275976 ^ clkbuf_1_1__f_clk/X (sky130_fd_sc_hd__clkbuf_16)
                                                         clknet_1_1__leaf_clk (net)
                      0.033640    0.000360    0.276336 ^ _56_/CLK (sky130_fd_sc_hd__dfrtp_1)
     2    0.006169    0.070840    0.333493    0.609829 ^ _56_/Q (sky130_fd_sc_hd__dfrtp_1)
                                                         net11 (net)
                      0.070840    0.000164    0.609993 ^ output11/A (sky130_fd_sc_hd__buf_2)
     1    0.035023    0.173886    0.209880    0.819873 ^ output11/X (sky130_fd_sc_hd__buf_2)
                                                         phy_data_out[0] (net)
                      0.173889    0.000998    0.820871 ^ phy_data_out[0] (out)
                                              0.820871   data arrival time

                                  0.000000    0.000000   clock clk (rise edge)
                                  0.000000    0.000000   clock network delay (propagated)
                                  0.250000    0.250000   clock uncertainty
                                  0.000000    0.250000   clock reconvergence pessimism
                                 -1.000000   -0.750000   output external delay
                                             -0.750000   data required time
---------------------------------------------------------------------------------------------
                                             -0.750000   data required time
                                             -0.820871   data arrival time
---------------------------------------------------------------------------------------------
                                              1.570871   slack (MET)


Startpoint: _61_ (rising edge-triggered flip-flop clocked by clk)
Endpoint: phy_data_out[8] (output port clocked by clk)
Path Group: clk
Path Type: min

Fanout         Cap        Slew       Delay        Time   Description
---------------------------------------------------------------------------------------------
                                  0.000000    0.000000   clock clk (rise edge)
                                  0.000000    0.000000   clock source latency
     1    0.009926    0.051094    0.033813    0.033813 ^ clk (in)
                                                         clk (net)
                      0.051095    0.000000    0.033813 ^ clkbuf_0_clk/A (sky130_fd_sc_hd__clkbuf_16)
     2    0.019238    0.041191    0.126737    0.160550 ^ clkbuf_0_clk/X (sky130_fd_sc_hd__clkbuf_16)
                                                         clknet_0_clk (net)
                      0.041194    0.000658    0.161208 ^ clkbuf_1_1__f_clk/A (sky130_fd_sc_hd__clkbuf_16)
     4    0.010349    0.033640    0.114768    0.275976 ^ clkbuf_1_1__f_clk/X (sky130_fd_sc_hd__clkbuf_16)
                                                         clknet_1_1__leaf_clk (net)
                      0.033640    0.000298    0.276273 ^ _61_/CLK (sky130_fd_sc_hd__dfrtp_1)
     3    0.008460    0.088882    0.348923    0.625196 ^ _61_/Q (sky130_fd_sc_hd__dfrtp_1)
                                                         net19 (net)
                      0.088882    0.000161    0.625357 ^ output19/A (sky130_fd_sc_hd__buf_2)
     1    0.035270    0.175163    0.217268    0.842625 ^ output19/X (sky130_fd_sc_hd__buf_2)
                                                         phy_data_out[8] (net)
                      0.175167    0.001113    0.843738 ^ phy_data_out[8] (out)
                                              0.843738   data arrival time

                                  0.000000    0.000000   clock clk (rise edge)
                                  0.000000    0.000000   clock network delay (propagated)
                                  0.250000    0.250000   clock uncertainty
                                  0.000000    0.250000   clock reconvergence pessimism
                                 -1.000000   -0.750000   output external delay
                                             -0.750000   data required time
---------------------------------------------------------------------------------------------
                                             -0.750000   data required time
                                             -0.843738   data arrival time
---------------------------------------------------------------------------------------------
                                              1.593738   slack (MET)


Startpoint: _59_ (rising edge-triggered flip-flop clocked by clk)
Endpoint: phy_data_out[6] (output port clocked by clk)
Path Group: clk
Path Type: min

Fanout         Cap        Slew       Delay        Time   Description
---------------------------------------------------------------------------------------------
                                  0.000000    0.000000   clock clk (rise edge)
                                  0.000000    0.000000   clock source latency
     1    0.009926    0.051094    0.033813    0.033813 ^ clk (in)
                                                         clk (net)
                      0.051095    0.000000    0.033813 ^ clkbuf_0_clk/A (sky130_fd_sc_hd__clkbuf_16)
     2    0.019238    0.041191    0.126737    0.160550 ^ clkbuf_0_clk/X (sky130_fd_sc_hd__clkbuf_16)
                                                         clknet_0_clk (net)
                      0.041194    0.000659    0.161209 ^ clkbuf_1_0__f_clk/A (sky130_fd_sc_hd__clkbuf_16)
     4    0.010504    0.033772    0.114916    0.276125 ^ clkbuf_1_0__f_clk/X (sky130_fd_sc_hd__clkbuf_16)
                                                         clknet_1_0__leaf_clk (net)
                      0.033772    0.000310    0.276435 ^ _59_/CLK (sky130_fd_sc_hd__dfrtp_1)
     3    0.008915    0.066780    0.382523    0.658958 v _59_/Q (sky130_fd_sc_hd__dfrtp_1)
                                                         net17 (net)
                      0.066780    0.000229    0.659187 v output17/A (sky130_fd_sc_hd__buf_2)
     1    0.035133    0.091397    0.191305    0.850492 v output17/X (sky130_fd_sc_hd__buf_2)
                                                         phy_data_out[6] (net)
                      0.091404    0.000806    0.851298 v phy_data_out[6] (out)
                                              0.851298   data arrival time

                                  0.000000    0.000000   clock clk (rise edge)
                                  0.000000    0.000000   clock network delay (propagated)
                                  0.250000    0.250000   clock uncertainty
                                  0.000000    0.250000   clock reconvergence pessimism
                                 -1.000000   -0.750000   output external delay
                                             -0.750000   data required time
---------------------------------------------------------------------------------------------
                                             -0.750000   data required time
                                             -0.851298   data arrival time
---------------------------------------------------------------------------------------------
                                              1.601298   slack (MET)


Startpoint: _60_ (rising edge-triggered flip-flop clocked by clk)
Endpoint: phy_data_out[9] (output port clocked by clk)
Path Group: clk
Path Type: min

Fanout         Cap        Slew       Delay        Time   Description
---------------------------------------------------------------------------------------------
                                  0.000000    0.000000   clock clk (rise edge)
                                  0.000000    0.000000   clock source latency
     1    0.009926    0.051094    0.033813    0.033813 ^ clk (in)
                                                         clk (net)
                      0.051095    0.000000    0.033813 ^ clkbuf_0_clk/A (sky130_fd_sc_hd__clkbuf_16)
     2    0.019238    0.041191    0.126737    0.160550 ^ clkbuf_0_clk/X (sky130_fd_sc_hd__clkbuf_16)
                                                         clknet_0_clk (net)
                      0.041194    0.000658    0.161208 ^ clkbuf_1_1__f_clk/A (sky130_fd_sc_hd__clkbuf_16)
     4    0.010349    0.033640    0.114768    0.275976 ^ clkbuf_1_1__f_clk/X (sky130_fd_sc_hd__clkbuf_16)
                                                         clknet_1_1__leaf_clk (net)
                      0.033640    0.000354    0.276330 ^ _60_/CLK (sky130_fd_sc_hd__dfrtp_1)
     4    0.010235    0.071799    0.388450    0.664779 v _60_/Q (sky130_fd_sc_hd__dfrtp_1)
                                                         net20 (net)
                      0.071799    0.000179    0.664958 v output20/A (sky130_fd_sc_hd__buf_2)
     1    0.034910    0.091011    0.193009    0.857967 v output20/X (sky130_fd_sc_hd__buf_2)
                                                         phy_data_out[9] (net)
                      0.091023    0.001020    0.858987 v phy_data_out[9] (out)
                                              0.858987   data arrival time

                                  0.000000    0.000000   clock clk (rise edge)
                                  0.000000    0.000000   clock network delay (propagated)
                                  0.250000    0.250000   clock uncertainty
                                  0.000000    0.250000   clock reconvergence pessimism
                                 -1.000000   -0.750000   output external delay
                                             -0.750000   data required time
---------------------------------------------------------------------------------------------
                                             -0.750000   data required time
                                             -0.858987   data arrival time
---------------------------------------------------------------------------------------------
                                              1.608987   slack (MET)


Startpoint: _61_ (rising edge-triggered flip-flop clocked by clk)
Endpoint: phy_data_out[4] (output port clocked by clk)
Path Group: clk
Path Type: min

Fanout         Cap        Slew       Delay        Time   Description
---------------------------------------------------------------------------------------------
                                  0.000000    0.000000   clock clk (rise edge)
                                  0.000000    0.000000   clock source latency
     1    0.009926    0.051094    0.033813    0.033813 ^ clk (in)
                                                         clk (net)
                      0.051095    0.000000    0.033813 ^ clkbuf_0_clk/A (sky130_fd_sc_hd__clkbuf_16)
     2    0.019238    0.041191    0.126737    0.160550 ^ clkbuf_0_clk/X (sky130_fd_sc_hd__clkbuf_16)
                                                         clknet_0_clk (net)
                      0.041194    0.000658    0.161208 ^ clkbuf_1_1__f_clk/A (sky130_fd_sc_hd__clkbuf_16)
     4    0.010349    0.033640    0.114768    0.275976 ^ clkbuf_1_1__f_clk/X (sky130_fd_sc_hd__clkbuf_16)
                                                         clknet_1_1__leaf_clk (net)
                      0.033640    0.000298    0.276273 ^ _61_/CLK (sky130_fd_sc_hd__dfrtp_1)
     3    0.007959    0.063550    0.377362    0.653635 v _61_/Q (sky130_fd_sc_hd__dfrtp_1)
                                                         net19 (net)
                      0.063550    0.000182    0.653818 v _63_/A (sky130_fd_sc_hd__clkbuf_1)
     1    0.003997    0.032827    0.101412    0.755230 v _63_/X (sky130_fd_sc_hd__clkbuf_1)
                                                         net15 (net)
                      0.032827    0.000145    0.755376 v output15/A (sky130_fd_sc_hd__buf_2)
     1    0.034794    0.090838    0.175650    0.931026 v output15/X (sky130_fd_sc_hd__buf_2)
                                                         phy_data_out[4] (net)
                      0.090846    0.000889    0.931915 v phy_data_out[4] (out)
                                              0.931915   data arrival time

                                  0.000000    0.000000   clock clk (rise edge)
                                  0.000000    0.000000   clock network delay (propagated)
                                  0.250000    0.250000   clock uncertainty
                                  0.000000    0.250000   clock reconvergence pessimism
                                 -1.000000   -0.750000   output external delay
                                             -0.750000   data required time
---------------------------------------------------------------------------------------------
                                             -0.750000   data required time
                                             -0.931915   data arrival time
---------------------------------------------------------------------------------------------
                                              1.681915   slack (MET)


Startpoint: _59_ (rising edge-triggered flip-flop clocked by clk)
Endpoint: phy_data_out[2] (output port clocked by clk)
Path Group: clk
Path Type: min

Fanout         Cap        Slew       Delay        Time   Description
---------------------------------------------------------------------------------------------
                                  0.000000    0.000000   clock clk (rise edge)
                                  0.000000    0.000000   clock source latency
     1    0.009926    0.051094    0.033813    0.033813 ^ clk (in)
                                                         clk (net)
                      0.051095    0.000000    0.033813 ^ clkbuf_0_clk/A (sky130_fd_sc_hd__clkbuf_16)
     2    0.019238    0.041191    0.126737    0.160550 ^ clkbuf_0_clk/X (sky130_fd_sc_hd__clkbuf_16)
                                                         clknet_0_clk (net)
                      0.041194    0.000659    0.161209 ^ clkbuf_1_0__f_clk/A (sky130_fd_sc_hd__clkbuf_16)
     4    0.010504    0.033772    0.114916    0.276125 ^ clkbuf_1_0__f_clk/X (sky130_fd_sc_hd__clkbuf_16)
                                                         clknet_1_0__leaf_clk (net)
                      0.033772    0.000310    0.276435 ^ _59_/CLK (sky130_fd_sc_hd__dfrtp_1)
     3    0.008915    0.066780    0.382523    0.658958 v _59_/Q (sky130_fd_sc_hd__dfrtp_1)
                                                         net17 (net)
                      0.066780    0.000243    0.659201 v _62_/A (sky130_fd_sc_hd__clkbuf_1)
     1    0.003209    0.028808    0.099215    0.758416 v _62_/X (sky130_fd_sc_hd__clkbuf_1)
                                                         net13 (net)
                      0.028808    0.000086    0.758502 v output13/A (sky130_fd_sc_hd__buf_2)
     1    0.034563    0.090362    0.173502    0.932004 v output13/X (sky130_fd_sc_hd__buf_2)
                                                         phy_data_out[2] (net)
                      0.090370    0.000871    0.932876 v phy_data_out[2] (out)
                                              0.932876   data arrival time

                                  0.000000    0.000000   clock clk (rise edge)
                                  0.000000    0.000000   clock network delay (propagated)
                                  0.250000    0.250000   clock uncertainty
                                  0.000000    0.250000   clock reconvergence pessimism
                                 -1.000000   -0.750000   output external delay
                                             -0.750000   data required time
---------------------------------------------------------------------------------------------
                                             -0.750000   data required time
                                             -0.932876   data arrival time
---------------------------------------------------------------------------------------------
                                              1.682876   slack (MET)


Startpoint: _60_ (rising edge-triggered flip-flop clocked by clk)
Endpoint: phy_data_out[5] (output port clocked by clk)
Path Group: clk
Path Type: min

Fanout         Cap        Slew       Delay        Time   Description
---------------------------------------------------------------------------------------------
                                  0.000000    0.000000   clock clk (rise edge)
                                  0.000000    0.000000   clock source latency
     1    0.009926    0.051094    0.033813    0.033813 ^ clk (in)
                                                         clk (net)
                      0.051095    0.000000    0.033813 ^ clkbuf_0_clk/A (sky130_fd_sc_hd__clkbuf_16)
     2    0.019238    0.041191    0.126737    0.160550 ^ clkbuf_0_clk/X (sky130_fd_sc_hd__clkbuf_16)
                                                         clknet_0_clk (net)
                      0.041194    0.000658    0.161208 ^ clkbuf_1_1__f_clk/A (sky130_fd_sc_hd__clkbuf_16)
     4    0.010349    0.033640    0.114768    0.275976 ^ clkbuf_1_1__f_clk/X (sky130_fd_sc_hd__clkbuf_16)
                                                         clknet_1_1__leaf_clk (net)
                      0.033640    0.000354    0.276330 ^ _60_/CLK (sky130_fd_sc_hd__dfrtp_1)
     4    0.010235    0.071799    0.388450    0.664779 v _60_/Q (sky130_fd_sc_hd__dfrtp_1)
                                                         net20 (net)
                      0.071799    0.000247    0.665027 v _64_/A (sky130_fd_sc_hd__clkbuf_1)
     1    0.002075    0.023060    0.095150    0.760177 v _64_/X (sky130_fd_sc_hd__clkbuf_1)
                                                         net16 (net)
                      0.023060    0.000044    0.760222 v output16/A (sky130_fd_sc_hd__buf_2)
     1    0.035241    0.091978    0.172072    0.932294 v output16/X (sky130_fd_sc_hd__buf_2)
                                                         phy_data_out[5] (net)
                      0.091994    0.001159    0.933452 v phy_data_out[5] (out)
                                              0.933452   data arrival time

                                  0.000000    0.000000   clock clk (rise edge)
                                  0.000000    0.000000   clock network delay (propagated)
                                  0.250000    0.250000   clock uncertainty
                                  0.000000    0.250000   clock reconvergence pessimism
                                 -1.000000   -0.750000   output external delay
                                             -0.750000   data required time
---------------------------------------------------------------------------------------------
                                             -0.750000   data required time
                                             -0.933452   data arrival time
---------------------------------------------------------------------------------------------
                                              1.683452   slack (MET)


Startpoint: _60_ (rising edge-triggered flip-flop clocked by clk)
Endpoint: phy_data_out[7] (output port clocked by clk)
Path Group: clk
Path Type: min

Fanout         Cap        Slew       Delay        Time   Description
---------------------------------------------------------------------------------------------
                                  0.000000    0.000000   clock clk (rise edge)
                                  0.000000    0.000000   clock source latency
     1    0.009926    0.051094    0.033813    0.033813 ^ clk (in)
                                                         clk (net)
                      0.051095    0.000000    0.033813 ^ clkbuf_0_clk/A (sky130_fd_sc_hd__clkbuf_16)
     2    0.019238    0.041191    0.126737    0.160550 ^ clkbuf_0_clk/X (sky130_fd_sc_hd__clkbuf_16)
                                                         clknet_0_clk (net)
                      0.041194    0.000658    0.161208 ^ clkbuf_1_1__f_clk/A (sky130_fd_sc_hd__clkbuf_16)
     4    0.010349    0.033640    0.114768    0.275976 ^ clkbuf_1_1__f_clk/X (sky130_fd_sc_hd__clkbuf_16)
                                                         clknet_1_1__leaf_clk (net)
                      0.033640    0.000354    0.276330 ^ _60_/CLK (sky130_fd_sc_hd__dfrtp_1)
     4    0.010235    0.071799    0.388450    0.664779 v _60_/Q (sky130_fd_sc_hd__dfrtp_1)
                                                         net20 (net)
                      0.071799    0.000246    0.665025 v _65_/A (sky130_fd_sc_hd__clkbuf_1)
     1    0.002547    0.025480    0.097771    0.762797 v _65_/X (sky130_fd_sc_hd__clkbuf_1)
                                                         net18 (net)
                      0.025480    0.000059    0.762856 v output18/A (sky130_fd_sc_hd__buf_2)
     1    0.034324    0.089846    0.171670    0.934525 v output18/X (sky130_fd_sc_hd__buf_2)
                                                         phy_data_out[7] (net)
                      0.089853    0.000812    0.935337 v phy_data_out[7] (out)
                                              0.935337   data arrival time

                                  0.000000    0.000000   clock clk (rise edge)
                                  0.000000    0.000000   clock network delay (propagated)
                                  0.250000    0.250000   clock uncertainty
                                  0.000000    0.250000   clock reconvergence pessimism
                                 -1.000000   -0.750000   output external delay
                                             -0.750000   data required time
---------------------------------------------------------------------------------------------
                                             -0.750000   data required time
                                             -0.935337   data arrival time
---------------------------------------------------------------------------------------------
                                              1.685337   slack (MET)



