Clock: clk
Sources: clk 
Generated: no
Virtual: yes
Propagated: no
Period: 8.000000

===========================================================================
report_clock_properties
============================================================================
Clock                   Period          Waveform
----------------------------------------------------
clk                   8.000000    0.000000  4.000000

===========================================================================
report_clock_latency
============================================================================
Clock clk
rise -> rise
    min     max
0.000000 0.000000 source latency
0.277449         network latency _61_/CLK
        0.277821 network latency _54_/CLK
---------------
0.277449 0.277821 latency
        0.000372 skew

fall -> fall
    min     max
0.000000 0.000000 source latency
0.284102         network latency _61_/CLK
        0.284420 network latency _54_/CLK
---------------
0.284102 0.284420 latency
        0.000319 skew



===========================================================================
report_clock_min_period
============================================================================
clk period_min = 1.62 fmax = 618.74
