
===========================================================================
report_checks -path_delay max (Setup)
============================================================================
======================= min_ff_n40C_1v95 Corner ===================================

Startpoint: _60_ (rising edge-triggered flip-flop clocked by clk)
Endpoint: phy_data_out[7] (output port clocked by clk)
Path Group: clk
Path Type: max

Fanout         Cap        Slew       Delay        Time   Description
---------------------------------------------------------------------------------------------
                                  0.000000    0.000000   clock clk (rise edge)
                                  0.000000    0.000000   clock source latency
     1    0.010060    0.038709    0.025212    0.025212 ^ clk (in)
                                                         clk (net)
                      0.038709    0.000000    0.025212 ^ clkbuf_0_clk/A (sky130_fd_sc_hd__clkbuf_16)
     2    0.019645    0.030943    0.086479    0.111692 ^ clkbuf_0_clk/X (sky130_fd_sc_hd__clkbuf_16)
                                                         clknet_0_clk (net)
                      0.030944    0.000237    0.111928 ^ clkbuf_1_1__f_clk/A (sky130_fd_sc_hd__clkbuf_16)
     4    0.011714    0.025663    0.078811    0.190740 ^ clkbuf_1_1__f_clk/X (sky130_fd_sc_hd__clkbuf_16)
                                                         clknet_1_1__leaf_clk (net)
                      0.025663    0.000214    0.190953 ^ _60_/CLK (sky130_fd_sc_hd__dfrtp_1)
     4    0.013174    0.093783    0.245082    0.436036 ^ _60_/Q (sky130_fd_sc_hd__dfrtp_1)
                                                         net20 (net)
                      0.093783    0.000198    0.436234 ^ _65_/A (sky130_fd_sc_hd__clkbuf_1)
     1    0.002692    0.032023    0.058219    0.494453 ^ _65_/X (sky130_fd_sc_hd__clkbuf_1)
                                                         net18 (net)
                      0.032023    0.000020    0.494473 ^ output18/A (sky130_fd_sc_hd__buf_2)
     1    0.034558    0.129246    0.138417    0.632890 ^ output18/X (sky130_fd_sc_hd__buf_2)
                                                         phy_data_out[7] (net)
                      0.129248    0.000411    0.633300 ^ phy_data_out[7] (out)
                                              0.633300   data arrival time

                                  8.000000    8.000000   clock clk (rise edge)
                                  0.000000    8.000000   clock network delay (propagated)
                                 -0.250000    7.750000   clock uncertainty
                                  0.000000    7.750000   clock reconvergence pessimism
                                 -1.000000    6.750000   output external delay
                                              6.750000   data required time
---------------------------------------------------------------------------------------------
                                              6.750000   data required time
                                             -0.633300   data arrival time
---------------------------------------------------------------------------------------------
                                              6.116699   slack (MET)


Startpoint: _60_ (rising edge-triggered flip-flop clocked by clk)
Endpoint: phy_data_out[5] (output port clocked by clk)
Path Group: clk
Path Type: max

Fanout         Cap        Slew       Delay        Time   Description
---------------------------------------------------------------------------------------------
                                  0.000000    0.000000   clock clk (rise edge)
                                  0.000000    0.000000   clock source latency
     1    0.010060    0.038709    0.025212    0.025212 ^ clk (in)
                                                         clk (net)
                      0.038709    0.000000    0.025212 ^ clkbuf_0_clk/A (sky130_fd_sc_hd__clkbuf_16)
     2    0.019645    0.030943    0.086479    0.111692 ^ clkbuf_0_clk/X (sky130_fd_sc_hd__clkbuf_16)
                                                         clknet_0_clk (net)
                      0.030944    0.000237    0.111928 ^ clkbuf_1_1__f_clk/A (sky130_fd_sc_hd__clkbuf_16)
     4    0.011714    0.025663    0.078811    0.190740 ^ clkbuf_1_1__f_clk/X (sky130_fd_sc_hd__clkbuf_16)
                                                         clknet_1_1__leaf_clk (net)
                      0.025663    0.000214    0.190953 ^ _60_/CLK (sky130_fd_sc_hd__dfrtp_1)
     4    0.013174    0.093783    0.245082    0.436036 ^ _60_/Q (sky130_fd_sc_hd__dfrtp_1)
                                                         net20 (net)
                      0.093783    0.000195    0.436231 ^ _64_/A (sky130_fd_sc_hd__clkbuf_1)
     1    0.002426    0.029957    0.056621    0.492852 ^ _64_/X (sky130_fd_sc_hd__clkbuf_1)
                                                         net16 (net)
                      0.029957    0.000015    0.492867 ^ output16/A (sky130_fd_sc_hd__buf_2)
     1    0.034523    0.129125    0.137705    0.630571 ^ output16/X (sky130_fd_sc_hd__buf_2)
                                                         phy_data_out[5] (net)
                      0.129127    0.000410    0.630981 ^ phy_data_out[5] (out)
                                              0.630981   data arrival time

                                  8.000000    8.000000   clock clk (rise edge)
                                  0.000000    8.000000   clock network delay (propagated)
                                 -0.250000    7.750000   clock uncertainty
                                  0.000000    7.750000   clock reconvergence pessimism
                                 -1.000000    6.750000   output external delay
                                              6.750000   data required time
---------------------------------------------------------------------------------------------
                                              6.750000   data required time
                                             -0.630981   data arrival time
---------------------------------------------------------------------------------------------
                                              6.119019   slack (MET)


Startpoint: _59_ (rising edge-triggered flip-flop clocked by clk)
Endpoint: phy_data_out[2] (output port clocked by clk)
Path Group: clk
Path Type: max

Fanout         Cap        Slew       Delay        Time   Description
---------------------------------------------------------------------------------------------
                                  0.000000    0.000000   clock clk (rise edge)
                                  0.000000    0.000000   clock source latency
     1    0.010060    0.038709    0.025212    0.025212 ^ clk (in)
                                                         clk (net)
                      0.038709    0.000000    0.025212 ^ clkbuf_0_clk/A (sky130_fd_sc_hd__clkbuf_16)
     2    0.019645    0.030943    0.086479    0.111692 ^ clkbuf_0_clk/X (sky130_fd_sc_hd__clkbuf_16)
                                                         clknet_0_clk (net)
                      0.030944    0.000251    0.111942 ^ clkbuf_1_0__f_clk/A (sky130_fd_sc_hd__clkbuf_16)
     4    0.012036    0.025876    0.079044    0.190986 ^ clkbuf_1_0__f_clk/X (sky130_fd_sc_hd__clkbuf_16)
                                                         clknet_1_0__leaf_clk (net)
                      0.025876    0.000113    0.191099 ^ _59_/CLK (sky130_fd_sc_hd__dfrtp_1)
     3    0.010570    0.077457    0.233331    0.424430 ^ _59_/Q (sky130_fd_sc_hd__dfrtp_1)
                                                         net17 (net)
                      0.077457    0.000115    0.424545 ^ _62_/A (sky130_fd_sc_hd__clkbuf_1)
     1    0.003553    0.038621    0.062286    0.486830 ^ _62_/X (sky130_fd_sc_hd__clkbuf_1)
                                                         net13 (net)
                      0.038621    0.000040    0.486870 ^ output13/A (sky130_fd_sc_hd__buf_2)
     1    0.034811    0.130110    0.141116    0.627987 ^ output13/X (sky130_fd_sc_hd__buf_2)
                                                         phy_data_out[2] (net)
                      0.130111    0.000298    0.628285 ^ phy_data_out[2] (out)
                                              0.628285   data arrival time

                                  8.000000    8.000000   clock clk (rise edge)
                                  0.000000    8.000000   clock network delay (propagated)
                                 -0.250000    7.750000   clock uncertainty
                                  0.000000    7.750000   clock reconvergence pessimism
                                 -1.000000    6.750000   output external delay
                                              6.750000   data required time
---------------------------------------------------------------------------------------------
                                              6.750000   data required time
                                             -0.628285   data arrival time
---------------------------------------------------------------------------------------------
                                              6.121716   slack (MET)


Startpoint: _61_ (rising edge-triggered flip-flop clocked by clk)
Endpoint: phy_data_out[4] (output port clocked by clk)
Path Group: clk
Path Type: max

Fanout         Cap        Slew       Delay        Time   Description
---------------------------------------------------------------------------------------------
                                  0.000000    0.000000   clock clk (rise edge)
                                  0.000000    0.000000   clock source latency
     1    0.010060    0.038709    0.025212    0.025212 ^ clk (in)
                                                         clk (net)
                      0.038709    0.000000    0.025212 ^ clkbuf_0_clk/A (sky130_fd_sc_hd__clkbuf_16)
     2    0.019645    0.030943    0.086479    0.111692 ^ clkbuf_0_clk/X (sky130_fd_sc_hd__clkbuf_16)
                                                         clknet_0_clk (net)
                      0.030944    0.000237    0.111928 ^ clkbuf_1_1__f_clk/A (sky130_fd_sc_hd__clkbuf_16)
     4    0.011714    0.025663    0.078811    0.190740 ^ clkbuf_1_1__f_clk/X (sky130_fd_sc_hd__clkbuf_16)
                                                         clknet_1_1__leaf_clk (net)
                      0.025663    0.000108    0.190848 ^ _61_/CLK (sky130_fd_sc_hd__dfrtp_1)
     3    0.009715    0.072738    0.229152    0.420000 ^ _61_/Q (sky130_fd_sc_hd__dfrtp_1)
                                                         net19 (net)
                      0.072738    0.000079    0.420079 ^ _63_/A (sky130_fd_sc_hd__clkbuf_1)
     1    0.003683    0.039650    0.062731    0.482810 ^ _63_/X (sky130_fd_sc_hd__clkbuf_1)
                                                         net15 (net)
                      0.039650    0.000054    0.482864 ^ output15/A (sky130_fd_sc_hd__buf_2)
     1    0.034380    0.128561    0.140427    0.623291 ^ output15/X (sky130_fd_sc_hd__buf_2)
                                                         phy_data_out[4] (net)
                      0.128561    0.000211    0.623503 ^ phy_data_out[4] (out)
                                              0.623503   data arrival time

                                  8.000000    8.000000   clock clk (rise edge)
                                  0.000000    8.000000   clock network delay (propagated)
                                 -0.250000    7.750000   clock uncertainty
                                  0.000000    7.750000   clock reconvergence pessimism
                                 -1.000000    6.750000   output external delay
                                              6.750000   data required time
---------------------------------------------------------------------------------------------
                                              6.750000   data required time
                                             -0.623503   data arrival time
---------------------------------------------------------------------------------------------
                                              6.126497   slack (MET)


Startpoint: eth_data_in[5] (input port clocked by clk)
Endpoint: _57_ (rising edge-triggered flip-flop clocked by clk)
Path Group: clk
Path Type: max

Fanout         Cap        Slew       Delay        Time   Description
---------------------------------------------------------------------------------------------
                                  0.000000    0.000000   clock clk (rise edge)
                                  0.000000    0.000000   clock network delay (propagated)
                                  1.000000    1.000000 v input external delay
     1    0.004640    0.007603    0.003886    1.003886 v eth_data_in[5] (in)
                                                         eth_data_in[5] (net)
                      0.007604    0.000000    1.003886 v input6/A (sky130_fd_sc_hd__clkbuf_1)
     1    0.002608    0.017681    0.046850    1.050735 v input6/X (sky130_fd_sc_hd__clkbuf_1)
                                                         net6 (net)
                      0.017681    0.000031    1.050767 v _31_/A (sky130_fd_sc_hd__or4_1)
     2    0.007523    0.073685    0.316998    1.367764 v _31_/X (sky130_fd_sc_hd__or4_1)
                                                         _18_ (net)
                      0.073685    0.000087    1.367851 v _33_/A3 (sky130_fd_sc_hd__o31a_1)
     5    0.017577    0.077008    0.205272    1.573123 v _33_/X (sky130_fd_sc_hd__o31a_1)
                                                         _20_ (net)
                      0.077009    0.000364    1.573487 v _42_/B1 (sky130_fd_sc_hd__a211o_1)
     1    0.002808    0.033325    0.136689    1.710176 v _42_/X (sky130_fd_sc_hd__a211o_1)
                                                         _10_ (net)
                      0.033325    0.000027    1.710203 v _57_/D (sky130_fd_sc_hd__dfrtp_1)
                                              1.710203   data arrival time

                                  8.000000    8.000000   clock clk (rise edge)
                                  0.000000    8.000000   clock source latency
     1    0.010060    0.038709    0.025212    8.025212 ^ clk (in)
                                                         clk (net)
                      0.038709    0.000000    8.025212 ^ clkbuf_0_clk/A (sky130_fd_sc_hd__clkbuf_16)
     2    0.019645    0.030943    0.086480    8.111692 ^ clkbuf_0_clk/X (sky130_fd_sc_hd__clkbuf_16)
                                                         clknet_0_clk (net)
                      0.030944    0.000250    8.111942 ^ clkbuf_1_0__f_clk/A (sky130_fd_sc_hd__clkbuf_16)
     4    0.012036    0.025876    0.079043    8.190986 ^ clkbuf_1_0__f_clk/X (sky130_fd_sc_hd__clkbuf_16)
                                                         clknet_1_0__leaf_clk (net)
                      0.025876    0.000119    8.191105 ^ _57_/CLK (sky130_fd_sc_hd__dfrtp_1)
                                 -0.250000    7.941105   clock uncertainty
                                  0.000000    7.941105   clock reconvergence pessimism
                                 -0.073507    7.867598   library setup time
                                              7.867598   data required time
---------------------------------------------------------------------------------------------
                                              7.867598   data required time
                                             -1.710203   data arrival time
---------------------------------------------------------------------------------------------
                                              6.157394   slack (MET)


Startpoint: eth_data_in[5] (input port clocked by clk)
Endpoint: _58_ (rising edge-triggered flip-flop clocked by clk)
Path Group: clk
Path Type: max

Fanout         Cap        Slew       Delay        Time   Description
---------------------------------------------------------------------------------------------
                                  0.000000    0.000000   clock clk (rise edge)
                                  0.000000    0.000000   clock network delay (propagated)
                                  1.000000    1.000000 v input external delay
     1    0.004640    0.007603    0.003886    1.003886 v eth_data_in[5] (in)
                                                         eth_data_in[5] (net)
                      0.007604    0.000000    1.003886 v input6/A (sky130_fd_sc_hd__clkbuf_1)
     1    0.002608    0.017681    0.046850    1.050735 v input6/X (sky130_fd_sc_hd__clkbuf_1)
                                                         net6 (net)
                      0.017681    0.000031    1.050767 v _31_/A (sky130_fd_sc_hd__or4_1)
     2    0.007523    0.073685    0.316998    1.367764 v _31_/X (sky130_fd_sc_hd__or4_1)
                                                         _18_ (net)
                      0.073685    0.000087    1.367851 v _33_/A3 (sky130_fd_sc_hd__o31a_1)
     5    0.017577    0.077008    0.205272    1.573123 v _33_/X (sky130_fd_sc_hd__o31a_1)
                                                         _20_ (net)
                      0.077008    0.000276    1.573400 v _39_/B1 (sky130_fd_sc_hd__a211o_1)
     1    0.002809    0.033332    0.136692    1.710092 v _39_/X (sky130_fd_sc_hd__a211o_1)
                                                         _11_ (net)
                      0.033332    0.000029    1.710122 v _58_/D (sky130_fd_sc_hd__dfrtp_1)
                                              1.710122   data arrival time

                                  8.000000    8.000000   clock clk (rise edge)
                                  0.000000    8.000000   clock source latency
     1    0.010060    0.038709    0.025212    8.025212 ^ clk (in)
                                                         clk (net)
                      0.038709    0.000000    8.025212 ^ clkbuf_0_clk/A (sky130_fd_sc_hd__clkbuf_16)
     2    0.019645    0.030943    0.086480    8.111692 ^ clkbuf_0_clk/X (sky130_fd_sc_hd__clkbuf_16)
                                                         clknet_0_clk (net)
                      0.030944    0.000250    8.111942 ^ clkbuf_1_0__f_clk/A (sky130_fd_sc_hd__clkbuf_16)
     4    0.012036    0.025876    0.079043    8.190986 ^ clkbuf_1_0__f_clk/X (sky130_fd_sc_hd__clkbuf_16)
                                                         clknet_1_0__leaf_clk (net)
                      0.025876    0.000099    8.191085 ^ _58_/CLK (sky130_fd_sc_hd__dfrtp_1)
                                 -0.250000    7.941084   clock uncertainty
                                  0.000000    7.941084   clock reconvergence pessimism
                                 -0.073510    7.867574   library setup time
                                              7.867574   data required time
---------------------------------------------------------------------------------------------
                                              7.867574   data required time
                                             -1.710122   data arrival time
---------------------------------------------------------------------------------------------
                                              6.157453   slack (MET)


Startpoint: eth_data_in[5] (input port clocked by clk)
Endpoint: _60_ (rising edge-triggered flip-flop clocked by clk)
Path Group: clk
Path Type: max

Fanout         Cap        Slew       Delay        Time   Description
---------------------------------------------------------------------------------------------
                                  0.000000    0.000000   clock clk (rise edge)
                                  0.000000    0.000000   clock network delay (propagated)
                                  1.000000    1.000000 v input external delay
     1    0.004640    0.007603    0.003886    1.003886 v eth_data_in[5] (in)
                                                         eth_data_in[5] (net)
                      0.007604    0.000000    1.003886 v input6/A (sky130_fd_sc_hd__clkbuf_1)
     1    0.002608    0.017681    0.046850    1.050735 v input6/X (sky130_fd_sc_hd__clkbuf_1)
                                                         net6 (net)
                      0.017681    0.000031    1.050767 v _31_/A (sky130_fd_sc_hd__or4_1)
     2    0.007523    0.073685    0.316998    1.367764 v _31_/X (sky130_fd_sc_hd__or4_1)
                                                         _18_ (net)
                      0.073685    0.000087    1.367851 v _33_/A3 (sky130_fd_sc_hd__o31a_1)
     5    0.017577    0.077008    0.205272    1.573123 v _33_/X (sky130_fd_sc_hd__o31a_1)
                                                         _20_ (net)
                      0.077008    0.000157    1.573281 v _36_/B1 (sky130_fd_sc_hd__a211o_1)
     1    0.002795    0.033277    0.136625    1.709906 v _36_/X (sky130_fd_sc_hd__a211o_1)
                                                         _13_ (net)
                      0.033277    0.000027    1.709933 v _60_/D (sky130_fd_sc_hd__dfrtp_1)
                                              1.709933   data arrival time

                                  8.000000    8.000000   clock clk (rise edge)
                                  0.000000    8.000000   clock source latency
     1    0.010060    0.038709    0.025212    8.025212 ^ clk (in)
                                                         clk (net)
                      0.038709    0.000000    8.025212 ^ clkbuf_0_clk/A (sky130_fd_sc_hd__clkbuf_16)
     2    0.019645    0.030943    0.086480    8.111692 ^ clkbuf_0_clk/X (sky130_fd_sc_hd__clkbuf_16)
                                                         clknet_0_clk (net)
                      0.030944    0.000236    8.111928 ^ clkbuf_1_1__f_clk/A (sky130_fd_sc_hd__clkbuf_16)
     4    0.011714    0.025663    0.078812    8.190740 ^ clkbuf_1_1__f_clk/X (sky130_fd_sc_hd__clkbuf_16)
                                                         clknet_1_1__leaf_clk (net)
                      0.025663    0.000213    8.190953 ^ _60_/CLK (sky130_fd_sc_hd__dfrtp_1)
                                 -0.250000    7.940953   clock uncertainty
                                  0.000000    7.940953   clock reconvergence pessimism
                                 -0.073511    7.867442   library setup time
                                              7.867442   data required time
---------------------------------------------------------------------------------------------
                                              7.867442   data required time
                                             -1.709933   data arrival time
---------------------------------------------------------------------------------------------
                                              6.157509   slack (MET)


Startpoint: _60_ (rising edge-triggered flip-flop clocked by clk)
Endpoint: phy_data_out[9] (output port clocked by clk)
Path Group: clk
Path Type: max

Fanout         Cap        Slew       Delay        Time   Description
---------------------------------------------------------------------------------------------
                                  0.000000    0.000000   clock clk (rise edge)
                                  0.000000    0.000000   clock source latency
     1    0.010060    0.038709    0.025212    0.025212 ^ clk (in)
                                                         clk (net)
                      0.038709    0.000000    0.025212 ^ clkbuf_0_clk/A (sky130_fd_sc_hd__clkbuf_16)
     2    0.019645    0.030943    0.086479    0.111692 ^ clkbuf_0_clk/X (sky130_fd_sc_hd__clkbuf_16)
                                                         clknet_0_clk (net)
                      0.030944    0.000237    0.111928 ^ clkbuf_1_1__f_clk/A (sky130_fd_sc_hd__clkbuf_16)
     4    0.011714    0.025663    0.078811    0.190740 ^ clkbuf_1_1__f_clk/X (sky130_fd_sc_hd__clkbuf_16)
                                                         clknet_1_1__leaf_clk (net)
                      0.025663    0.000214    0.190953 ^ _60_/CLK (sky130_fd_sc_hd__dfrtp_1)
     4    0.013174    0.093783    0.245082    0.436036 ^ _60_/Q (sky130_fd_sc_hd__dfrtp_1)
                                                         net20 (net)
                      0.093783    0.000132    0.436168 ^ output20/A (sky130_fd_sc_hd__buf_2)
     1    0.034157    0.127688    0.153273    0.589441 ^ output20/X (sky130_fd_sc_hd__buf_2)
                                                         phy_data_out[9] (net)
                      0.127688    0.000234    0.589675 ^ phy_data_out[9] (out)
                                              0.589675   data arrival time

                                  8.000000    8.000000   clock clk (rise edge)
                                  0.000000    8.000000   clock network delay (propagated)
                                 -0.250000    7.750000   clock uncertainty
                                  0.000000    7.750000   clock reconvergence pessimism
                                 -1.000000    6.750000   output external delay
                                              6.750000   data required time
---------------------------------------------------------------------------------------------
                                              6.750000   data required time
                                             -0.589675   data arrival time
---------------------------------------------------------------------------------------------
                                              6.160326   slack (MET)


Startpoint: _59_ (rising edge-triggered flip-flop clocked by clk)
Endpoint: phy_data_out[6] (output port clocked by clk)
Path Group: clk
Path Type: max

Fanout         Cap        Slew       Delay        Time   Description
---------------------------------------------------------------------------------------------
                                  0.000000    0.000000   clock clk (rise edge)
                                  0.000000    0.000000   clock source latency
     1    0.010060    0.038709    0.025212    0.025212 ^ clk (in)
                                                         clk (net)
                      0.038709    0.000000    0.025212 ^ clkbuf_0_clk/A (sky130_fd_sc_hd__clkbuf_16)
     2    0.019645    0.030943    0.086479    0.111692 ^ clkbuf_0_clk/X (sky130_fd_sc_hd__clkbuf_16)
                                                         clknet_0_clk (net)
                      0.030944    0.000251    0.111942 ^ clkbuf_1_0__f_clk/A (sky130_fd_sc_hd__clkbuf_16)
     4    0.012036    0.025876    0.079044    0.190986 ^ clkbuf_1_0__f_clk/X (sky130_fd_sc_hd__clkbuf_16)
                                                         clknet_1_0__leaf_clk (net)
                      0.025876    0.000113    0.191099 ^ _59_/CLK (sky130_fd_sc_hd__dfrtp_1)
     3    0.010570    0.077457    0.233331    0.424430 ^ _59_/Q (sky130_fd_sc_hd__dfrtp_1)
                                                         net17 (net)
                      0.077457    0.000068    0.424497 ^ output17/A (sky130_fd_sc_hd__buf_2)
     1    0.035104    0.131024    0.151852    0.576350 ^ output17/X (sky130_fd_sc_hd__buf_2)
                                                         phy_data_out[6] (net)
                      0.131024    0.000247    0.576597 ^ phy_data_out[6] (out)
                                              0.576597   data arrival time

                                  8.000000    8.000000   clock clk (rise edge)
                                  0.000000    8.000000   clock network delay (propagated)
                                 -0.250000    7.750000   clock uncertainty
                                  0.000000    7.750000   clock reconvergence pessimism
                                 -1.000000    6.750000   output external delay
                                              6.750000   data required time
---------------------------------------------------------------------------------------------
                                              6.750000   data required time
                                             -0.576597   data arrival time
---------------------------------------------------------------------------------------------
                                              6.173402   slack (MET)


Startpoint: _61_ (rising edge-triggered flip-flop clocked by clk)
Endpoint: phy_data_out[8] (output port clocked by clk)
Path Group: clk
Path Type: max

Fanout         Cap        Slew       Delay        Time   Description
---------------------------------------------------------------------------------------------
                                  0.000000    0.000000   clock clk (rise edge)
                                  0.000000    0.000000   clock source latency
     1    0.010060    0.038709    0.025212    0.025212 ^ clk (in)
                                                         clk (net)
                      0.038709    0.000000    0.025212 ^ clkbuf_0_clk/A (sky130_fd_sc_hd__clkbuf_16)
     2    0.019645    0.030943    0.086479    0.111692 ^ clkbuf_0_clk/X (sky130_fd_sc_hd__clkbuf_16)
                                                         clknet_0_clk (net)
                      0.030944    0.000237    0.111928 ^ clkbuf_1_1__f_clk/A (sky130_fd_sc_hd__clkbuf_16)
     4    0.011714    0.025663    0.078811    0.190740 ^ clkbuf_1_1__f_clk/X (sky130_fd_sc_hd__clkbuf_16)
                                                         clknet_1_1__leaf_clk (net)
                      0.025663    0.000108    0.190848 ^ _61_/CLK (sky130_fd_sc_hd__dfrtp_1)
     3    0.009715    0.072738    0.229152    0.420000 ^ _61_/Q (sky130_fd_sc_hd__dfrtp_1)
                                                         net19 (net)
                      0.072738    0.000089    0.420089 ^ output19/A (sky130_fd_sc_hd__buf_2)
     1    0.036851    0.137301    0.154776    0.574865 ^ output19/X (sky130_fd_sc_hd__buf_2)
                                                         phy_data_out[8] (net)
                      0.137306    0.000689    0.575554 ^ phy_data_out[8] (out)
                                              0.575554   data arrival time

                                  8.000000    8.000000   clock clk (rise edge)
                                  0.000000    8.000000   clock network delay (propagated)
                                 -0.250000    7.750000   clock uncertainty
                                  0.000000    7.750000   clock reconvergence pessimism
                                 -1.000000    6.750000   output external delay
                                              6.750000   data required time
---------------------------------------------------------------------------------------------
                                              6.750000   data required time
                                             -0.575554   data arrival time
---------------------------------------------------------------------------------------------
                                              6.174446   slack (MET)


Startpoint: _56_ (rising edge-triggered flip-flop clocked by clk)
Endpoint: phy_data_out[0] (output port clocked by clk)
Path Group: clk
Path Type: max

Fanout         Cap        Slew       Delay        Time   Description
---------------------------------------------------------------------------------------------
                                  0.000000    0.000000   clock clk (rise edge)
                                  0.000000    0.000000   clock source latency
     1    0.010060    0.038709    0.025212    0.025212 ^ clk (in)
                                                         clk (net)
                      0.038709    0.000000    0.025212 ^ clkbuf_0_clk/A (sky130_fd_sc_hd__clkbuf_16)
     2    0.019645    0.030943    0.086479    0.111692 ^ clkbuf_0_clk/X (sky130_fd_sc_hd__clkbuf_16)
                                                         clknet_0_clk (net)
                      0.030944    0.000237    0.111928 ^ clkbuf_1_1__f_clk/A (sky130_fd_sc_hd__clkbuf_16)
     4    0.011714    0.025663    0.078811    0.190740 ^ clkbuf_1_1__f_clk/X (sky130_fd_sc_hd__clkbuf_16)
                                                         clknet_1_1__leaf_clk (net)
                      0.025663    0.000200    0.190939 ^ _56_/CLK (sky130_fd_sc_hd__dfrtp_1)
     2    0.006377    0.052483    0.213100    0.404039 ^ _56_/Q (sky130_fd_sc_hd__dfrtp_1)
                                                         net11 (net)
                      0.052483    0.000065    0.404104 ^ output11/A (sky130_fd_sc_hd__buf_2)
     1    0.034065    0.127352    0.143543    0.547647 ^ output11/X (sky130_fd_sc_hd__buf_2)
                                                         phy_data_out[0] (net)
                      0.127352    0.000206    0.547853 ^ phy_data_out[0] (out)
                                              0.547853   data arrival time

                                  8.000000    8.000000   clock clk (rise edge)
                                  0.000000    8.000000   clock network delay (propagated)
                                 -0.250000    7.750000   clock uncertainty
                                  0.000000    7.750000   clock reconvergence pessimism
                                 -1.000000    6.750000   output external delay
                                              6.750000   data required time
---------------------------------------------------------------------------------------------
                                              6.750000   data required time
                                             -0.547853   data arrival time
---------------------------------------------------------------------------------------------
                                              6.202147   slack (MET)


Startpoint: _57_ (rising edge-triggered flip-flop clocked by clk)
Endpoint: phy_data_out[1] (output port clocked by clk)
Path Group: clk
Path Type: max

Fanout         Cap        Slew       Delay        Time   Description
---------------------------------------------------------------------------------------------
                                  0.000000    0.000000   clock clk (rise edge)
                                  0.000000    0.000000   clock source latency
     1    0.010060    0.038709    0.025212    0.025212 ^ clk (in)
                                                         clk (net)
                      0.038709    0.000000    0.025212 ^ clkbuf_0_clk/A (sky130_fd_sc_hd__clkbuf_16)
     2    0.019645    0.030943    0.086479    0.111692 ^ clkbuf_0_clk/X (sky130_fd_sc_hd__clkbuf_16)
                                                         clknet_0_clk (net)
                      0.030944    0.000251    0.111942 ^ clkbuf_1_0__f_clk/A (sky130_fd_sc_hd__clkbuf_16)
     4    0.012036    0.025876    0.079044    0.190986 ^ clkbuf_1_0__f_clk/X (sky130_fd_sc_hd__clkbuf_16)
                                                         clknet_1_0__leaf_clk (net)
                      0.025876    0.000119    0.191105 ^ _57_/CLK (sky130_fd_sc_hd__dfrtp_1)
     2    0.004503    0.041359    0.204150    0.395255 ^ _57_/Q (sky130_fd_sc_hd__dfrtp_1)
                                                         net12 (net)
                      0.041387    0.000041    0.395296 ^ output12/A (sky130_fd_sc_hd__buf_2)
     1    0.035011    0.130796    0.142518    0.537814 ^ output12/X (sky130_fd_sc_hd__buf_2)
                                                         phy_data_out[1] (net)
                      0.130797    0.000198    0.538012 ^ phy_data_out[1] (out)
                                              0.538012   data arrival time

                                  8.000000    8.000000   clock clk (rise edge)
                                  0.000000    8.000000   clock network delay (propagated)
                                 -0.250000    7.750000   clock uncertainty
                                  0.000000    7.750000   clock reconvergence pessimism
                                 -1.000000    6.750000   output external delay
                                              6.750000   data required time
---------------------------------------------------------------------------------------------
                                              6.750000   data required time
                                             -0.538012   data arrival time
---------------------------------------------------------------------------------------------
                                              6.211987   slack (MET)


Startpoint: eth_data_in[5] (input port clocked by clk)
Endpoint: _61_ (rising edge-triggered flip-flop clocked by clk)
Path Group: clk
Path Type: max

Fanout         Cap        Slew       Delay        Time   Description
---------------------------------------------------------------------------------------------
                                  0.000000    0.000000   clock clk (rise edge)
                                  0.000000    0.000000   clock network delay (propagated)
                                  1.000000    1.000000 v input external delay
     1    0.004640    0.007603    0.003886    1.003886 v eth_data_in[5] (in)
                                                         eth_data_in[5] (net)
                      0.007604    0.000000    1.003886 v input6/A (sky130_fd_sc_hd__clkbuf_1)
     1    0.002608    0.017681    0.046850    1.050735 v input6/X (sky130_fd_sc_hd__clkbuf_1)
                                                         net6 (net)
                      0.017681    0.000031    1.050767 v _31_/A (sky130_fd_sc_hd__or4_1)
     2    0.007523    0.073685    0.316998    1.367764 v _31_/X (sky130_fd_sc_hd__or4_1)
                                                         _18_ (net)
                      0.073685    0.000087    1.367851 v _33_/A3 (sky130_fd_sc_hd__o31a_1)
     5    0.017577    0.077008    0.205272    1.573123 v _33_/X (sky130_fd_sc_hd__o31a_1)
                                                         _20_ (net)
                      0.077008    0.000041    1.573165 v _35_/B1 (sky130_fd_sc_hd__a211oi_1)
     1    0.002791    0.127896    0.111994    1.685158 ^ _35_/Y (sky130_fd_sc_hd__a211oi_1)
                                                         _14_ (net)
                      0.127896    0.000027    1.685185 ^ _61_/D (sky130_fd_sc_hd__dfrtp_1)
                                              1.685185   data arrival time

                                  8.000000    8.000000   clock clk (rise edge)
                                  0.000000    8.000000   clock source latency
     1    0.010060    0.038709    0.025212    8.025212 ^ clk (in)
                                                         clk (net)
                      0.038709    0.000000    8.025212 ^ clkbuf_0_clk/A (sky130_fd_sc_hd__clkbuf_16)
     2    0.019645    0.030943    0.086480    8.111692 ^ clkbuf_0_clk/X (sky130_fd_sc_hd__clkbuf_16)
                                                         clknet_0_clk (net)
                      0.030944    0.000236    8.111928 ^ clkbuf_1_1__f_clk/A (sky130_fd_sc_hd__clkbuf_16)
     4    0.011714    0.025663    0.078812    8.190740 ^ clkbuf_1_1__f_clk/X (sky130_fd_sc_hd__clkbuf_16)
                                                         clknet_1_1__leaf_clk (net)
                      0.025663    0.000107    8.190847 ^ _61_/CLK (sky130_fd_sc_hd__dfrtp_1)
                                 -0.250000    7.940847   clock uncertainty
                                  0.000000    7.940847   clock reconvergence pessimism
                                 -0.043212    7.897635   library setup time
                                              7.897635   data required time
---------------------------------------------------------------------------------------------
                                              7.897635   data required time
                                             -1.685185   data arrival time
---------------------------------------------------------------------------------------------
                                              6.212450   slack (MET)


Startpoint: _58_ (rising edge-triggered flip-flop clocked by clk)
Endpoint: phy_data_out[3] (output port clocked by clk)
Path Group: clk
Path Type: max

Fanout         Cap        Slew       Delay        Time   Description
---------------------------------------------------------------------------------------------
                                  0.000000    0.000000   clock clk (rise edge)
                                  0.000000    0.000000   clock source latency
     1    0.010060    0.038709    0.025212    0.025212 ^ clk (in)
                                                         clk (net)
                      0.038709    0.000000    0.025212 ^ clkbuf_0_clk/A (sky130_fd_sc_hd__clkbuf_16)
     2    0.019645    0.030943    0.086479    0.111692 ^ clkbuf_0_clk/X (sky130_fd_sc_hd__clkbuf_16)
                                                         clknet_0_clk (net)
                      0.030944    0.000251    0.111942 ^ clkbuf_1_0__f_clk/A (sky130_fd_sc_hd__clkbuf_16)
     4    0.012036    0.025876    0.079044    0.190986 ^ clkbuf_1_0__f_clk/X (sky130_fd_sc_hd__clkbuf_16)
                                                         clknet_1_0__leaf_clk (net)
                      0.025876    0.000098    0.191084 ^ _58_/CLK (sky130_fd_sc_hd__dfrtp_1)
     2    0.004448    0.041039    0.203886    0.394970 ^ _58_/Q (sky130_fd_sc_hd__dfrtp_1)
                                                         net14 (net)
                      0.041039    0.000030    0.395001 ^ output14/A (sky130_fd_sc_hd__buf_2)
     1    0.034033    0.127292    0.139970    0.534971 ^ output14/X (sky130_fd_sc_hd__buf_2)
                                                         phy_data_out[3] (net)
                      0.127329    0.000242    0.535213 ^ phy_data_out[3] (out)
                                              0.535213   data arrival time

                                  8.000000    8.000000   clock clk (rise edge)
                                  0.000000    8.000000   clock network delay (propagated)
                                 -0.250000    7.750000   clock uncertainty
                                  0.000000    7.750000   clock reconvergence pessimism
                                 -1.000000    6.750000   output external delay
                                              6.750000   data required time
---------------------------------------------------------------------------------------------
                                              6.750000   data required time
                                             -0.535213   data arrival time
---------------------------------------------------------------------------------------------
                                              6.214787   slack (MET)


Startpoint: _55_ (rising edge-triggered flip-flop clocked by clk)
Endpoint: phy_valid_out (output port clocked by clk)
Path Group: clk
Path Type: max

Fanout         Cap        Slew       Delay        Time   Description
---------------------------------------------------------------------------------------------
                                  0.000000    0.000000   clock clk (rise edge)
                                  0.000000    0.000000   clock source latency
     1    0.010060    0.038709    0.025212    0.025212 ^ clk (in)
                                                         clk (net)
                      0.038709    0.000000    0.025212 ^ clkbuf_0_clk/A (sky130_fd_sc_hd__clkbuf_16)
     2    0.019645    0.030943    0.086479    0.111692 ^ clkbuf_0_clk/X (sky130_fd_sc_hd__clkbuf_16)
                                                         clknet_0_clk (net)
                      0.030944    0.000237    0.111928 ^ clkbuf_1_1__f_clk/A (sky130_fd_sc_hd__clkbuf_16)
     4    0.011714    0.025663    0.078811    0.190740 ^ clkbuf_1_1__f_clk/X (sky130_fd_sc_hd__clkbuf_16)
                                                         clknet_1_1__leaf_clk (net)
                      0.025663    0.000140    0.190879 ^ _55_/CLK (sky130_fd_sc_hd__dfrtp_1)
     1    0.003567    0.035978    0.199310    0.390189 ^ _55_/Q (sky130_fd_sc_hd__dfrtp_1)
                                                         net21 (net)
                      0.035978    0.000051    0.390240 ^ output21/A (sky130_fd_sc_hd__buf_2)
     1    0.035441    0.132376    0.141792    0.532032 ^ output21/X (sky130_fd_sc_hd__buf_2)
                                                         phy_valid_out (net)
                      0.132378    0.000407    0.532440 ^ phy_valid_out (out)
                                              0.532440   data arrival time

                                  8.000000    8.000000   clock clk (rise edge)
                                  0.000000    8.000000   clock network delay (propagated)
                                 -0.250000    7.750000   clock uncertainty
                                  0.000000    7.750000   clock reconvergence pessimism
                                 -1.000000    6.750000   output external delay
                                              6.750000   data required time
---------------------------------------------------------------------------------------------
                                              6.750000   data required time
                                             -0.532440   data arrival time
---------------------------------------------------------------------------------------------
                                              6.217560   slack (MET)


Startpoint: eth_data_in[5] (input port clocked by clk)
Endpoint: _59_ (rising edge-triggered flip-flop clocked by clk)
Path Group: clk
Path Type: max

Fanout         Cap        Slew       Delay        Time   Description
---------------------------------------------------------------------------------------------
                                  0.000000    0.000000   clock clk (rise edge)
                                  0.000000    0.000000   clock network delay (propagated)
                                  1.000000    1.000000 v input external delay
     1    0.004640    0.007603    0.003886    1.003886 v eth_data_in[5] (in)
                                                         eth_data_in[5] (net)
                      0.007604    0.000000    1.003886 v input6/A (sky130_fd_sc_hd__clkbuf_1)
     1    0.002608    0.017681    0.046850    1.050735 v input6/X (sky130_fd_sc_hd__clkbuf_1)
                                                         net6 (net)
                      0.017681    0.000031    1.050767 v _31_/A (sky130_fd_sc_hd__or4_1)
     2    0.007523    0.073685    0.316998    1.367764 v _31_/X (sky130_fd_sc_hd__or4_1)
                                                         _18_ (net)
                      0.073685    0.000087    1.367851 v _33_/A3 (sky130_fd_sc_hd__o31a_1)
     5    0.017577    0.077008    0.205272    1.573123 v _33_/X (sky130_fd_sc_hd__o31a_1)
                                                         _20_ (net)
                      0.077008    0.000314    1.573437 v _38_/B1 (sky130_fd_sc_hd__a211oi_1)
     1    0.002394    0.121871    0.107148    1.680586 ^ _38_/Y (sky130_fd_sc_hd__a211oi_1)
                                                         _12_ (net)
                      0.121871    0.000012    1.680598 ^ _59_/D (sky130_fd_sc_hd__dfrtp_1)
                                              1.680598   data arrival time

                                  8.000000    8.000000   clock clk (rise edge)
                                  0.000000    8.000000   clock source latency
     1    0.010060    0.038709    0.025212    8.025212 ^ clk (in)
                                                         clk (net)
                      0.038709    0.000000    8.025212 ^ clkbuf_0_clk/A (sky130_fd_sc_hd__clkbuf_16)
     2    0.019645    0.030943    0.086480    8.111692 ^ clkbuf_0_clk/X (sky130_fd_sc_hd__clkbuf_16)
                                                         clknet_0_clk (net)
                      0.030944    0.000250    8.111942 ^ clkbuf_1_0__f_clk/A (sky130_fd_sc_hd__clkbuf_16)
     4    0.012036    0.025876    0.079043    8.190986 ^ clkbuf_1_0__f_clk/X (sky130_fd_sc_hd__clkbuf_16)
                                                         clknet_1_0__leaf_clk (net)
                      0.025876    0.000113    8.191099 ^ _59_/CLK (sky130_fd_sc_hd__dfrtp_1)
                                 -0.250000    7.941099   clock uncertainty
                                  0.000000    7.941099   clock reconvergence pessimism
                                 -0.042631    7.898468   library setup time
                                              7.898468   data required time
---------------------------------------------------------------------------------------------
                                              7.898468   data required time
                                             -1.680598   data arrival time
---------------------------------------------------------------------------------------------
                                              6.217870   slack (MET)


Startpoint: eth_data_in[5] (input port clocked by clk)
Endpoint: _56_ (rising edge-triggered flip-flop clocked by clk)
Path Group: clk
Path Type: max

Fanout         Cap        Slew       Delay        Time   Description
---------------------------------------------------------------------------------------------
                                  0.000000    0.000000   clock clk (rise edge)
                                  0.000000    0.000000   clock network delay (propagated)
                                  1.000000    1.000000 v input external delay
     1    0.004640    0.007603    0.003886    1.003886 v eth_data_in[5] (in)
                                                         eth_data_in[5] (net)
                      0.007604    0.000000    1.003886 v input6/A (sky130_fd_sc_hd__clkbuf_1)
     1    0.002608    0.017681    0.046850    1.050735 v input6/X (sky130_fd_sc_hd__clkbuf_1)
                                                         net6 (net)
                      0.017681    0.000031    1.050767 v _31_/A (sky130_fd_sc_hd__or4_1)
     2    0.007523    0.073685    0.316998    1.367764 v _31_/X (sky130_fd_sc_hd__or4_1)
                                                         _18_ (net)
                      0.073685    0.000029    1.367793 v _32_/C (sky130_fd_sc_hd__nor3_1)
     1    0.003538    0.112545    0.107533    1.475327 ^ _32_/Y (sky130_fd_sc_hd__nor3_1)
                                                         _19_ (net)
                      0.112545    0.000038    1.475365 ^ _44_/B1 (sky130_fd_sc_hd__a22o_1)
     1    0.002898    0.031864    0.077197    1.552561 ^ _44_/X (sky130_fd_sc_hd__a22o_1)
                                                         _09_ (net)
                      0.031864    0.000032    1.552593 ^ _56_/D (sky130_fd_sc_hd__dfrtp_1)
                                              1.552593   data arrival time

                                  8.000000    8.000000   clock clk (rise edge)
                                  0.000000    8.000000   clock source latency
     1    0.010060    0.038709    0.025212    8.025212 ^ clk (in)
                                                         clk (net)
                      0.038709    0.000000    8.025212 ^ clkbuf_0_clk/A (sky130_fd_sc_hd__clkbuf_16)
     2    0.019645    0.030943    0.086480    8.111692 ^ clkbuf_0_clk/X (sky130_fd_sc_hd__clkbuf_16)
                                                         clknet_0_clk (net)
                      0.030944    0.000236    8.111928 ^ clkbuf_1_1__f_clk/A (sky130_fd_sc_hd__clkbuf_16)
     4    0.011714    0.025663    0.078812    8.190740 ^ clkbuf_1_1__f_clk/X (sky130_fd_sc_hd__clkbuf_16)
                                                         clknet_1_1__leaf_clk (net)
                      0.025663    0.000199    8.190939 ^ _56_/CLK (sky130_fd_sc_hd__dfrtp_1)
                                 -0.250000    7.940939   clock uncertainty
                                  0.000000    7.940939   clock reconvergence pessimism
                                 -0.034072    7.906867   library setup time
                                              7.906867   data required time
---------------------------------------------------------------------------------------------
                                              7.906867   data required time
                                             -1.552593   data arrival time
---------------------------------------------------------------------------------------------
                                              6.354273   slack (MET)


Startpoint: eth_valid_in (input port clocked by clk)
Endpoint: _54_ (rising edge-triggered flip-flop clocked by clk)
Path Group: clk
Path Type: max

Fanout         Cap        Slew       Delay        Time   Description
---------------------------------------------------------------------------------------------
                                  0.000000    0.000000   clock clk (rise edge)
                                  0.000000    0.000000   clock network delay (propagated)
                                  1.000000    1.000000 ^ input external delay
     1    0.004280    0.019207    0.011119    1.011119 ^ eth_valid_in (in)
                                                         eth_valid_in (net)
                      0.019208    0.000000    1.011119 ^ input9/A (sky130_fd_sc_hd__buf_1)
     5    0.017943    0.160155    0.137605    1.148724 ^ input9/X (sky130_fd_sc_hd__buf_1)
                                                         net9 (net)
                      0.160156    0.000295    1.149019 ^ _28_/A (sky130_fd_sc_hd__inv_2)
     8    0.026491    0.067619    0.064491    1.213510 v _28_/Y (sky130_fd_sc_hd__inv_2)
                                                         _16_ (net)
                      0.067628    0.000658    1.214168 v _45_/A (sky130_fd_sc_hd__and2_1)
     1    0.001752    0.022344    0.092826    1.306994 v _45_/X (sky130_fd_sc_hd__and2_1)
                                                         _26_ (net)
                      0.022344    0.000015    1.307009 v _46_/B (sky130_fd_sc_hd__or2_1)
     1    0.003498    0.035009    0.119428    1.426437 v _46_/X (sky130_fd_sc_hd__or2_1)
                                                         _08_ (net)
                      0.035009    0.000046    1.426483 v _54_/D (sky130_fd_sc_hd__dfrtp_1)
                                              1.426483   data arrival time

                                  8.000000    8.000000   clock clk (rise edge)
                                  0.000000    8.000000   clock source latency
     1    0.010060    0.038709    0.025212    8.025212 ^ clk (in)
                                                         clk (net)
                      0.038709    0.000000    8.025212 ^ clkbuf_0_clk/A (sky130_fd_sc_hd__clkbuf_16)
     2    0.019645    0.030943    0.086480    8.111692 ^ clkbuf_0_clk/X (sky130_fd_sc_hd__clkbuf_16)
                                                         clknet_0_clk (net)
                      0.030944    0.000250    8.111942 ^ clkbuf_1_0__f_clk/A (sky130_fd_sc_hd__clkbuf_16)
     4    0.012036    0.025876    0.079043    8.190986 ^ clkbuf_1_0__f_clk/X (sky130_fd_sc_hd__clkbuf_16)
                                                         clknet_1_0__leaf_clk (net)
                      0.025876    0.000148    8.191134 ^ _54_/CLK (sky130_fd_sc_hd__dfrtp_1)
                                 -0.250000    7.941134   clock uncertainty
                                  0.000000    7.941134   clock reconvergence pessimism
                                 -0.074109    7.867025   library setup time
                                              7.867025   data required time
---------------------------------------------------------------------------------------------
                                              7.867025   data required time
                                             -1.426483   data arrival time
---------------------------------------------------------------------------------------------
                                              6.440543   slack (MET)


Startpoint: rst (input port clocked by clk)
Endpoint: _61_ (recovery check against rising-edge clock clk)
Path Group: asynchronous
Path Type: max

Fanout         Cap        Slew       Delay        Time   Description
---------------------------------------------------------------------------------------------
                                  0.000000    0.000000   clock clk (rise edge)
                                  0.000000    0.000000   clock network delay (propagated)
                                  1.000000    1.000000 v input external delay
     1    0.002565    0.004388    0.002052    1.002052 v rst (in)
                                                         rst (net)
                      0.004388    0.000000    1.002052 v hold1/A (sky130_fd_sc_hd__dlygate4sd3_1)
     1    0.002417    0.036779    0.349205    1.351257 v hold1/X (sky130_fd_sc_hd__dlygate4sd3_1)
                                                         net22 (net)
                      0.036779    0.000022    1.351279 v input10/A (sky130_fd_sc_hd__clkbuf_4)
     8    0.041038    0.064776    0.132679    1.483958 v input10/X (sky130_fd_sc_hd__clkbuf_4)
                                                         net10 (net)
                      0.064776    0.000263    1.484222 v _53_/A (sky130_fd_sc_hd__inv_2)
     1    0.005597    0.030555    0.047137    1.531359 ^ _53_/Y (sky130_fd_sc_hd__inv_2)
                                                         _07_ (net)
                      0.030555    0.000084    1.531443 ^ _61_/RESET_B (sky130_fd_sc_hd__dfrtp_1)
                                              1.531443   data arrival time

                                  8.000000    8.000000   clock clk (rise edge)
                                  0.000000    8.000000   clock source latency
     1    0.010060    0.038709    0.025212    8.025212 ^ clk (in)
                                                         clk (net)
                      0.038709    0.000000    8.025212 ^ clkbuf_0_clk/A (sky130_fd_sc_hd__clkbuf_16)
     2    0.019645    0.030943    0.086480    8.111692 ^ clkbuf_0_clk/X (sky130_fd_sc_hd__clkbuf_16)
                                                         clknet_0_clk (net)
                      0.030944    0.000236    8.111928 ^ clkbuf_1_1__f_clk/A (sky130_fd_sc_hd__clkbuf_16)
     4    0.011714    0.025663    0.078812    8.190740 ^ clkbuf_1_1__f_clk/X (sky130_fd_sc_hd__clkbuf_16)
                                                         clknet_1_1__leaf_clk (net)
                      0.025663    0.000107    8.190847 ^ _61_/CLK (sky130_fd_sc_hd__dfrtp_1)
                                 -0.250000    7.940847   clock uncertainty
                                  0.000000    7.940847   clock reconvergence pessimism
                                  0.142955    8.083802   library recovery time
                                              8.083802   data required time
---------------------------------------------------------------------------------------------
                                              8.083802   data required time
                                             -1.531443   data arrival time
---------------------------------------------------------------------------------------------
                                              6.552360   slack (MET)


Startpoint: rst (input port clocked by clk)
Endpoint: _55_ (recovery check against rising-edge clock clk)
Path Group: asynchronous
Path Type: max

Fanout         Cap        Slew       Delay        Time   Description
---------------------------------------------------------------------------------------------
                                  0.000000    0.000000   clock clk (rise edge)
                                  0.000000    0.000000   clock network delay (propagated)
                                  1.000000    1.000000 v input external delay
     1    0.002565    0.004388    0.002052    1.002052 v rst (in)
                                                         rst (net)
                      0.004388    0.000000    1.002052 v hold1/A (sky130_fd_sc_hd__dlygate4sd3_1)
     1    0.002417    0.036779    0.349205    1.351257 v hold1/X (sky130_fd_sc_hd__dlygate4sd3_1)
                                                         net22 (net)
                      0.036779    0.000022    1.351279 v input10/A (sky130_fd_sc_hd__clkbuf_4)
     8    0.041038    0.064776    0.132679    1.483958 v input10/X (sky130_fd_sc_hd__clkbuf_4)
                                                         net10 (net)
                      0.064777    0.000339    1.484297 v _47_/A (sky130_fd_sc_hd__inv_2)
     1    0.005556    0.030449    0.047036    1.531333 ^ _47_/Y (sky130_fd_sc_hd__inv_2)
                                                         _01_ (net)
                      0.030449    0.000085    1.531418 ^ _55_/RESET_B (sky130_fd_sc_hd__dfrtp_1)
                                              1.531418   data arrival time

                                  8.000000    8.000000   clock clk (rise edge)
                                  0.000000    8.000000   clock source latency
     1    0.010060    0.038709    0.025212    8.025212 ^ clk (in)
                                                         clk (net)
                      0.038709    0.000000    8.025212 ^ clkbuf_0_clk/A (sky130_fd_sc_hd__clkbuf_16)
     2    0.019645    0.030943    0.086480    8.111692 ^ clkbuf_0_clk/X (sky130_fd_sc_hd__clkbuf_16)
                                                         clknet_0_clk (net)
                      0.030944    0.000236    8.111928 ^ clkbuf_1_1__f_clk/A (sky130_fd_sc_hd__clkbuf_16)
     4    0.011714    0.025663    0.078812    8.190740 ^ clkbuf_1_1__f_clk/X (sky130_fd_sc_hd__clkbuf_16)
                                                         clknet_1_1__leaf_clk (net)
                      0.025663    0.000139    8.190879 ^ _55_/CLK (sky130_fd_sc_hd__dfrtp_1)
                                 -0.250000    7.940879   clock uncertainty
                                  0.000000    7.940879   clock reconvergence pessimism
                                  0.142975    8.083854   library recovery time
                                              8.083854   data required time
---------------------------------------------------------------------------------------------
                                              8.083854   data required time
                                             -1.531418   data arrival time
---------------------------------------------------------------------------------------------
                                              6.552436   slack (MET)


Startpoint: rst (input port clocked by clk)
Endpoint: _59_ (recovery check against rising-edge clock clk)
Path Group: asynchronous
Path Type: max

Fanout         Cap        Slew       Delay        Time   Description
---------------------------------------------------------------------------------------------
                                  0.000000    0.000000   clock clk (rise edge)
                                  0.000000    0.000000   clock network delay (propagated)
                                  1.000000    1.000000 v input external delay
     1    0.002565    0.004388    0.002052    1.002052 v rst (in)
                                                         rst (net)
                      0.004388    0.000000    1.002052 v hold1/A (sky130_fd_sc_hd__dlygate4sd3_1)
     1    0.002417    0.036779    0.349205    1.351257 v hold1/X (sky130_fd_sc_hd__dlygate4sd3_1)
                                                         net22 (net)
                      0.036779    0.000022    1.351279 v input10/A (sky130_fd_sc_hd__clkbuf_4)
     8    0.041038    0.064776    0.132679    1.483958 v input10/X (sky130_fd_sc_hd__clkbuf_4)
                                                         net10 (net)
                      0.064777    0.000351    1.484309 v _51_/A (sky130_fd_sc_hd__inv_2)
     1    0.005152    0.029395    0.046026    1.530335 ^ _51_/Y (sky130_fd_sc_hd__inv_2)
                                                         _05_ (net)
                      0.029395    0.000067    1.530402 ^ _59_/RESET_B (sky130_fd_sc_hd__dfrtp_1)
                                              1.530402   data arrival time

                                  8.000000    8.000000   clock clk (rise edge)
                                  0.000000    8.000000   clock source latency
     1    0.010060    0.038709    0.025212    8.025212 ^ clk (in)
                                                         clk (net)
                      0.038709    0.000000    8.025212 ^ clkbuf_0_clk/A (sky130_fd_sc_hd__clkbuf_16)
     2    0.019645    0.030943    0.086480    8.111692 ^ clkbuf_0_clk/X (sky130_fd_sc_hd__clkbuf_16)
                                                         clknet_0_clk (net)
                      0.030944    0.000250    8.111942 ^ clkbuf_1_0__f_clk/A (sky130_fd_sc_hd__clkbuf_16)
     4    0.012036    0.025876    0.079043    8.190986 ^ clkbuf_1_0__f_clk/X (sky130_fd_sc_hd__clkbuf_16)
                                                         clknet_1_0__leaf_clk (net)
                      0.025876    0.000113    8.191099 ^ _59_/CLK (sky130_fd_sc_hd__dfrtp_1)
                                 -0.250000    7.941099   clock uncertainty
                                  0.000000    7.941099   clock reconvergence pessimism
                                  0.143204    8.084302   library recovery time
                                              8.084302   data required time
---------------------------------------------------------------------------------------------
                                              8.084302   data required time
                                             -1.530402   data arrival time
---------------------------------------------------------------------------------------------
                                              6.553900   slack (MET)


Startpoint: rst (input port clocked by clk)
Endpoint: _60_ (recovery check against rising-edge clock clk)
Path Group: asynchronous
Path Type: max

Fanout         Cap        Slew       Delay        Time   Description
---------------------------------------------------------------------------------------------
                                  0.000000    0.000000   clock clk (rise edge)
                                  0.000000    0.000000   clock network delay (propagated)
                                  1.000000    1.000000 v input external delay
     1    0.002565    0.004388    0.002052    1.002052 v rst (in)
                                                         rst (net)
                      0.004388    0.000000    1.002052 v hold1/A (sky130_fd_sc_hd__dlygate4sd3_1)
     1    0.002417    0.036779    0.349205    1.351257 v hold1/X (sky130_fd_sc_hd__dlygate4sd3_1)
                                                         net22 (net)
                      0.036779    0.000022    1.351279 v input10/A (sky130_fd_sc_hd__clkbuf_4)
     8    0.041038    0.064776    0.132679    1.483958 v input10/X (sky130_fd_sc_hd__clkbuf_4)
                                                         net10 (net)
                      0.064778    0.000468    1.484426 v _52_/A (sky130_fd_sc_hd__inv_2)
     1    0.004331    0.027103    0.043512    1.527938 ^ _52_/Y (sky130_fd_sc_hd__inv_2)
                                                         _06_ (net)
                      0.027104    0.000040    1.527978 ^ _60_/RESET_B (sky130_fd_sc_hd__dfrtp_1)
                                              1.527978   data arrival time

                                  8.000000    8.000000   clock clk (rise edge)
                                  0.000000    8.000000   clock source latency
     1    0.010060    0.038709    0.025212    8.025212 ^ clk (in)
                                                         clk (net)
                      0.038709    0.000000    8.025212 ^ clkbuf_0_clk/A (sky130_fd_sc_hd__clkbuf_16)
     2    0.019645    0.030943    0.086480    8.111692 ^ clkbuf_0_clk/X (sky130_fd_sc_hd__clkbuf_16)
                                                         clknet_0_clk (net)
                      0.030944    0.000236    8.111928 ^ clkbuf_1_1__f_clk/A (sky130_fd_sc_hd__clkbuf_16)
     4    0.011714    0.025663    0.078812    8.190740 ^ clkbuf_1_1__f_clk/X (sky130_fd_sc_hd__clkbuf_16)
                                                         clknet_1_1__leaf_clk (net)
                      0.025663    0.000213    8.190953 ^ _60_/CLK (sky130_fd_sc_hd__dfrtp_1)
                                 -0.250000    7.940953   clock uncertainty
                                  0.000000    7.940953   clock reconvergence pessimism
                                  0.143601    8.084555   library recovery time
                                              8.084555   data required time
---------------------------------------------------------------------------------------------
                                              8.084555   data required time
                                             -1.527978   data arrival time
---------------------------------------------------------------------------------------------
                                              6.556577   slack (MET)


Startpoint: rst (input port clocked by clk)
Endpoint: _57_ (recovery check against rising-edge clock clk)
Path Group: asynchronous
Path Type: max

Fanout         Cap        Slew       Delay        Time   Description
---------------------------------------------------------------------------------------------
                                  0.000000    0.000000   clock clk (rise edge)
                                  0.000000    0.000000   clock network delay (propagated)
                                  1.000000    1.000000 v input external delay
     1    0.002565    0.004388    0.002052    1.002052 v rst (in)
                                                         rst (net)
                      0.004388    0.000000    1.002052 v hold1/A (sky130_fd_sc_hd__dlygate4sd3_1)
     1    0.002417    0.036779    0.349205    1.351257 v hold1/X (sky130_fd_sc_hd__dlygate4sd3_1)
                                                         net22 (net)
                      0.036779    0.000022    1.351279 v input10/A (sky130_fd_sc_hd__clkbuf_4)
     8    0.041038    0.064776    0.132679    1.483958 v input10/X (sky130_fd_sc_hd__clkbuf_4)
                                                         net10 (net)
                      0.064781    0.000589    1.484547 v _49_/A (sky130_fd_sc_hd__inv_2)
     1    0.004326    0.027087    0.043502    1.528049 ^ _49_/Y (sky130_fd_sc_hd__inv_2)
                                                         _03_ (net)
                      0.027087    0.000022    1.528071 ^ _57_/RESET_B (sky130_fd_sc_hd__dfrtp_1)
                                              1.528071   data arrival time

                                  8.000000    8.000000   clock clk (rise edge)
                                  0.000000    8.000000   clock source latency
     1    0.010060    0.038709    0.025212    8.025212 ^ clk (in)
                                                         clk (net)
                      0.038709    0.000000    8.025212 ^ clkbuf_0_clk/A (sky130_fd_sc_hd__clkbuf_16)
     2    0.019645    0.030943    0.086480    8.111692 ^ clkbuf_0_clk/X (sky130_fd_sc_hd__clkbuf_16)
                                                         clknet_0_clk (net)
                      0.030944    0.000250    8.111942 ^ clkbuf_1_0__f_clk/A (sky130_fd_sc_hd__clkbuf_16)
     4    0.012036    0.025876    0.079043    8.190986 ^ clkbuf_1_0__f_clk/X (sky130_fd_sc_hd__clkbuf_16)
                                                         clknet_1_0__leaf_clk (net)
                      0.025876    0.000119    8.191105 ^ _57_/CLK (sky130_fd_sc_hd__dfrtp_1)
                                 -0.250000    7.941105   clock uncertainty
                                  0.000000    7.941105   clock reconvergence pessimism
                                  0.143636    8.084741   library recovery time
                                              8.084741   data required time
---------------------------------------------------------------------------------------------
                                              8.084741   data required time
                                             -1.528071   data arrival time
---------------------------------------------------------------------------------------------
                                              6.556670   slack (MET)


Startpoint: rst (input port clocked by clk)
Endpoint: _58_ (recovery check against rising-edge clock clk)
Path Group: asynchronous
Path Type: max

Fanout         Cap        Slew       Delay        Time   Description
---------------------------------------------------------------------------------------------
                                  0.000000    0.000000   clock clk (rise edge)
                                  0.000000    0.000000   clock network delay (propagated)
                                  1.000000    1.000000 v input external delay
     1    0.002565    0.004388    0.002052    1.002052 v rst (in)
                                                         rst (net)
                      0.004388    0.000000    1.002052 v hold1/A (sky130_fd_sc_hd__dlygate4sd3_1)
     1    0.002417    0.036779    0.349205    1.351257 v hold1/X (sky130_fd_sc_hd__dlygate4sd3_1)
                                                         net22 (net)
                      0.036779    0.000022    1.351279 v input10/A (sky130_fd_sc_hd__clkbuf_4)
     8    0.041038    0.064776    0.132679    1.483958 v input10/X (sky130_fd_sc_hd__clkbuf_4)
                                                         net10 (net)
                      0.064781    0.000612    1.484571 v _50_/A (sky130_fd_sc_hd__inv_2)
     1    0.004288    0.026982    0.043360    1.527930 ^ _50_/Y (sky130_fd_sc_hd__inv_2)
                                                         _04_ (net)
                      0.026982    0.000040    1.527970 ^ _58_/RESET_B (sky130_fd_sc_hd__dfrtp_1)
                                              1.527970   data arrival time

                                  8.000000    8.000000   clock clk (rise edge)
                                  0.000000    8.000000   clock source latency
     1    0.010060    0.038709    0.025212    8.025212 ^ clk (in)
                                                         clk (net)
                      0.038709    0.000000    8.025212 ^ clkbuf_0_clk/A (sky130_fd_sc_hd__clkbuf_16)
     2    0.019645    0.030943    0.086480    8.111692 ^ clkbuf_0_clk/X (sky130_fd_sc_hd__clkbuf_16)
                                                         clknet_0_clk (net)
                      0.030944    0.000250    8.111942 ^ clkbuf_1_0__f_clk/A (sky130_fd_sc_hd__clkbuf_16)
     4    0.012036    0.025876    0.079043    8.190986 ^ clkbuf_1_0__f_clk/X (sky130_fd_sc_hd__clkbuf_16)
                                                         clknet_1_0__leaf_clk (net)
                      0.025876    0.000099    8.191085 ^ _58_/CLK (sky130_fd_sc_hd__dfrtp_1)
                                 -0.250000    7.941084   clock uncertainty
                                  0.000000    7.941084   clock reconvergence pessimism
                                  0.143656    8.084741   library recovery time
                                              8.084741   data required time
---------------------------------------------------------------------------------------------
                                              8.084741   data required time
                                             -1.527970   data arrival time
---------------------------------------------------------------------------------------------
                                              6.556770   slack (MET)


Startpoint: rst (input port clocked by clk)
Endpoint: _56_ (recovery check against rising-edge clock clk)
Path Group: asynchronous
Path Type: max

Fanout         Cap        Slew       Delay        Time   Description
---------------------------------------------------------------------------------------------
                                  0.000000    0.000000   clock clk (rise edge)
                                  0.000000    0.000000   clock network delay (propagated)
                                  1.000000    1.000000 v input external delay
     1    0.002565    0.004388    0.002052    1.002052 v rst (in)
                                                         rst (net)
                      0.004388    0.000000    1.002052 v hold1/A (sky130_fd_sc_hd__dlygate4sd3_1)
     1    0.002417    0.036779    0.349205    1.351257 v hold1/X (sky130_fd_sc_hd__dlygate4sd3_1)
                                                         net22 (net)
                      0.036779    0.000022    1.351279 v input10/A (sky130_fd_sc_hd__clkbuf_4)
     8    0.041038    0.064776    0.132679    1.483958 v input10/X (sky130_fd_sc_hd__clkbuf_4)
                                                         net10 (net)
                      0.064778    0.000462    1.484421 v _48_/A (sky130_fd_sc_hd__inv_2)
     1    0.003938    0.026043    0.042120    1.526541 ^ _48_/Y (sky130_fd_sc_hd__inv_2)
                                                         _02_ (net)
                      0.026043    0.000028    1.526568 ^ _56_/RESET_B (sky130_fd_sc_hd__dfrtp_1)
                                              1.526568   data arrival time

                                  8.000000    8.000000   clock clk (rise edge)
                                  0.000000    8.000000   clock source latency
     1    0.010060    0.038709    0.025212    8.025212 ^ clk (in)
                                                         clk (net)
                      0.038709    0.000000    8.025212 ^ clkbuf_0_clk/A (sky130_fd_sc_hd__clkbuf_16)
     2    0.019645    0.030943    0.086480    8.111692 ^ clkbuf_0_clk/X (sky130_fd_sc_hd__clkbuf_16)
                                                         clknet_0_clk (net)
                      0.030944    0.000236    8.111928 ^ clkbuf_1_1__f_clk/A (sky130_fd_sc_hd__clkbuf_16)
     4    0.011714    0.025663    0.078812    8.190740 ^ clkbuf_1_1__f_clk/X (sky130_fd_sc_hd__clkbuf_16)
                                                         clknet_1_1__leaf_clk (net)
                      0.025663    0.000199    8.190939 ^ _56_/CLK (sky130_fd_sc_hd__dfrtp_1)
                                 -0.250000    7.940939   clock uncertainty
                                  0.000000    7.940939   clock reconvergence pessimism
                                  0.143800    8.084740   library recovery time
                                              8.084740   data required time
---------------------------------------------------------------------------------------------
                                              8.084740   data required time
                                             -1.526568   data arrival time
---------------------------------------------------------------------------------------------
                                              6.558171   slack (MET)


Startpoint: rst (input port clocked by clk)
Endpoint: _54_ (recovery check against rising-edge clock clk)
Path Group: asynchronous
Path Type: max

Fanout         Cap        Slew       Delay        Time   Description
---------------------------------------------------------------------------------------------
                                  0.000000    0.000000   clock clk (rise edge)
                                  0.000000    0.000000   clock network delay (propagated)
                                  1.000000    1.000000 v input external delay
     1    0.002565    0.004388    0.002052    1.002052 v rst (in)
                                                         rst (net)
                      0.004388    0.000000    1.002052 v hold1/A (sky130_fd_sc_hd__dlygate4sd3_1)
     1    0.002417    0.036779    0.349205    1.351257 v hold1/X (sky130_fd_sc_hd__dlygate4sd3_1)
                                                         net22 (net)
                      0.036779    0.000022    1.351279 v input10/A (sky130_fd_sc_hd__clkbuf_4)
     8    0.041038    0.064776    0.132679    1.483958 v input10/X (sky130_fd_sc_hd__clkbuf_4)
                                                         net10 (net)
                      0.064781    0.000593    1.484551 v _30_/A (sky130_fd_sc_hd__inv_2)
     1    0.003947    0.026066    0.042151    1.526702 ^ _30_/Y (sky130_fd_sc_hd__inv_2)
                                                         _00_ (net)
                      0.026066    0.000029    1.526731 ^ _54_/RESET_B (sky130_fd_sc_hd__dfrtp_1)
                                              1.526731   data arrival time

                                  8.000000    8.000000   clock clk (rise edge)
                                  0.000000    8.000000   clock source latency
     1    0.010060    0.038709    0.025212    8.025212 ^ clk (in)
                                                         clk (net)
                      0.038709    0.000000    8.025212 ^ clkbuf_0_clk/A (sky130_fd_sc_hd__clkbuf_16)
     2    0.019645    0.030943    0.086480    8.111692 ^ clkbuf_0_clk/X (sky130_fd_sc_hd__clkbuf_16)
                                                         clknet_0_clk (net)
                      0.030944    0.000250    8.111942 ^ clkbuf_1_0__f_clk/A (sky130_fd_sc_hd__clkbuf_16)
     4    0.012036    0.025876    0.079043    8.190986 ^ clkbuf_1_0__f_clk/X (sky130_fd_sc_hd__clkbuf_16)
                                                         clknet_1_0__leaf_clk (net)
                      0.025876    0.000148    8.191134 ^ _54_/CLK (sky130_fd_sc_hd__dfrtp_1)
                                 -0.250000    7.941134   clock uncertainty
                                  0.000000    7.941134   clock reconvergence pessimism
                                  0.143828    8.084961   library recovery time
                                              8.084961   data required time
---------------------------------------------------------------------------------------------
                                              8.084961   data required time
                                             -1.526731   data arrival time
---------------------------------------------------------------------------------------------
                                              6.558230   slack (MET)


Startpoint: eth_valid_in (input port clocked by clk)
Endpoint: _55_ (rising edge-triggered flip-flop clocked by clk)
Path Group: clk
Path Type: max

Fanout         Cap        Slew       Delay        Time   Description
---------------------------------------------------------------------------------------------
                                  0.000000    0.000000   clock clk (rise edge)
                                  0.000000    0.000000   clock network delay (propagated)
                                  1.000000    1.000000 ^ input external delay
     1    0.004280    0.019207    0.011119    1.011119 ^ eth_valid_in (in)
                                                         eth_valid_in (net)
                      0.019208    0.000000    1.011119 ^ input9/A (sky130_fd_sc_hd__buf_1)
     5    0.017943    0.160155    0.137605    1.148724 ^ input9/X (sky130_fd_sc_hd__buf_1)
                                                         net9 (net)
                      0.160155    0.000235    1.148959 ^ _55_/D (sky130_fd_sc_hd__dfrtp_1)
                                              1.148959   data arrival time

                                  8.000000    8.000000   clock clk (rise edge)
                                  0.000000    8.000000   clock source latency
     1    0.010060    0.038709    0.025212    8.025212 ^ clk (in)
                                                         clk (net)
                      0.038709    0.000000    8.025212 ^ clkbuf_0_clk/A (sky130_fd_sc_hd__clkbuf_16)
     2    0.019645    0.030943    0.086480    8.111692 ^ clkbuf_0_clk/X (sky130_fd_sc_hd__clkbuf_16)
                                                         clknet_0_clk (net)
                      0.030944    0.000236    8.111928 ^ clkbuf_1_1__f_clk/A (sky130_fd_sc_hd__clkbuf_16)
     4    0.011714    0.025663    0.078812    8.190740 ^ clkbuf_1_1__f_clk/X (sky130_fd_sc_hd__clkbuf_16)
                                                         clknet_1_1__leaf_clk (net)
                      0.025663    0.000139    8.190879 ^ _55_/CLK (sky130_fd_sc_hd__dfrtp_1)
                                 -0.250000    7.940879   clock uncertainty
                                  0.000000    7.940879   clock reconvergence pessimism
                                 -0.046283    7.894596   library setup time
                                              7.894596   data required time
---------------------------------------------------------------------------------------------
                                              7.894596   data required time
                                             -1.148959   data arrival time
---------------------------------------------------------------------------------------------
                                              6.745637   slack (MET)



