Clock: clk
Sources: clk 
Generated: no
Virtual: yes
Propagated: no
Period: 8.000000

===========================================================================
report_clock_properties
============================================================================
Clock                   Period          Waveform
----------------------------------------------------
clk                   8.000000    0.000000  4.000000

===========================================================================
report_clock_latency
============================================================================
Clock clk
rise -> rise
    min     max
0.000000 0.000000 source latency
0.062149         network latency _58_/CLK
        0.062229 network latency _61_/CLK
---------------
0.062149 0.062229 latency
        0.000080 skew

fall -> fall
    min     max
0.000000 0.000000 source latency
0.028519         network latency _58_/CLK
        0.028594 network latency _61_/CLK
---------------
0.028519 0.028594 latency
        0.000075 skew



===========================================================================
report_clock_min_period
============================================================================
clk period_min = 1.51 fmax = 662.82
