
===========================================================================
report_checks -unconstrained
===========================================================================
======================= nom_ss_100C_1v60 Corner ===================================

Startpoint: en (input port clocked by clk)
Endpoint: _350_ (rising edge-triggered flip-flop clocked by clk)
Path Group: clk
Path Type: max

Fanout         Cap        Slew       Delay        Time   Description
---------------------------------------------------------------------------------------------
                                  0.000000    0.000000   clock clk (rise edge)
                                  0.000000    0.000000   clock network delay (propagated)
                                  1.000000    1.000000 ^ input external delay
     1    0.002653    0.031281    0.015012    1.015012 ^ en (in)
                                                         en (net)
                      0.031281    0.000000    1.015012 ^ input1/A (sky130_fd_sc_hd__clkbuf_1)
     1    0.004544    0.102786    0.156150    1.171162 ^ input1/X (sky130_fd_sc_hd__clkbuf_1)
                                                         net1 (net)
                      0.102786    0.000148    1.171310 ^ fanout47/A (sky130_fd_sc_hd__buf_2)
     8    0.038374    0.302873    0.379897    1.551207 ^ fanout47/X (sky130_fd_sc_hd__buf_2)
                                                         net47 (net)
                      0.302982    0.001948    1.553155 ^ fanout46/A (sky130_fd_sc_hd__buf_2)
    10    0.044006    0.345261    0.497153    2.050308 ^ fanout46/X (sky130_fd_sc_hd__buf_2)
                                                         net46 (net)
                      0.345266    0.001839    2.052146 ^ _324_/A (sky130_fd_sc_hd__inv_2)
     4    0.013407    0.106343    0.190111    2.242258 v _324_/Y (sky130_fd_sc_hd__inv_2)
                                                         _150_ (net)
                      0.106343    0.000242    2.242500 v _235_/A (sky130_fd_sc_hd__nor4_1)
     3    0.011249    0.918746    0.895422    3.137923 ^ _235_/Y (sky130_fd_sc_hd__nor4_1)
                                                         _082_ (net)
                      0.918746    0.000212    3.138135 ^ max_cap38/A (sky130_fd_sc_hd__buf_1)
     4    0.014136    0.278244    0.525052    3.663187 ^ max_cap38/X (sky130_fd_sc_hd__buf_1)
                                                         net38 (net)
                      0.278244    0.000547    3.663734 ^ _248_/B (sky130_fd_sc_hd__nand4_1)
     2    0.005740    0.252816    0.330336    3.994070 v _248_/Y (sky130_fd_sc_hd__nand4_1)
                                                         _092_ (net)
                      0.252816    0.000114    3.994184 v _249_/A (sky130_fd_sc_hd__nand2_1)
     1    0.003137    0.093025    0.167890    4.162074 ^ _249_/Y (sky130_fd_sc_hd__nand2_1)
                                                         _093_ (net)
                      0.093025    0.000090    4.162163 ^ _250_/B (sky130_fd_sc_hd__nor2_1)
     1    0.002081    0.064713    0.074013    4.236176 v _250_/Y (sky130_fd_sc_hd__nor2_1)
                                                         _014_ (net)
                      0.064713    0.000042    4.236218 v _350_/D (sky130_fd_sc_hd__dfxtp_1)
                                              4.236218   data arrival time

                                  8.000000    8.000000   clock clk (rise edge)
                                  0.000000    8.000000   clock source latency
     1    0.016579    0.126314    0.085211    8.085211 ^ clk (in)
                                                         clk (net)
                      0.126317    0.000000    8.085211 ^ clkbuf_0_clk/A (sky130_fd_sc_hd__clkbuf_16)
     4    0.039546    0.093977    0.274884    8.360095 ^ clkbuf_0_clk/X (sky130_fd_sc_hd__clkbuf_16)
                                                         clknet_0_clk (net)
                      0.093983    0.000849    8.360944 ^ clkbuf_2_0__f_clk/A (sky130_fd_sc_hd__clkbuf_16)
     9    0.027206    0.076647    0.242578    8.603521 ^ clkbuf_2_0__f_clk/X (sky130_fd_sc_hd__clkbuf_16)
                                                         clknet_2_0__leaf_clk (net)
                      0.076651    0.000583    8.604104 ^ _350_/CLK (sky130_fd_sc_hd__dfxtp_1)
                                 -0.250000    8.354104   clock uncertainty
                                  0.000000    8.354104   clock reconvergence pessimism
                                 -0.264991    8.089113   library setup time
                                              8.089113   data required time
---------------------------------------------------------------------------------------------
                                              8.089113   data required time
                                             -4.236218   data arrival time
---------------------------------------------------------------------------------------------
                                              3.852895   slack (MET)




===========================================================================
report_checks --slack_max -0.01
============================================================================
======================= nom_ss_100C_1v60 Corner ===================================

No paths found.


===========================================================================
 report_check_types -max_slew -max_cap -max_fanout -violators
============================================================================
======================= nom_ss_100C_1v60 Corner ===================================

max slew

Pin                                        Limit        Slew       Slack
------------------------------------------------------------------------
_235_/Y                                 0.750000    0.918746   -0.168746 (VIOLATED)
_236_/A2                                0.750000    0.918746   -0.168746 (VIOLATED)
_241_/A2                                0.750000    0.918746   -0.168746 (VIOLATED)
max_cap38/A                             0.750000    0.918746   -0.168746 (VIOLATED)



===========================================================================
report_parasitic_annotation -report_unannotated
============================================================================
Found 2 unannotated drivers.
 clkload0/X
 clkload1/Y
Found 0 partially unannotated drivers.

===========================================================================
max slew violation count 4
max fanout violation count 0
max cap violation count 0
============================================================================

===========================================================================
check_setup -verbose -unconstrained_endpoints -multiple_clock -no_clock -no_input_delay -loops -generated_clocks
===========================================================================
