Clock: clk
Sources: clk 
Generated: no
Virtual: yes
Propagated: no
Period: 8.000000

===========================================================================
report_clock_properties
============================================================================
Clock                   Period          Waveform
----------------------------------------------------
clk                   8.000000    0.000000  4.000000

===========================================================================
report_clock_latency
============================================================================
Clock clk
rise -> rise
    min     max
0.000000 0.000000 source latency
0.348321         network latency _360_/CLK
        0.356373 network latency _354_/CLK
---------------
0.348321 0.356373 latency
        0.008052 skew

fall -> fall
    min     max
0.000000 0.000000 source latency
0.330887         network latency _360_/CLK
        0.338214 network latency _354_/CLK
---------------
0.330887 0.338214 latency
        0.007327 skew



===========================================================================
report_clock_min_period
============================================================================
clk period_min = 2.22 fmax = 450.53
