Clock: clk
Sources: clk 
Generated: no
Virtual: yes
Propagated: no
Period: 8.000000

===========================================================================
report_clock_properties
============================================================================
Clock                   Period          Waveform
----------------------------------------------------
clk                   8.000000    0.000000  4.000000

===========================================================================
report_clock_latency
============================================================================
Clock clk
rise -> rise
    min     max
0.000000 0.000000 source latency
0.323308         network latency _360_/CLK
        0.326977 network latency _337_/CLK
---------------
0.323308 0.326977 latency
        0.003669 skew

fall -> fall
    min     max
0.000000 0.000000 source latency
0.314845         network latency _360_/CLK
        0.318106 network latency _337_/CLK
---------------
0.314845 0.318106 latency
        0.003261 skew



===========================================================================
report_clock_min_period
============================================================================
clk period_min = 2.02 fmax = 493.91
