Reading OpenROAD database at '/home/g/my_designs/pm32/runs/RUN_2026-02-12_18-41-11/23-openroad-globalplacementskipio/counter32.odb'…
Reading library file at '/home/g/.volare/volare/sky130/versions/0fe599b2afb6708d281543108caf8310912f54af/sky130A/libs.ref/sky130_fd_sc_hd/lib/sky130_fd_sc_hd__tt_025C_1v80.lib'…
Reading design constraints file at '/nix/store/h0ldzjka94yryiq8yxbxmwargpnmwhx6-python3-3.11.9-env/lib/python3.11/site-packages/openlane/scripts/base.sdc'…
[INFO] Using clock clk…
[INFO] Setting output delay to: 1
[INFO] Setting input delay to: 1
[INFO] Setting load to: 0.033442
[INFO] Setting clock uncertainty to: 0.25
[INFO] Setting clock transition to: 0.1499999999999999944488848768742172978818416595458984375
[INFO] Setting timing derate to: 5%
[INFO] place_pins args: -min_distance 3
Found 0 macro blocks.
[INFO PPL-0010] Tentative 0 to set up sections.
[INFO PPL-0001] Number of slots           124
[INFO PPL-0002] Number of I/O             35
[INFO PPL-0003] Number of I/O w/sink      35
[INFO PPL-0004] Number of I/O w/o sink    0
[INFO PPL-0005] Slots per section         200
[INFO PPL-0006] Slots increase factor     0.01
[INFO PPL-0008] Successfully assigned pins to sections.
[INFO PPL-0012] I/O nets HPWL: 1698.57 um.
Setting global connections for newly added cells…
[INFO] Setting global connections...
Updating metrics…
Cell type report:                       Count       Area
  Fill cell                                62     232.72
  Tap cell                                 99     123.87
  Inverter                                 17      63.81
  Sequential cell                          32     680.65
  Multi-Input combinational cell          151    1447.64
  Total                                   361    2548.69
Writing OpenROAD database to '/home/g/my_designs/pm32/runs/RUN_2026-02-12_18-41-11/24-openroad-ioplacement/counter32.odb'…
Writing netlist to '/home/g/my_designs/pm32/runs/RUN_2026-02-12_18-41-11/24-openroad-ioplacement/counter32.nl.v'…
Writing powered netlist to '/home/g/my_designs/pm32/runs/RUN_2026-02-12_18-41-11/24-openroad-ioplacement/counter32.pnl.v'…
Writing layout to '/home/g/my_designs/pm32/runs/RUN_2026-02-12_18-41-11/24-openroad-ioplacement/counter32.def'…
Writing timing constraints to '/home/g/my_designs/pm32/runs/RUN_2026-02-12_18-41-11/24-openroad-ioplacement/counter32.sdc'…
