
===========================================================================
report_checks -unconstrained
===========================================================================
======================= min_ss_100C_1v60 Corner ===================================

Startpoint: en (input port clocked by clk)
Endpoint: _350_ (rising edge-triggered flip-flop clocked by clk)
Path Group: clk
Path Type: max

Fanout         Cap        Slew       Delay        Time   Description
---------------------------------------------------------------------------------------------
                                  0.000000    0.000000   clock clk (rise edge)
                                  0.000000    0.000000   clock network delay (propagated)
                                  1.000000    1.000000 ^ input external delay
     1    0.002620    0.031070    0.014821    1.014821 ^ en (in)
                                                         en (net)
                      0.031070    0.000000    1.014821 ^ input1/A (sky130_fd_sc_hd__clkbuf_1)
     1    0.004291    0.098270    0.152795    1.167615 ^ input1/X (sky130_fd_sc_hd__clkbuf_1)
                                                         net1 (net)
                      0.098270    0.000081    1.167696 ^ fanout47/A (sky130_fd_sc_hd__buf_2)
     8    0.036244    0.286913    0.366950    1.534647 ^ fanout47/X (sky130_fd_sc_hd__buf_2)
                                                         net47 (net)
                      0.286914    0.001200    1.535847 ^ fanout46/A (sky130_fd_sc_hd__buf_2)
    10    0.042357    0.332830    0.482676    2.018523 ^ fanout46/X (sky130_fd_sc_hd__buf_2)
                                                         net46 (net)
                      0.332830    0.001106    2.019630 ^ _324_/A (sky130_fd_sc_hd__inv_2)
     4    0.012932    0.101946    0.183948    2.203578 v _324_/Y (sky130_fd_sc_hd__inv_2)
                                                         _150_ (net)
                      0.101946    0.000078    2.203655 v _235_/A (sky130_fd_sc_hd__nor4_1)
     3    0.010796    0.890205    0.871984    3.075640 ^ _235_/Y (sky130_fd_sc_hd__nor4_1)
                                                         _082_ (net)
                      0.890205    0.000091    3.075731 ^ max_cap38/A (sky130_fd_sc_hd__buf_1)
     4    0.013599    0.268438    0.513394    3.589125 ^ max_cap38/X (sky130_fd_sc_hd__buf_1)
                                                         net38 (net)
                      0.268438    0.000284    3.589410 ^ _248_/B (sky130_fd_sc_hd__nand4_1)
     2    0.005613    0.257101    0.324321    3.913731 v _248_/Y (sky130_fd_sc_hd__nand4_1)
                                                         _092_ (net)
                      0.257101    0.000046    3.913777 v _249_/A (sky130_fd_sc_hd__nand2_1)
     1    0.003064    0.096592    0.168068    4.081845 ^ _249_/Y (sky130_fd_sc_hd__nand2_1)
                                                         _093_ (net)
                      0.096592    0.000029    4.081874 ^ _250_/B (sky130_fd_sc_hd__nor2_1)
     1    0.002026    0.065655    0.074907    4.156781 v _250_/Y (sky130_fd_sc_hd__nor2_1)
                                                         _014_ (net)
                      0.065655    0.000010    4.156791 v _350_/D (sky130_fd_sc_hd__dfxtp_1)
                                              4.156791   data arrival time

                                  8.000000    8.000000   clock clk (rise edge)
                                  0.000000    8.000000   clock source latency
     1    0.016193    0.123614    0.083147    8.083147 ^ clk (in)
                                                         clk (net)
                      0.123615    0.000000    8.083147 ^ clkbuf_0_clk/A (sky130_fd_sc_hd__clkbuf_16)
     4    0.038808    0.092771    0.272878    8.356025 ^ clkbuf_0_clk/X (sky130_fd_sc_hd__clkbuf_16)
                                                         clknet_0_clk (net)
                      0.092771    0.000356    8.356380 ^ clkbuf_2_0__f_clk/A (sky130_fd_sc_hd__clkbuf_16)
     9    0.026119    0.075191    0.240664    8.597045 ^ clkbuf_2_0__f_clk/X (sky130_fd_sc_hd__clkbuf_16)
                                                         clknet_2_0__leaf_clk (net)
                      0.075191    0.000210    8.597256 ^ _350_/CLK (sky130_fd_sc_hd__dfxtp_1)
                                 -0.250000    8.347256   clock uncertainty
                                  0.000000    8.347256   clock reconvergence pessimism
                                 -0.265775    8.081481   library setup time
                                              8.081481   data required time
---------------------------------------------------------------------------------------------
                                              8.081481   data required time
                                             -4.156791   data arrival time
---------------------------------------------------------------------------------------------
                                              3.924690   slack (MET)




===========================================================================
report_checks --slack_max -0.01
============================================================================
======================= min_ss_100C_1v60 Corner ===================================

No paths found.


===========================================================================
 report_check_types -max_slew -max_cap -max_fanout -violators
============================================================================
======================= min_ss_100C_1v60 Corner ===================================

max slew

Pin                                        Limit        Slew       Slack
------------------------------------------------------------------------
_235_/Y                                 0.750000    0.890205   -0.140205 (VIOLATED)
_236_/A2                                0.750000    0.890205   -0.140205 (VIOLATED)
_241_/A2                                0.750000    0.890205   -0.140205 (VIOLATED)
max_cap38/A                             0.750000    0.890205   -0.140205 (VIOLATED)



===========================================================================
report_parasitic_annotation -report_unannotated
============================================================================
Found 2 unannotated drivers.
 clkload0/X
 clkload1/Y
Found 0 partially unannotated drivers.

===========================================================================
max slew violation count 4
max fanout violation count 0
max cap violation count 0
============================================================================

===========================================================================
check_setup -verbose -unconstrained_endpoints -multiple_clock -no_clock -no_input_delay -loops -generated_clocks
===========================================================================
