Clock: clk
Sources: clk 
Generated: no
Virtual: yes
Propagated: no
Period: 8.000000

===========================================================================
report_clock_properties
============================================================================
Clock                   Period          Waveform
----------------------------------------------------
clk                   8.000000    0.000000  4.000000

===========================================================================
report_clock_latency
============================================================================
Clock clk
rise -> rise
    min     max
0.000000 0.000000 source latency
0.591889         network latency _360_/CLK
        0.600109 network latency _354_/CLK
---------------
0.591889 0.600109 latency
        0.008220 skew

fall -> fall
    min     max
0.000000 0.000000 source latency
0.581885         network latency _360_/CLK
        0.589176 network latency _354_/CLK
---------------
0.581885 0.589176 latency
        0.007291 skew



===========================================================================
report_clock_min_period
============================================================================
clk period_min = 4.07 fmax = 245.86
