
===========================================================================
report_checks -unconstrained
===========================================================================
======================= nom_tt_025C_1v80 Corner ===================================

Startpoint: rst (input port clocked by clk)
Endpoint: _61_ (recovery check against rising-edge clock clk)
Path Group: asynchronous
Path Type: max

Fanout         Cap        Slew       Delay        Time   Description
---------------------------------------------------------------------------------------------
                                  0.000000    0.000000   clock clk (rise edge)
                                  0.000000    0.000000   clock network delay (propagated)
                                  1.000000    1.000000 v input external delay
     1    0.002335    0.007560    0.003630    1.003630 v rst (in)
                                                         rst (net)
                      0.007560    0.000000    1.003630 v hold1/A (sky130_fd_sc_hd__dlygate4sd3_1)
     1    0.002278    0.051996    0.529509    1.533139 v hold1/X (sky130_fd_sc_hd__dlygate4sd3_1)
                                                         net22 (net)
                      0.051996    0.000004    1.533143 v input10/A (sky130_fd_sc_hd__clkbuf_4)
     8    0.037966    0.085967    0.191716    1.724859 v input10/X (sky130_fd_sc_hd__clkbuf_4)
                                                         net10 (net)
                      0.085967    0.000036    1.724895 v _53_/A (sky130_fd_sc_hd__inv_2)
     1    0.004873    0.037834    0.063266    1.788160 ^ _53_/Y (sky130_fd_sc_hd__inv_2)
                                                         _07_ (net)
                      0.037834    0.000032    1.788192 ^ _61_/RESET_B (sky130_fd_sc_hd__dfrtp_1)
                                              1.788192   data arrival time

                                  8.000000    8.000000   clock clk (rise edge)
                                  0.000000    8.000000   clock source latency
     1    0.009545    0.049380    0.032521    8.032520 ^ clk (in)
                                                         clk (net)
                      0.049381    0.000000    8.032520 ^ clkbuf_0_clk/A (sky130_fd_sc_hd__clkbuf_16)
     2    0.017939    0.040091    0.125087    8.157607 ^ clkbuf_0_clk/X (sky130_fd_sc_hd__clkbuf_16)
                                                         clknet_0_clk (net)
                      0.040091    0.000065    8.157672 ^ clkbuf_1_1__f_clk/A (sky130_fd_sc_hd__clkbuf_16)
     4    0.009626    0.033011    0.113734    8.271406 ^ clkbuf_1_1__f_clk/X (sky130_fd_sc_hd__clkbuf_16)
                                                         clknet_1_1__leaf_clk (net)
                      0.033011    0.000032    8.271438 ^ _61_/CLK (sky130_fd_sc_hd__dfrtp_1)
                                 -0.250000    8.021438   clock uncertainty
                                  0.000000    8.021438   clock reconvergence pessimism
                                  0.228515    8.249953   library recovery time
                                              8.249953   data required time
---------------------------------------------------------------------------------------------
                                              8.249953   data required time
                                             -1.788192   data arrival time
---------------------------------------------------------------------------------------------
                                              6.461761   slack (MET)


Startpoint: eth_data_in[5] (input port clocked by clk)
Endpoint: _58_ (rising edge-triggered flip-flop clocked by clk)
Path Group: clk
Path Type: max

Fanout         Cap        Slew       Delay        Time   Description
---------------------------------------------------------------------------------------------
                                  0.000000    0.000000   clock clk (rise edge)
                                  0.000000    0.000000   clock network delay (propagated)
                                  1.000000    1.000000 v input external delay
     1    0.003586    0.010456    0.005743    1.005743 v eth_data_in[5] (in)
                                                         eth_data_in[5] (net)
                      0.010456    0.000000    1.005743 v input6/A (sky130_fd_sc_hd__clkbuf_1)
     1    0.001997    0.022393    0.068471    1.074215 v input6/X (sky130_fd_sc_hd__clkbuf_1)
                                                         net6 (net)
                      0.022393    0.000007    1.074222 v _31_/A (sky130_fd_sc_hd__or4_1)
     2    0.005988    0.106747    0.538011    1.612233 v _31_/X (sky130_fd_sc_hd__or4_1)
                                                         _18_ (net)
                      0.106747    0.000018    1.612251 v _33_/A3 (sky130_fd_sc_hd__o31a_1)
     5    0.014078    0.095181    0.311857    1.924108 v _33_/X (sky130_fd_sc_hd__o31a_1)
                                                         _20_ (net)
                      0.095181    0.000069    1.924177 v _39_/B1 (sky130_fd_sc_hd__a211o_1)
     1    0.002493    0.046771    0.275369    2.199546 v _39_/X (sky130_fd_sc_hd__a211o_1)
                                                         _11_ (net)
                      0.046771    0.000008    2.199553 v _58_/D (sky130_fd_sc_hd__dfrtp_1)
                                              2.199553   data arrival time

                                  8.000000    8.000000   clock clk (rise edge)
                                  0.000000    8.000000   clock source latency
     1    0.009545    0.049380    0.032521    8.032520 ^ clk (in)
                                                         clk (net)
                      0.049381    0.000000    8.032520 ^ clkbuf_0_clk/A (sky130_fd_sc_hd__clkbuf_16)
     2    0.017939    0.040091    0.125087    8.157607 ^ clkbuf_0_clk/X (sky130_fd_sc_hd__clkbuf_16)
                                                         clknet_0_clk (net)
                      0.040091    0.000078    8.157685 ^ clkbuf_1_0__f_clk/A (sky130_fd_sc_hd__clkbuf_16)
     4    0.009647    0.033029    0.113756    8.271441 ^ clkbuf_1_0__f_clk/X (sky130_fd_sc_hd__clkbuf_16)
                                                         clknet_1_0__leaf_clk (net)
                      0.033029    0.000031    8.271473 ^ _58_/CLK (sky130_fd_sc_hd__dfrtp_1)
                                 -0.250000    8.021473   clock uncertainty
                                  0.000000    8.021473   clock reconvergence pessimism
                                 -0.117786    7.903687   library setup time
                                              7.903687   data required time
---------------------------------------------------------------------------------------------
                                              7.903687   data required time
                                             -2.199553   data arrival time
---------------------------------------------------------------------------------------------
                                              5.704134   slack (MET)




===========================================================================
report_checks --slack_max -0.01
============================================================================
======================= nom_tt_025C_1v80 Corner ===================================

No paths found.


===========================================================================
 report_check_types -max_slew -max_cap -max_fanout -violators
============================================================================
======================= nom_tt_025C_1v80 Corner ===================================



===========================================================================
report_parasitic_annotation -report_unannotated
============================================================================
Found 0 unannotated drivers.
Found 0 partially unannotated drivers.

===========================================================================
max slew violation count 0
Writing metric design__max_slew_violation__count__corner:nom_tt_025C_1v80: 0
max fanout violation count 0
Writing metric design__max_fanout_violation__count__corner:nom_tt_025C_1v80: 0
max cap violation count 0
Writing metric design__max_cap_violation__count__corner:nom_tt_025C_1v80: 0
============================================================================

===========================================================================
check_setup -verbose -unconstrained_endpoints -multiple_clock -no_clock -no_input_delay -loops -generated_clocks
===========================================================================
