Clock: clk
Sources: clk 
Generated: no
Virtual: yes
Propagated: no
Period: 8.000000

===========================================================================
report_clock_properties
============================================================================
Clock                   Period          Waveform
----------------------------------------------------
clk                   8.000000    0.000000  4.000000

===========================================================================
report_clock_latency
============================================================================
Clock clk
rise -> rise
    min     max
0.000000 0.000000 source latency
0.271437         network latency _55_/CLK
        0.271482 network latency _54_/CLK
---------------
0.271437 0.271482 latency
        0.000045 skew

fall -> fall
    min     max
0.000000 0.000000 source latency
0.279736         network latency _55_/CLK
        0.279775 network latency _54_/CLK
---------------
0.279736 0.279775 latency
        0.000039 skew



===========================================================================
report_clock_min_period
============================================================================
clk period_min = 1.59 fmax = 627.65
