
===========================================================================
report_checks -path_delay max (Setup)
============================================================================
======================= nom_tt_025C_1v80 Corner ===================================

Startpoint: eth_data_in[5] (input port clocked by clk)
Endpoint: _58_ (rising edge-triggered flip-flop clocked by clk)
Path Group: clk
Path Type: max

Fanout         Cap        Slew       Delay        Time   Description
---------------------------------------------------------------------------------------------
                                  0.000000    0.000000   clock clk (rise edge)
                                  0.000000    0.000000   clock network delay (propagated)
                                  1.000000    1.000000 v input external delay
     1    0.003586    0.010456    0.005743    1.005743 v eth_data_in[5] (in)
                                                         eth_data_in[5] (net)
                      0.010456    0.000000    1.005743 v input6/A (sky130_fd_sc_hd__clkbuf_1)
     1    0.001997    0.022393    0.068471    1.074215 v input6/X (sky130_fd_sc_hd__clkbuf_1)
                                                         net6 (net)
                      0.022393    0.000007    1.074222 v _31_/A (sky130_fd_sc_hd__or4_1)
     2    0.005988    0.106747    0.538011    1.612233 v _31_/X (sky130_fd_sc_hd__or4_1)
                                                         _18_ (net)
                      0.106747    0.000018    1.612251 v _33_/A3 (sky130_fd_sc_hd__o31a_1)
     5    0.014078    0.095181    0.311857    1.924108 v _33_/X (sky130_fd_sc_hd__o31a_1)
                                                         _20_ (net)
                      0.095181    0.000069    1.924177 v _39_/B1 (sky130_fd_sc_hd__a211o_1)
     1    0.002493    0.046771    0.275369    2.199546 v _39_/X (sky130_fd_sc_hd__a211o_1)
                                                         _11_ (net)
                      0.046771    0.000008    2.199553 v _58_/D (sky130_fd_sc_hd__dfrtp_1)
                                              2.199553   data arrival time

                                  8.000000    8.000000   clock clk (rise edge)
                                  0.000000    8.000000   clock source latency
     1    0.009545    0.049380    0.032521    8.032520 ^ clk (in)
                                                         clk (net)
                      0.049381    0.000000    8.032520 ^ clkbuf_0_clk/A (sky130_fd_sc_hd__clkbuf_16)
     2    0.017939    0.040091    0.125087    8.157607 ^ clkbuf_0_clk/X (sky130_fd_sc_hd__clkbuf_16)
                                                         clknet_0_clk (net)
                      0.040091    0.000078    8.157685 ^ clkbuf_1_0__f_clk/A (sky130_fd_sc_hd__clkbuf_16)
     4    0.009647    0.033029    0.113756    8.271441 ^ clkbuf_1_0__f_clk/X (sky130_fd_sc_hd__clkbuf_16)
                                                         clknet_1_0__leaf_clk (net)
                      0.033029    0.000031    8.271473 ^ _58_/CLK (sky130_fd_sc_hd__dfrtp_1)
                                 -0.250000    8.021473   clock uncertainty
                                  0.000000    8.021473   clock reconvergence pessimism
                                 -0.117786    7.903687   library setup time
                                              7.903687   data required time
---------------------------------------------------------------------------------------------
                                              7.903687   data required time
                                             -2.199553   data arrival time
---------------------------------------------------------------------------------------------
                                              5.704134   slack (MET)


Startpoint: eth_data_in[5] (input port clocked by clk)
Endpoint: _60_ (rising edge-triggered flip-flop clocked by clk)
Path Group: clk
Path Type: max

Fanout         Cap        Slew       Delay        Time   Description
---------------------------------------------------------------------------------------------
                                  0.000000    0.000000   clock clk (rise edge)
                                  0.000000    0.000000   clock network delay (propagated)
                                  1.000000    1.000000 v input external delay
     1    0.003586    0.010456    0.005743    1.005743 v eth_data_in[5] (in)
                                                         eth_data_in[5] (net)
                      0.010456    0.000000    1.005743 v input6/A (sky130_fd_sc_hd__clkbuf_1)
     1    0.001997    0.022393    0.068471    1.074215 v input6/X (sky130_fd_sc_hd__clkbuf_1)
                                                         net6 (net)
                      0.022393    0.000007    1.074222 v _31_/A (sky130_fd_sc_hd__or4_1)
     2    0.005988    0.106747    0.538011    1.612233 v _31_/X (sky130_fd_sc_hd__or4_1)
                                                         _18_ (net)
                      0.106747    0.000018    1.612251 v _33_/A3 (sky130_fd_sc_hd__o31a_1)
     5    0.014078    0.095181    0.311857    1.924108 v _33_/X (sky130_fd_sc_hd__o31a_1)
                                                         _20_ (net)
                      0.095181    0.000013    1.924121 v _36_/B1 (sky130_fd_sc_hd__a211o_1)
     1    0.002430    0.046392    0.274840    2.198961 v _36_/X (sky130_fd_sc_hd__a211o_1)
                                                         _13_ (net)
                      0.046392    0.000006    2.198967 v _60_/D (sky130_fd_sc_hd__dfrtp_1)
                                              2.198967   data arrival time

                                  8.000000    8.000000   clock clk (rise edge)
                                  0.000000    8.000000   clock source latency
     1    0.009545    0.049380    0.032521    8.032520 ^ clk (in)
                                                         clk (net)
                      0.049381    0.000000    8.032520 ^ clkbuf_0_clk/A (sky130_fd_sc_hd__clkbuf_16)
     2    0.017939    0.040091    0.125087    8.157607 ^ clkbuf_0_clk/X (sky130_fd_sc_hd__clkbuf_16)
                                                         clknet_0_clk (net)
                      0.040091    0.000065    8.157672 ^ clkbuf_1_1__f_clk/A (sky130_fd_sc_hd__clkbuf_16)
     4    0.009626    0.033011    0.113734    8.271406 ^ clkbuf_1_1__f_clk/X (sky130_fd_sc_hd__clkbuf_16)
                                                         clknet_1_1__leaf_clk (net)
                      0.033011    0.000053    8.271460 ^ _60_/CLK (sky130_fd_sc_hd__dfrtp_1)
                                 -0.250000    8.021460   clock uncertainty
                                  0.000000    8.021460   clock reconvergence pessimism
                                 -0.117624    7.903835   library setup time
                                              7.903835   data required time
---------------------------------------------------------------------------------------------
                                              7.903835   data required time
                                             -2.198967   data arrival time
---------------------------------------------------------------------------------------------
                                              5.704868   slack (MET)


Startpoint: eth_data_in[5] (input port clocked by clk)
Endpoint: _57_ (rising edge-triggered flip-flop clocked by clk)
Path Group: clk
Path Type: max

Fanout         Cap        Slew       Delay        Time   Description
---------------------------------------------------------------------------------------------
                                  0.000000    0.000000   clock clk (rise edge)
                                  0.000000    0.000000   clock network delay (propagated)
                                  1.000000    1.000000 v input external delay
     1    0.003586    0.010456    0.005743    1.005743 v eth_data_in[5] (in)
                                                         eth_data_in[5] (net)
                      0.010456    0.000000    1.005743 v input6/A (sky130_fd_sc_hd__clkbuf_1)
     1    0.001997    0.022393    0.068471    1.074215 v input6/X (sky130_fd_sc_hd__clkbuf_1)
                                                         net6 (net)
                      0.022393    0.000007    1.074222 v _31_/A (sky130_fd_sc_hd__or4_1)
     2    0.005988    0.106747    0.538011    1.612233 v _31_/X (sky130_fd_sc_hd__or4_1)
                                                         _18_ (net)
                      0.106747    0.000018    1.612251 v _33_/A3 (sky130_fd_sc_hd__o31a_1)
     5    0.014078    0.095181    0.311857    1.924108 v _33_/X (sky130_fd_sc_hd__o31a_1)
                                                         _20_ (net)
                      0.095181    0.000074    1.924181 v _42_/B1 (sky130_fd_sc_hd__a211o_1)
     1    0.002309    0.045558    0.273838    2.198019 v _42_/X (sky130_fd_sc_hd__a211o_1)
                                                         _10_ (net)
                      0.045558    0.000004    2.198023 v _57_/D (sky130_fd_sc_hd__dfrtp_1)
                                              2.198023   data arrival time

                                  8.000000    8.000000   clock clk (rise edge)
                                  0.000000    8.000000   clock source latency
     1    0.009545    0.049380    0.032521    8.032520 ^ clk (in)
                                                         clk (net)
                      0.049381    0.000000    8.032520 ^ clkbuf_0_clk/A (sky130_fd_sc_hd__clkbuf_16)
     2    0.017939    0.040091    0.125087    8.157607 ^ clkbuf_0_clk/X (sky130_fd_sc_hd__clkbuf_16)
                                                         clknet_0_clk (net)
                      0.040091    0.000078    8.157685 ^ clkbuf_1_0__f_clk/A (sky130_fd_sc_hd__clkbuf_16)
     4    0.009647    0.033029    0.113756    8.271441 ^ clkbuf_1_0__f_clk/X (sky130_fd_sc_hd__clkbuf_16)
                                                         clknet_1_0__leaf_clk (net)
                      0.033029    0.000028    8.271470 ^ _57_/CLK (sky130_fd_sc_hd__dfrtp_1)
                                 -0.250000    8.021470   clock uncertainty
                                  0.000000    8.021470   clock reconvergence pessimism
                                 -0.117256    7.904213   library setup time
                                              7.904213   data required time
---------------------------------------------------------------------------------------------
                                              7.904213   data required time
                                             -2.198023   data arrival time
---------------------------------------------------------------------------------------------
                                              5.706191   slack (MET)


Startpoint: eth_data_in[5] (input port clocked by clk)
Endpoint: _61_ (rising edge-triggered flip-flop clocked by clk)
Path Group: clk
Path Type: max

Fanout         Cap        Slew       Delay        Time   Description
---------------------------------------------------------------------------------------------
                                  0.000000    0.000000   clock clk (rise edge)
                                  0.000000    0.000000   clock network delay (propagated)
                                  1.000000    1.000000 v input external delay
     1    0.003586    0.010456    0.005743    1.005743 v eth_data_in[5] (in)
                                                         eth_data_in[5] (net)
                      0.010456    0.000000    1.005743 v input6/A (sky130_fd_sc_hd__clkbuf_1)
     1    0.001997    0.022393    0.068471    1.074215 v input6/X (sky130_fd_sc_hd__clkbuf_1)
                                                         net6 (net)
                      0.022393    0.000007    1.074222 v _31_/A (sky130_fd_sc_hd__or4_1)
     2    0.005988    0.106747    0.538011    1.612233 v _31_/X (sky130_fd_sc_hd__or4_1)
                                                         _18_ (net)
                      0.106747    0.000018    1.612251 v _33_/A3 (sky130_fd_sc_hd__o31a_1)
     5    0.014078    0.095181    0.311857    1.924108 v _33_/X (sky130_fd_sc_hd__o31a_1)
                                                         _20_ (net)
                      0.095181    0.000004    1.924111 v _35_/B1 (sky130_fd_sc_hd__a211oi_1)
     1    0.002449    0.174916    0.213543    2.137655 ^ _35_/Y (sky130_fd_sc_hd__a211oi_1)
                                                         _14_ (net)
                      0.174916    0.000005    2.137660 ^ _61_/D (sky130_fd_sc_hd__dfrtp_1)
                                              2.137660   data arrival time

                                  8.000000    8.000000   clock clk (rise edge)
                                  0.000000    8.000000   clock source latency
     1    0.009545    0.049380    0.032521    8.032520 ^ clk (in)
                                                         clk (net)
                      0.049381    0.000000    8.032520 ^ clkbuf_0_clk/A (sky130_fd_sc_hd__clkbuf_16)
     2    0.017939    0.040091    0.125087    8.157607 ^ clkbuf_0_clk/X (sky130_fd_sc_hd__clkbuf_16)
                                                         clknet_0_clk (net)
                      0.040091    0.000065    8.157672 ^ clkbuf_1_1__f_clk/A (sky130_fd_sc_hd__clkbuf_16)
     4    0.009626    0.033011    0.113734    8.271406 ^ clkbuf_1_1__f_clk/X (sky130_fd_sc_hd__clkbuf_16)
                                                         clknet_1_1__leaf_clk (net)
                      0.033011    0.000032    8.271438 ^ _61_/CLK (sky130_fd_sc_hd__dfrtp_1)
                                 -0.250000    8.021438   clock uncertainty
                                  0.000000    8.021438   clock reconvergence pessimism
                                 -0.091720    7.929718   library setup time
                                              7.929718   data required time
---------------------------------------------------------------------------------------------
                                              7.929718   data required time
                                             -2.137660   data arrival time
---------------------------------------------------------------------------------------------
                                              5.792058   slack (MET)


Startpoint: eth_data_in[5] (input port clocked by clk)
Endpoint: _59_ (rising edge-triggered flip-flop clocked by clk)
Path Group: clk
Path Type: max

Fanout         Cap        Slew       Delay        Time   Description
---------------------------------------------------------------------------------------------
                                  0.000000    0.000000   clock clk (rise edge)
                                  0.000000    0.000000   clock network delay (propagated)
                                  1.000000    1.000000 v input external delay
     1    0.003586    0.010456    0.005743    1.005743 v eth_data_in[5] (in)
                                                         eth_data_in[5] (net)
                      0.010456    0.000000    1.005743 v input6/A (sky130_fd_sc_hd__clkbuf_1)
     1    0.001997    0.022393    0.068471    1.074215 v input6/X (sky130_fd_sc_hd__clkbuf_1)
                                                         net6 (net)
                      0.022393    0.000007    1.074222 v _31_/A (sky130_fd_sc_hd__or4_1)
     2    0.005988    0.106747    0.538011    1.612233 v _31_/X (sky130_fd_sc_hd__or4_1)
                                                         _18_ (net)
                      0.106747    0.000018    1.612251 v _33_/A3 (sky130_fd_sc_hd__o31a_1)
     5    0.014078    0.095181    0.311857    1.924108 v _33_/X (sky130_fd_sc_hd__o31a_1)
                                                         _20_ (net)
                      0.095181    0.000066    1.924174 v _38_/B1 (sky130_fd_sc_hd__a211oi_1)
     1    0.002249    0.169135    0.209210    2.133383 ^ _38_/Y (sky130_fd_sc_hd__a211oi_1)
                                                         _12_ (net)
                      0.169135    0.000002    2.133385 ^ _59_/D (sky130_fd_sc_hd__dfrtp_1)
                                              2.133385   data arrival time

                                  8.000000    8.000000   clock clk (rise edge)
                                  0.000000    8.000000   clock source latency
     1    0.009545    0.049380    0.032521    8.032520 ^ clk (in)
                                                         clk (net)
                      0.049381    0.000000    8.032520 ^ clkbuf_0_clk/A (sky130_fd_sc_hd__clkbuf_16)
     2    0.017939    0.040091    0.125087    8.157607 ^ clkbuf_0_clk/X (sky130_fd_sc_hd__clkbuf_16)
                                                         clknet_0_clk (net)
                      0.040091    0.000078    8.157685 ^ clkbuf_1_0__f_clk/A (sky130_fd_sc_hd__clkbuf_16)
     4    0.009647    0.033029    0.113756    8.271441 ^ clkbuf_1_0__f_clk/X (sky130_fd_sc_hd__clkbuf_16)
                                                         clknet_1_0__leaf_clk (net)
                      0.033029    0.000032    8.271474 ^ _59_/CLK (sky130_fd_sc_hd__dfrtp_1)
                                 -0.250000    8.021474   clock uncertainty
                                  0.000000    8.021474   clock reconvergence pessimism
                                 -0.090378    7.931095   library setup time
                                              7.931095   data required time
---------------------------------------------------------------------------------------------
                                              7.931095   data required time
                                             -2.133385   data arrival time
---------------------------------------------------------------------------------------------
                                              5.797709   slack (MET)


Startpoint: _60_ (rising edge-triggered flip-flop clocked by clk)
Endpoint: phy_data_out[7] (output port clocked by clk)
Path Group: clk
Path Type: max

Fanout         Cap        Slew       Delay        Time   Description
---------------------------------------------------------------------------------------------
                                  0.000000    0.000000   clock clk (rise edge)
                                  0.000000    0.000000   clock source latency
     1    0.009545    0.049380    0.032521    0.032521 ^ clk (in)
                                                         clk (net)
                      0.049381    0.000000    0.032521 ^ clkbuf_0_clk/A (sky130_fd_sc_hd__clkbuf_16)
     2    0.017939    0.040091    0.125086    0.157607 ^ clkbuf_0_clk/X (sky130_fd_sc_hd__clkbuf_16)
                                                         clknet_0_clk (net)
                      0.040091    0.000065    0.157672 ^ clkbuf_1_1__f_clk/A (sky130_fd_sc_hd__clkbuf_16)
     4    0.009626    0.033011    0.113734    0.271406 ^ clkbuf_1_1__f_clk/X (sky130_fd_sc_hd__clkbuf_16)
                                                         clknet_1_1__leaf_clk (net)
                      0.033011    0.000053    0.271459 ^ _60_/CLK (sky130_fd_sc_hd__dfrtp_1)
     4    0.009367    0.068083    0.384800    0.656259 v _60_/Q (sky130_fd_sc_hd__dfrtp_1)
                                                         net20 (net)
                      0.068083    0.000031    0.656290 v _65_/A (sky130_fd_sc_hd__clkbuf_1)
     1    0.002087    0.023919    0.093610    0.749899 v _65_/X (sky130_fd_sc_hd__clkbuf_1)
                                                         net18 (net)
                      0.023919    0.000003    0.749903 v output18/A (sky130_fd_sc_hd__buf_2)
     1    0.034505    0.089980    0.171802    0.921705 v output18/X (sky130_fd_sc_hd__buf_2)
                                                         phy_data_out[7] (net)
                      0.089980    0.000235    0.921940 v phy_data_out[7] (out)
                                              0.921940   data arrival time

                                  8.000000    8.000000   clock clk (rise edge)
                                  0.000000    8.000000   clock network delay (propagated)
                                 -0.250000    7.750000   clock uncertainty
                                  0.000000    7.750000   clock reconvergence pessimism
                                 -1.000000    6.750000   output external delay
                                              6.750000   data required time
---------------------------------------------------------------------------------------------
                                              6.750000   data required time
                                             -0.921940   data arrival time
---------------------------------------------------------------------------------------------
                                              5.828060   slack (MET)


Startpoint: _60_ (rising edge-triggered flip-flop clocked by clk)
Endpoint: phy_data_out[5] (output port clocked by clk)
Path Group: clk
Path Type: max

Fanout         Cap        Slew       Delay        Time   Description
---------------------------------------------------------------------------------------------
                                  0.000000    0.000000   clock clk (rise edge)
                                  0.000000    0.000000   clock source latency
     1    0.009545    0.049380    0.032521    0.032521 ^ clk (in)
                                                         clk (net)
                      0.049381    0.000000    0.032521 ^ clkbuf_0_clk/A (sky130_fd_sc_hd__clkbuf_16)
     2    0.017939    0.040091    0.125086    0.157607 ^ clkbuf_0_clk/X (sky130_fd_sc_hd__clkbuf_16)
                                                         clknet_0_clk (net)
                      0.040091    0.000065    0.157672 ^ clkbuf_1_1__f_clk/A (sky130_fd_sc_hd__clkbuf_16)
     4    0.009626    0.033011    0.113734    0.271406 ^ clkbuf_1_1__f_clk/X (sky130_fd_sc_hd__clkbuf_16)
                                                         clknet_1_1__leaf_clk (net)
                      0.033011    0.000053    0.271459 ^ _60_/CLK (sky130_fd_sc_hd__dfrtp_1)
     4    0.009367    0.068083    0.384800    0.656259 v _60_/Q (sky130_fd_sc_hd__dfrtp_1)
                                                         net20 (net)
                      0.068083    0.000032    0.656291 v _64_/A (sky130_fd_sc_hd__clkbuf_1)
     1    0.001929    0.023077    0.092730    0.749021 v _64_/X (sky130_fd_sc_hd__clkbuf_1)
                                                         net16 (net)
                      0.023077    0.000002    0.749023 v output16/A (sky130_fd_sc_hd__buf_2)
     1    0.034505    0.089986    0.171439    0.920462 v output16/X (sky130_fd_sc_hd__buf_2)
                                                         phy_data_out[5] (net)
                      0.089986    0.000235    0.920697 v phy_data_out[5] (out)
                                              0.920697   data arrival time

                                  8.000000    8.000000   clock clk (rise edge)
                                  0.000000    8.000000   clock network delay (propagated)
                                 -0.250000    7.750000   clock uncertainty
                                  0.000000    7.750000   clock reconvergence pessimism
                                 -1.000000    6.750000   output external delay
                                              6.750000   data required time
---------------------------------------------------------------------------------------------
                                              6.750000   data required time
                                             -0.920697   data arrival time
---------------------------------------------------------------------------------------------
                                              5.829302   slack (MET)


Startpoint: _59_ (rising edge-triggered flip-flop clocked by clk)
Endpoint: phy_data_out[2] (output port clocked by clk)
Path Group: clk
Path Type: max

Fanout         Cap        Slew       Delay        Time   Description
---------------------------------------------------------------------------------------------
                                  0.000000    0.000000   clock clk (rise edge)
                                  0.000000    0.000000   clock source latency
     1    0.009545    0.049380    0.032521    0.032521 ^ clk (in)
                                                         clk (net)
                      0.049381    0.000000    0.032521 ^ clkbuf_0_clk/A (sky130_fd_sc_hd__clkbuf_16)
     2    0.017939    0.040091    0.125086    0.157607 ^ clkbuf_0_clk/X (sky130_fd_sc_hd__clkbuf_16)
                                                         clknet_0_clk (net)
                      0.040091    0.000078    0.157685 ^ clkbuf_1_0__f_clk/A (sky130_fd_sc_hd__clkbuf_16)
     4    0.009647    0.033029    0.113756    0.271442 ^ clkbuf_1_0__f_clk/X (sky130_fd_sc_hd__clkbuf_16)
                                                         clknet_1_0__leaf_clk (net)
                      0.033029    0.000031    0.271473 ^ _59_/CLK (sky130_fd_sc_hd__dfrtp_1)
     3    0.007570    0.061539    0.375122    0.646595 v _59_/Q (sky130_fd_sc_hd__dfrtp_1)
                                                         net17 (net)
                      0.061539    0.000044    0.646640 v _62_/A (sky130_fd_sc_hd__clkbuf_1)
     1    0.002642    0.025844    0.093807    0.740447 v _62_/X (sky130_fd_sc_hd__clkbuf_1)
                                                         net13 (net)
                      0.025844    0.000009    0.740456 v output13/A (sky130_fd_sc_hd__buf_2)
     1    0.034505    0.089942    0.172671    0.913126 v output13/X (sky130_fd_sc_hd__buf_2)
                                                         phy_data_out[2] (net)
                      0.089942    0.000186    0.913312 v phy_data_out[2] (out)
                                              0.913312   data arrival time

                                  8.000000    8.000000   clock clk (rise edge)
                                  0.000000    8.000000   clock network delay (propagated)
                                 -0.250000    7.750000   clock uncertainty
                                  0.000000    7.750000   clock reconvergence pessimism
                                 -1.000000    6.750000   output external delay
                                              6.750000   data required time
---------------------------------------------------------------------------------------------
                                              6.750000   data required time
                                             -0.913312   data arrival time
---------------------------------------------------------------------------------------------
                                              5.836687   slack (MET)


Startpoint: _61_ (rising edge-triggered flip-flop clocked by clk)
Endpoint: phy_data_out[4] (output port clocked by clk)
Path Group: clk
Path Type: max

Fanout         Cap        Slew       Delay        Time   Description
---------------------------------------------------------------------------------------------
                                  0.000000    0.000000   clock clk (rise edge)
                                  0.000000    0.000000   clock source latency
     1    0.009545    0.049380    0.032521    0.032521 ^ clk (in)
                                                         clk (net)
                      0.049381    0.000000    0.032521 ^ clkbuf_0_clk/A (sky130_fd_sc_hd__clkbuf_16)
     2    0.017939    0.040091    0.125086    0.157607 ^ clkbuf_0_clk/X (sky130_fd_sc_hd__clkbuf_16)
                                                         clknet_0_clk (net)
                      0.040091    0.000065    0.157672 ^ clkbuf_1_1__f_clk/A (sky130_fd_sc_hd__clkbuf_16)
     4    0.009626    0.033011    0.113734    0.271406 ^ clkbuf_1_1__f_clk/X (sky130_fd_sc_hd__clkbuf_16)
                                                         clknet_1_1__leaf_clk (net)
                      0.033011    0.000032    0.271438 ^ _61_/CLK (sky130_fd_sc_hd__dfrtp_1)
     3    0.007230    0.061000    0.373297    0.644735 v _61_/Q (sky130_fd_sc_hd__dfrtp_1)
                                                         net19 (net)
                      0.061000    0.000013    0.644748 v _63_/A (sky130_fd_sc_hd__clkbuf_1)
     1    0.002686    0.026068    0.093815    0.738563 v _63_/X (sky130_fd_sc_hd__clkbuf_1)
                                                         net15 (net)
                      0.026068    0.000014    0.738577 v output15/A (sky130_fd_sc_hd__buf_2)
     1    0.034296    0.089468    0.172415    0.910993 v output15/X (sky130_fd_sc_hd__buf_2)
                                                         phy_data_out[4] (net)
                      0.089468    0.000137    0.911130 v phy_data_out[4] (out)
                                              0.911130   data arrival time

                                  8.000000    8.000000   clock clk (rise edge)
                                  0.000000    8.000000   clock network delay (propagated)
                                 -0.250000    7.750000   clock uncertainty
                                  0.000000    7.750000   clock reconvergence pessimism
                                 -1.000000    6.750000   output external delay
                                              6.750000   data required time
---------------------------------------------------------------------------------------------
                                              6.750000   data required time
                                             -0.911130   data arrival time
---------------------------------------------------------------------------------------------
                                              5.838871   slack (MET)


Startpoint: _60_ (rising edge-triggered flip-flop clocked by clk)
Endpoint: phy_data_out[9] (output port clocked by clk)
Path Group: clk
Path Type: max

Fanout         Cap        Slew       Delay        Time   Description
---------------------------------------------------------------------------------------------
                                  0.000000    0.000000   clock clk (rise edge)
                                  0.000000    0.000000   clock source latency
     1    0.009545    0.049380    0.032521    0.032521 ^ clk (in)
                                                         clk (net)
                      0.049381    0.000000    0.032521 ^ clkbuf_0_clk/A (sky130_fd_sc_hd__clkbuf_16)
     2    0.017939    0.040091    0.125086    0.157607 ^ clkbuf_0_clk/X (sky130_fd_sc_hd__clkbuf_16)
                                                         clknet_0_clk (net)
                      0.040091    0.000065    0.157672 ^ clkbuf_1_1__f_clk/A (sky130_fd_sc_hd__clkbuf_16)
     4    0.009626    0.033011    0.113734    0.271406 ^ clkbuf_1_1__f_clk/X (sky130_fd_sc_hd__clkbuf_16)
                                                         clknet_1_1__leaf_clk (net)
                      0.033011    0.000053    0.271459 ^ _60_/CLK (sky130_fd_sc_hd__dfrtp_1)
     4    0.010044    0.103597    0.359006    0.630465 ^ _60_/Q (sky130_fd_sc_hd__dfrtp_1)
                                                         net20 (net)
                      0.103597    0.000025    0.630490 ^ output20/A (sky130_fd_sc_hd__buf_2)
     1    0.034110    0.169638    0.219542    0.850032 ^ output20/X (sky130_fd_sc_hd__buf_2)
                                                         phy_data_out[9] (net)
                      0.169638    0.000111    0.850142 ^ phy_data_out[9] (out)
                                              0.850142   data arrival time

                                  8.000000    8.000000   clock clk (rise edge)
                                  0.000000    8.000000   clock network delay (propagated)
                                 -0.250000    7.750000   clock uncertainty
                                  0.000000    7.750000   clock reconvergence pessimism
                                 -1.000000    6.750000   output external delay
                                              6.750000   data required time
---------------------------------------------------------------------------------------------
                                              6.750000   data required time
                                             -0.850142   data arrival time
---------------------------------------------------------------------------------------------
                                              5.899858   slack (MET)


Startpoint: _59_ (rising edge-triggered flip-flop clocked by clk)
Endpoint: phy_data_out[6] (output port clocked by clk)
Path Group: clk
Path Type: max

Fanout         Cap        Slew       Delay        Time   Description
---------------------------------------------------------------------------------------------
                                  0.000000    0.000000   clock clk (rise edge)
                                  0.000000    0.000000   clock source latency
     1    0.009545    0.049380    0.032521    0.032521 ^ clk (in)
                                                         clk (net)
                      0.049381    0.000000    0.032521 ^ clkbuf_0_clk/A (sky130_fd_sc_hd__clkbuf_16)
     2    0.017939    0.040091    0.125086    0.157607 ^ clkbuf_0_clk/X (sky130_fd_sc_hd__clkbuf_16)
                                                         clknet_0_clk (net)
                      0.040091    0.000078    0.157685 ^ clkbuf_1_0__f_clk/A (sky130_fd_sc_hd__clkbuf_16)
     4    0.009647    0.033029    0.113756    0.271442 ^ clkbuf_1_0__f_clk/X (sky130_fd_sc_hd__clkbuf_16)
                                                         clknet_1_0__leaf_clk (net)
                      0.033029    0.000031    0.271473 ^ _59_/CLK (sky130_fd_sc_hd__dfrtp_1)
     3    0.007570    0.061539    0.375122    0.646595 v _59_/Q (sky130_fd_sc_hd__dfrtp_1)
                                                         net17 (net)
                      0.061539    0.000021    0.646616 v output17/A (sky130_fd_sc_hd__buf_2)
     1    0.034675    0.090121    0.188566    0.835182 v output17/X (sky130_fd_sc_hd__buf_2)
                                                         phy_data_out[6] (net)
                      0.090121    0.000190    0.835371 v phy_data_out[6] (out)
                                              0.835371   data arrival time

                                  8.000000    8.000000   clock clk (rise edge)
                                  0.000000    8.000000   clock network delay (propagated)
                                 -0.250000    7.750000   clock uncertainty
                                  0.000000    7.750000   clock reconvergence pessimism
                                 -1.000000    6.750000   output external delay
                                              6.750000   data required time
---------------------------------------------------------------------------------------------
                                              6.750000   data required time
                                             -0.835371   data arrival time
---------------------------------------------------------------------------------------------
                                              5.914629   slack (MET)


Startpoint: _61_ (rising edge-triggered flip-flop clocked by clk)
Endpoint: phy_data_out[8] (output port clocked by clk)
Path Group: clk
Path Type: max

Fanout         Cap        Slew       Delay        Time   Description
---------------------------------------------------------------------------------------------
                                  0.000000    0.000000   clock clk (rise edge)
                                  0.000000    0.000000   clock source latency
     1    0.009545    0.049380    0.032521    0.032521 ^ clk (in)
                                                         clk (net)
                      0.049381    0.000000    0.032521 ^ clkbuf_0_clk/A (sky130_fd_sc_hd__clkbuf_16)
     2    0.017939    0.040091    0.125086    0.157607 ^ clkbuf_0_clk/X (sky130_fd_sc_hd__clkbuf_16)
                                                         clknet_0_clk (net)
                      0.040091    0.000065    0.157672 ^ clkbuf_1_1__f_clk/A (sky130_fd_sc_hd__clkbuf_16)
     4    0.009626    0.033011    0.113734    0.271406 ^ clkbuf_1_1__f_clk/X (sky130_fd_sc_hd__clkbuf_16)
                                                         clknet_1_1__leaf_clk (net)
                      0.033011    0.000032    0.271438 ^ _61_/CLK (sky130_fd_sc_hd__dfrtp_1)
     3    0.007230    0.061000    0.373297    0.644735 v _61_/Q (sky130_fd_sc_hd__dfrtp_1)
                                                         net19 (net)
                      0.061000    0.000017    0.644753 v output19/A (sky130_fd_sc_hd__buf_2)
     1    0.035488    0.091923    0.189743    0.834496 v output19/X (sky130_fd_sc_hd__buf_2)
                                                         phy_data_out[8] (net)
                      0.091923    0.000312    0.834808 v phy_data_out[8] (out)
                                              0.834808   data arrival time

                                  8.000000    8.000000   clock clk (rise edge)
                                  0.000000    8.000000   clock network delay (propagated)
                                 -0.250000    7.750000   clock uncertainty
                                  0.000000    7.750000   clock reconvergence pessimism
                                 -1.000000    6.750000   output external delay
                                              6.750000   data required time
---------------------------------------------------------------------------------------------
                                              6.750000   data required time
                                             -0.834808   data arrival time
---------------------------------------------------------------------------------------------
                                              5.915192   slack (MET)


Startpoint: _56_ (rising edge-triggered flip-flop clocked by clk)
Endpoint: phy_data_out[0] (output port clocked by clk)
Path Group: clk
Path Type: max

Fanout         Cap        Slew       Delay        Time   Description
---------------------------------------------------------------------------------------------
                                  0.000000    0.000000   clock clk (rise edge)
                                  0.000000    0.000000   clock source latency
     1    0.009545    0.049380    0.032521    0.032521 ^ clk (in)
                                                         clk (net)
                      0.049381    0.000000    0.032521 ^ clkbuf_0_clk/A (sky130_fd_sc_hd__clkbuf_16)
     2    0.017939    0.040091    0.125086    0.157607 ^ clkbuf_0_clk/X (sky130_fd_sc_hd__clkbuf_16)
                                                         clknet_0_clk (net)
                      0.040091    0.000065    0.157672 ^ clkbuf_1_1__f_clk/A (sky130_fd_sc_hd__clkbuf_16)
     4    0.009626    0.033011    0.113734    0.271406 ^ clkbuf_1_1__f_clk/X (sky130_fd_sc_hd__clkbuf_16)
                                                         clknet_1_1__leaf_clk (net)
                      0.033011    0.000056    0.271462 ^ _56_/CLK (sky130_fd_sc_hd__dfrtp_1)
     2    0.004745    0.049864    0.359879    0.631341 v _56_/Q (sky130_fd_sc_hd__dfrtp_1)
                                                         net11 (net)
                      0.049864    0.000010    0.631351 v output11/A (sky130_fd_sc_hd__buf_2)
     1    0.034041    0.088732    0.182225    0.813576 v output11/X (sky130_fd_sc_hd__buf_2)
                                                         phy_data_out[0] (net)
                      0.088732    0.000095    0.813671 v phy_data_out[0] (out)
                                              0.813671   data arrival time

                                  8.000000    8.000000   clock clk (rise edge)
                                  0.000000    8.000000   clock network delay (propagated)
                                 -0.250000    7.750000   clock uncertainty
                                  0.000000    7.750000   clock reconvergence pessimism
                                 -1.000000    6.750000   output external delay
                                              6.750000   data required time
---------------------------------------------------------------------------------------------
                                              6.750000   data required time
                                             -0.813671   data arrival time
---------------------------------------------------------------------------------------------
                                              5.936329   slack (MET)


Startpoint: _57_ (rising edge-triggered flip-flop clocked by clk)
Endpoint: phy_data_out[1] (output port clocked by clk)
Path Group: clk
Path Type: max

Fanout         Cap        Slew       Delay        Time   Description
---------------------------------------------------------------------------------------------
                                  0.000000    0.000000   clock clk (rise edge)
                                  0.000000    0.000000   clock source latency
     1    0.009545    0.049380    0.032521    0.032521 ^ clk (in)
                                                         clk (net)
                      0.049381    0.000000    0.032521 ^ clkbuf_0_clk/A (sky130_fd_sc_hd__clkbuf_16)
     2    0.017939    0.040091    0.125086    0.157607 ^ clkbuf_0_clk/X (sky130_fd_sc_hd__clkbuf_16)
                                                         clknet_0_clk (net)
                      0.040091    0.000078    0.157685 ^ clkbuf_1_0__f_clk/A (sky130_fd_sc_hd__clkbuf_16)
     4    0.009647    0.033029    0.113756    0.271442 ^ clkbuf_1_0__f_clk/X (sky130_fd_sc_hd__clkbuf_16)
                                                         clknet_1_0__leaf_clk (net)
                      0.033029    0.000028    0.271470 ^ _57_/CLK (sky130_fd_sc_hd__dfrtp_1)
     2    0.003720    0.045272    0.354353    0.625823 v _57_/Q (sky130_fd_sc_hd__dfrtp_1)
                                                         net12 (net)
                      0.045272    0.000007    0.625830 v output12/A (sky130_fd_sc_hd__buf_2)
     1    0.034596    0.089991    0.181223    0.807053 v output12/X (sky130_fd_sc_hd__buf_2)
                                                         phy_data_out[1] (net)
                      0.089991    0.000170    0.807223 v phy_data_out[1] (out)
                                              0.807223   data arrival time

                                  8.000000    8.000000   clock clk (rise edge)
                                  0.000000    8.000000   clock network delay (propagated)
                                 -0.250000    7.750000   clock uncertainty
                                  0.000000    7.750000   clock reconvergence pessimism
                                 -1.000000    6.750000   output external delay
                                              6.750000   data required time
---------------------------------------------------------------------------------------------
                                              6.750000   data required time
                                             -0.807223   data arrival time
---------------------------------------------------------------------------------------------
                                              5.942777   slack (MET)


Startpoint: _58_ (rising edge-triggered flip-flop clocked by clk)
Endpoint: phy_data_out[3] (output port clocked by clk)
Path Group: clk
Path Type: max

Fanout         Cap        Slew       Delay        Time   Description
---------------------------------------------------------------------------------------------
                                  0.000000    0.000000   clock clk (rise edge)
                                  0.000000    0.000000   clock source latency
     1    0.009545    0.049380    0.032521    0.032521 ^ clk (in)
                                                         clk (net)
                      0.049381    0.000000    0.032521 ^ clkbuf_0_clk/A (sky130_fd_sc_hd__clkbuf_16)
     2    0.017939    0.040091    0.125086    0.157607 ^ clkbuf_0_clk/X (sky130_fd_sc_hd__clkbuf_16)
                                                         clknet_0_clk (net)
                      0.040091    0.000078    0.157685 ^ clkbuf_1_0__f_clk/A (sky130_fd_sc_hd__clkbuf_16)
     4    0.009647    0.033029    0.113756    0.271442 ^ clkbuf_1_0__f_clk/X (sky130_fd_sc_hd__clkbuf_16)
                                                         clknet_1_0__leaf_clk (net)
                      0.033029    0.000031    0.271473 ^ _58_/CLK (sky130_fd_sc_hd__dfrtp_1)
     2    0.003828    0.045759    0.354939    0.626412 v _58_/Q (sky130_fd_sc_hd__dfrtp_1)
                                                         net14 (net)
                      0.045759    0.000005    0.626417 v output14/A (sky130_fd_sc_hd__buf_2)
     1    0.033936    0.088526    0.180280    0.806697 v output14/X (sky130_fd_sc_hd__buf_2)
                                                         phy_data_out[3] (net)
                      0.088526    0.000070    0.806768 v phy_data_out[3] (out)
                                              0.806768   data arrival time

                                  8.000000    8.000000   clock clk (rise edge)
                                  0.000000    8.000000   clock network delay (propagated)
                                 -0.250000    7.750000   clock uncertainty
                                  0.000000    7.750000   clock reconvergence pessimism
                                 -1.000000    6.750000   output external delay
                                              6.750000   data required time
---------------------------------------------------------------------------------------------
                                              6.750000   data required time
                                             -0.806768   data arrival time
---------------------------------------------------------------------------------------------
                                              5.943232   slack (MET)


Startpoint: _55_ (rising edge-triggered flip-flop clocked by clk)
Endpoint: phy_valid_out (output port clocked by clk)
Path Group: clk
Path Type: max

Fanout         Cap        Slew       Delay        Time   Description
---------------------------------------------------------------------------------------------
                                  0.000000    0.000000   clock clk (rise edge)
                                  0.000000    0.000000   clock source latency
     1    0.009545    0.049380    0.032521    0.032521 ^ clk (in)
                                                         clk (net)
                      0.049381    0.000000    0.032521 ^ clkbuf_0_clk/A (sky130_fd_sc_hd__clkbuf_16)
     2    0.017939    0.040091    0.125086    0.157607 ^ clkbuf_0_clk/X (sky130_fd_sc_hd__clkbuf_16)
                                                         clknet_0_clk (net)
                      0.040091    0.000065    0.157672 ^ clkbuf_1_1__f_clk/A (sky130_fd_sc_hd__clkbuf_16)
     4    0.009626    0.033011    0.113734    0.271406 ^ clkbuf_1_1__f_clk/X (sky130_fd_sc_hd__clkbuf_16)
                                                         clknet_1_1__leaf_clk (net)
                      0.033011    0.000031    0.271437 ^ _55_/CLK (sky130_fd_sc_hd__dfrtp_1)
     1    0.002489    0.037536    0.345571    0.617008 v _55_/Q (sky130_fd_sc_hd__dfrtp_1)
                                                         net21 (net)
                      0.037536    0.000012    0.617020 v output21/A (sky130_fd_sc_hd__buf_2)
     1    0.034761    0.090441    0.178130    0.795150 v output21/X (sky130_fd_sc_hd__buf_2)
                                                         phy_valid_out (net)
                      0.090441    0.000256    0.795407 v phy_valid_out (out)
                                              0.795407   data arrival time

                                  8.000000    8.000000   clock clk (rise edge)
                                  0.000000    8.000000   clock network delay (propagated)
                                 -0.250000    7.750000   clock uncertainty
                                  0.000000    7.750000   clock reconvergence pessimism
                                 -1.000000    6.750000   output external delay
                                              6.750000   data required time
---------------------------------------------------------------------------------------------
                                              6.750000   data required time
                                             -0.795407   data arrival time
---------------------------------------------------------------------------------------------
                                              5.954593   slack (MET)


Startpoint: eth_data_in[5] (input port clocked by clk)
Endpoint: _56_ (rising edge-triggered flip-flop clocked by clk)
Path Group: clk
Path Type: max

Fanout         Cap        Slew       Delay        Time   Description
---------------------------------------------------------------------------------------------
                                  0.000000    0.000000   clock clk (rise edge)
                                  0.000000    0.000000   clock network delay (propagated)
                                  1.000000    1.000000 v input external delay
     1    0.003586    0.010456    0.005743    1.005743 v eth_data_in[5] (in)
                                                         eth_data_in[5] (net)
                      0.010456    0.000000    1.005743 v input6/A (sky130_fd_sc_hd__clkbuf_1)
     1    0.001997    0.022393    0.068471    1.074215 v input6/X (sky130_fd_sc_hd__clkbuf_1)
                                                         net6 (net)
                      0.022393    0.000007    1.074222 v _31_/A (sky130_fd_sc_hd__or4_1)
     2    0.005988    0.106747    0.538011    1.612233 v _31_/X (sky130_fd_sc_hd__or4_1)
                                                         _18_ (net)
                      0.106747    0.000003    1.612236 v _32_/C (sky130_fd_sc_hd__nor3_1)
     1    0.003043    0.155607    0.151933    1.764169 ^ _32_/Y (sky130_fd_sc_hd__nor3_1)
                                                         _19_ (net)
                      0.155607    0.000008    1.764176 ^ _44_/B1 (sky130_fd_sc_hd__a22o_1)
     1    0.002437    0.044014    0.141138    1.905314 ^ _44_/X (sky130_fd_sc_hd__a22o_1)
                                                         _09_ (net)
                      0.044014    0.000006    1.905320 ^ _56_/D (sky130_fd_sc_hd__dfrtp_1)
                                              1.905320   data arrival time

                                  8.000000    8.000000   clock clk (rise edge)
                                  0.000000    8.000000   clock source latency
     1    0.009545    0.049380    0.032521    8.032520 ^ clk (in)
                                                         clk (net)
                      0.049381    0.000000    8.032520 ^ clkbuf_0_clk/A (sky130_fd_sc_hd__clkbuf_16)
     2    0.017939    0.040091    0.125087    8.157607 ^ clkbuf_0_clk/X (sky130_fd_sc_hd__clkbuf_16)
                                                         clknet_0_clk (net)
                      0.040091    0.000065    8.157672 ^ clkbuf_1_1__f_clk/A (sky130_fd_sc_hd__clkbuf_16)
     4    0.009626    0.033011    0.113734    8.271406 ^ clkbuf_1_1__f_clk/X (sky130_fd_sc_hd__clkbuf_16)
                                                         clknet_1_1__leaf_clk (net)
                      0.033011    0.000056    8.271462 ^ _56_/CLK (sky130_fd_sc_hd__dfrtp_1)
                                 -0.250000    8.021461   clock uncertainty
                                  0.000000    8.021461   clock reconvergence pessimism
                                 -0.061400    7.960062   library setup time
                                              7.960062   data required time
---------------------------------------------------------------------------------------------
                                              7.960062   data required time
                                             -1.905320   data arrival time
---------------------------------------------------------------------------------------------
                                              6.054742   slack (MET)


Startpoint: eth_valid_in (input port clocked by clk)
Endpoint: _54_ (rising edge-triggered flip-flop clocked by clk)
Path Group: clk
Path Type: max

Fanout         Cap        Slew       Delay        Time   Description
---------------------------------------------------------------------------------------------
                                  0.000000    0.000000   clock clk (rise edge)
                                  0.000000    0.000000   clock network delay (propagated)
                                  1.000000    1.000000 ^ input external delay
     1    0.003921    0.024593    0.014224    1.014223 ^ eth_valid_in (in)
                                                         eth_valid_in (net)
                      0.024593    0.000000    1.014223 ^ input9/A (sky130_fd_sc_hd__buf_1)
     5    0.015027    0.185355    0.170243    1.184466 ^ input9/X (sky130_fd_sc_hd__buf_1)
                                                         net9 (net)
                      0.185355    0.000045    1.184511 ^ _28_/A (sky130_fd_sc_hd__inv_2)
     8    0.022123    0.075645    0.100314    1.284825 v _28_/Y (sky130_fd_sc_hd__inv_2)
                                                         _16_ (net)
                      0.075645    0.000105    1.284931 v _45_/A (sky130_fd_sc_hd__and2_1)
     1    0.001604    0.030727    0.138300    1.423231 v _45_/X (sky130_fd_sc_hd__and2_1)
                                                         _26_ (net)
                      0.030727    0.000002    1.423233 v _46_/B (sky130_fd_sc_hd__or2_1)
     1    0.002718    0.048727    0.196401    1.619634 v _46_/X (sky130_fd_sc_hd__or2_1)
                                                         _08_ (net)
                      0.048727    0.000010    1.619644 v _54_/D (sky130_fd_sc_hd__dfrtp_1)
                                              1.619644   data arrival time

                                  8.000000    8.000000   clock clk (rise edge)
                                  0.000000    8.000000   clock source latency
     1    0.009545    0.049380    0.032521    8.032520 ^ clk (in)
                                                         clk (net)
                      0.049381    0.000000    8.032520 ^ clkbuf_0_clk/A (sky130_fd_sc_hd__clkbuf_16)
     2    0.017939    0.040091    0.125087    8.157607 ^ clkbuf_0_clk/X (sky130_fd_sc_hd__clkbuf_16)
                                                         clknet_0_clk (net)
                      0.040091    0.000078    8.157685 ^ clkbuf_1_0__f_clk/A (sky130_fd_sc_hd__clkbuf_16)
     4    0.009647    0.033029    0.113756    8.271441 ^ clkbuf_1_0__f_clk/X (sky130_fd_sc_hd__clkbuf_16)
                                                         clknet_1_0__leaf_clk (net)
                      0.033029    0.000041    8.271482 ^ _54_/CLK (sky130_fd_sc_hd__dfrtp_1)
                                 -0.250000    8.021482   clock uncertainty
                                  0.000000    8.021482   clock reconvergence pessimism
                                 -0.118640    7.902842   library setup time
                                              7.902842   data required time
---------------------------------------------------------------------------------------------
                                              7.902842   data required time
                                             -1.619644   data arrival time
---------------------------------------------------------------------------------------------
                                              6.283198   slack (MET)


Startpoint: rst (input port clocked by clk)
Endpoint: _61_ (recovery check against rising-edge clock clk)
Path Group: asynchronous
Path Type: max

Fanout         Cap        Slew       Delay        Time   Description
---------------------------------------------------------------------------------------------
                                  0.000000    0.000000   clock clk (rise edge)
                                  0.000000    0.000000   clock network delay (propagated)
                                  1.000000    1.000000 v input external delay
     1    0.002335    0.007560    0.003630    1.003630 v rst (in)
                                                         rst (net)
                      0.007560    0.000000    1.003630 v hold1/A (sky130_fd_sc_hd__dlygate4sd3_1)
     1    0.002278    0.051996    0.529509    1.533139 v hold1/X (sky130_fd_sc_hd__dlygate4sd3_1)
                                                         net22 (net)
                      0.051996    0.000004    1.533143 v input10/A (sky130_fd_sc_hd__clkbuf_4)
     8    0.037966    0.085967    0.191716    1.724859 v input10/X (sky130_fd_sc_hd__clkbuf_4)
                                                         net10 (net)
                      0.085967    0.000036    1.724895 v _53_/A (sky130_fd_sc_hd__inv_2)
     1    0.004873    0.037834    0.063266    1.788160 ^ _53_/Y (sky130_fd_sc_hd__inv_2)
                                                         _07_ (net)
                      0.037834    0.000032    1.788192 ^ _61_/RESET_B (sky130_fd_sc_hd__dfrtp_1)
                                              1.788192   data arrival time

                                  8.000000    8.000000   clock clk (rise edge)
                                  0.000000    8.000000   clock source latency
     1    0.009545    0.049380    0.032521    8.032520 ^ clk (in)
                                                         clk (net)
                      0.049381    0.000000    8.032520 ^ clkbuf_0_clk/A (sky130_fd_sc_hd__clkbuf_16)
     2    0.017939    0.040091    0.125087    8.157607 ^ clkbuf_0_clk/X (sky130_fd_sc_hd__clkbuf_16)
                                                         clknet_0_clk (net)
                      0.040091    0.000065    8.157672 ^ clkbuf_1_1__f_clk/A (sky130_fd_sc_hd__clkbuf_16)
     4    0.009626    0.033011    0.113734    8.271406 ^ clkbuf_1_1__f_clk/X (sky130_fd_sc_hd__clkbuf_16)
                                                         clknet_1_1__leaf_clk (net)
                      0.033011    0.000032    8.271438 ^ _61_/CLK (sky130_fd_sc_hd__dfrtp_1)
                                 -0.250000    8.021438   clock uncertainty
                                  0.000000    8.021438   clock reconvergence pessimism
                                  0.228515    8.249953   library recovery time
                                              8.249953   data required time
---------------------------------------------------------------------------------------------
                                              8.249953   data required time
                                             -1.788192   data arrival time
---------------------------------------------------------------------------------------------
                                              6.461761   slack (MET)


Startpoint: rst (input port clocked by clk)
Endpoint: _55_ (recovery check against rising-edge clock clk)
Path Group: asynchronous
Path Type: max

Fanout         Cap        Slew       Delay        Time   Description
---------------------------------------------------------------------------------------------
                                  0.000000    0.000000   clock clk (rise edge)
                                  0.000000    0.000000   clock network delay (propagated)
                                  1.000000    1.000000 v input external delay
     1    0.002335    0.007560    0.003630    1.003630 v rst (in)
                                                         rst (net)
                      0.007560    0.000000    1.003630 v hold1/A (sky130_fd_sc_hd__dlygate4sd3_1)
     1    0.002278    0.051996    0.529509    1.533139 v hold1/X (sky130_fd_sc_hd__dlygate4sd3_1)
                                                         net22 (net)
                      0.051996    0.000004    1.533143 v input10/A (sky130_fd_sc_hd__clkbuf_4)
     8    0.037966    0.085967    0.191716    1.724859 v input10/X (sky130_fd_sc_hd__clkbuf_4)
                                                         net10 (net)
                      0.085967    0.000062    1.724920 v _47_/A (sky130_fd_sc_hd__inv_2)
     1    0.004852    0.037764    0.063194    1.788114 ^ _47_/Y (sky130_fd_sc_hd__inv_2)
                                                         _01_ (net)
                      0.037764    0.000033    1.788147 ^ _55_/RESET_B (sky130_fd_sc_hd__dfrtp_1)
                                              1.788147   data arrival time

                                  8.000000    8.000000   clock clk (rise edge)
                                  0.000000    8.000000   clock source latency
     1    0.009545    0.049380    0.032521    8.032520 ^ clk (in)
                                                         clk (net)
                      0.049381    0.000000    8.032520 ^ clkbuf_0_clk/A (sky130_fd_sc_hd__clkbuf_16)
     2    0.017939    0.040091    0.125087    8.157607 ^ clkbuf_0_clk/X (sky130_fd_sc_hd__clkbuf_16)
                                                         clknet_0_clk (net)
                      0.040091    0.000065    8.157672 ^ clkbuf_1_1__f_clk/A (sky130_fd_sc_hd__clkbuf_16)
     4    0.009626    0.033011    0.113734    8.271406 ^ clkbuf_1_1__f_clk/X (sky130_fd_sc_hd__clkbuf_16)
                                                         clknet_1_1__leaf_clk (net)
                      0.033011    0.000031    8.271437 ^ _55_/CLK (sky130_fd_sc_hd__dfrtp_1)
                                 -0.250000    8.021437   clock uncertainty
                                  0.000000    8.021437   clock reconvergence pessimism
                                  0.228533    8.249970   library recovery time
                                              8.249970   data required time
---------------------------------------------------------------------------------------------
                                              8.249970   data required time
                                             -1.788147   data arrival time
---------------------------------------------------------------------------------------------
                                              6.461824   slack (MET)


Startpoint: rst (input port clocked by clk)
Endpoint: _59_ (recovery check against rising-edge clock clk)
Path Group: asynchronous
Path Type: max

Fanout         Cap        Slew       Delay        Time   Description
---------------------------------------------------------------------------------------------
                                  0.000000    0.000000   clock clk (rise edge)
                                  0.000000    0.000000   clock network delay (propagated)
                                  1.000000    1.000000 v input external delay
     1    0.002335    0.007560    0.003630    1.003630 v rst (in)
                                                         rst (net)
                      0.007560    0.000000    1.003630 v hold1/A (sky130_fd_sc_hd__dlygate4sd3_1)
     1    0.002278    0.051996    0.529509    1.533139 v hold1/X (sky130_fd_sc_hd__dlygate4sd3_1)
                                                         net22 (net)
                      0.051996    0.000004    1.533143 v input10/A (sky130_fd_sc_hd__clkbuf_4)
     8    0.037966    0.085967    0.191716    1.724859 v input10/X (sky130_fd_sc_hd__clkbuf_4)
                                                         net10 (net)
                      0.085967    0.000069    1.724927 v _51_/A (sky130_fd_sc_hd__inv_2)
     1    0.004682    0.037190    0.062606    1.787534 ^ _51_/Y (sky130_fd_sc_hd__inv_2)
                                                         _05_ (net)
                      0.037190    0.000026    1.787559 ^ _59_/RESET_B (sky130_fd_sc_hd__dfrtp_1)
                                              1.787559   data arrival time

                                  8.000000    8.000000   clock clk (rise edge)
                                  0.000000    8.000000   clock source latency
     1    0.009545    0.049380    0.032521    8.032520 ^ clk (in)
                                                         clk (net)
                      0.049381    0.000000    8.032520 ^ clkbuf_0_clk/A (sky130_fd_sc_hd__clkbuf_16)
     2    0.017939    0.040091    0.125087    8.157607 ^ clkbuf_0_clk/X (sky130_fd_sc_hd__clkbuf_16)
                                                         clknet_0_clk (net)
                      0.040091    0.000078    8.157685 ^ clkbuf_1_0__f_clk/A (sky130_fd_sc_hd__clkbuf_16)
     4    0.009647    0.033029    0.113756    8.271441 ^ clkbuf_1_0__f_clk/X (sky130_fd_sc_hd__clkbuf_16)
                                                         clknet_1_0__leaf_clk (net)
                      0.033029    0.000032    8.271474 ^ _59_/CLK (sky130_fd_sc_hd__dfrtp_1)
                                 -0.250000    8.021474   clock uncertainty
                                  0.000000    8.021474   clock reconvergence pessimism
                                  0.228688    8.250162   library recovery time
                                              8.250162   data required time
---------------------------------------------------------------------------------------------
                                              8.250162   data required time
                                             -1.787559   data arrival time
---------------------------------------------------------------------------------------------
                                              6.462602   slack (MET)


Startpoint: rst (input port clocked by clk)
Endpoint: _58_ (recovery check against rising-edge clock clk)
Path Group: asynchronous
Path Type: max

Fanout         Cap        Slew       Delay        Time   Description
---------------------------------------------------------------------------------------------
                                  0.000000    0.000000   clock clk (rise edge)
                                  0.000000    0.000000   clock network delay (propagated)
                                  1.000000    1.000000 v input external delay
     1    0.002335    0.007560    0.003630    1.003630 v rst (in)
                                                         rst (net)
                      0.007560    0.000000    1.003630 v hold1/A (sky130_fd_sc_hd__dlygate4sd3_1)
     1    0.002278    0.051996    0.529509    1.533139 v hold1/X (sky130_fd_sc_hd__dlygate4sd3_1)
                                                         net22 (net)
                      0.051996    0.000004    1.533143 v input10/A (sky130_fd_sc_hd__clkbuf_4)
     8    0.037966    0.085967    0.191716    1.724859 v input10/X (sky130_fd_sc_hd__clkbuf_4)
                                                         net10 (net)
                      0.085967    0.000137    1.724996 v _50_/A (sky130_fd_sc_hd__inv_2)
     1    0.004340    0.036027    0.061399    1.786394 ^ _50_/Y (sky130_fd_sc_hd__inv_2)
                                                         _04_ (net)
                      0.036027    0.000014    1.786409 ^ _58_/RESET_B (sky130_fd_sc_hd__dfrtp_1)
                                              1.786409   data arrival time

                                  8.000000    8.000000   clock clk (rise edge)
                                  0.000000    8.000000   clock source latency
     1    0.009545    0.049380    0.032521    8.032520 ^ clk (in)
                                                         clk (net)
                      0.049381    0.000000    8.032520 ^ clkbuf_0_clk/A (sky130_fd_sc_hd__clkbuf_16)
     2    0.017939    0.040091    0.125087    8.157607 ^ clkbuf_0_clk/X (sky130_fd_sc_hd__clkbuf_16)
                                                         clknet_0_clk (net)
                      0.040091    0.000078    8.157685 ^ clkbuf_1_0__f_clk/A (sky130_fd_sc_hd__clkbuf_16)
     4    0.009647    0.033029    0.113756    8.271441 ^ clkbuf_1_0__f_clk/X (sky130_fd_sc_hd__clkbuf_16)
                                                         clknet_1_0__leaf_clk (net)
                      0.033029    0.000031    8.271473 ^ _58_/CLK (sky130_fd_sc_hd__dfrtp_1)
                                 -0.250000    8.021473   clock uncertainty
                                  0.000000    8.021473   clock reconvergence pessimism
                                  0.228989    8.250462   library recovery time
                                              8.250462   data required time
---------------------------------------------------------------------------------------------
                                              8.250462   data required time
                                             -1.786409   data arrival time
---------------------------------------------------------------------------------------------
                                              6.464053   slack (MET)


Startpoint: rst (input port clocked by clk)
Endpoint: _57_ (recovery check against rising-edge clock clk)
Path Group: asynchronous
Path Type: max

Fanout         Cap        Slew       Delay        Time   Description
---------------------------------------------------------------------------------------------
                                  0.000000    0.000000   clock clk (rise edge)
                                  0.000000    0.000000   clock network delay (propagated)
                                  1.000000    1.000000 v input external delay
     1    0.002335    0.007560    0.003630    1.003630 v rst (in)
                                                         rst (net)
                      0.007560    0.000000    1.003630 v hold1/A (sky130_fd_sc_hd__dlygate4sd3_1)
     1    0.002278    0.051996    0.529509    1.533139 v hold1/X (sky130_fd_sc_hd__dlygate4sd3_1)
                                                         net22 (net)
                      0.051996    0.000004    1.533143 v input10/A (sky130_fd_sc_hd__clkbuf_4)
     8    0.037966    0.085967    0.191716    1.724859 v input10/X (sky130_fd_sc_hd__clkbuf_4)
                                                         net10 (net)
                      0.085967    0.000108    1.724967 v _49_/A (sky130_fd_sc_hd__inv_2)
     1    0.004231    0.035610    0.060887    1.785854 ^ _49_/Y (sky130_fd_sc_hd__inv_2)
                                                         _03_ (net)
                      0.035610    0.000010    1.785864 ^ _57_/RESET_B (sky130_fd_sc_hd__dfrtp_1)
                                              1.785864   data arrival time

                                  8.000000    8.000000   clock clk (rise edge)
                                  0.000000    8.000000   clock source latency
     1    0.009545    0.049380    0.032521    8.032520 ^ clk (in)
                                                         clk (net)
                      0.049381    0.000000    8.032520 ^ clkbuf_0_clk/A (sky130_fd_sc_hd__clkbuf_16)
     2    0.017939    0.040091    0.125087    8.157607 ^ clkbuf_0_clk/X (sky130_fd_sc_hd__clkbuf_16)
                                                         clknet_0_clk (net)
                      0.040091    0.000078    8.157685 ^ clkbuf_1_0__f_clk/A (sky130_fd_sc_hd__clkbuf_16)
     4    0.009647    0.033029    0.113756    8.271441 ^ clkbuf_1_0__f_clk/X (sky130_fd_sc_hd__clkbuf_16)
                                                         clknet_1_0__leaf_clk (net)
                      0.033029    0.000028    8.271470 ^ _57_/CLK (sky130_fd_sc_hd__dfrtp_1)
                                 -0.250000    8.021470   clock uncertainty
                                  0.000000    8.021470   clock reconvergence pessimism
                                  0.229098    8.250567   library recovery time
                                              8.250567   data required time
---------------------------------------------------------------------------------------------
                                              8.250567   data required time
                                             -1.785864   data arrival time
---------------------------------------------------------------------------------------------
                                              6.464704   slack (MET)


Startpoint: rst (input port clocked by clk)
Endpoint: _60_ (recovery check against rising-edge clock clk)
Path Group: asynchronous
Path Type: max

Fanout         Cap        Slew       Delay        Time   Description
---------------------------------------------------------------------------------------------
                                  0.000000    0.000000   clock clk (rise edge)
                                  0.000000    0.000000   clock network delay (propagated)
                                  1.000000    1.000000 v input external delay
     1    0.002335    0.007560    0.003630    1.003630 v rst (in)
                                                         rst (net)
                      0.007560    0.000000    1.003630 v hold1/A (sky130_fd_sc_hd__dlygate4sd3_1)
     1    0.002278    0.051996    0.529509    1.533139 v hold1/X (sky130_fd_sc_hd__dlygate4sd3_1)
                                                         net22 (net)
                      0.051996    0.000004    1.533143 v input10/A (sky130_fd_sc_hd__clkbuf_4)
     8    0.037966    0.085967    0.191716    1.724859 v input10/X (sky130_fd_sc_hd__clkbuf_4)
                                                         net10 (net)
                      0.085967    0.000098    1.724957 v _52_/A (sky130_fd_sc_hd__inv_2)
     1    0.004177    0.035400    0.060626    1.785582 ^ _52_/Y (sky130_fd_sc_hd__inv_2)
                                                         _06_ (net)
                      0.035400    0.000013    1.785596 ^ _60_/RESET_B (sky130_fd_sc_hd__dfrtp_1)
                                              1.785596   data arrival time

                                  8.000000    8.000000   clock clk (rise edge)
                                  0.000000    8.000000   clock source latency
     1    0.009545    0.049380    0.032521    8.032520 ^ clk (in)
                                                         clk (net)
                      0.049381    0.000000    8.032520 ^ clkbuf_0_clk/A (sky130_fd_sc_hd__clkbuf_16)
     2    0.017939    0.040091    0.125087    8.157607 ^ clkbuf_0_clk/X (sky130_fd_sc_hd__clkbuf_16)
                                                         clknet_0_clk (net)
                      0.040091    0.000065    8.157672 ^ clkbuf_1_1__f_clk/A (sky130_fd_sc_hd__clkbuf_16)
     4    0.009626    0.033011    0.113734    8.271406 ^ clkbuf_1_1__f_clk/X (sky130_fd_sc_hd__clkbuf_16)
                                                         clknet_1_1__leaf_clk (net)
                      0.033011    0.000053    8.271460 ^ _60_/CLK (sky130_fd_sc_hd__dfrtp_1)
                                 -0.250000    8.021460   clock uncertainty
                                  0.000000    8.021460   clock reconvergence pessimism
                                  0.229147    8.250606   library recovery time
                                              8.250606   data required time
---------------------------------------------------------------------------------------------
                                              8.250606   data required time
                                             -1.785596   data arrival time
---------------------------------------------------------------------------------------------
                                              6.465010   slack (MET)


Startpoint: rst (input port clocked by clk)
Endpoint: _54_ (recovery check against rising-edge clock clk)
Path Group: asynchronous
Path Type: max

Fanout         Cap        Slew       Delay        Time   Description
---------------------------------------------------------------------------------------------
                                  0.000000    0.000000   clock clk (rise edge)
                                  0.000000    0.000000   clock network delay (propagated)
                                  1.000000    1.000000 v input external delay
     1    0.002335    0.007560    0.003630    1.003630 v rst (in)
                                                         rst (net)
                      0.007560    0.000000    1.003630 v hold1/A (sky130_fd_sc_hd__dlygate4sd3_1)
     1    0.002278    0.051996    0.529509    1.533139 v hold1/X (sky130_fd_sc_hd__dlygate4sd3_1)
                                                         net22 (net)
                      0.051996    0.000004    1.533143 v input10/A (sky130_fd_sc_hd__clkbuf_4)
     8    0.037966    0.085967    0.191716    1.724859 v input10/X (sky130_fd_sc_hd__clkbuf_4)
                                                         net10 (net)
                      0.085967    0.000127    1.724986 v _30_/A (sky130_fd_sc_hd__inv_2)
     1    0.004013    0.035891    0.059855    1.784842 ^ _30_/Y (sky130_fd_sc_hd__inv_2)
                                                         _00_ (net)
                      0.035891    0.000008    1.784849 ^ _54_/RESET_B (sky130_fd_sc_hd__dfrtp_1)
                                              1.784849   data arrival time

                                  8.000000    8.000000   clock clk (rise edge)
                                  0.000000    8.000000   clock source latency
     1    0.009545    0.049380    0.032521    8.032520 ^ clk (in)
                                                         clk (net)
                      0.049381    0.000000    8.032520 ^ clkbuf_0_clk/A (sky130_fd_sc_hd__clkbuf_16)
     2    0.017939    0.040091    0.125087    8.157607 ^ clkbuf_0_clk/X (sky130_fd_sc_hd__clkbuf_16)
                                                         clknet_0_clk (net)
                      0.040091    0.000078    8.157685 ^ clkbuf_1_0__f_clk/A (sky130_fd_sc_hd__clkbuf_16)
     4    0.009647    0.033029    0.113756    8.271441 ^ clkbuf_1_0__f_clk/X (sky130_fd_sc_hd__clkbuf_16)
                                                         clknet_1_0__leaf_clk (net)
                      0.033029    0.000041    8.271482 ^ _54_/CLK (sky130_fd_sc_hd__dfrtp_1)
                                 -0.250000    8.021482   clock uncertainty
                                  0.000000    8.021482   clock reconvergence pessimism
                                  0.229025    8.250507   library recovery time
                                              8.250507   data required time
---------------------------------------------------------------------------------------------
                                              8.250507   data required time
                                             -1.784849   data arrival time
---------------------------------------------------------------------------------------------
                                              6.465658   slack (MET)


Startpoint: rst (input port clocked by clk)
Endpoint: _56_ (recovery check against rising-edge clock clk)
Path Group: asynchronous
Path Type: max

Fanout         Cap        Slew       Delay        Time   Description
---------------------------------------------------------------------------------------------
                                  0.000000    0.000000   clock clk (rise edge)
                                  0.000000    0.000000   clock network delay (propagated)
                                  1.000000    1.000000 v input external delay
     1    0.002335    0.007560    0.003630    1.003630 v rst (in)
                                                         rst (net)
                      0.007560    0.000000    1.003630 v hold1/A (sky130_fd_sc_hd__dlygate4sd3_1)
     1    0.002278    0.051996    0.529509    1.533139 v hold1/X (sky130_fd_sc_hd__dlygate4sd3_1)
                                                         net22 (net)
                      0.051996    0.000004    1.533143 v input10/A (sky130_fd_sc_hd__clkbuf_4)
     8    0.037966    0.085967    0.191716    1.724859 v input10/X (sky130_fd_sc_hd__clkbuf_4)
                                                         net10 (net)
                      0.085967    0.000096    1.724955 v _48_/A (sky130_fd_sc_hd__inv_2)
     1    0.003815    0.035189    0.058914    1.783869 ^ _48_/Y (sky130_fd_sc_hd__inv_2)
                                                         _02_ (net)
                      0.035189    0.000004    1.783873 ^ _56_/RESET_B (sky130_fd_sc_hd__dfrtp_1)
                                              1.783873   data arrival time

                                  8.000000    8.000000   clock clk (rise edge)
                                  0.000000    8.000000   clock source latency
     1    0.009545    0.049380    0.032521    8.032520 ^ clk (in)
                                                         clk (net)
                      0.049381    0.000000    8.032520 ^ clkbuf_0_clk/A (sky130_fd_sc_hd__clkbuf_16)
     2    0.017939    0.040091    0.125087    8.157607 ^ clkbuf_0_clk/X (sky130_fd_sc_hd__clkbuf_16)
                                                         clknet_0_clk (net)
                      0.040091    0.000065    8.157672 ^ clkbuf_1_1__f_clk/A (sky130_fd_sc_hd__clkbuf_16)
     4    0.009626    0.033011    0.113734    8.271406 ^ clkbuf_1_1__f_clk/X (sky130_fd_sc_hd__clkbuf_16)
                                                         clknet_1_1__leaf_clk (net)
                      0.033011    0.000056    8.271462 ^ _56_/CLK (sky130_fd_sc_hd__dfrtp_1)
                                 -0.250000    8.021461   clock uncertainty
                                  0.000000    8.021461   clock reconvergence pessimism
                                  0.229202    8.250664   library recovery time
                                              8.250664   data required time
---------------------------------------------------------------------------------------------
                                              8.250664   data required time
                                             -1.783873   data arrival time
---------------------------------------------------------------------------------------------
                                              6.466790   slack (MET)


Startpoint: eth_valid_in (input port clocked by clk)
Endpoint: _55_ (rising edge-triggered flip-flop clocked by clk)
Path Group: clk
Path Type: max

Fanout         Cap        Slew       Delay        Time   Description
---------------------------------------------------------------------------------------------
                                  0.000000    0.000000   clock clk (rise edge)
                                  0.000000    0.000000   clock network delay (propagated)
                                  1.000000    1.000000 ^ input external delay
     1    0.003921    0.024593    0.014224    1.014223 ^ eth_valid_in (in)
                                                         eth_valid_in (net)
                      0.024593    0.000000    1.014223 ^ input9/A (sky130_fd_sc_hd__buf_1)
     5    0.015027    0.185355    0.170243    1.184466 ^ input9/X (sky130_fd_sc_hd__buf_1)
                                                         net9 (net)
                      0.185355    0.000065    1.184531 ^ _55_/D (sky130_fd_sc_hd__dfrtp_1)
                                              1.184531   data arrival time

                                  8.000000    8.000000   clock clk (rise edge)
                                  0.000000    8.000000   clock source latency
     1    0.009545    0.049380    0.032521    8.032520 ^ clk (in)
                                                         clk (net)
                      0.049381    0.000000    8.032520 ^ clkbuf_0_clk/A (sky130_fd_sc_hd__clkbuf_16)
     2    0.017939    0.040091    0.125087    8.157607 ^ clkbuf_0_clk/X (sky130_fd_sc_hd__clkbuf_16)
                                                         clknet_0_clk (net)
                      0.040091    0.000065    8.157672 ^ clkbuf_1_1__f_clk/A (sky130_fd_sc_hd__clkbuf_16)
     4    0.009626    0.033011    0.113734    8.271406 ^ clkbuf_1_1__f_clk/X (sky130_fd_sc_hd__clkbuf_16)
                                                         clknet_1_1__leaf_clk (net)
                      0.033011    0.000031    8.271437 ^ _55_/CLK (sky130_fd_sc_hd__dfrtp_1)
                                 -0.250000    8.021437   clock uncertainty
                                  0.000000    8.021437   clock reconvergence pessimism
                                 -0.094138    7.927299   library setup time
                                              7.927299   data required time
---------------------------------------------------------------------------------------------
                                              7.927299   data required time
                                             -1.184531   data arrival time
---------------------------------------------------------------------------------------------
                                              6.742768   slack (MET)



