Reading timing models for corner nom_tt_025C_1v80…
Reading timing library for the 'nom_tt_025C_1v80' corner at '/home/g/.volare/volare/sky130/versions/0fe599b2afb6708d281543108caf8310912f54af/sky130A/libs.ref/sky130_fd_sc_hd/lib/sky130_fd_sc_hd__tt_025C_1v80.lib'…
Reading timing models for corner nom_ff_n40C_1v95…
Reading timing library for the 'nom_ff_n40C_1v95' corner at '/home/g/.volare/volare/sky130/versions/0fe599b2afb6708d281543108caf8310912f54af/sky130A/libs.ref/sky130_fd_sc_hd/lib/sky130_fd_sc_hd__ff_n40C_1v95.lib'…
Reading timing models for corner nom_ss_100C_1v60…
Reading timing library for the 'nom_ss_100C_1v60' corner at '/home/g/.volare/volare/sky130/versions/0fe599b2afb6708d281543108caf8310912f54af/sky130A/libs.ref/sky130_fd_sc_hd/lib/sky130_fd_sc_hd__ss_100C_1v60.lib'…
Reading OpenROAD database at '/home/g/my_designs/eth_phy_1g/runs/RUN_2026-02-12_20-25-23/23-openroad-globalplacement/eth_phy_1g.odb'…
Reading design constraints file at '/nix/store/h0ldzjka94yryiq8yxbxmwargpnmwhx6-python3-3.11.9-env/lib/python3.11/site-packages/openlane/scripts/base.sdc'…
[INFO] Using clock clk…
[INFO] Setting output delay to: 1
[INFO] Setting input delay to: 1
[INFO] Setting load to: 0.033442
[INFO] Setting clock uncertainty to: 0.25
[INFO] Setting clock transition to: 0.1499999999999999944488848768742172978818416595458984375
[INFO] Setting timing derate to: 5%
[INFO] Setting RC values…
[INFO RSZ-0027] Inserted 10 input buffers.
[INFO RSZ-0028] Inserted 11 output buffers.
[INFO RSZ-0058] Using max wire length 6335um.
Iteration | Resized | Buffers | Nets repaired | Remaining
---------------------------------------------------------
        0 |       0 |       0 |             0 |        71
       10 |       8 |       0 |             0 |        61
       20 |      18 |       0 |             0 |        51
       30 |      26 |       0 |             0 |        41
       40 |      36 |       0 |             0 |        31
       50 |      38 |       0 |             0 |        21
       60 |      46 |       0 |             0 |        11
       70 |      47 |       0 |             0 |         1
    final |      47 |       0 |             0 |         0
---------------------------------------------------------
[INFO RSZ-0039] Resized 47 instances.
Placement Analysis
---------------------------------
total displacement        213.2 u
average displacement        2.3 u
max displacement           16.7 u
original HPWL             576.2 u
legalized HPWL            763.6 u
delta HPWL                   33 %

[INFO DPL-0020] Mirrored 29 instances
[INFO DPL-0021] HPWL before             763.6 u
[INFO DPL-0022] HPWL after              730.2 u
[INFO DPL-0023] HPWL delta               -4.4 %
[INFO] Setting RC values…
Setting global connections for newly added cells…
[INFO] Setting global connections...
Updating metrics…
Cell type report:                       Count       Area
  Fill cell                                20      75.07
  Tap cell                                 12      15.01
  Buffer                                    4      15.01
  Timing Repair Buffer                     21      96.34
  Inverter                                 11      41.29
  Sequential cell                           8     200.19
  Multi-Input combinational cell           16     121.37
  Total                                    92     564.29
Writing OpenROAD database to '/home/g/my_designs/eth_phy_1g/runs/RUN_2026-02-12_20-25-23/27-openroad-repairdesignpostgpl/eth_phy_1g.odb'…
Writing netlist to '/home/g/my_designs/eth_phy_1g/runs/RUN_2026-02-12_20-25-23/27-openroad-repairdesignpostgpl/eth_phy_1g.nl.v'…
Writing powered netlist to '/home/g/my_designs/eth_phy_1g/runs/RUN_2026-02-12_20-25-23/27-openroad-repairdesignpostgpl/eth_phy_1g.pnl.v'…
Writing layout to '/home/g/my_designs/eth_phy_1g/runs/RUN_2026-02-12_20-25-23/27-openroad-repairdesignpostgpl/eth_phy_1g.def'…
Writing timing constraints to '/home/g/my_designs/eth_phy_1g/runs/RUN_2026-02-12_20-25-23/27-openroad-repairdesignpostgpl/eth_phy_1g.sdc'…
