Clock: clk
Sources: clk 
Generated: no
Virtual: yes
Propagated: no
Period: 8.000000

===========================================================================
report_clock_properties
============================================================================
Clock                   Period          Waveform
----------------------------------------------------
clk                   8.000000    0.000000  4.000000

===========================================================================
report_clock_latency
============================================================================
Clock clk
rise -> rise
    min     max
0.000000 0.000000 source latency
0.241469         network latency _360_/CLK
        0.248461 network latency _354_/CLK
---------------
0.241469 0.248461 latency
        0.006992 skew

fall -> fall
    min     max
0.000000 0.000000 source latency
0.225659         network latency _360_/CLK
        0.231910 network latency _354_/CLK
---------------
0.225659 0.231910 latency
        0.006251 skew



===========================================================================
report_clock_min_period
============================================================================
clk period_min = 1.48 fmax = 676.39
