Clock: clk
Sources: clk 
Generated: no
Virtual: yes
Propagated: no
Period: 8.000000

===========================================================================
report_clock_properties
============================================================================
Clock                   Period          Waveform
----------------------------------------------------
clk                   8.000000    0.000000  4.000000

===========================================================================
report_clock_latency
============================================================================
Clock clk
rise -> rise
    min     max
0.000000 0.000000 source latency
0.279600         network latency _61_/CLK
        0.280063 network latency _54_/CLK
---------------
0.279600 0.280063 latency
        0.000462 skew

fall -> fall
    min     max
0.000000 0.000000 source latency
0.285690         network latency _61_/CLK
        0.286089 network latency _54_/CLK
---------------
0.285690 0.286089 latency
        0.000399 skew



===========================================================================
report_clock_min_period
============================================================================
clk period_min = 1.62 fmax = 616.37
